<?xml version="1.0" encoding="UTF-8"?>
<!-- Generated by org.testng.reporters.JUnitReportReporter -->
<testsuite hostname="LIN51013907" failures="0" tests="1" name="com.selenium_Mayur.Rediff_alert_handling" time="2.224" errors="0" timestamp="2022-06-21T10:33:25 IST" skipped="0">
  <testcase classname="com.selenium_Mayur.Rediff_alert_handling" name="Rediff_alert" time="2.224"/>
  <system-out/>
</testsuite> <!-- com.selenium_Mayur.Rediff_alert_handling -->
