<?xml version="1.0" encoding="UTF-8"?>
<!-- Generated by org.testng.reporters.JUnitReportReporter -->
<testsuite hostname="LIN51013907" failures="0" tests="1" name="com.selenium_Mayur.APIdocs_selenium_Framehandling" time="6.053" errors="0" timestamp="2022-06-21T10:51:48 IST" skipped="0">
  <testcase classname="com.selenium_Mayur.APIdocs_selenium_Framehandling" name="language" time="6.053"/>
  <system-out/>
</testsuite> <!-- com.selenium_Mayur.APIdocs_selenium_Framehandling -->
