<?xml version="1.0" encoding="UTF-8"?>
<!-- Generated by org.testng.reporters.JUnitReportReporter -->
<testsuite hostname="pravin" name="com.mphasis.demo1.Testng_demo2" tests="3" failures="0" timestamp="12 Aug 2021 08:24:26 GMT" time="0.005" errors="0">
  <testcase name="test1" time="0.003" classname="com.mphasis.demo1.Testng_demo2"/>
  <testcase name="test2" time="0.001" classname="com.mphasis.demo1.Testng_demo2"/>
  <testcase name="test3" time="0.001" classname="com.mphasis.demo1.Testng_demo2"/>
</testsuite> <!-- com.mphasis.demo1.Testng_demo2 -->
