<?xml version="1.0" encoding="UTF-8"?>
<!-- Generated by org.testng.reporters.JUnitReportReporter -->
<testsuite hostname="pravin_singh" name="com.cap_lesson7.Grouping_demo_new99" tests="5" failures="0" timestamp="22 Feb 2022 03:59:56 GMT" time="0.012" errors="0">
  <testcase name="regression_retesting13" time="0.001" classname="com.cap_lesson7.Grouping_demo_new99"/>
  <testcase name="regression12" time="0.001" classname="com.cap_lesson7.Grouping_demo_new99"/>
  <testcase name="regression11" time="0.009" classname="com.cap_lesson7.Grouping_demo_new99"/>
  <testcase name="regression_retesting15" time="0.000" classname="com.cap_lesson7.Grouping_demo_new99"/>
  <testcase name="regression_retesting14" time="0.001" classname="com.cap_lesson7.Grouping_demo_new99"/>
</testsuite> <!-- com.cap_lesson7.Grouping_demo_new99 -->
