<?xml version="1.0" encoding="UTF-8"?>
<!-- Generated by org.testng.reporters.JUnitReportReporter -->
<testsuite hostname="pravin" name="com.mphasis.demo1.Keyword_action_example" tests="1" failures="0" timestamp="12 Aug 2021 08:15:44 GMT" time="4.606" errors="0">
  <testcase name="login" time="4.606" classname="com.mphasis.demo1.Keyword_action_example"/>
</testsuite> <!-- com.mphasis.demo1.Keyword_action_example -->
