<?xml version="1.0" encoding="UTF-8"?>
<!-- Generated by org.testng.reporters.JUnitReportReporter -->
<testsuite hostname="pravin" name="com.cap.demo1.Testng_demo3" tests="2" failures="0" timestamp="13 Aug 2021 06:34:27 GMT" time="0.002" errors="0">
  <testcase name="LOgin1" time="0.001" classname="com.cap.demo1.Testng_demo3"/>
  <testcase name="LOgin2" time="0.001" classname="com.cap.demo1.Testng_demo3"/>
</testsuite> <!-- com.cap.demo1.Testng_demo3 -->
