<?xml version="1.0" encoding="UTF-8"?>
<!-- Generated by org.testng.reporters.JUnitReportReporter -->
<testsuite hostname="pravin" name="com.cap.demo1.Grouping" tests="5" failures="0" timestamp="23 Jun 2022 04:06:10 GMT" time="0.008" errors="0">
  <testcase name="Car1" time="0.008" classname="com.cap.demo1.Grouping"/>
  <testcase name="Car2" time="0.000" classname="com.cap.demo1.Grouping"/>
  <testcase name="Sedan1" time="0.000" classname="com.cap.demo1.Grouping"/>
  <testcase name="Scooter2" time="0.000" classname="com.cap.demo1.Grouping"/>
  <testcase name="Scooter1" time="0.000" classname="com.cap.demo1.Grouping"/>
</testsuite> <!-- com.cap.demo1.Grouping -->
