<?xml version="1.0" encoding="UTF-8"?>
<!-- Generated by org.testng.reporters.JUnitReportReporter -->
<testsuite hostname="pravin" name="com.cap.demo1.Grouping_demo_new" tests="3" failures="0" timestamp="23 Jun 2022 06:33:54 GMT" time="0.007" errors="0">
  <testcase name="regression_retesting13" time="0.000" classname="com.cap.demo1.Grouping_demo_new"/>
  <testcase name="regression11" time="0.006" classname="com.cap.demo1.Grouping_demo_new"/>
  <testcase name="regression12" time="0.001" classname="com.cap.demo1.Grouping_demo_new"/>
</testsuite> <!-- com.cap.demo1.Grouping_demo_new -->
