<?xml version="1.0" encoding="UTF-8"?>
<!-- Generated by org.testng.reporters.JUnitReportReporter -->
<testsuite hostname="pravin_singh" name="com.cap.demo1.Naukri_window_handling" tests="1" failures="0" timestamp="11 May 2022 09:45:50 GMT" time="5.868" errors="0">
  <testcase name="naukri_window" time="5.868" classname="com.cap.demo1.Naukri_window_handling"/>
</testsuite> <!-- com.cap.demo1.Naukri_window_handling -->
