<?xml version="1.0" encoding="UTF-8"?>
<!-- Generated by org.testng.reporters.JUnitReportReporter -->
<testsuite hostname="pravin_singh" name="com.cap.demo1.CrossBrowserTestingScript" tests="3" failures="0" timestamp="29 Apr 2022 07:11:17 GMT" time="55.527" errors="0">
  <testcase name="testParameterWithXML" time="17.832" classname="com.cap.demo1.CrossBrowserTestingScript"/>
  <testcase name="testParameterWithXML" time="19.316" classname="com.cap.demo1.CrossBrowserTestingScript"/>
  <testcase name="testParameterWithXML" time="18.379" classname="com.cap.demo1.CrossBrowserTestingScript"/>
</testsuite> <!-- com.cap.demo1.CrossBrowserTestingScript -->
