<?xml version="1.0" encoding="UTF-8"?>
<!-- Generated by org.testng.reporters.JUnitReportReporter -->
<testsuite hostname="pravin" name="com.cap.demo1.ReadWriteExcel" tests="1" failures="0" timestamp="23 Jun 2022 07:54:16 GMT" time="67.232" errors="0">
  <testcase name="ReadWrite" time="67.232" classname="com.cap.demo1.ReadWriteExcel"/>
</testsuite> <!-- com.cap.demo1.ReadWriteExcel -->
