<?xml version="1.0" encoding="UTF-8"?>
<!-- Generated by org.testng.reporters.JUnitReportReporter -->
<testsuite hostname="pravin" name="com.cap.demo1.Dependent" tests="3" failures="0" timestamp="23 Jun 2022 06:10:06 GMT" time="0.007" errors="0">
  <testcase name="OpenBrowser" time="0.005" classname="com.cap.demo1.Dependent"/>
  <testcase name="LogOut" time="0.001" classname="com.cap.demo1.Dependent"/>
  <testcase name="SignIn" time="0.001" classname="com.cap.demo1.Dependent"/>
</testsuite> <!-- com.cap.demo1.Dependent -->
