<?xml version="1.0" encoding="UTF-8"?>
<!-- Generated by org.testng.reporters.JUnitReportReporter -->
<testsuite hostname="pravin" name="com.mphasis.demo1.Newtours" tests="1" failures="0" timestamp="18 Mar 2021 09:38:02 GMT" time="3.771" errors="0">
  <testcase name="login" time="3.771" classname="com.mphasis.demo1.Newtours"/>
</testsuite> <!-- com.mphasis.demo1.Newtours -->
