<?xml version="1.0" encoding="UTF-8"?>
<!-- Generated by org.testng.reporters.JUnitReportReporter -->
<testsuite hostname="pravin" name="com.cap.demo1.Hdfc_netbanking" tests="1" failures="0" timestamp="23 Jun 2022 06:10:06 GMT" time="0.264" errors="0">
  <testcase name="hdfc_frame" time="0.264" classname="com.cap.demo1.Hdfc_netbanking"/>
</testsuite> <!-- com.cap.demo1.Hdfc_netbanking -->
