<?xml version="1.0" encoding="UTF-8"?>
<!-- Generated by org.testng.reporters.JUnitReportReporter -->
<testsuite hostname="pravin" name="com.cap.demo1.Testng_demo2" tests="3" failures="0" timestamp="13 Aug 2021 04:53:42 GMT" time="0.004" errors="0">
  <testcase name="test1" time="0.003" classname="com.cap.demo1.Testng_demo2"/>
  <testcase name="test2" time="0.000" classname="com.cap.demo1.Testng_demo2"/>
  <testcase name="test3" time="0.001" classname="com.cap.demo1.Testng_demo2"/>
</testsuite> <!-- com.cap.demo1.Testng_demo2 -->
