<?xml version="1.0" encoding="UTF-8"?>
<!-- Generated by org.testng.reporters.JUnitReportReporter -->
<testsuite hostname="pravin_singh" name="com.cap.demo1.Hdfc_window_handling" tests="1" failures="0" timestamp="11 May 2022 10:03:57 GMT" time="15.016" errors="0">
  <testcase name="hdfc_window" time="15.016" classname="com.cap.demo1.Hdfc_window_handling"/>
</testsuite> <!-- com.cap.demo1.Hdfc_window_handling -->
