<?xml version="1.0" encoding="UTF-8"?>
<!-- Generated by org.testng.reporters.JUnitReportReporter -->
<testsuite hostname="pravin" name="com.mphasis.demo1.Grouping_demo_new" tests="2" failures="0" timestamp="12 Aug 2021 11:36:07 GMT" time="0.007" errors="0">
  <testcase name="retesting12" time="0.000" classname="com.mphasis.demo1.Grouping_demo_new"/>
  <testcase name="retesting11" time="0.007" classname="com.mphasis.demo1.Grouping_demo_new"/>
</testsuite> <!-- com.mphasis.demo1.Grouping_demo_new -->
