<?xml version="1.0" encoding="UTF-8"?>
<!-- Generated by org.testng.reporters.JUnitReportReporter -->
<testsuite hostname="pravin" name="com.mphasis.demo1.Hdfc_netbanking" tests="1" failures="0" timestamp="18 Mar 2021 07:09:07 GMT" time="2.025" errors="0">
  <testcase name="hdfc_frame" time="2.025" classname="com.mphasis.demo1.Hdfc_netbanking"/>
</testsuite> <!-- com.mphasis.demo1.Hdfc_netbanking -->
