<?xml version="1.0" encoding="UTF-8"?>
<!-- Generated by org.testng.reporters.JUnitReportReporter -->
<testsuite hostname="pravin" name="com.mphasis.demo1.Rediff_Webtable" tests="1" failures="0" timestamp="12 Aug 2021 11:12:32 GMT" time="23.351" errors="0">
  <testcase name="rediff_webtable99" time="23.351" classname="com.mphasis.demo1.Rediff_Webtable"/>
</testsuite> <!-- com.mphasis.demo1.Rediff_Webtable -->
