<?xml version="1.0" encoding="UTF-8"?>
<!-- Generated by org.testng.reporters.JUnitReportReporter -->
<testsuite hostname="pravin" name="com.cap.demo1.Rediff_alert_handling" tests="1" failures="0" timestamp="23 Jun 2022 06:10:06 GMT" time="7.642" errors="0">
  <testcase name="rediff_alert" time="7.642" classname="com.cap.demo1.Rediff_alert_handling"/>
</testsuite> <!-- com.cap.demo1.Rediff_alert_handling -->
