<?xml version="1.0" encoding="UTF-8"?>
<!-- Generated by org.testng.reporters.JUnitReportReporter -->
<testsuite hostname="pravin" name="com.mphasis.demo1.Rediff_alert_handling" tests="1" failures="0" timestamp="18 Mar 2021 09:38:03 GMT" time="3.129" errors="0">
  <testcase name="rediff_alert" time="3.129" classname="com.mphasis.demo1.Rediff_alert_handling"/>
</testsuite> <!-- com.mphasis.demo1.Rediff_alert_handling -->
