<?xml version="1.0" encoding="UTF-8"?>
<!-- Generated by org.testng.reporters.JUnitReportReporter -->
<testsuite hostname="pravin" name="com.mphasis.demo1.CrossBrowserTestingScript" tests="3" failures="0" timestamp="22 Jul 2021 15:32:20 GMT" time="20.761" errors="0">
  <testcase name="testParameterWithXML" time="9.616" classname="com.mphasis.demo1.CrossBrowserTestingScript"/>
  <testcase name="testParameterWithXML" time="7.926" classname="com.mphasis.demo1.CrossBrowserTestingScript"/>
  <testcase name="testParameterWithXML" time="3.219" classname="com.mphasis.demo1.CrossBrowserTestingScript"/>
</testsuite> <!-- com.mphasis.demo1.CrossBrowserTestingScript -->
