<?xml version="1.0" encoding="UTF-8"?>
<!-- Generated by org.testng.reporters.JUnitReportReporter -->
<testsuite hostname="pravin" name="com.mphasis.demo1.Testng_demo3" tests="2" failures="0" timestamp="17 Mar 2021 09:40:49 GMT" time="0.017" errors="0">
  <testcase name="LOgin1" time="0.003" classname="com.mphasis.demo1.Testng_demo3"/>
  <testcase name="LOgin2" time="0.014" classname="com.mphasis.demo1.Testng_demo3"/>
</testsuite> <!-- com.mphasis.demo1.Testng_demo3 -->
