<?xml version="1.0" encoding="UTF-8"?>
<!-- Generated by org.testng.reporters.JUnitReportReporter -->
<testsuite hostname="pravin" name="com.mphasis.demo1.Dependent" tests="3" failures="0" timestamp="17 Mar 2021 11:44:37 GMT" time="0.016" errors="0">
  <testcase name="OpenBrowser" time="0.013" classname="com.mphasis.demo1.Dependent"/>
  <testcase name="LogOut" time="0.002" classname="com.mphasis.demo1.Dependent"/>
  <testcase name="SignIn" time="0.001" classname="com.mphasis.demo1.Dependent"/>
</testsuite> <!-- com.mphasis.demo1.Dependent -->
