<?xml version="1.0" encoding="UTF-8"?>
<!-- Generated by org.testng.reporters.JUnitReportReporter -->
<testsuite hostname="pravin" name="com.mphasis.demo1.Naukri_window_handling" tests="1" failures="0" timestamp="12 May 2021 11:53:55 GMT" time="13.401" errors="0">
  <testcase name="naukri_window" time="13.401" classname="com.mphasis.demo1.Naukri_window_handling"/>
</testsuite> <!-- com.mphasis.demo1.Naukri_window_handling -->
