<?xml version="1.0" encoding="UTF-8"?>
<!-- Generated by org.testng.reporters.JUnitReportReporter -->
<testsuite hostname="pravin" name="com.mphasis.demo1.DataProviderTest99" tests="3" failures="0" timestamp="12 Aug 2021 07:50:50 GMT" time="33.385" errors="0">
  <testcase name="invalid_login" time="10.677" classname="com.mphasis.demo1.DataProviderTest99"/>
  <testcase name="invalid_login" time="10.866" classname="com.mphasis.demo1.DataProviderTest99"/>
  <testcase name="invalid_login" time="11.842" classname="com.mphasis.demo1.DataProviderTest99"/>
</testsuite> <!-- com.mphasis.demo1.DataProviderTest99 -->
