<?xml version="1.0" encoding="UTF-8"?>
<!-- Generated by org.testng.reporters.JUnitReportReporter -->
<testsuite hostname="pravin" name="com.mphasis.demo1.ReadWriteExcel" tests="1" failures="0" timestamp="12 May 2021 12:24:44 GMT" time="43.698" errors="0">
  <testcase name="ReadWrite" time="43.698" classname="com.mphasis.demo1.ReadWriteExcel"/>
</testsuite> <!-- com.mphasis.demo1.ReadWriteExcel -->
