<?xml version="1.0" encoding="UTF-8"?>
<!-- Generated by org.testng.reporters.JUnitReportReporter -->
<testsuite hostname="pravin" name="com.cap.demo1.Newtours" tests="1" failures="0" timestamp="23 Jun 2022 05:49:01 GMT" time="5.606" errors="1">
  <testcase name="login" time="5.606" classname="com.cap.demo1.Newtours">
    <error type="org.openqa.selenium.ElementClickInterceptedException" message="element click intercepted: Element &lt;input type=&quot;submit&quot; name=&quot;submit&quot; value=&quot;Submit&quot; style=&quot;background-color: #FACB00;border: 1px solid black;font-family:MS Sans Serif;font-size:15px;&quot;&gt; is not clickable at point (585, 440). Other element would receive the click: &lt;iframe frameborder=&quot;0&quot; src=&quot;https://444cd996b64a77756e77e9ee22f87240.safeframe.googlesyndication.com/safeframe/1-0-38/html/container.html&quot; id=&quot;google_ads_iframe_/24132379/INTERSTITIAL_DemoGuru99_0&quot; title=&quot;3rd party ad content&quot; name=&quot;1-0-38;114120;&lt;!doctype html&gt;&lt;html &gt;&lt;head&gt;&lt;link href=&#039;//fonts.googleapis.com/css2?family=Roboto:wght@400;700&amp;amp;display=swap&#039; rel=&#039;stylesheet&#039; type=&#039;text/css&#039;&gt;&lt;style&gt;* {margin: 0;padding: 0;outline: none;}body {background: rgba(52, 58, 65, 0.600000);backdrop-filter: blur(15px); /*potential issue: minimal browser support*/-webkit-backdrop-filter: blur(15px); /*for safari*/height: 100%;}#ad_iframe {box-shadow: 0 !important;display: block;left: auto;margin: 0 auto;position: relative;top: auto;}.creative {transition: opacity 1s;-webkit-transition: opacity 1s;position: relative;}#card {background-color: #fff;border-radius: 6px;padding: 0 6px 1px;position: relative;box-shadow: 0px 8px 12px rgba(60, 64, 67, 0.15), 0px 4px 4px rgba(60, 64, 67, 0.3);}html {height: 100%;}.toprow {width: 100%;display: table;height: 24px;background-color: #fff;}.btn {display: table;transition: opacity 1s, background .75s;-webkit-transition: opacity 1s, background .75s;-moz-transition: opacity 1s, background .75s;-o-transition: opacity 1s, background .75s;background: transparent;color: #fff;}.btn&gt;div {display: table-cell;vertical-align: middle;}.skip {opacity: 0.95;padding: 12px 12px 0;float: right;}.skip svg {height: 1.5em;width: 1.5em;margin-left: -0.5em;margin-right: -0.5em;vertical-align: middle;padding-bottom: 1px;}.report {opacity: 0.55;padding: 12px 2px 0;float: right;cursor: pointer;visibility: visible;}.heading {font-size: 12px;font-weight: 700;font-family: &#039;Roboto&#039;, arial, sans-serif;color: #202124;position: relative;height: 25px;padding: 12px 16px 0;float: left;}.report svg {height: 1.5em;width: 1.5em;margin-left: -0.3em;margin-right: -0.3em;vertical-align: middle;padding-bottom: 1px;}.attribution {position: relative;padding: 0;margin: 12px 4px 0;float: right;}#ad_position_box {display: flex;align-items: center;justify-content: center;height: 100%;width: 100%;}&lt;/style&gt;&lt;/head&gt;&lt;body&gt;&lt;div id=&amp;quot;ad_position_box&amp;quot;&gt;&lt;div id=&amp;quot;card&amp;quot;&gt;&lt;div class=&amp;quot;toprow&amp;quot;&gt;&lt;div id=&amp;quot;heading&amp;quot; class=&amp;quot;btn heading&amp;quot;&gt;&lt;div class=&amp;quot;text&amp;quot;&gt;Ad&lt;/div&gt;&lt;/div&gt;&lt;div id=&amp;quot;report-button&amp;quot; class=&amp;quot;btn report&amp;quot;&gt;&lt;svg viewBox=&amp;quot;0 0 14 24&amp;quot; fill=&amp;quot;none&amp;quot;&gt;&lt;path fill-rule=&amp;quot;evenodd&amp;quot; clip-rule=&amp;quot;evenodd&amp;quot; d=&amp;quot;M2 8C3.1 8 4 7.1 4 6C4 4.9 3.1 4 2 4C0.9 4 0 4.9 0 6C0 7.1 0.9 8 2 8ZM2 10C0.9 10 0 10.9 0 12C0 13.1 0.9 14 2 14C3.1 14 4 13.1 4 12C4 10.9 3.1 10 2 10ZM0 18C0 16.9 0.9 16 2 16C3.1 16 4 16.9 4 18C4 19.1 3.1 20 2 20C0.9 20 0 19.1 0 18Z&amp;quot; fill=&amp;quot;#5F6368&amp;quot;/&gt;&lt;/svg&gt;&lt;/div&gt;&lt;div id=&amp;quot;attribution&amp;quot; class=&amp;quot;btn attribution&amp;quot;&gt;&lt;/div&gt;&lt;/div&gt;&lt;div class=&amp;quot;creative&amp;quot; id=&amp;quot;creative&amp;quot;&gt;&lt;iframe title=&amp;quot;Advertisement&amp;quot; id=&amp;quot;ad_iframe&amp;quot; name=&amp;quot;ad_iframe&amp;quot; scrolling=&amp;quot;no&amp;quot; src=&amp;quot;about:blank&amp;quot;frameborder=&amp;quot;0&amp;quot;width=&amp;quot;588px&amp;quot; height=&amp;quot;235px&amp;quot;style=&amp;quot;border: 0px; vertical-align: bottom; width: 588px; height: 235px;&amp;quot;&gt;&lt;/iframe&gt;&lt;script&gt;var doc = document.getElementById(&#039;ad_iframe&#039;).contentWindow.document;doc.open(&#039;text/html&#039;, &#039;replace&#039;);doc.write(&#039;\x3c!DOCTYPE html\x3e\x3chtml lang\x3den\x3e\x3chead\x3e\x3cmeta charset\x3d\x22UTF-8\x22\x3e\x3cscript\x3evar jscVersion \x3d \x27r20220616\x27;\x3c/script\x3e\x3cscript\x3evar google_casm\x3d[];\x3c/script\x3e\x3cstyle\x3eHTML,BODY{height:100%;width:100%;margin:0;padding:0;overflow:hidden;}#mys-wrapper{height:100%;width:100%;overflow:hidden;position:absolute;top:0;left:0;align-items:center;display:flex;justify-content:center;line-height:normal;}#mys-overlay{height:100%;width:100%;overflow:hidden;position:absolute;top:0;left:0;box-sizing:border-box;pointer-events:none;z-index:1;display:none;}.mys-wrapper A,.mys-wrapper A:visited,.mys-wrapper A:hover,.mys-wrapper A:active{color:inherit;cursor:pointer;text-decoration:inherit;}[dir\x3drtl] .flip-on-rtl{transform:scale(-1,1);transform-origin:center;}#mys-content{flex-shrink:0;position:relative;overflow:hidden;z-index:0;}\x3c/style\x3e\x3cstyle x-ns-jqu3j-l\x3d\x22large-banner-eta-vanilla\x22 x-phase\x3d\x22assemble\x22\x3e.ns-jqu3j-l-large-banner-eta-vanilla{opacity:.01;position:absolute;top:0;left:0;display:block;width:588px;height:235px;}.ns-jqu3j-e-0{line-height:1.3;box-sizing:border-box;display:flex;flex-direction:column;font-family:Google Sans,sans-serif;font-size:10px;height:100%;width:100%;}.ns-jqu3j-e-1{line-height:1.3;box-sizing:border-box;display:flex;flex-direction:column;flex-grow:1;height:100%;}.ns-jqu3j-e-2{line-height:1.3;box-sizing:border-box;display:flex;flex-direction:column;flex-grow:1;}.ns-jqu3j-e-3,.ns-jqu3j-e-5{box-sizing:border-box;font-weight:500;line-height:1.3;letter-spacing:0.02em;}.ns-jqu3j-e-7{box-sizing:border-box;font-weight:400;line-height:1.3;letter-spacing:0.02em;}.ns-jqu3j-e-9{line-height:1.3;box-sizing:border-box;display:flex;flex-direction:column;}.ns-jqu3j-e-10{line-height:1.3;box-sizing:border-box;flex-grow:1;}.ns-jqu3j-e-11{line-height:1.3;box-sizing:border-box;display:flex;align-items:center;flex-direction:row;flex-grow:1;}.ns-jqu3j-e-12{line-height:1.3;box-sizing:border-box;width:100%;}.ns-jqu3j-e-13{box-sizing:border-box;font-weight:400;line-height:1.5;text-align:left;white-space:nowrap;}.ns-jqu3j-e-15{line-height:1.3;box-sizing:border-box;min-width:5px;}.ns-jqu3j-e-16{box-sizing:border-box;font-weight:400;text-align:center;width:50%;display:flex;align-items:center;justify-content:center;}.ns-jqu3j-e-17,.ns-jqu3j-e-21{line-height:1.3;}.ns-jqu3j-e-18,.ns-jqu3j-e-22{display:inline;}.ns-jqu3j-e-19{line-height:1.3;box-sizing:border-box;min-width:20px;}.ns-jqu3j-e-20{font-weight:400;text-align:center;width:50%;display:flex;align-items:center;justify-content:center;}.ns-jqu3j-v-11 .ns-jqu3j-e-2{padding:5.52px 15.35px;}.ns-jqu3j-v-11 .ns-jqu3j-e-3{font-size:32.2px;padding:0;}.ns-jqu3j-v-11 .ns-jqu3j-e-5{font-size:24.4px;padding:6.82px 0 0;}.ns-jqu3j-v-11 .ns-jqu3j-e-7{font-size:22.4px;padding:6.82px 0 0;}.ns-jqu3j-v-11 .ns-jqu3j-e-10{padding:12.34px 16.35px 26.35px;}.ns-jqu3j-v-11 .ns-jqu3j-e-13{font-size:16.3px;padding:9.17px 0 0;}.ns-jqu3j-v-11 .ns-jqu3j-e-16,.ns-jqu3j-v-11 .ns-jqu3j-e-20{font-size:13.35px;height:34.5px;line-height:34.5px;max-height:34.5px;}\x3c/style\x3e\x3cstyle x-ns-jqu3j-l\x3d\x22large-banner-eta-vanilla\x22 x-phase\x3d\x22decorate\x22\x3e.ns-jqu3j-l-large-banner-eta-vanilla{opacity:1;position:relative;}.title:hover,.title-line1:hover,.title-line2:hover{color:rgba(0,0,0,0.59);text-decoration:none;}.body:hover{color:rgba(0,0,0,0.4);text-decoration:none;}.url:hover{color:#646464;text-decoration:none;}.ns-jqu3j-e-2,.ns-jqu3j-e-10{background-color:#fff;}.ns-jqu3j-e-3,.ns-jqu3j-e-5{color:rgba(0,0,0,0.79);font-family:\x22Google Sans\x22, \x22Roboto\x22,Google Sans,sans-serif;}.ns-jqu3j-e-4,.ns-jqu3j-e-6,.ns-jqu3j-e-8,.ns-jqu3j-e-14{text-decoration:none;white-space:nowrap;}.ns-jqu3j-e-7{color:rgba(0,0,0,0.6);font-family:\x22Google Sans\x22, \x22Roboto\x22,Google Sans,sans-serif;}.ns-jqu3j-e-13{color:rgba(0,0,0,0.4);font-family:\x22Google Sans\x22, \x22Roboto\x22,Google Sans,sans-serif;}.ns-jqu3j-e-16{border-radius:4px;box-shadow:0 6px 12px rgba(134,140,150,0.65);cursor:pointer;background-color:#fff;outline:none;}.ns-jqu3j-e-17{color:#534d4d;font-family:\x22Google Sans\x22, \x22Roboto\x22,Google Sans,sans-serif;}.ns-jqu3j-e-18,.ns-jqu3j-e-22{white-space:nowrap;}.ns-jqu3j-e-20{text-decoration:none;border-radius:4px;box-shadow:0 6px 12px rgba(134,140,150,0.65);cursor:pointer;background-color:#0088ff;}.ns-jqu3j-e-21{color:#fff;font-family:\x22Google Sans\x22, \x22Roboto\x22,Google Sans,sans-serif;}\x3c/style\x3e\x3clink as\x3d\x22style\x22 data-reload-stylesheet\x3d\x22true\x22 href\x3d\x22https://fonts.googleapis.com/css?family\x3dGoogle%20Sans%3A400%2C500\x22 rel\x3d\x22preload\x22\x3e\x3cscript\x3e\x3c/script\x3e\x3cscript data-jc\x3d\x2253\x22 data-jc-version\x3d\x22r20220616\x22\x3e(function(){/*  Copyright The Closure Library Authors. SPDX-License-Identifier: Apache-2.0 */ \x27use strict\x27;var g\x3dthis||self;/*  SPDX-License-Identifier: Apache-2.0 */ function l(a){let b\x3d!1,c;return function(){b||(c\x3da(),b\x3d!0);return c}};var m\x3d{capture:!0},n\x3dl(function(){let a\x3d!1;try{const b\x3dObject.defineProperty({},\x22passive\x22,{get:function(){a\x3d!0}});g.addEventListener(\x22test\x22,null,b)}catch(b){}return a});function p(a,b,c,d){if(a.addEventListener){var f\x3da.addEventListener;d\x3dd?d.passive\x26\x26n()?d:d.capture||!1:!1;f.call(a,b,c,d)}};function q(a,b){if(!a||!b)return!1;if(a.contains\x26\x261\x3d\x3db.nodeType)return a\x3d\x3db||a.contains(b);if(\x22undefined\x22!\x3dtypeof a.compareDocumentPosition)return a\x3d\x3db||!!(a.compareDocumentPosition(b)\x2616);for(;b\x26\x26a!\x3db;)b\x3db.parentNode;return b\x3d\x3da};var r\x3ddocument;let t\x3dnull;var v\x3d()\x3d\x3e{const a\x3dg.performance;return a\x26\x26a.now\x26\x26a.timing?Math.floor(a.now()+a.timing.navigationStart):Date.now()},w\x3d()\x3d\x3e{const a\x3dg.performance;return a\x26\x26a.now?a.now():null};class x{constructor(a,b){var c\x3dw()||v();this.label\x3da;this.type\x3db;this.value\x3dc;this.duration\x3d0;this.uniqueId\x3dMath.random();this.taskId\x3dthis.slotId\x3dvoid 0}};const z\x3dg.performance,A\x3d!!(z\x26\x26z.mark\x26\x26z.measure\x26\x26z.clearMarks),D\x3dl(()\x3d\x3e{var a;if(a\x3dA){var b;if(null\x3d\x3d\x3dt){t\x3d\x22\x22;try{a\x3d\x22\x22;try{a\x3dg.top.location.hash}catch(c){a\x3dg.location.hash}a\x26\x26(t\x3d(b\x3da.match(/\\bdeid\x3d([\\d,]+)/))?b[1]:\x22\x22)}catch(c){}}b\x3dt;a\x3d!!b.indexOf\x26\x260\x3c\x3db.indexOf(\x221337\x22)}return a});function E(a){a\x26\x26z\x26\x26D()\x26\x26(z.clearMarks(`goog_${a.label}_${a.uniqueId}_start`),z.clearMarks(`goog_${a.label}_${a.uniqueId}_end`))} class F{constructor(){var a\x3dwindow;this.g\x3d[];this.i\x3da||g;let b\x3dnull;a\x26\x26(a.google_js_reporting_queue\x3da.google_js_reporting_queue||[],this.g\x3da.google_js_reporting_queue,b\x3da.google_measure_js_timing);this.h\x3dD()||(null!\x3db?b:1\x3eMath.random())}start(a,b){if(!this.h)return null;a\x3dnew x(a,b);b\x3d`goog_${a.label}_${a.uniqueId}_start`;z\x26\x26D()\x26\x26z.mark(b);return a}end(a){if(this.h\x26\x26\x22number\x22\x3d\x3d\x3dtypeof a.value){a.duration\x3d(w()||v())-a.value;var b\x3d`goog_${a.label}_${a.uniqueId}_end`;z\x26\x26D()\x26\x26z.mark(b);!this.h||2048\x3cthis.g.length|| this.g.push(a)}}};const G\x3dnew F;var H\x3d()\x3d\x3e{window.google_measure_js_timing||(G.h\x3d!1,G.g!\x3dG.i.google_js_reporting_queue\x26\x26(D()\x26\x26Array.prototype.forEach.call(G.g,E,void 0),G.g.length\x3d0))};\x22number\x22!\x3d\x3dtypeof window.google_srt\x26\x26(window.google_srt\x3dMath.random());\x22complete\x22\x3d\x3dwindow.document.readyState?H():G.h\x26\x26p(window,\x22load\x22,()\x3d\x3e{H()});var I\x3d(a,b,c,d,f)\x3d\x3e{window.css?window.css(b,c,d,f,void 0):a\x26\x26(b\x3da.href,f?d\x3db+(\x22\x26\x22+c+\x22\x3d\x22+d):(f\x3d\x22\x26\x22+c+\x22\x3d\x22,c\x3db.indexOf(f),0\x3ec?d\x3db+f+d:(c+\x3df.length,f\x3db.indexOf(\x22\x26\x22,c),d\x3d0\x3c\x3df?b.substring(0,c)+d+b.substring(f):b.substring(0,c)+d)),a.href\x3d2E3\x3cd.length?b:d)};let J\x3d!1,K\x3d!1,L\x3dnull;const M\x3d()\x3d\x3e{p?.(document,\x22click\x22,a\x3d\x3e{L\x3da},m)};var N\x3d()\x3d\x3e{const a\x3dL;return a?J||K?!1:(a.preventDefault?a.preventDefault():a.returnValue\x3d!1,!0):!1},O\x3d()\x3d\x3e{p(document,\x22mousedown\x22,()\x3d\x3e{J\x3d!0});p(document,\x22keydown\x22,()\x3d\x3e{K\x3d!0});M()};var Q\x3d(a,b\x3d17)\x3d\x3e{if(0\x3eb||Math.floor(b)!\x3d\x3db)b\x3d17;P(a,b)},R\x3d(a,b)\x3d\x3e{P(a,b||1)},S\x3da\x3d\x3e{P(a,2)},T\x3d(a,b)\x3d\x3e{P(a,b||0)};let U\x3d{},V\x3d!0;const P\x3d(a,b)\x3d\x3e{var c;if(c\x3dV)void 0\x3d\x3d\x3dU[a]\x26\x26(U[a]\x3d[]),(c\x3dU[a][b])||(U[a][b]\x3d!0);c||I(document.getElementById(a),a,\x22nb\x22,b,V)};function W(a,b,c){const d\x3da.id||\x22\x22;I(a,d,\x22nx\x22,b);I(a,d,\x22ny\x22,c)}var aa\x3dclass{constructor(){this.g\x3dthis.h\x3dnull;r.addEventListener\x26\x26r.addEventListener(\x22mousedown\x22,a\x3d\x3e{this.h\x3da},!0);p(r,\x22DOMContentLoaded\x22,()\x3d\x3e{this.g\x3dr.getElementById(\x22common_15click_anchor\x22)})}};const ba\x3d[0,2,1];let X\x3dnull;var Y\x3da\x3d\x3e{if(a){var b;{const c\x3dwindow.event||X;c?((b\x3dc.which?1\x3c\x3cba[c.which-1]:c.button)\x26\x26c.shiftKey\x26\x26(b|\x3d8),b\x26\x26c.altKey\x26\x26(b|\x3d16),b\x26\x26c.ctrlKey\x26\x26(b|\x3d32)):b\x3dnull}b\x26\x26I(a,a.id,\x22mb\x22,b)}};document.addEventListener\x26\x26document.addEventListener(\x22mousedown\x22,a\x3d\x3e{X\x3da},!0);window.mb\x3dY;var Z\x3d{},ca\x3d(a,b\x3d2,c\x3d\x22\x22)\x3d\x3e{c\x3dc?c:a;1!\x3d\x3db\x26\x26(void 0\x3d\x3d\x3dZ[c]?Z[c]\x3d1:Z[c]++);0!\x3d\x3db\x26\x26Z[c]\x26\x26I(document.getElementById(a),a,\x22nm\x22,Z[c])};window.init_ssb\x3d(a,b,c,d,f,da)\x3d\x3e{const k\x3dwindow;a\x26\x26(O(),k.accbk\x3dN);b\x26\x26(da\x26\x26(V\x3d!1),k.cla\x3dQ,k.cll\x3dR,k.clb\x3dS,k.clh\x3dT);if(c){const y\x3dnew aa;k.xy\x3d(e,B,h)\x3d\x3e{h\x3dh||B;const u\x3de||y.h;if(u\x26\x26B\x26\x26h\x26\x26!q(y.g,u.target)\x26\x26(e\x3dr.querySelector(\x22a.one-point-five-click.rhbutton\x22),!e||(e.classList?e.classList.contains(\x22preexpanded\x22):0\x3c\x3dArray.prototype.indexOf.call(e.classList?e.classList:(\x22string\x22\x3d\x3dtypeof e.className?e.className:e.getAttribute\x26\x26e.getAttribute(\x22class\x22)||\x22\x22).match(/\\S+/g)||[],\x22preexpanded\x22,void 0))||!q(e,u.target))){var C\x3d Math.round(u.clientX-h.offsetLeft);h\x3dMath.round(u.clientY-h.offsetTop);W(B,C,h);y.g\x26\x26W(y.g,C,h);e\x26\x26W(e,C,h)}}}d\x26\x26(k.mb\x3dY);f\x26\x26(k.ss\x3dca)};}).call(this);\x3c/script\x3e\x3cscript\x3einit_ssb(true,true,true,false,false,false);\x3c/script\x3e\x3cscript\x3eif (typeof(ss) \x3d\x3d\x3d \x22undefined\x22) { ss \x3d function(){}; }function st(id) {var a \x3d document.getElementById(id);if (a) {xy(window.event, a);}}function ha(a,x){  clh(a,x);if (accbk()) return;}function ia(a,e,x) {if (accbk()) return;cll(a,x);}function ja(a,x) {if (accbk()) return;cla(a,x);}function ga(o,e,x) {if (document.getElementById) {var a\x3do.id.substring(1),p\x3d\x22\x22,r\x3d\x22\x22,g\x3de.target,t,f,h;if (g) {t\x3dg.id;f\x3dg.parentNode;if (f) {p\x3df.id;h\x3df.parentNode;if (h)r\x3dh.id;}} else {h\x3de.srcElement;f\x3dh.parentNode;if (f)p\x3df.id;t\x3dh.id;}if (t\x3d\x3da||p\x3d\x3da||r\x3d\x3da)return true;ia(a,e,x);top.location.href\x3ddocument.getElementById(a).href;}}\x3c/script\x3e\x3cscript\x3ewindow.dicnf \x3d {umi: true,};\x3c/script\x3e\x3cscript data-jc\x3d\x2240\x22 data-jc-version\x3d\x22r20220616\x22 data-jc-flags\x3d\x22[\x26quot;x%278446\x26#39;9efotm(\x26amp;20067;\x26gt;8\x26amp;\x26gt;`dopb/%\x26lt;1732261!\x3d|vqc)!7201061?\x26#39;9efotmy\x26quot;]\x22\x3e(function(){/*  Copyright The Closure Library Authors. SPDX-License-Identifier: Apache-2.0 */ \x27use strict\x27;var p\x3dthis||self;function t(a){t[\x22 \x22](a);return a}t[\x22 \x22]\x3dfunction(){};var aa\x3d{},u\x3dnull; function ba(a,b){void 0\x3d\x3d\x3db\x26\x26(b\x3d0);if(!u){u\x3d{};for(var c\x3d\x22ABCDEFGHIJKLMNOPQRSTUVWXYZabcdefghijklmnopqrstuvwxyz0123456789\x22.split(\x22\x22),d\x3d[\x22+/\x3d\x22,\x22+/\x22,\x22-_\x3d\x22,\x22-_.\x22,\x22-_\x22],e\x3d0;5\x3ee;e++){var f\x3dc.concat(d[e].split(\x22\x22));aa[e]\x3df;for(var g\x3d0;g\x3cf.length;g++){var h\x3df[g];void 0\x3d\x3d\x3du[h]\x26\x26(u[h]\x3dg)}}}b\x3daa[b];c\x3dArray(Math.floor(a.length/3));d\x3db[64]||\x22\x22;for(e\x3df\x3d0;f\x3ca.length-2;f+\x3d3){var k\x3da[f],l\x3da[f+1];h\x3da[f+2];g\x3db[k\x3e\x3e2];k\x3db[(k\x263)\x3c\x3c4|l\x3e\x3e4];l\x3db[(l\x2615)\x3c\x3c2|h\x3e\x3e6];h\x3db[h\x2663];c[e++]\x3dg+k+l+h}g\x3d0;h\x3dd;switch(a.length-f){case 2:g\x3d a[f+1],h\x3db[(g\x2615)\x3c\x3c2]||d;case 1:a\x3da[f],c[e]\x3db[a\x3e\x3e2]+b[(a\x263)\x3c\x3c4|g\x3e\x3e4]+h+d}return c.join(\x22\x22)};var ca\x3d\x22undefined\x22!\x3d\x3dtypeof Uint8Array;const v\x3dSymbol(void 0);function da(a,b){Object.isFrozen(a)||(v?a[v]|\x3db:void 0!\x3d\x3da.m?a.m|\x3db:Object.defineProperties(a,{m:{value:b,configurable:!0,writable:!0,enumerable:!1}}))}function ea(a){let b;v?b\x3da[v]:b\x3da.m;return null\x3d\x3db?0:b}function A(a){da(a,1);return a}function ka(a){return Array.isArray(a)?!!(ea(a)\x262):!1};function la(a){return null!\x3d\x3da\x26\x26\x22object\x22\x3d\x3d\x3dtypeof a\x26\x26!Array.isArray(a)\x26\x26a.constructor\x3d\x3d\x3dObject}let B;var C\x3dObject.freeze(A([]));function ma(a){if(ka(a.l))throw Error(\x22Cannot mutate an immutable Message\x22);}function na(a){return{value:a,configurable:!1,writable:!1,enumerable:!1}};function oa(a){switch(typeof a){case \x22number\x22:return isFinite(a)?a:String(a);case \x22object\x22:if(a\x26\x26!Array.isArray(a)\x26\x26ca\x26\x26null!\x3da\x26\x26a instanceof Uint8Array)return ba(a)}return a};function pa(a,b\x3dqa){return ra(a,b)}function sa(a,b){if(null!\x3da){if(Array.isArray(a))a\x3dra(a,b);else if(la(a)){const c\x3d{};for(let d in a)c[d]\x3dsa(a[d],b);a\x3dc}else a\x3db(a);return a}}function ra(a,b){const c\x3da.slice();for(let d\x3d0;d\x3cc.length;d++)c[d]\x3dsa(c[d],b);Array.isArray(a)\x26\x26ea(a)\x261\x26\x26A(c);return c}function ta(a){if(a\x26\x26\x22object\x22\x3d\x3dtypeof a\x26\x26a.toJSON)return a.toJSON();a\x3doa(a);return Array.isArray(a)?pa(a,ta):a}function qa(a){return ca\x26\x26null!\x3da\x26\x26a instanceof Uint8Array?new Uint8Array(a):a};function D(a,b,c){ma(a);b\x3ca.h?a.l[b+a.g]\x3dc:(a.i||(a.i\x3da.l[a.h+a.g]\x3d{}))[b]\x3dc;return a};var va\x3dclass{constructor(a,b,c){a||(a\x3dua);ua\x3dnull;var d\x3dthis.constructor.h;a||(a\x3dd?[d]:[]);this.g\x3d(d?0:-1)-(this.constructor.g||0);this.j\x3dvoid 0;this.l\x3da;a:{d\x3dthis.l.length;a\x3dd-1;if(d\x26\x26(d\x3dthis.l[a],la(d))){this.h\x3da-this.g;this.i\x3dd;break a}void 0!\x3d\x3db\x26\x26-1\x3cb?(this.h\x3dMath.max(b,a+1-this.g),this.i\x3dvoid 0):this.h\x3dNumber.MAX_VALUE}if(c)for(b\x3d0;b\x3cc.length;b++)if(a\x3dc[b],a\x3cthis.h)a+\x3dthis.g,(d\x3dthis.l[a])?Array.isArray(d)\x26\x26A(d):this.l[a]\x3dC;else{d\x3dthis.i||(this.i\x3dthis.l[this.h+this.g]\x3d{});let e\x3dd[a];e?Array.isArray(e)\x26\x26 A(e):d[a]\x3dC}}toJSON(){const a\x3dthis.l;return B?a:pa(a,ta)}};va.prototype.toString\x3dfunction(){return this.l.toString()};function wa(a,b){return oa(b)}let ua;var xa\x3dclass extends va{};Object.defineProperties(xa,{[Symbol.hasInstance]:na(()\x3d\x3e{throw Error(\x22Cannot perform instanceof checks for MutableMessage\x22);})});class E extends xa{}Object.defineProperties(E,{[Symbol.hasInstance]:na(Object[Symbol.hasInstance])});var F\x3dclass{constructor(a,b\x3d!1){this.key\x3da;this.defaultValue\x3db;this.valueType\x3d\x22boolean\x22}};var ya\x3dnew F(\x22100000\x22),za\x3dnew F(\x2245368259\x22),Aa\x3dnew F(\x2245357156\x22,!0),Ba\x3dnew F(\x2245350890\x22);var G\x3d(a,b)\x3d\x3e\x22\x26adurl\x3d\x22\x3d\x3da.substring(a.length-7)?a.substring(0,a.length-7)+b+\x22\x26adurl\x3d\x22:a+b;let I\x3dp.dicnf||{};/*  SPDX-License-Identifier: Apache-2.0 */ function J(a,b,c){a.addEventListener\x26\x26a.addEventListener(b,c,!1)}function K(a,b,c){a.removeEventListener\x26\x26a.removeEventListener(b,c,!1)};var Ca\x3dRegExp(\x22^(?:([^:/?#.]+):)?(?://(?:([^\\\\\\\\/?#]*)@)?([^\\\\\\\\/?#]*?)(?::([0-9]+))?(?\x3d[\\\\\\\\/?#]|$))?([^?#]+)?(?:\\\\?([^#]*))?(?:#([\\\\s\\\\S]*))?$\x22);function Da(){if(!globalThis.crypto)return Math.random();try{const a\x3dnew Uint32Array(1);globalThis.crypto.getRandomValues(a);return a[0]/65536/65536}catch{return Math.random()}}function Ea(a,b){if(a)for(const c in a)Object.prototype.hasOwnProperty.call(a,c)\x26\x26b(a[c],c,a)}let L\x3d[];const M\x3d()\x3d\x3e{const a\x3dL;L\x3d[];for(const b of a)try{b()}catch{}}; var Fa\x3d(a,b)\x3d\x3e{\x22complete\x22\x3d\x3d\x3da.readyState||\x22interactive\x22\x3d\x3d\x3da.readyState?(L.push(b),1\x3d\x3dL.length\x26\x26(window.Promise?Promise.resolve().then(M):window.setImmediate?setImmediate(M):setTimeout(M,0))):a.addEventListener(\x22DOMContentLoaded\x22,b)};function Ga(a\x3ddocument){return a.createElement(\x22img\x22)};function N(a,b,c\x3dnull,d\x3d!1){Ha(a,b,c,d)}function Ha(a,b,c,d){a.google_image_requests||(a.google_image_requests\x3d[]);const e\x3dGa(a.document);if(c||d){const f\x3dg\x3d\x3e{c\x26\x26c(g);if(d){g\x3da.google_image_requests;const h\x3dArray.prototype.indexOf.call(g,e,void 0);0\x3c\x3dh\x26\x26Array.prototype.splice.call(g,h,1)}K(e,\x22load\x22,f);K(e,\x22error\x22,f)};J(e,\x22load\x22,f);J(e,\x22error\x22,f)}e.src\x3db;a.google_image_requests.push(e)};let O\x3d0;function Ia(a,b\x3dnull){return b\x26\x26b.getAttribute(\x22data-jc\x22)\x3d\x3d\x3dString(a)?b:document.querySelector(`[${\x22data-jc\x22}\x3d\x22${a}\x22]`)};function P(a){Ja||(Ja\x3dnew Ka);const b\x3dJa.g[a.key];if(\x22proto\x22\x3d\x3d\x3da.valueType){try{const c\x3dJSON.parse(b);if(Array.isArray(c))return c}catch(c){}return a.defaultValue}return typeof b\x3d\x3d\x3dtypeof a.defaultValue?b:a.defaultValue}var La\x3dclass{constructor(){this.g\x3d{}}};var Ka\x3dclass extends La{constructor(){super();var a\x3dIa(O,document.currentScript);a\x3da\x26\x26a.getAttribute(\x22data-jc-flags\x22)||\x22\x22;try{const b\x3dJSON.parse(a)[0];a\x3d\x22\x22;for(let c\x3d0;c\x3cb.length;c++)a+\x3dString.fromCharCode(b.charCodeAt(c)^\x22\\u0003\\u0007\\u0003\\u0007\\b\\u0004\\u0004\\u0006\\u0005\\u0003\x22.charCodeAt(c%10));this.g\x3dJSON.parse(a)}catch(b){}}},Ja;var Ma\x3dwindow;class Na{constructor(a,b){this.error\x3da;this.context\x3db.context;this.msg\x3db.message||\x22\x22;this.id\x3db.id||\x22jserror\x22;this.meta\x3d{}}};const Sa\x3dRegExp(\x22^https?://(\\\\w|-)+\\\\.cdn\\\\.ampproject\\\\.(net|org)(\\\\?|/|$)\x22);var Ta\x3dclass{constructor(a,b){this.g\x3da;this.h\x3db}},Ua\x3dclass{constructor(a,b){this.url\x3da;this.v\x3d!!b;this.depth\x3dnull}};function Q(a,b){const c\x3d{};c[a]\x3db;return[c]}function Va(a,b,c,d,e){const f\x3d[];Ea(a,function(g,h){(g\x3dWa(g,b,c,d,e))\x26\x26f.push(h+\x22\x3d\x22+g)});return f.join(b)} function Wa(a,b,c,d,e){if(null\x3d\x3da)return\x22\x22;b\x3db||\x22\x26\x22;c\x3dc||\x22,$\x22;\x22string\x22\x3d\x3dtypeof c\x26\x26(c\x3dc.split(\x22\x22));if(a instanceof Array){if(d\x3dd||0,d\x3cc.length){const f\x3d[];for(let g\x3d0;g\x3ca.length;g++)f.push(Wa(a[g],b,c,d+1,e));return f.join(c[d])}}else if(\x22object\x22\x3d\x3dtypeof a)return e\x3de||0,2\x3ee?encodeURIComponent(Va(a,b,c,d,e+1)):\x22...\x22;return encodeURIComponent(String(a))}function Xa(a){let b\x3d1;for(const c in a.h)b\x3dc.length\x3eb?c.length:b;return 3997-b-a.i.length-1} function Ya(a,b,c){b\x3db+\x22//pagead2.googlesyndication.com\x22+c;let d\x3dXa(a)-c.length;if(0\x3ed)return\x22\x22;a.g.sort(function(f,g){return f-g});c\x3dnull;let e\x3d\x22\x22;for(let f\x3d0;f\x3ca.g.length;f++){const g\x3da.g[f],h\x3da.h[g];for(let k\x3d0;k\x3ch.length;k++){if(!d){c\x3dnull\x3d\x3dc?g:c;break}let l\x3dVa(h[k],a.i,\x22,$\x22);if(l){l\x3de+l;if(d\x3e\x3dl.length){d-\x3dl.length;b+\x3dl;e\x3da.i;break}c\x3dnull\x3d\x3dc?g:c}}}a\x3d\x22\x22;null!\x3dc\x26\x26(a\x3de+\x22trn\x3d\x22+c);return b+a}class Za{constructor(){this.i\x3d\x22\x26\x22;this.h\x3d{};this.j\x3d0;this.g\x3d[]}};function $a(){var a\x3dS,b\x3dwindow.google_srt;0\x3c\x3db\x26\x261\x3e\x3db\x26\x26(a.g\x3db)}function ab(a,b,c,d,e,f){if((d?a.g:Math.random())\x3c(e||.01))try{let g;c instanceof Za?g\x3dc:(g\x3dnew Za,Ea(c,(k,l)\x3d\x3e{var n\x3dg;const m\x3dn.j++;k\x3dQ(l,k);n.g.push(m);n.h[m]\x3dk}));const h\x3dYa(g,a.h,\x22/pagead/gen_204?id\x3d\x22+b+\x22\x26\x22);h\x26\x26(\x22undefined\x22!\x3d\x3dtypeof f?N(p,h,f):N(p,h))}catch(g){}}class bb{constructor(){this.h\x3d\x22http:\x22\x3d\x3d\x3dMa.location.protocol?\x22http:\x22:\x22https:\x22;this.g\x3dMath.random()}};let T\x3dnull;var cb\x3d()\x3d\x3e{const a\x3dp.performance;return a\x26\x26a.now\x26\x26a.timing?Math.floor(a.now()+a.timing.navigationStart):Date.now()},db\x3d()\x3d\x3e{const a\x3dp.performance;return a\x26\x26a.now?a.now():null};class eb{constructor(a,b){var c\x3ddb()||cb();this.label\x3da;this.type\x3db;this.value\x3dc;this.duration\x3d0;this.uniqueId\x3dMath.random();this.taskId\x3dthis.slotId\x3dvoid 0}};const U\x3dp.performance,fb\x3d!!(U\x26\x26U.mark\x26\x26U.measure\x26\x26U.clearMarks),V\x3dfunction(a){let b\x3d!1,c;return function(){b||(c\x3da(),b\x3d!0);return c}}(()\x3d\x3e{var a;if(a\x3dfb){var b;if(null\x3d\x3d\x3dT){T\x3d\x22\x22;try{a\x3d\x22\x22;try{a\x3dp.top.location.hash}catch(c){a\x3dp.location.hash}a\x26\x26(T\x3d(b\x3da.match(/\\bdeid\x3d([\\d,]+)/))?b[1]:\x22\x22)}catch(c){}}b\x3dT;a\x3d!!b.indexOf\x26\x260\x3c\x3db.indexOf(\x221337\x22)}return a});function gb(a){a\x26\x26U\x26\x26V()\x26\x26(U.clearMarks(`goog_${a.label}_${a.uniqueId}_start`),U.clearMarks(`goog_${a.label}_${a.uniqueId}_end`))} class hb{constructor(){var a\x3dwindow;this.h\x3d[];this.i\x3da||p;let b\x3dnull;a\x26\x26(a.google_js_reporting_queue\x3da.google_js_reporting_queue||[],this.h\x3da.google_js_reporting_queue,b\x3da.google_measure_js_timing);this.g\x3dV()||(null!\x3db?b:1\x3eMath.random())}start(a,b){if(!this.g)return null;a\x3dnew eb(a,b);b\x3d`goog_${a.label}_${a.uniqueId}_start`;U\x26\x26V()\x26\x26U.mark(b);return a}end(a){if(this.g\x26\x26\x22number\x22\x3d\x3d\x3dtypeof a.value){a.duration\x3d(db()||cb())-a.value;var b\x3d`goog_${a.label}_${a.uniqueId}_end`;U\x26\x26V()\x26\x26U.mark(b);!this.g||2048\x3c this.h.length||this.h.push(a)}}};function ib(a){let b\x3da.toString();a.name\x26\x26-1\x3d\x3db.indexOf(a.name)\x26\x26(b+\x3d\x22: \x22+a.name);a.message\x26\x26-1\x3d\x3db.indexOf(a.message)\x26\x26(b+\x3d\x22: \x22+a.message);if(a.stack){a\x3da.stack;var c\x3db;try{-1\x3d\x3da.indexOf(c)\x26\x26(a\x3dc+\x22\\n\x22+a);let d;for(;a!\x3dd;)d\x3da,a\x3da.replace(RegExp(\x22((https?:/..*/)[^/:]*:\\\\d+(?:.|\\n)*)\\\\2\x22),\x22$1\x22);b\x3da.replace(RegExp(\x22\\n *\x22,\x22g\x22),\x22\\n\x22)}catch(d){b\x3dc}}return b} function jb(a,b,c,d){let e,f;try{a.g\x26\x26a.g.g?(f\x3da.g.start(b.toString(),3),e\x3dc(),a.g.end(f)):e\x3dc()}catch(g){c\x3d!0;try{gb(f),c\x3da.u(b,new Na(g,{message:ib(g)}),void 0,d)}catch(h){a.j(217,h)}if(c)window.console?.error?.(g);else throw g;}return e}function kb(a,b,c,d){var e\x3dW;return(...f)\x3d\x3ejb(e,a,()\x3d\x3eb.apply(c,f),d)} class lb{constructor(a\x3dnull){this.o\x3dS;this.h\x3dnull;this.u\x3dthis.j;this.g\x3da;this.i\x3d!1}j(a,b,c,d,e){e\x3de||\x22jserror\x22;let f;try{const w\x3dnew Za;var g\x3dw;g.g.push(1);g.h[1]\x3dQ(\x22context\x22,a);b.error\x26\x26b.meta\x26\x26b.id||(b\x3dnew Na(b,{message:ib(b)}));if(b.msg){g\x3dw;var h\x3db.msg.substring(0,512);g.g.push(2);g.h[2]\x3dQ(\x22msg\x22,h)}var k\x3db.meta||{};b\x3dk;if(this.h)try{this.h(b)}catch(x){}if(d)try{d(b)}catch(x){}d\x3dw;k\x3d[k];d.g.push(3);d.h[3]\x3dk;d\x3dp;k\x3d[];let R;b\x3dnull;do{var l\x3dd;try{var n;if(n\x3d!!l\x26\x26null!\x3dl.location.href)b:{try{t(l.foo); n\x3d!0;break b}catch(x){}n\x3d!1}var m\x3dn}catch{m\x3d!1}m?(R\x3dl.location.href,b\x3dl.document\x26\x26l.document.referrer||null):(R\x3db,b\x3dnull);k.push(new Ua(R||\x22\x22));try{d\x3dl.parent}catch(x){d\x3dnull}}while(d\x26\x26l!\x3dd);for(let x\x3d0,Oa\x3dk.length-1;x\x3c\x3dOa;++x)k[x].depth\x3dOa-x;l\x3dp;if(l.location\x26\x26l.location.ancestorOrigins\x26\x26l.location.ancestorOrigins.length\x3d\x3dk.length-1)for(m\x3d1;m\x3ck.length;++m){var q\x3dk[m];q.url||(q.url\x3dl.location.ancestorOrigins[m-1]||\x22\x22,q.v\x3d!0)}var r\x3dk;let fa\x3dnew Ua(p.location.href,!1);l\x3dnull;const ha\x3dr.length-1;for(q\x3d ha;0\x3c\x3dq;--q){var y\x3dr[q];!l\x26\x26Sa.test(y.url)\x26\x26(l\x3dy);if(y.url\x26\x26!y.v){fa\x3dy;break}}y\x3dnull;const vb\x3dr.length\x26\x26r[ha].url;0!\x3dfa.depth\x26\x26vb\x26\x26(y\x3dr[ha]);f\x3dnew Ta(fa,y);if(f.h){r\x3dw;var z\x3df.h.url||\x22\x22;r.g.push(4);r.h[4]\x3dQ(\x22top\x22,z)}var ia\x3d{url:f.g.url||\x22\x22};if(f.g.url){var ja\x3df.g.url.match(Ca),H\x3dja[1],Pa\x3dja[3],Qa\x3dja[4];z\x3d\x22\x22;H\x26\x26(z+\x3dH+\x22:\x22);Pa\x26\x26(z+\x3d\x22//\x22,z+\x3dPa,Qa\x26\x26(z+\x3d\x22:\x22+Qa));var Ra\x3dz}else Ra\x3d\x22\x22;H\x3dw;ia\x3d[ia,{url:Ra}];H.g.push(5);H.h[5]\x3dia;ab(this.o,e,w,this.i,c)}catch(w){try{ab(this.o,e,{context:\x22ecmserr\x22,rctx:a,msg:ib(w), url:f\x26\x26f.g.url},this.i,c)}catch(R){}}return!0}};var mb\x3da\x3d\x3e{var b\x3d\x22s\x22;if(a.s\x26\x26a.hasOwnProperty(b))return a.s;b\x3dnew a;return a.s\x3db};class nb{constructor(){this.g\x3d()\x3d\x3e[]}};let S,W;const X\x3dnew hb;var ob\x3d()\x3d\x3e{window.google_measure_js_timing||(X.g\x3d!1,X.h!\x3dX.i.google_js_reporting_queue\x26\x26(V()\x26\x26Array.prototype.forEach.call(X.h,gb,void 0),X.h.length\x3d0))};(a\x3d\x3e{S\x3da??new bb;\x22number\x22!\x3d\x3dtypeof window.google_srt\x26\x26(window.google_srt\x3dMath.random());$a();W\x3dnew lb(X);W.h\x3db\x3d\x3e{var c\x3dO;0!\x3d\x3dc\x26\x26(b.jc\x3dString(c),c\x3d(c\x3dIa(c,document.currentScript))\x26\x26c.getAttribute(\x22data-jc-version\x22)||\x22unknown\x22,b.shv\x3dc)};W.i\x3d!0;\x22complete\x22\x3d\x3dwindow.document.readyState?ob():X.g\x26\x26J(window,\x22load\x22,()\x3d\x3e{ob()})})(); var pb\x3d(a,b,c,d)\x3d\x3ekb(a,b,c,d),qb\x3d(a,b,c,d)\x3d\x3e{const e\x3dmb(nb).g();!b.eid\x26\x26e.length\x26\x26(b.eid\x3de.toString());ab(S,a,b,!0,c,d)};const rb\x3d[\x22FRAME\x22,\x22IMG\x22,\x22IFRAME\x22],sb\x3d/^[01](px)?$/;function tb(a){return\x22string\x22\x3d\x3d\x3dtypeof a?document.getElementById(a):a}function ub(a){return\x22IMG\x22!\x3da.tagName||!a.complete||a.naturalWidth\x26\x26a.naturalHeight?sb.test(a.getAttribute(\x22width\x22))\x26\x26sb.test(a.getAttribute(\x22height\x22)):!0} function wb(a,b){var c;if(a\x3dtb(a)){c||(c\x3d(m,q,r)\x3d\x3e{m.addEventListener(q,r)});var d\x3d!1,e\x3dm\x3d\x3e{d||(d\x3d!0,b(m))};for(var f\x3d0;f\x3crb.length;++f)if(rb[f]\x3d\x3da.tagName){var g\x3d3;var h\x3d[a];break}h||(h\x3da.querySelectorAll(rb.join(\x22,\x22)),g\x3d2);var k\x3d0,l\x3d0;a\x3d!1;for(f\x3d0;f\x3ch.length;f++){const m\x3dh[f];if(!ub(m)){if(\x22IMG\x22\x3d\x3dm.tagName)var n\x3dm.naturalWidth\x26\x26m.naturalHeight?!0:!1;else try{n\x3d\x22complete\x22\x3d\x3d\x3d(m.readyState?m.readyState:m.contentWindow\x26\x26m.contentWindow.document\x26\x26m.contentWindow.document.readyState)?!0:!1}catch(q){n\x3d !1}if(n)a\x3d!0;else{k++;const q\x3d\x22IMG\x22\x3d\x3d\x3dm.tagName,r\x3d()\x3d\x3e{k--;k||e(g);q\x26\x26l--};c(m,\x22load\x22,r);q\x26\x26(l++,c(m,\x22error\x22,r))}}}h\x3dnull;if(0\x3d\x3d\x3dk\x26\x26!a\x26\x26\x22complete\x22\x3d\x3d\x3dp.document.readyState)g\x3d5;else if(k||!a){c(p,\x22load\x22,()\x3d\x3e{e(4)});return}e(g)}};function xb(a){const b\x3da.length;let c\x3d0;return new Y(d\x3d\x3e{if(0\x3d\x3db)d([]);else{const e\x3d[];for(let f\x3d0;f\x3cb;++f)a[f].then(g\x3d\x3e{e[f]\x3dg;++c\x3d\x3db\x26\x26d(e)})}})}function yb(){let a;const b\x3dnew Y(c\x3d\x3e{a\x3dc});return new zb(b,a)}function Ab(a,b){if(!a.h)if(b instanceof Y)b.then(c\x3d\x3e{Ab(a,c)});else{a.h\x3d!0;a.i\x3db;for(b\x3d0;b\x3ca.g.length;++b)Bb(a,a.g[b]);a.g\x3d[]}}function Bb(a,b){a.h?b(a.i):a.g.push(b)}class Y{constructor(a){this.h\x3d!1;this.g\x3d[];a(b\x3d\x3e{Ab(this,b)})}then(a){return new Y(b\x3d\x3e{Bb(this,c\x3d\x3e{b(a(c))})})}} var zb\x3dclass{constructor(a,b){this.promise\x3da;this.g\x3db}};function Z(a){return a.prerendering?3:{visible:1,hidden:2,prerender:3,preview:4,unloaded:5}[a.visibilityState||a.webkitVisibilityState||a.mozVisibilityState||\x22\x22]||0}function Cb(a){let b;a.visibilityState?b\x3d\x22visibilitychange\x22:a.mozVisibilityState?b\x3d\x22mozvisibilitychange\x22:a.webkitVisibilityState\x26\x26(b\x3d\x22webkitvisibilitychange\x22);return b};function Db(){const a\x3dwindow;if(a.gmaSdk||a.webkit?.messageHandlers?.getGmaViewSignals)return a;try{const b\x3dwindow.parent;if(b.gmaSdk||b.webkit?.messageHandlers?.getGmaViewSignals)return b}catch(b){}return null} function Eb(a,b\x3d{},c\x3d()\x3d\x3e{},d\x3d()\x3d\x3e{},e\x3d200,f,g){const h\x3dString(Math.floor(2147483647*Da()));let k\x3d0;const l\x3dn\x3d\x3e{try{const m\x3d\x22object\x22\x3d\x3d\x3dtypeof n.data?n.data:JSON.parse(n.data);h\x3d\x3d\x3dm.paw_id\x26\x26(window.clearTimeout(k),window.removeEventListener(\x22message\x22,l),m.signal?c(m.signal):m.error\x26\x26d(m.error))}catch(m){g(\x22paw_sigs\x22,{msg:\x22postmessageError\x22,err:m instanceof Error?m.message:\x22nonError\x22,data:null\x3d\x3dn.data?\x22null\x22:500\x3cn.data.length?n.data.substring(0,500):n.data})}};window.addEventListener(\x22message\x22,n\x3d\x3e{f(903, ()\x3d\x3e{l(n)})()});a.postMessage({paw_id:h,...b});k\x3dwindow.setTimeout(()\x3d\x3e{window.removeEventListener(\x22message\x22,l);d(\x22PAW GMA postmessage timed out.\x22)},e)};function Fb(a,b){return D(a,2,b)}function Gb(a,b){return D(a,3,b)}function Hb(a,b){return D(a,4,b)}function Ib(a,b){return D(a,5,b)}function Jb(a,b){return D(a,9,b)}function Kb(a,b){ma(a);let c;if(null!\x3db){c\x3dA([]);let d\x3d!1;for(let e\x3d0;e\x3cb.length;e++)c[e]\x3db[e].l,d\x3dd||ka(c[e]);a.j||(a.j\x3d{});a.j[10]\x3db;b\x3dc;if(!Array.isArray(b))throw Error(\x22cannot mark non-array as mutable\x22);d?Object.isFrozen(b)||(v?b[v]\x26\x3d-9:void 0!\x3d\x3db.m\x26\x26(b.m\x26\x3d-9)):da(b,8)}else a.j\x26\x26(a.j[10]\x3dvoid 0),c\x3dC;return D(a,10,c)} function Lb(a,b){return D(a,11,b)}function Mb(a,b){return D(a,1,b)}var Ob\x3dclass extends E{constructor(){super(void 0,-1,Nb)}},Pb\x3dclass extends E{constructor(){super(void 0)}},Nb\x3d[10,6];const Qb\x3d\x22platform platformVersion architecture model uaFullVersion bitness fullVersionList wow64\x22.split(\x22 \x22);function Rb(a){if(\x22function\x22!\x3d\x3dtypeof a.navigator?.userAgentData?.getHighEntropyValues)return null;const b\x3da.google_tag_data??(a.google_tag_data\x3d{});if(b.uach_promise)return b.uach_promise;a\x3da.navigator.userAgentData.getHighEntropyValues(Qb).then(c\x3d\x3e{b.uach??(b.uach\x3dc);return c});return b.uach_promise\x3da} function Sb(a){return Lb(Kb(Jb(Ib(Hb(Gb(Fb(Mb(new Ob,a.platform||\x22\x22),a.platformVersion||\x22\x22),a.architecture||\x22\x22),a.model||\x22\x22),a.uaFullVersion||\x22\x22),a.bitness||\x22\x22),a.fullVersionList?.map(b\x3d\x3e{var c\x3dnew Pb;c\x3dD(c,1,b.brand);return D(c,2,b.version)})||[]),a.wow64||!1)}function Tb(a){return Rb(a)?.then(b\x3d\x3eSb(b))??null};let Ub\x3dnull;function Vb(a,b){/(google|doubleclick).*\\/pagead\\/adview/.test(b)\x26\x26(b\x3dG(b,`\x26vis\x3d${Z(a.g)}`));P(za)\x26\x26\x22__google_lidar_radf_\x22in a.o\x26\x26(b\x3dG(b,\x22\x26avradf\x3d1\x22));a.u.then(()\x3d\x3e{0\x3ca.j.length\x26\x26(b\x3dG(b,\x22\x26uach\x3d\x22+a.j));0\x3ca.h.length\x26\x26(b\x3dG(b,a.h));var c\x3da.o,d\x3db;if(I.atsb){var e;if(e\x3dc.navigator)e\x3dc.navigator.userAgent,e\x3d/Chrome/.test(e)\x26\x26!/Edge/.test(e)?!0:!1;e\x26\x26c.navigator.sendBeacon?c.navigator.sendBeacon(d):N(c,d,void 0,!1)}else N(c,d)})} function Wb(a){const b\x3d[];var c\x3dP(Ba)||!!I.aub;if(c||I.aunb){let d\x3dTb(a.o);d\x26\x26(d\x3dd.then(e\x3d\x3e{a:{B\x3d!0;try{var f\x3dJSON.stringify(e.toJSON(),wa);break a}finally{B\x3d!1}f\x3dvoid 0}e\x3df;f\x3d[];for(var g\x3d0,h\x3d0;h\x3ce.length;h++){var k\x3de.charCodeAt(h);255\x3ck\x26\x26(f[g++]\x3dk\x26255,k\x3e\x3e\x3d8);f[g++]\x3dk}e\x3dba(f,3);a.j\x3de}),c\x26\x26b.push(d))}if(P(Aa))if(c\x3dDb(),c?.gmaSdk?.getViewSignals){if(c\x3dc.gmaSdk.getViewSignals())a.h\x3d\x22\x26ms\x3d\x22+c}else c?.webkit?.messageHandlers?.getGmaViewSignals\x26\x26Eb(c.webkit.messageHandlers.getGmaViewSignals,{},d\x3d\x3e{a.h\x3d \x22\x26\x22+d},()\x3d\x3e{},200,pb,qb);I.umi\x26\x26(c\x3dnew Y(d\x3d\x3e{a.i\x3dd}),b.push(c));if(I.ebrpfa||P(ya)){const d\x3dyb();b.push(d.promise);Fa(a.g,()\x3d\x3e{wb(a.g.body,d.g)})}3\x3d\x3dZ(a.g)\x26\x263\x3d\x3dZ(a.g)\x26\x26b.push(Xb(a));a.u\x3dxb(b)}function Xb(a){return new Y(b\x3d\x3e{const c\x3dCb(a.g);if(c){var d\x3d()\x3d\x3e{3!\x3dZ(a.g)\x26\x26(K(a.g,c,d),b())};Ub\x26\x26(d\x3dUb(521,d));J(a.g,c,d)}})}class Yb{constructor(){this.g\x3dp.document;this.o\x3dp;this.i\x3dnull;this.h\x3dthis.j\x3d\x22\x22;Wb(this)}};O\x3d40;Ub\x3dpb;window.vu\x3dkb(492,function(a){if(I.ebrpfa||P(ya))a\x3dG(a,\x22\x26cbvp\x3d2\x22);a\x3da.replace(\x22\x26amp;\x22,\x22\x26\x22);Vb(mb(Yb),a)});window.vv\x3dkb(494,function(){const a\x3dmb(Yb);if(!a.i)throw Error(\x22aiv::err\x22);a.i()});}).call(this);\x3c/script\x3e\x3c/head\x3e\x3cbody\x3e\x3cdiv id\x3d\x22mys-wrapper\x22 class\x3d\x22mys-wrapper\x22\x3e\x3cdiv id\x3d\x22mys-overlay\x22\x3e\x3c/div\x3e\x3cdiv id\x3d\x22mys-content\x22 style\x3d\x22width:588px;height:235px;\x22x-frame-width\x3d\x22588\x22 x-frame-height\x3d\x22235\x22\x3e\x3cdiv id\x3d\x22mys-meta\x22 style\x3d\x22position:absolute;display:none;\x22\x3e\x3cmeta content\x3d\x22438\x22 index\x3d\x220\x22 name\x3d\x22sampling_mod\x22\x3e\x3c/meta\x3e\x3cmeta content\x3d\x22st_10\x22 index\x3d\x220\x22 name\x3d\x22environment\x22\x3e\x3c/meta\x3e\x3cmeta content\x3d\x22{\x26quot;META_LOCKED\x26quot;:\x26quot;1\x26quot;}\x22 index\x3d\x220\x22 name\x3d\x22custom_flags\x22\x3e\x3c/meta\x3e\x3cmeta content\x3d\x22ns-jqu3j\x22 index\x3d\x220\x22 name\x3d\x22namespace\x22\x3e\x3c/meta\x3e\x3cmeta content\x3d\x22[3,1]\x22 index\x3d\x220\x22 name\x3d\x22page_element\x22\x3e\x3c/meta\x3e\x3cmeta content\x3d\x22[[[\x26quot;.x-layout\x26quot;,[[\x26quot;class\x26quot;,\x26quot;GoogleActiveViewElement\x26quot;],[\x26quot;data-google-av-cxn\x26quot;,\x26quot;https://pagead2.googlesyndication.com/pcs/activeview?xai\x3dAKAOjsvPDdd0emUc0fCRa6QOkY-TNveNt0X0V8EAB25suOKYfVH0S1BFYV__jhdmMv2U6HTNn_Px-Hs-VkyvW5cb6iwg-6gnIdhHklofD_1Bw1z7zVGg1SduCHWtwF10\x26amp;sai\x3dAMfl-YQ-S4IzMjaYwFmSRh9BLscosVq1jeXb20GqovGZqu30Iizt1nJYcleDKS2rzAQmgvRJOUiXzUv34HC8LUYklYr6sh4BU6VYXYpV3rZJ0ymystsuM10Vsg1H4HCEGNc\x26amp;sig\x3dCg0ArKJSzHwTrUsswg0eEAE\x26quot;],[\x26quot;data-google-av-adk\x26quot;,\x26quot;3772837431\x26quot;],[\x26quot;data-google-av-metadata\x26quot;,\x26quot;la\x3d0\x26amp;xdi\x3d0\x26amp;\x26quot;],[\x26quot;data-google-av-override\x26quot;,\x26quot;-1\x26quot;],[\x26quot;data-google-av-immediate\x26quot;,\x26quot;true\x26quot;],[\x26quot;data-google-av-aid\x26quot;,\x26quot;0\x26quot;],[\x26quot;data-google-av-naid\x26quot;,\x26quot;1\x26quot;],[\x26quot;data-google-av-slift\x26quot;,\x26quot;\x26quot;],[\x26quot;data-google-av-cpmav\x26quot;,\x26quot;\x26quot;],[\x26quot;data-google-av-btr\x26quot;,\x26quot;\x26quot;],[\x26quot;data-google-av-itpl\x26quot;,\x26quot;22\x26quot;],[\x26quot;data-google-av-rs\x26quot;,\x26quot;4\x26quot;],[\x26quot;data-google-av-dm\x26quot;,\x26quot;3\x26quot;],[\x26quot;data-google-av-flags\x26quot;,\x26quot;[\\\x26quot;x%278440\x26#39;9efotm(\x26amp;753374%2bejvf/%27844\x26gt;\x26#39;9wuvb$\x26amp;56533\x26gt;!\x3d|vqc)!273794\x26amp;\x26lt;qqvb/%\x26lt;1735020!\x3dnehu`/!364\x3d5051!9abk{a($160210:3\x26amp;\x26lt;cbotf+*0150034:%2bejvf/%72;17613!\x3defdwa*\x26#39;76463;21$?ebkpb$\x26amp;0366717\x26gt;*\x26gt;bgipf+!3\x3d712363%9aihwc)!7202\x26lt;217\x26#39;9efotm(\x26amp;20061;48\x26amp;\x26gt;`dopb/%\x26lt;1707200!\x3d8(\x26amp;2005575?\x26amp;\x26gt;`dopb/%\x26lt;170642?!\x3d|vqc)!7201;\x3d50\x26#39;9wuvb$\x26amp;03641654*\x26gt;bgipfz\\\x26quot;]\x26quot;],[\x26quot;lang\x26quot;,\x26quot;en\x26quot;]]]]]\x22 index\x3d\x220\x22 name\x3d\x22attribute_setter\x22\x3e\x3c/meta\x3e\x3cmeta content\x3d\x22[[588,235,10,\x26quot;text/vanilla_text_close_v2\x26quot;,0,0,null,\x26quot;_top\x26quot;,\x26quot;Mozilla/5.0 (Windows NT 10.0; Win64; x64) AppleWebKit/537.36 (KHTML, like Gecko) Chrome/103.0.5060.53 Safari/537.36,gzip(gfe)\x26quot;,[null,null,null,null,null,null,null,null,null,null,null,null,null,null,null,null,[]],[null,\x26quot;#ffffff\x26quot;,\x26quot;#0000ff\x26quot;,\x26quot;#008000\x26quot;,\x26quot;#008000\x26quot;,\x26quot;#ffffff\x26quot;,null,0,[\x26quot;#ffffff\x26quot;,\x26quot;#0000ff\x26quot;,\x26quot;#008000\x26quot;,\x26quot;#008000\x26quot;,\x26quot;#ffffff\x26quot;,\x26quot;#000000\x26quot;],0],null,\x26quot;\x26quot;,\x26quot;IN\x26quot;,null,0,0,\x26quot;en\x26quot;,null,null,1,null,438,null,null,0,[],\x26quot;\x26quot;,\x26quot;en\x26quot;,null,1,3,null,null,null,0,0,null,0,0,0,1.25,0,0,3,null,1536,864,null,8,1,[708,1519],5,0,null,0,0,0,0,\x26quot;ca-pub-3084527350962906\x26quot;,\x26quot;1132784396\x26quot;,0],null,null,null,null,null,null,null,null,null,null,[null,1,1,null,null,0,1,[],null,null,null,null,null,null,null,null,null,1,1],null,null,null,null]\x22 index\x3d\x220\x22 name\x3d\x22render_config\x22\x3e\x3c/meta\x3e\x3c/div\x3e\x3cmeta data-ifc-map\x3d\x22[[\x26quot;confirmedClickAdUnitProtection\x26quot;,[[[null,null,99,3]]]],[\x26quot;defaultAdUnitProtection\x26quot;,[[[\x26quot;5,5,5,5\x26quot;,null,null,2]]]]]\x22\x3e\x3c/meta\x3e\x3cmeta data-asoch-meta\x3d\x22[[[\x26quot;ad0\x26quot;,[null,\x26quot;https://googleads.g.doubleclick.net/aclk?sa\x3dl\x26amp;ai\x3dCh5IixP6zYq6pELrLz7sPjPWJ4Avt3JeVX7zQ48u0D9nZHhABIKa74mdg5bLkg6AOoAGnpLn_A8gBAakCS8heKR6PtD7gAgCoAwHIAwqqBI4CT9A6ayLkaB4-lWj4XnNhtNiNUFJjZyOrSyKp6f_CGLPXfjMwalatin_rgx_90uukBt5igyFvmCitWapj7t7fuUUuzz189ScYDHceDMB-QKUwrAs0U9RzcB3SpfoHC5Y07PPwy7aW2wg5ILtG35iw-7HFK9e-_HI7yGlokvx-4cC-ilwPNsXeBLxPZdtPCJc3iGhW58vFyVM0SgPMzfzUHilpKEakxsnv6vQWU-FxDNZW7hqU9ZVvpOFRWkiG5arSAUYXotj8GaeY7rbYvMSoOhfj3pRtBhSEpkpS-xyzCszknta3KL4EiUudBSZ70ZPJ2_p3YSduizyqx23Vp2E8h8dcNSxa2JAeuy9nqzsOwATcp7SjCOAEAaAGZoAHwdtGqAeOzhuoB5PYG6gH7paxAqgH_p6xAqgHpKOxAqgH1ckbqAemvhuoB_PRG6gHltgbqAeqm7ECqAffn7EC2AcB0ggHCIhhEAEYHbEJsmIWRygCslmACgOYCwHICwG4DAHYEwzQFQH4FgGAFwE\x26amp;ae\x3d1\x26amp;num\x3d1\x26amp;sig\x3dAOD64_1yrDOXMxz8K4MJmdpBvJxx0sn7sA\x26amp;client\x3dca-pub-3084527350962906\x26amp;adurl\x3dhttps://www.malvernpanalytical.com/en/products/product-range/zetasizer-range/zetasizer-advance-range%3Fcampaignid%3D31870140%26adgroupid%3D2221741020%26creative%3D563059841258%26keyword%3D%26matchtype%3D%26network%3Dd%26device%3Dc%26gclid%3DEAIaIQobChMIrpu5kfDC-AIVuuVzAR2MegK8EAEYASAAEgKkfvD_BwE\x26quot;,null,null,null,[],[],null,\x26quot;https://googleads.g.doubleclick.net/pagead/interaction/?ai\x3dCh5IixP6zYq6pELrLz7sPjPWJ4Avt3JeVX7zQ48u0D9nZHhABIKa74mdg5bLkg6AOoAGnpLn_A8gBAakCS8heKR6PtD7gAgCoAwHIAwqqBI4CT9A6ayLkaB4-lWj4XnNhtNiNUFJjZyOrSyKp6f_CGLPXfjMwalatin_rgx_90uukBt5igyFvmCitWapj7t7fuUUuzz189ScYDHceDMB-QKUwrAs0U9RzcB3SpfoHC5Y07PPwy7aW2wg5ILtG35iw-7HFK9e-_HI7yGlokvx-4cC-ilwPNsXeBLxPZdtPCJc3iGhW58vFyVM0SgPMzfzUHilpKEakxsnv6vQWU-FxDNZW7hqU9ZVvpOFRWkiG5arSAUYXotj8GaeY7rbYvMSoOhfj3pRtBhSEpkpS-xyzCszknta3KL4EiUudBSZ70ZPJ2_p3YSduizyqx23Vp2E8h8dcNSxa2JAeuy9nqzsOwATcp7SjCOAEAaAGZoAHwdtGqAeOzhuoB5PYG6gH7paxAqgH_p6xAqgHpKOxAqgH1ckbqAemvhuoB_PRG6gHltgbqAeqm7ECqAffn7EC2AcB0ggHCIhhEAEYHbEJsmIWRygCslmACgOYCwHICwG4DAHYEwzQFQH4FgGAFwE\x26amp;sigh\x3d18JiLl3rqrQ\x26amp;cid\x3dCAQSPgCNIrLMNF0MgK0ZowEaDT36PtOyJzu05g0riPJDHaqbxlHqUwc_ZX-oRXCu4KvmN8yXadjbk5bGVvmeJz98\x26quot;,null,\x26quot;_top\x26quot;,null,null,null,null,null,\x26quot;EAIaIQobChMIrpu5kfDC-AIVuuVzAR2MegK8EAEYASAAEgKkfvD_BwE\x26quot;]],[\x26quot;backgroundClk\x26quot;,[null,null,null,null,2,[],[]]],[\x26quot;bodyClk\x26quot;,[null,null,null,null,7,[],[]]],[\x26quot;btnClk\x26quot;,[null,null,null,null,8,[],[]]],[\x26quot;imageClk\x26quot;,[null,null,null,null,9,[],[]]],[\x26quot;logoClk\x26quot;,[null,null,null,null,19,[],[]]],[\x26quot;promoExtClk\x26quot;,[null,null,null,null,13,[],[]]],[\x26quot;titleClk\x26quot;,[null,null,null,null,0,[],[]]],[\x26quot;urlClk\x26quot;,[null,null,null,null,1,[],[]]]],1,1,null,null,null,null,null,null,null,null,null,null,null,null,null,[]]\x22\x3e\x3c/meta\x3e\x3cdiv class\x3d\x22ns-jqu3j-l-large-banner-eta-vanilla ns-jqu3j-v-11\x22 x-ns-jqu3j-l\x3d\x22large-banner-eta-vanilla\x22 x-ns-jqu3j-v\x3d\x2211\x22 x-ns-jqu3j-vc\x3d\x2221\x22 x-ns-jqu3j-vp\x3d\x2245\x22\x3e\x3cdiv class\x3d\x22ns-jqu3j-e-0 x-layout GoogleActiveViewElement\x22 data-google-av-adk\x3d\x223772837431\x22 data-google-av-aid\x3d\x220\x22 data-google-av-btr\x3d\x22\x22 data-google-av-cpmav\x3d\x22\x22 data-google-av-cxn\x3d\x22https://pagead2.googlesyndication.com/pcs/activeview?xai\x3dAKAOjsvPDdd0emUc0fCRa6QOkY-TNveNt0X0V8EAB25suOKYfVH0S1BFYV__jhdmMv2U6HTNn_Px-Hs-VkyvW5cb6iwg-6gnIdhHklofD_1Bw1z7zVGg1SduCHWtwF10\x26amp;sai\x3dAMfl-YQ-S4IzMjaYwFmSRh9BLscosVq1jeXb20GqovGZqu30Iizt1nJYcleDKS2rzAQmgvRJOUiXzUv34HC8LUYklYr6sh4BU6VYXYpV3rZJ0ymystsuM10Vsg1H4HCEGNc\x26amp;sig\x3dCg0ArKJSzHwTrUsswg0eEAE\x22 data-google-av-dm\x3d\x223\x22 data-google-av-flags\x3d\x22[\x26quot;x%278440\x26#39;9efotm(\x26amp;753374%2bejvf/%27844\x26gt;\x26#39;9wuvb$\x26amp;56533\x26gt;!\x3d|vqc)!273794\x26amp;\x26lt;qqvb/%\x26lt;1735020!\x3dnehu`/!364\x3d5051!9abk{a($160210:3\x26amp;\x26lt;cbotf+*0150034:%2bejvf/%72;17613!\x3defdwa*\x26#39;76463;21$?ebkpb$\x26amp;0366717\x26gt;*\x26gt;bgipf+!3\x3d712363%9aihwc)!7202\x26lt;217\x26#39;9efotm(\x26amp;20061;48\x26amp;\x26gt;`dopb/%\x26lt;1707200!\x3d8(\x26amp;2005575?\x26amp;\x26gt;`dopb/%\x26lt;170642?!\x3d|vqc)!7201;\x3d50\x26#39;9wuvb$\x26amp;03641654*\x26gt;bgipfz\x26quot;]\x22 data-google-av-immediate\x3d\x22true\x22 data-google-av-itpl\x3d\x2222\x22 data-google-av-metadata\x3d\x22la\x3d0\x26amp;xdi\x3d0\x26amp;\x22 data-google-av-naid\x3d\x221\x22 data-google-av-override\x3d\x22-1\x22 data-google-av-rs\x3d\x224\x22 data-google-av-slift\x3d\x22\x22 data-ifc\x3d\x22[[[\x26quot;5,5,5,5\x26quot;,null,null,2]]]\x22 id\x3d\x22large-banner-eta-vanilla\x22 lang\x3d\x22en\x22 x-ns-jqu3j-e\x3d\x220\x22 x-overflow-forbidden\x3d\x22xy\x22\x3e\x3cdiv class\x3d\x22ns-jqu3j-e-1 column-container full-height\x22 x-ns-jqu3j-e\x3d\x221\x22 x-overflow-forbidden\x3d\x22xy\x22 x-score\x3d\x2260\x22\x3e\x3cdiv class\x3d\x22ns-jqu3j-e-2 column-container canvas flex-filler\x22 x-ns-jqu3j-e\x3d\x222\x22 x-overflow-forbidden\x3d\x22xy\x22\x3e\x3cdiv class\x3d\x22ns-jqu3j-e-3 title-line1 vignette-creative-content\x22 title\x3d\x22malvernpanalytical.com\x22 x-ns-jqu3j-e\x3d\x223\x22 x-overflow-forbidden\x3d\x22xy\x22\x3e\x3ca class\x3d\x22ns-jqu3j-e-4\x22 data-asoch-targets\x3d\x22ad0,titleClk\x22 dir\x3d\x22auto\x22 href\x3d\x22https://googleads.g.doubleclick.net/aclk?sa\x3dl\x26amp;ai\x3dCh5IixP6zYq6pELrLz7sPjPWJ4Avt3JeVX7zQ48u0D9nZHhABIKa74mdg5bLkg6AOoAGnpLn_A8gBAakCS8heKR6PtD7gAgCoAwHIAwqqBI4CT9A6ayLkaB4-lWj4XnNhtNiNUFJjZyOrSyKp6f_CGLPXfjMwalatin_rgx_90uukBt5igyFvmCitWapj7t7fuUUuzz189ScYDHceDMB-QKUwrAs0U9RzcB3SpfoHC5Y07PPwy7aW2wg5ILtG35iw-7HFK9e-_HI7yGlokvx-4cC-ilwPNsXeBLxPZdtPCJc3iGhW58vFyVM0SgPMzfzUHilpKEakxsnv6vQWU-FxDNZW7hqU9ZVvpOFRWkiG5arSAUYXotj8GaeY7rbYvMSoOhfj3pRtBhSEpkpS-xyzCszknta3KL4EiUudBSZ70ZPJ2_p3YSduizyqx23Vp2E8h8dcNSxa2JAeuy9nqzsOwATcp7SjCOAEAaAGZoAHwdtGqAeOzhuoB5PYG6gH7paxAqgH_p6xAqgHpKOxAqgH1ckbqAemvhuoB_PRG6gHltgbqAeqm7ECqAffn7EC2AcB0ggHCIhhEAEYHbEJsmIWRygCslmACgOYCwHICwG4DAHYEwzQFQH4FgGAFwE\x26amp;ae\x3d1\x26amp;num\x3d1\x26amp;sig\x3dAOD64_1yrDOXMxz8K4MJmdpBvJxx0sn7sA\x26amp;client\x3dca-pub-3084527350962906\x26amp;nb\x3d0\x26amp;adurl\x3dhttps://www.malvernpanalytical.com/en/products/product-range/zetasizer-range/zetasizer-advance-range%3Fcampaignid%3D31870140%26adgroupid%3D2221741020%26creative%3D563059841258%26keyword%3D%26matchtype%3D%26network%3Dd%26device%3Dc%26gclid%3DEAIaIQobChMIrpu5kfDC-AIVuuVzAR2MegK8EAEYASAAEgKkfvD_BwE\x22 target\x3d\x22_top\x22 x-ns-jqu3j-e\x3d\x224\x22\x3eMalvern Panalytical\x3c/a\x3e\x3c/div\x3e\x3cdiv class\x3d\x22ns-jqu3j-e-5 title-line2\x22 title\x3d\x22malvernpanalytical.com\x22 x-ns-jqu3j-e\x3d\x225\x22 x-overflow-forbidden\x3d\x22xy\x22 x-remove\x3d\x220\x22\x3e\x3ca class\x3d\x22ns-jqu3j-e-6\x22 data-asoch-targets\x3d\x22ad0,titleClk\x22 dir\x3d\x22auto\x22 href\x3d\x22https://googleads.g.doubleclick.net/aclk?sa\x3dl\x26amp;ai\x3dCh5IixP6zYq6pELrLz7sPjPWJ4Avt3JeVX7zQ48u0D9nZHhABIKa74mdg5bLkg6AOoAGnpLn_A8gBAakCS8heKR6PtD7gAgCoAwHIAwqqBI4CT9A6ayLkaB4-lWj4XnNhtNiNUFJjZyOrSyKp6f_CGLPXfjMwalatin_rgx_90uukBt5igyFvmCitWapj7t7fuUUuzz189ScYDHceDMB-QKUwrAs0U9RzcB3SpfoHC5Y07PPwy7aW2wg5ILtG35iw-7HFK9e-_HI7yGlokvx-4cC-ilwPNsXeBLxPZdtPCJc3iGhW58vFyVM0SgPMzfzUHilpKEakxsnv6vQWU-FxDNZW7hqU9ZVvpOFRWkiG5arSAUYXotj8GaeY7rbYvMSoOhfj3pRtBhSEpkpS-xyzCszknta3KL4EiUudBSZ70ZPJ2_p3YSduizyqx23Vp2E8h8dcNSxa2JAeuy9nqzsOwATcp7SjCOAEAaAGZoAHwdtGqAeOzhuoB5PYG6gH7paxAqgH_p6xAqgHpKOxAqgH1ckbqAemvhuoB_PRG6gHltgbqAeqm7ECqAffn7EC2AcB0ggHCIhhEAEYHbEJsmIWRygCslmACgOYCwHICwG4DAHYEwzQFQH4FgGAFwE\x26amp;ae\x3d1\x26amp;num\x3d1\x26amp;sig\x3dAOD64_1yrDOXMxz8K4MJmdpBvJxx0sn7sA\x26amp;client\x3dca-pub-3084527350962906\x26amp;nb\x3d0\x26amp;adurl\x3dhttps://www.malvernpanalytical.com/en/products/product-range/zetasizer-range/zetasizer-advance-range%3Fcampaignid%3D31870140%26adgroupid%3D2221741020%26creative%3D563059841258%26keyword%3D%26matchtype%3D%26network%3Dd%26device%3Dc%26gclid%3DEAIaIQobChMIrpu5kfDC-AIVuuVzAR2MegK8EAEYASAAEgKkfvD_BwE\x22 target\x3d\x22_top\x22 x-ns-jqu3j-e\x3d\x226\x22\x3eZeta Potential Analyzers\x3c/a\x3e\x3c/div\x3e\x3cdiv class\x3d\x22ns-jqu3j-e-7 body\x22 x-ns-jqu3j-e\x3d\x227\x22 x-overflow-forbidden\x3d\x22xy\x22\x3e\x3ca class\x3d\x22ns-jqu3j-e-8\x22 data-asoch-targets\x3d\x22ad0,bodyClk\x22 dir\x3d\x22auto\x22 href\x3d\x22https://googleads.g.doubleclick.net/aclk?sa\x3dl\x26amp;ai\x3dCh5IixP6zYq6pELrLz7sPjPWJ4Avt3JeVX7zQ48u0D9nZHhABIKa74mdg5bLkg6AOoAGnpLn_A8gBAakCS8heKR6PtD7gAgCoAwHIAwqqBI4CT9A6ayLkaB4-lWj4XnNhtNiNUFJjZyOrSyKp6f_CGLPXfjMwalatin_rgx_90uukBt5igyFvmCitWapj7t7fuUUuzz189ScYDHceDMB-QKUwrAs0U9RzcB3SpfoHC5Y07PPwy7aW2wg5ILtG35iw-7HFK9e-_HI7yGlokvx-4cC-ilwPNsXeBLxPZdtPCJc3iGhW58vFyVM0SgPMzfzUHilpKEakxsnv6vQWU-FxDNZW7hqU9ZVvpOFRWkiG5arSAUYXotj8GaeY7rbYvMSoOhfj3pRtBhSEpkpS-xyzCszknta3KL4EiUudBSZ70ZPJ2_p3YSduizyqx23Vp2E8h8dcNSxa2JAeuy9nqzsOwATcp7SjCOAEAaAGZoAHwdtGqAeOzhuoB5PYG6gH7paxAqgH_p6xAqgHpKOxAqgH1ckbqAemvhuoB_PRG6gHltgbqAeqm7ECqAffn7EC2AcB0ggHCIhhEAEYHbEJsmIWRygCslmACgOYCwHICwG4DAHYEwzQFQH4FgGAFwE\x26amp;ae\x3d1\x26amp;num\x3d1\x26amp;sig\x3dAOD64_1yrDOXMxz8K4MJmdpBvJxx0sn7sA\x26amp;client\x3dca-pub-3084527350962906\x26amp;nb\x3d7\x26amp;adurl\x3dhttps://www.malvernpanalytical.com/en/products/product-range/zetasizer-range/zetasizer-advance-range%3Fcampaignid%3D31870140%26adgroupid%3D2221741020%26creative%3D563059841258%26keyword%3D%26matchtype%3D%26network%3Dd%26device%3Dc%26gclid%3DEAIaIQobChMIrpu5kfDC-AIVuuVzAR2MegK8EAEYASAAEgKkfvD_BwE\x22 target\x3d\x22_top\x22 x-ns-jqu3j-e\x3d\x228\x22\x3eView our zetasizer DLS instruments and request a\x3cbr\x3efree quote\x3c/a\x3e\x3c/div\x3e\x3c/div\x3e\x3cdiv class\x3d\x22ns-jqu3j-e-9 column-container\x22 x-ns-jqu3j-e\x3d\x229\x22 x-overflow-forbidden\x3d\x22xy\x22\x3e\x3cdiv class\x3d\x22ns-jqu3j-e-10 button-container flex-filler\x22 x-ns-jqu3j-e\x3d\x2210\x22 x-overflow-forbidden\x3d\x22xy\x22\x3e\x3cdiv class\x3d\x22ns-jqu3j-e-11 row-container flex-filler\x22 x-ns-jqu3j-e\x3d\x2211\x22 x-overflow-forbidden\x3d\x22xy\x22\x3e\x3cdiv class\x3d\x22ns-jqu3j-e-12 url-placeholder\x22 x-ns-jqu3j-e\x3d\x2212\x22 x-overflow-forbidden\x3d\x22xy\x22\x3e\x3cdiv class\x3d\x22ns-jqu3j-e-13 url\x22 title\x3d\x22malvernpanalytical.com\x22 x-ns-jqu3j-e\x3d\x2213\x22 x-overflow-forbidden\x3d\x22xy\x22\x3e\x3ca class\x3d\x22ns-jqu3j-e-14\x22 data-asoch-targets\x3d\x22ad0,urlClk\x22 dir\x3d\x22auto\x22 href\x3d\x22https://googleads.g.doubleclick.net/aclk?sa\x3dl\x26amp;ai\x3dCh5IixP6zYq6pELrLz7sPjPWJ4Avt3JeVX7zQ48u0D9nZHhABIKa74mdg5bLkg6AOoAGnpLn_A8gBAakCS8heKR6PtD7gAgCoAwHIAwqqBI4CT9A6ayLkaB4-lWj4XnNhtNiNUFJjZyOrSyKp6f_CGLPXfjMwalatin_rgx_90uukBt5igyFvmCitWapj7t7fuUUuzz189ScYDHceDMB-QKUwrAs0U9RzcB3SpfoHC5Y07PPwy7aW2wg5ILtG35iw-7HFK9e-_HI7yGlokvx-4cC-ilwPNsXeBLxPZdtPCJc3iGhW58vFyVM0SgPMzfzUHilpKEakxsnv6vQWU-FxDNZW7hqU9ZVvpOFRWkiG5arSAUYXotj8GaeY7rbYvMSoOhfj3pRtBhSEpkpS-xyzCszknta3KL4EiUudBSZ70ZPJ2_p3YSduizyqx23Vp2E8h8dcNSxa2JAeuy9nqzsOwATcp7SjCOAEAaAGZoAHwdtGqAeOzhuoB5PYG6gH7paxAqgH_p6xAqgHpKOxAqgH1ckbqAemvhuoB_PRG6gHltgbqAeqm7ECqAffn7EC2AcB0ggHCIhhEAEYHbEJsmIWRygCslmACgOYCwHICwG4DAHYEwzQFQH4FgGAFwE\x26amp;ae\x3d1\x26amp;num\x3d1\x26amp;sig\x3dAOD64_1yrDOXMxz8K4MJmdpBvJxx0sn7sA\x26amp;client\x3dca-pub-3084527350962906\x26amp;nb\x3d1\x26amp;adurl\x3dhttps://www.malvernpanalytical.com/en/products/product-range/zetasizer-range/zetasizer-advance-range%3Fcampaignid%3D31870140%26adgroupid%3D2221741020%26creative%3D563059841258%26keyword%3D%26matchtype%3D%26network%3Dd%26device%3Dc%26gclid%3DEAIaIQobChMIrpu5kfDC-AIVuuVzAR2MegK8EAEYASAAEgKkfvD_BwE\x22 target\x3d\x22_top\x22 x-ns-jqu3j-e\x3d\x2214\x22\x3emalvernpanalytical.com\x3c/a\x3e\x3c/div\x3e\x3c/div\x3e\x3cdiv class\x3d\x22ns-jqu3j-e-15 url-button-separator\x22 x-ns-jqu3j-e\x3d\x2215\x22 x-overflow-forbidden\x3d\x22xy\x22\x3e\x3c/div\x3e\x3cdiv class\x3d\x22ns-jqu3j-e-16 button-common close-button\x22 id\x3d\x22dismiss-button\x22 x-ns-jqu3j-e\x3d\x2216\x22 x-overflow-forbidden\x3d\x22xy\x22\x3e\x3cdiv class\x3d\x22ns-jqu3j-e-17\x22 x-ns-jqu3j-e\x3d\x2217\x22 x-overflow-forbidden\x3d\x22xy\x22\x3e\x3cspan class\x3d\x22ns-jqu3j-e-18\x22 dir\x3d\x22auto\x22 x-ns-jqu3j-e\x3d\x2218\x22 x-score\x3d\x221\x22\x3eClose\x3c/span\x3e\x3c/div\x3e\x3c/div\x3e\x3cdiv class\x3d\x22ns-jqu3j-e-19 button-separator\x22 x-ns-jqu3j-e\x3d\x2219\x22 x-overflow-forbidden\x3d\x22xy\x22\x3e\x3c/div\x3e\x3ca class\x3d\x22ns-jqu3j-e-20 button-common open-button\x22 data-asoch-targets\x3d\x22ad0,btnClk\x22 href\x3d\x22https://googleads.g.doubleclick.net/aclk?sa\x3dl\x26amp;ai\x3dCh5IixP6zYq6pELrLz7sPjPWJ4Avt3JeVX7zQ48u0D9nZHhABIKa74mdg5bLkg6AOoAGnpLn_A8gBAakCS8heKR6PtD7gAgCoAwHIAwqqBI4CT9A6ayLkaB4-lWj4XnNhtNiNUFJjZyOrSyKp6f_CGLPXfjMwalatin_rgx_90uukBt5igyFvmCitWapj7t7fuUUuzz189ScYDHceDMB-QKUwrAs0U9RzcB3SpfoHC5Y07PPwy7aW2wg5ILtG35iw-7HFK9e-_HI7yGlokvx-4cC-ilwPNsXeBLxPZdtPCJc3iGhW58vFyVM0SgPMzfzUHilpKEakxsnv6vQWU-FxDNZW7hqU9ZVvpOFRWkiG5arSAUYXotj8GaeY7rbYvMSoOhfj3pRtBhSEpkpS-xyzCszknta3KL4EiUudBSZ70ZPJ2_p3YSduizyqx23Vp2E8h8dcNSxa2JAeuy9nqzsOwATcp7SjCOAEAaAGZoAHwdtGqAeOzhuoB5PYG6gH7paxAqgH_p6xAqgHpKOxAqgH1ckbqAemvhuoB_PRG6gHltgbqAeqm7ECqAffn7EC2AcB0ggHCIhhEAEYHbEJsmIWRygCslmACgOYCwHICwG4DAHYEwzQFQH4FgGAFwE\x26amp;ae\x3d1\x26amp;num\x3d1\x26amp;sig\x3dAOD64_1yrDOXMxz8K4MJmdpBvJxx0sn7sA\x26amp;client\x3dca-pub-3084527350962906\x26amp;nb\x3d8\x26amp;adurl\x3dhttps://www.malvernpanalytical.com/en/products/product-range/zetasizer-range/zetasizer-advance-range%3Fcampaignid%3D31870140%26adgroupid%3D2221741020%26creative%3D563059841258%26keyword%3D%26matchtype%3D%26network%3Dd%26device%3Dc%26gclid%3DEAIaIQobChMIrpu5kfDC-AIVuuVzAR2MegK8EAEYASAAEgKkfvD_BwE\x22 target\x3d\x22_top\x22 title\x3d\x22malvernpanalytical.com\x22 x-ns-jqu3j-e\x3d\x2220\x22 x-overflow-forbidden\x3d\x22xy\x22\x3e\x3cdiv class\x3d\x22ns-jqu3j-e-21\x22 x-ns-jqu3j-e\x3d\x2221\x22 x-overflow-forbidden\x3d\x22xy\x22\x3e\x3cspan class\x3d\x22ns-jqu3j-e-22\x22 dir\x3d\x22auto\x22 x-ns-jqu3j-e\x3d\x2222\x22 x-score\x3d\x221\x22\x3eOpen\x3c/span\x3e\x3c/div\x3e\x3c/a\x3e\x3c/div\x3e\x3c/div\x3e\x3c/div\x3e\x3c/div\x3e\x3c/div\x3e\x3c/div\x3e\x3c/div\x3e\x3c/div\x3e\x3cscript data-jc\x3d\x2226\x22 src\x3d\x22https://tpc.googlesyndication.com/pagead/js/r20220616/r20110914/client/load_preloaded_resource_fy2021.js\x22 async data-jc-version\x3d\x22r20220616\x22\x3e\x3c/script\x3e\x3cscript\x3evu(\x22https://securepubads.g.doubleclick.net/pagead/adview?ai\\x3dCTMm3xP6zYq6pELrLz7sPjPWJ4Avt3JeVX7zQ48u0D9nZHhABIKa74mdg5bLkg6AOoAGnpLn_A8gBAakCS8heKR6PtD7gAgCoAwHIAwqqBIsCT9A6ayLkaB4-lWj4XnNhtNiNUFJjZyOrSyKp6f_CGLPXfjMwalatin_rgx_90uukBt5igyFvmCitWapj7t7fuUUuzz189ScYDHceDMB-QKUwrAs0U9RzcB3SpfoHC5Y07PPwy7aW2wg5ILtG35iw-7HFK9e-_HI7yGlokvx-4cC-ilwPNsXeBLxPZdtPCJc3iGhW58vFyVM0SgPMzfzUHilpKEakxsnv6vQWU-FxDNZW7hqU9ZVvpOFRWkiG5arSAUYXotj8GaeY7rbYvMSoOhfj3pRtBhSEpkpS-xyzCszknta3KPwGqNl20_kePEzIBWxauJlKlTYuzkPNTpD74iqhuTx2wB3eNQK-wATcp7SjCOAEAZIFBAgEGAGSBQQIBRgEoAZmgAfB20aoB47OG6gHk9gbqAfulrECqAf-nrECqAeko7ECqAfVyRuoB6a-G9gHAfIHBBCphAbSCAcIiGEQARgdgAoDyAsB2BMM0BUBgBcBshceChwIABIUcHViLTMwODQ1MjczNTA5NjI5MDYY-5gV\\x26sigh\\x3dsGWSM7w5Q_s\\x26uach_m\\x3d[UACH]\x22)\x3c/script\x3e\x3cstyle\x3ediv{margin:0;padding:0;}.abgc{display:block;height:15px;position:absolute;left:1px;bottom:1px;text-rendering:geometricPrecision;z-index:2147483646;}.abgb{display:inline-block;height:15px;}.abgc,.jar .abgc,.jar .cbb{opacity:1;}.abgs{display:none;height:100%;}.abgl{text-decoration:none;}.abgs svg,.abgb svg{display:inline-block;height:15px;width:auto;vertical-align:top;}.abgc .il-wrap{background-color:#ffffff;height:15px;white-space:nowrap;}.abgc .il-wrap.exp{border-top-right-radius:5px;}.abgc .il-text,.abgc .il-icon{display:inline-block;}.abgc .il-text{padding-left:1px;padding-right:5px;height:15px;width:74px;}.abgc .il-icon{height:15px;width:15px;}.abgc .il-text svg{fill:#000000;}.abgc .il-icon svg{fill:#00aecd}\x3c/style\x3e\x3cdiv id\x3d\x22abgc\x22 class\x3d\x22abgc\x22 dir\x3d\x22ltr\x22\x3e\x3cdiv id\x3d\x22abgb\x22 class\x3d\x22abgb\x22\x3e\x3cdiv class\x3d\x22il-wrap\x22\x3e\x3cdiv class\x3d\x22il-icon\x22\x3e\x3csvg xmlns\x3d\x22http://www.w3.org/2000/svg\x22 xmlns:xlink\x3d\x22http://www.w3.org/1999/xlink\x22 viewBox\x3d\x220 0 15 15\x22\x3e\x3cpath d\x3d\x22M7.5,1.5a6,6,0,1,0,0,12a6,6,0,1,0,0,-12m0,1a5,5,0,1,1,0,10a5,5,0,1,1,0,-10ZM6.625,11l1.75,0l0,-4.5l-1.75,0ZM7.5,3.75a1,1,0,1,0,0,2a1,1,0,1,0,0,-2Z\x22\x3e\x3c/path\x3e\x3c/svg\x3e\x3c/div\x3e\x3c/div\x3e\x3c/div\x3e\x3cdiv id\x3d\x22abgs\x22 class\x3d\x22abgs\x22\x3e\x3ca id\x3d\x22abgl\x22 class\x3d\x22abgl\x22 href\x3d\x22https://adssettings.google.com/whythisad?source\x3ddisplay\x26amp;reasons\x3dAa2KcEZaQIPZDKZkz5Y07BfcUEaoAI399YJSkVcMZlQJVzN5mQxEj20nxGE1G5LPV2mGJ0Lrxa0hZl4_C0ZZfeQx5BbK8Lam0eLIDXYDBFfMj1J-BlxXrJuRC0xDnlmIDGlX5bUel4nKQg6vl1Q6vJBa_OBIDDuOI-AbWRldBEbpmNdQZMWQIxR29Vt9vClVwXjqwHhtMrukwa2xceglgnjSBZ3cXNS75eMfhZM1CK6nkmaFTfahDkVR_x3-Y3bZ7wKjbT3Hv5AGP1kvAf3IgEgqHPau8XUpCzIkdbp3ZSNdMKNJX9p7yv5X0Nd_fipG_b7EE7mlUDH5DhGE_Eb4ob-9kvYEBXilK8m696VhH-4ujulmlKKsegr5_RWU29VAGxvNUyE6KkVZlYmqNTFErTFgQm2PJl4TYqoZ1LPzCNhsjBhSczmq6bzgJcTAHOW5nlyT6OvD24iWW5JOhXeA2048Llef_ii2R3ucZrvETb3Y4wcz1sdYkwVGZcRKDffHYBy7wFQUaQ8vd22v1VZrxsgdosT2FOyl2jtv0ntwMX8I_55m6JlF4z4lv1nI0YaMGVntH3L0yQ9YQPUnPOlNlU60VHMwW6t4hXfl7CX20F3UJ0gab3oJn2De0L1oEqSoNfTgLRbGSP4x5kA6gyYReERJj6mUDNcGYRGMCzO8V8K3TE61MZHXlq-DP7EUVeKnX8KGHfYlw1mmHdC1ltzA-d-ki1htxtiVowTgV06YOKF817O-4dQbHbgWTvPTPJUk-z_XMqnONFvkdKvvlZuCO94Ft1SavnDTOxBW_VZKZloUG6c4tKD2b00CAqXgt0O_QMOBwUADkijOL971YpD8EyKMe3bNIsJuem-EfaUE2QhF5PBLY9YsmJ3NKRi5H8Be_mlxXYl194TSNjIN_6F9THxMf8nbdifFGwbAej7j9v9NsCJbBDgkmVqtQ7hBe7bHXpgN-EG75grVUpNieJky62w_O0C11L9W7MBweP-IFSot96DNLUbplhF0Zc75dZK49bJRXEJABoaaafFdAisvAaDskQcax8TTQNYD-5D3jP4yzNLl28jPw791nI0W9FXmijivHNuA762fXq1EVWiWALI_lFyq-DpkXo1TiT4I1C9xjtC42R7g59GaUuWaVUIfOTrY9UX601Sh0IPndS_0EYoUxExzhj6U4uqf9AkIL7BHdhKsrr_APfL7-hYv0eNsoWaoo2R9x2R8n028fQjj1FsNZJ7mZUESW_OjnLWDmi_iJ0gVEALiMe4GWg_gEQODkNEjeBeGIqr76fXtUHXL1D1DalSyc4bCtMxuSDfOV1k0TZ0tkTAc3brTpk4cBqt705vpMAvL87xPMyimq3diZd8tCpsOEV4_a3JjxUD4WjV3vs2CFIDDbVYZiRHY7rIXtuH_kAn-aOpr7VoQ5B0Smam_lQnLq1BA3Wv3VdvmelA1sSEesNAlPeLBUOQazoIiDS0_bR_5e9NlsWvOb9Mf4nxxzHLBKr0gaNPIrDlK6ekwymzI6cHYOLYxubM56HRWUiDxEQ9eOf6DM3Pylmi-NsZKVmPNsU9phEdQ2NB3588ZAzMxXQRnSg1obxKfxnoDTCLlW0irwTQigPm5cOJw5Qfp9hQE9KfLGR0lWrQYOX8SaD0C_oM-Ns_4LXm9jMm8ddaED6e2ZjNKuaV3Cmxq-EodU30hvUbosn18cBN-EHQ2pPOl2ZkUeVpXRn0gf5hAvd1NQEeZFpTu7gwEFTg\x22 target\x3d\x22_blank\x22\x3e\x3cdiv class\x3d\x22il-wrap exp\x22\x3e\x3cdiv class\x3d\x22il-icon\x22\x3e\x3csvg xmlns\x3d\x22http://www.w3.org/2000/svg\x22 xmlns:xlink\x3d\x22http://www.w3.org/1999/xlink\x22 viewBox\x3d\x220 0 15 15\x22\x3e\x3cpath d\x3d\x22M7.5,1.5a6,6,0,1,0,0,12a6,6,0,1,0,0,-12m0,1a5,5,0,1,1,0,10a5,5,0,1,1,0,-10ZM6.625,11l1.75,0l0,-4.5l-1.75,0ZM7.5,3.75a1,1,0,1,0,0,2a1,1,0,1,0,0,-2Z\x22\x3e\x3c/path\x3e\x3c/svg\x3e\x3c/div\x3e\x3cdiv class\x3d\x22il-text\x22\x3e\x3csvg xmlns\x3d\x22http://www.w3.org/2000/svg\x22 xmlns:xlink\x3d\x22http://www.w3.org/1999/xlink\x22 viewBox\x3d\x220 0 79 16\x22\x3e\x3cpath d\x3d\x22M4.51 4.24L8.02 12.83L6.73 12.83L5.72 10.21L2.14 10.21L1.19 12.83L-0.01 12.83L3.29 4.24L4.51 4.24ZM2.46 9.31L5.38 9.31L5.38 9.31Q4.32 6.52 4.19 6.14L4.19 6.14L4.19 6.14Q4.05 5.77 3.89 5.13L3.89 5.13L3.86 5.13L3.86 5.13Q3.70 6 3.42 6.74L3.42 6.74L2.46 9.31ZM13.83 4.24L13.83 12.83L12.85 12.83L12.85 12.04L12.83 12.04L12.83 12.04Q12.26 12.97 11.11 12.97L11.11 12.97L11.11 12.97Q9.97 12.97 9.20 12.07L9.20 12.07L9.20 12.07Q8.44 11.16 8.44 9.72L8.44 9.72L8.44 9.72Q8.44 8.21 9.16 7.34L9.16 7.34L9.16 7.34Q9.88 6.47 11.06 6.47L11.06 6.47L11.06 6.47Q12.18 6.47 12.76 7.32L12.76 7.32L12.78 7.32L12.78 4.24L13.83 4.24ZM11.22 12.11L11.22 12.11L11.22 12.11Q11.91 12.11 12.39 11.54L12.39 11.54L12.39 11.54Q12.87 10.97 12.87 9.81L12.87 9.81L12.87 9.81Q12.87 8.68 12.43 8.00L12.43 8.00L12.43 8.00Q11.99 7.33 11.17 7.33L11.17 7.33L11.17 7.33Q10.35 7.33 9.93 7.99L9.93 7.99L9.93 7.99Q9.52 8.65 9.52 9.72L9.52 9.72L9.52 9.72Q9.52 10.49 9.74 11.03L9.74 11.03L9.74 11.03Q9.97 11.57 10.37 11.84L10.37 11.84L10.37 11.84Q10.78 12.11 11.22 12.11ZM19.98 8.21L18.95 8.35L18.95 8.35Q18.88 7.84 18.54 7.58L18.54 7.58L18.54 7.58Q18.19 7.33 17.58 7.33L17.58 7.33L17.58 7.33Q16.98 7.33 16.61 7.54L16.61 7.54L16.61 7.54Q16.24 7.74 16.24 8.13L16.24 8.13L16.24 8.13Q16.24 8.50 16.53 8.66L16.53 8.66L16.53 8.66Q16.83 8.82 17.70 9.05L17.70 9.05L17.70 9.05Q18.69 9.30 19.17 9.49L19.17 9.49L19.17 9.49Q19.66 9.69 19.94 10.03L19.94 10.03L19.94 10.03Q20.21 10.38 20.21 11.00L20.21 11.00L20.21 11.00Q20.21 11.84 19.53 12.40L19.53 12.40L19.53 12.40Q18.85 12.97 17.71 12.97L17.71 12.97L17.71 12.97Q16.53 12.97 15.86 12.47L15.86 12.47L15.86 12.47Q15.20 11.97 15.05 10.97L15.05 10.97L16.10 10.81L16.10 10.81Q16.18 11.46 16.58 11.78L16.58 11.78L16.58 11.78Q16.98 12.11 17.70 12.11L17.70 12.11L17.70 12.11Q18.39 12.11 18.76 11.82L18.76 11.82L18.76 11.82Q19.13 11.53 19.13 11.11L19.13 11.11L19.13 11.11Q19.13 10.83 18.96 10.66L18.96 10.66L18.96 10.66Q18.79 10.49 18.54 10.40L18.54 10.40L18.54 10.40Q18.28 10.32 17.39 10.10L17.39 10.10L17.39 10.10Q16.07 9.79 15.64 9.33L15.64 9.33L15.64 9.33Q15.22 8.88 15.22 8.26L15.22 8.26L15.22 8.26Q15.22 7.48 15.84 6.97L15.84 6.97L15.84 6.97Q16.46 6.47 17.51 6.47L17.51 6.47L17.51 6.47Q18.62 6.47 19.24 6.91L19.24 6.91L19.24 6.91Q19.86 7.34 19.98 8.21L19.98 8.21ZM25.87 7.31L25.90 7.31L25.90 7.31Q26.48 6.47 27.57 6.47L27.57 6.47L27.57 6.47Q28.78 6.47 29.50 7.34L29.50 7.34L29.50 7.34Q30.22 8.21 30.22 9.62L30.22 9.62L30.22 9.62Q30.22 11.24 29.41 12.11L29.41 12.11L29.41 12.11Q28.61 12.97 27.53 12.97L27.53 12.97L27.53 12.97Q26.43 12.97 25.82 12.05L25.82 12.05L25.80 12.05L25.80 12.83L24.81 12.83L24.81 4.24L25.87 4.24L25.87 7.31ZM27.45 12.11L27.45 12.11L27.45 12.11Q28.18 12.11 28.66 11.48L28.66 11.48L28.66 11.48Q29.13 10.85 29.13 9.71L29.13 9.71L29.13 9.71Q29.13 8.61 28.69 7.97L28.69 7.97L28.69 7.97Q28.25 7.33 27.48 7.33L27.48 7.33L27.48 7.33Q26.72 7.33 26.25 7.99L26.25 7.99L26.25 7.99Q25.79 8.65 25.79 9.67L25.79 9.67L25.79 9.67Q25.79 10.66 25.98 11.08L25.98 11.08L25.98 11.08Q26.17 11.50 26.56 11.80L26.56 11.80L26.56 11.80Q26.95 12.11 27.45 12.11ZM35.52 6.61L36.59 6.61L34.21 12.93L34.21 12.93Q34.21 12.94 34.20 12.97L34.20 12.97L34.20 12.97Q33.86 14.03 33.41 14.69L33.41 14.69L33.41 14.69Q32.95 15.35 32.12 15.35L32.12 15.35L32.12 15.35Q31.83 15.35 31.43 15.23L31.43 15.23L31.32 14.23L31.32 14.23Q31.63 14.33 31.92 14.33L31.92 14.33L31.92 14.33Q32.51 14.33 32.73 14.00L32.73 14.00L32.73 14.00Q32.96 13.68 33.24 12.84L33.24 12.84L30.88 6.61L32.02 6.61L33.48 10.68L33.48 10.68Q33.61 11.06 33.76 11.65L33.76 11.65L33.78 11.65L33.78 11.65Q33.93 10.97 34.15 10.35L34.15 10.35L35.52 6.61ZM48.59 8.44L48.59 11.63L48.59 11.63Q46.96 12.97 45.04 12.97L45.04 12.97L45.04 12.97Q43.06 12.97 41.85 11.77L41.85 11.77L41.85 11.77Q40.64 10.56 40.64 8.57L40.64 8.57L40.64 8.57Q40.64 7.35 41.14 6.30L41.14 6.30L41.14 6.30Q41.63 5.24 42.59 4.67L42.59 4.67L42.59 4.67Q43.56 4.09 44.95 4.09L44.95 4.09L44.95 4.09Q46.40 4.09 47.28 4.73L47.28 4.73L47.28 4.73Q48.15 5.36 48.46 6.63L48.46 6.63L47.44 6.92L47.44 6.92Q47.20 5.99 46.58 5.53L46.58 5.53L46.58 5.53Q45.96 5.06 44.95 5.06L44.95 5.06L44.95 5.06Q43.40 5.06 42.61 6.01L42.61 6.01L42.61 6.01Q41.82 6.96 41.82 8.50L41.82 8.50L41.82 8.50Q41.82 9.64 42.20 10.41L42.20 10.41L42.20 10.41Q42.59 11.17 43.34 11.56L43.34 11.56L43.34 11.56Q44.09 11.95 44.98 11.95L44.98 11.95L44.98 11.95Q46.32 11.95 47.48 11.06L47.48 11.06L47.48 9.47L44.95 9.47L44.95 8.44L48.59 8.44ZM52.69 6.47L52.69 6.47L52.69 6.47Q53.95 6.47 54.78 7.29L54.78 7.29L54.78 7.29Q55.61 8.11 55.61 9.62L55.61 9.62L55.61 9.62Q55.61 11.46 54.71 12.21L54.71 12.21L54.71 12.21Q53.81 12.97 52.69 12.97L52.69 12.97L52.69 12.97Q51.51 12.97 50.64 12.19L50.64 12.19L50.64 12.19Q49.78 11.41 49.78 9.72L49.78 9.72L49.78 9.72Q49.78 8.08 50.61 7.27L50.61 7.27L50.61 7.27Q51.45 6.47 52.69 6.47ZM52.69 12.11L52.69 12.11L52.69 12.11Q53.59 12.11 54.06 11.44L54.06 11.44L54.06 11.44Q54.53 10.77 54.53 9.68L54.53 9.68L54.53 9.68Q54.53 8.51 54.00 7.92L54.00 7.92L54.00 7.92Q53.47 7.33 52.69 7.33L52.69 7.33L52.69 7.33Q51.88 7.33 51.37 7.93L51.37 7.93L51.37 7.93Q50.85 8.53 50.85 9.72L50.85 9.72L50.85 9.72Q50.85 10.90 51.38 11.50L51.38 11.50L51.38 11.50Q51.90 12.11 52.69 12.11ZM59.36 6.47L59.36 6.47L59.36 6.47Q60.62 6.47 61.45 7.29L61.45 7.29L61.45 7.29Q62.28 8.11 62.28 9.62L62.28 9.62L62.28 9.62Q62.28 11.46 61.38 12.21L61.38 12.21L61.38 12.21Q60.49 12.97 59.36 12.97L59.36 12.97L59.36 12.97Q58.18 12.97 57.32 12.19L57.32 12.19L57.32 12.19Q56.45 11.41 56.45 9.72L56.45 9.72L56.45 9.72Q56.45 8.08 57.29 7.27L57.29 7.27L57.29 7.27Q58.13 6.47 59.36 6.47ZM59.36 12.11L59.36 12.11L59.36 12.11Q60.26 12.11 60.73 11.44L60.73 11.44L60.73 11.44Q61.20 10.77 61.20 9.68L61.20 9.68L61.20 9.68Q61.20 8.51 60.67 7.92L60.67 7.92L60.67 7.92Q60.14 7.33 59.36 7.33L59.36 7.33L59.36 7.33Q58.56 7.33 58.04 7.93L58.04 7.93L58.04 7.93Q57.53 8.53 57.53 9.72L57.53 9.72L57.53 9.72Q57.53 10.90 58.05 11.50L58.05 11.50L58.05 11.50Q58.58 12.11 59.36 12.11ZM68.60 6.61L68.60 11.99L68.60 11.99Q68.60 13.31 68.33 13.97L68.33 13.97L68.33 13.97Q68.07 14.62 67.39 14.98L67.39 14.98L67.39 14.98Q66.72 15.35 65.78 15.35L65.78 15.35L65.78 15.35Q64.73 15.35 64.03 14.88L64.03 14.88L64.03 14.88Q63.32 14.41 63.32 13.34L63.32 13.34L64.35 13.50L64.35 13.50Q64.41 13.99 64.76 14.24L64.76 14.24L64.76 14.24Q65.12 14.48 65.77 14.48L65.77 14.48L65.77 14.48Q66.59 14.48 66.97 14.15L66.97 14.15L66.97 14.15Q67.35 13.82 67.44 13.34L67.44 13.34L67.44 13.34Q67.52 12.86 67.52 12.01L67.52 12.01L67.52 12.01Q66.84 12.83 65.79 12.83L65.79 12.83L65.79 12.83Q64.58 12.83 63.85 11.93L63.85 11.93L63.85 11.93Q63.11 11.03 63.11 9.67L63.11 9.67L63.11 9.67Q63.11 8.30 63.83 7.38L63.83 7.38L63.83 7.38Q64.54 6.47 65.81 6.47L65.81 6.47L65.81 6.47Q66.91 6.47 67.60 7.35L67.60 7.35L67.62 7.35L67.62 6.61L68.60 6.61ZM65.89 11.96L65.89 11.96L65.89 11.96Q66.57 11.96 67.09 11.43L67.09 11.43L67.09 11.43Q67.61 10.89 67.61 9.63L67.61 9.63L67.61 9.63Q67.61 8.52 67.11 7.92L67.11 7.92L67.11 7.92Q66.62 7.33 65.88 7.33L65.88 7.33L65.88 7.33Q65.13 7.33 64.66 7.94L64.66 7.94L64.66 7.94Q64.19 8.55 64.19 9.61L64.19 9.61L64.19 9.61Q64.19 10.83 64.68 11.40L64.68 11.40L64.68 11.40Q65.18 11.96 65.89 11.96ZM71.23 4.24L71.23 12.83L70.18 12.83L70.18 4.24L71.23 4.24ZM78.25 9.98L78.25 9.98L73.59 9.98L73.59 9.98Q73.65 11.02 74.18 11.56L74.18 11.56L74.18 11.56Q74.70 12.11 75.49 12.11L75.49 12.11L75.49 12.11Q76.09 12.11 76.50 11.79L76.50 11.79L76.50 11.79Q76.91 11.47 77.13 10.82L77.13 10.82L78.21 10.96L78.21 10.96Q77.95 11.93 77.24 12.45L77.24 12.45L77.24 12.45Q76.54 12.97 75.49 12.97L75.49 12.97L75.49 12.97Q74.09 12.97 73.30 12.11L73.30 12.11L73.30 12.11Q72.51 11.26 72.51 9.77L72.51 9.77L72.51 9.77Q72.51 8.30 73.27 7.38L73.27 7.38L73.27 7.38Q74.04 6.47 75.43 6.47L75.43 6.47L75.43 6.47Q76.11 6.47 76.74 6.77L76.74 6.77L76.74 6.77Q77.37 7.07 77.81 7.78L77.81 7.78L77.81 7.78Q78.25 8.50 78.25 9.98ZM73.65 9.12L77.16 9.12L77.16 9.12Q77.10 8.17 76.57 7.75L76.57 7.75L76.57 7.75Q76.05 7.33 75.43 7.33L75.43 7.33L75.43 7.33Q74.68 7.33 74.20 7.83L74.20 7.83L74.20 7.83Q73.72 8.33 73.65 9.12L73.65 9.12Z\x22/\x3e\x3c/svg\x3e\x3c/div\x3e\x3c/div\x3e\x3c/a\x3e\x3c/div\x3e\x3c/div\x3e\x3cscript data-jc\x3d\x2260\x22 src\x3d\x22https://tpc.googlesyndication.com/pagead/js/r20220616/r20110914/abg_lite_fy2021.js\x22 data-jc-version\x3d\x22r20220616\x22\x3e\x3c/script\x3e\x3cscript\x3ebuildAttribution([[null,\x22https://googleads.g.doubleclick.net/pagead/images/mtad/x_blue.png\x22,null,\x22https://googleads.g.doubleclick.net/pagead/images/mtad/x_blue.png\x22,\x22https://googleads.g.doubleclick.net/pagead/interaction/?ai\x3dCh5IixP6zYq6pELrLz7sPjPWJ4Avt3JeVX7zQ48u0D9nZHhABIKa74mdg5bLkg6AOoAGnpLn_A8gBAakCS8heKR6PtD7gAgCoAwHIAwqqBI4CT9A6ayLkaB4-lWj4XnNhtNiNUFJjZyOrSyKp6f_CGLPXfjMwalatin_rgx_90uukBt5igyFvmCitWapj7t7fuUUuzz189ScYDHceDMB-QKUwrAs0U9RzcB3SpfoHC5Y07PPwy7aW2wg5ILtG35iw-7HFK9e-_HI7yGlokvx-4cC-ilwPNsXeBLxPZdtPCJc3iGhW58vFyVM0SgPMzfzUHilpKEakxsnv6vQWU-FxDNZW7hqU9ZVvpOFRWkiG5arSAUYXotj8GaeY7rbYvMSoOhfj3pRtBhSEpkpS-xyzCszknta3KL4EiUudBSZ70ZPJ2_p3YSduizyqx23Vp2E8h8dcNSxa2JAeuy9nqzsOwATcp7SjCOAEAaAGZoAHwdtGqAeOzhuoB5PYG6gH7paxAqgH_p6xAqgHpKOxAqgH1ckbqAemvhuoB_PRG6gHltgbqAeqm7ECqAffn7EC2AcB0ggHCIhhEAEYHbEJsmIWRygCslmACgOYCwHICwG4DAHYEwzQFQH4FgGAFwE\\u0026sigh\x3d18JiLl3rqrQ\\u0026cid\x3dCAQSPgCNIrLMNF0MgK0ZowEaDT36PtOyJzu05g0riPJDHaqbxlHqUwc_ZX-oRXCu4KvmN8yXadjbk5bGVvmeJz98\x22,\x22rtUhr0OxwAgIvNDjy7QPELyZmQ8YgdcJIhZtYWx2ZXJucGFuYWx5dGljYWwuY29tMggIBRMYvL8ZFEIXY2EtcHViLTMwODQ1MjczNTA5NjI5MDZIElhmcAE\x22,[\x22user_feedback_menu_interaction\x22,\x22\x22,0],null,null,null,null,\x22What was wrong with this ad?\x22,null,\x22https://googleads.g.doubleclick.net/pagead/images/mtad/back_blue.png\x22,\x22Thanks for the feedback!\x22,\x22We’ll review this ad to improve the experience in the future.\x22,\x22Thanks for the feedback!\x22,\x22We’ll use your feedback to review ads on this site.\x22,null,null,\x22{\\\x22msg_type\\\x22:\\\x22i-dismiss\\\x22,\\\x22key_value\\\x22:[],\\\x22googMsgType\\\x22:\\\x22sth\\\x22}\x22,\x22Closing ad: %1$d\x22,\x22Ads by Google\x22,\x22https://googleads.g.doubleclick.net/pagead/images/mtad/abg_blue.png\x22,\x22https://www.google.com/url?ct\x3dabg\\u0026q\x3dhttps://www.google.com/adsense/support/bin/request.py%3Fcontact%3Dabg_afc%26url%3Dhttps://demo.guru99.com/test/newtours/%26gl%3DIN%26hl%3Den%26client%3Dca-pub-3084527350962906%26ai0%3DCh5IixP6zYq6pELrLz7sPjPWJ4Avt3JeVX7zQ48u0D9nZHhABIKa74mdg5bLkg6AOoAGnpLn_A8gBAakCS8heKR6PtD7gAgCoAwHIAwqqBI4CT9A6ayLkaB4-lWj4XnNhtNiNUFJjZyOrSyKp6f_CGLPXfjMwalatin_rgx_90uukBt5igyFvmCitWapj7t7fuUUuzz189ScYDHceDMB-QKUwrAs0U9RzcB3SpfoHC5Y07PPwy7aW2wg5ILtG35iw-7HFK9e-_HI7yGlokvx-4cC-ilwPNsXeBLxPZdtPCJc3iGhW58vFyVM0SgPMzfzUHilpKEakxsnv6vQWU-FxDNZW7hqU9ZVvpOFRWkiG5arSAUYXotj8GaeY7rbYvMSoOhfj3pRtBhSEpkpS-xyzCszknta3KL4EiUudBSZ70ZPJ2_p3YSduizyqx23Vp2E8h8dcNSxa2JAeuy9nqzsOwATcp7SjCOAEAaAGZoAHwdtGqAeOzhuoB5PYG6gH7paxAqgH_p6xAqgHpKOxAqgH1ckbqAemvhuoB_PRG6gHltgbqAeqm7ECqAffn7EC2AcB0ggHCIhhEAEYHbEJsmIWRygCslmACgOYCwHICwG4DAHYEwzQFQH4FgGAFwE\\u0026usg\x3dAOvVaw3264zCY5a4hSg70rMByoqF\x22,\x22https://googleads.g.doubleclick.net/pagead/images/mtad/x_blue.png\x22,0,[[\x22Send feedback\x22,[\x22user_feedback_menu_option\x22,\x221\x22,1],[\x22What was wrong with this ad?\x22,[[\x22Seen this ad multiple times\x22,[\x22mute_survey_option\x22,\x222\x22,1]],[\x22Ad was inappropriate\x22,[\x22mute_survey_option\x22,\x228\x22,1]],[\x22Ad covered content\x22,[\x22mute_survey_option\x22,\x223\x22,1]],[\x22Not interested in this ad\x22,[\x22mute_survey_option\x22,\x227\x22,1]]]],[\x22user_feedback_undo\x22,\x221\x22,1]]],[\x22https://googleads.g.doubleclick.net/pagead/images/adchoices/iconx2-000000.png\x22,\x22AdChoices\x22,\x22Ad closed by %1$s\x22,null,\x22https://www.gstatic.com/images/branding/googlelogo/2x/googlelogo_dark_color_84x28dp.png\x22,\x22Send feedback\x22,\x22Thanks. Feedback improves Google ads\x22,null,null,null,\x22https://googleads.g.doubleclick.net/pagead/images/abg/iconx2-000000.png\x22,\x22Ads by Google\x22,null,\x22See my Google ad settings\x22,null,\x22https://www.gstatic.com\x22,\x22\x22,\x22Ads by %1$s\x22,\x22Ad settings\x22,\x22https://adssettings.google.com\x22,\x22Political Ad\x22,null,null,0],\x22AB3afGEAAAYHW1tbW251bGwsWzJdLG51bGwsbnVsbCxudWxsLG51bGwsbnVsbCxudWxsLG51bGwsbnVsbCxudWxsLG51bGwsbnVsbCxudWxsLG51bGwsbnVsbCxudWxsLG51bGwsbnVsbCxudWxsLG51bGwsbnVsbCxudWxsLG51bGwsbnVsbCxudWxsLG51bGwsbnVsbCxudWxsLG51bGwsbnVsbCxudWxsLFtbIk1hbHZlcm4gSW5zdHJ1bWVudHMgTGltaXRlZCIsIkdCIiwxLG51bGwsMV0sIjE1ODU5MyJdXSxbbnVsbCwiaHR0cHM6Ly9nb29nbGVhZHMuZy5kb3VibGVjbGljay5uZXQvcGFnZWFkL2ludGVyYWN0aW9uLz9haT1DaDVJaXhQNnpZcTZwRUxyTHo3c1BqUFdKNEF2dDNKZVZYN3pRNDh1MEQ5blpIaEFCSUthNzRtZGc1YkxrZzZBT29BR25wTG5fQThnQkFha0NTOGhlS1I2UHREN2dBZ0NvQXdISUF3cXFCSTRDVDlBNmF5TGthQjQtbFdqNFhuTmh0TmlOVUZKalp5T3JTeUtwNmZfQ0dMUFhmak13YWxhdGluX3JneF85MHV1a0J0NWlneUZ2bUNpdFdhcGo3dDdmdVVVdXp6MTg5U2NZREhjZURNQi1RS1V3ckFzMFU5UnpjQjNTcGZvSEM1WTA3UFB3eTdhVzJ3ZzVJTHRHMzVpdy03SEZLOWUtX0hJN3lHbG9rdngtNGNDLWlsd1BOc1hlQkx4UFpkdFBDSmMzaUdoVzU4dkZ5Vk0wU2dQTXpmelVIaWxwS0Vha3hzbnY2dlFXVS1GeEROWlc3aHFVOVpWdnBPRlJXa2lHNWFyU0FVWVhvdGo4R2FlWTdyYll2TVNvT2hmajNwUnRCaFNFcGtwUy14eXpDc3prbnRhM0tMNEVpVXVkQlNaNzBaUEoyX3AzWVNkdWl6eXF4MjNWcDJFOGg4ZGNOU3hhMkpBZXV5OW5xenNPd0FUY3A3U2pDT0FFQWFBR1pvQUh3ZHRHcUFlT3podW9CNVBZRzZnSDdwYXhBcWdIX3A2eEFxZ0hwS094QXFnSDFja2JxQWVtdmh1b0JfUFJHNmdIbHRnYnFBZXFtN0VDcUFmZm43RUMyQWNCMGdnSENJaGhFQUVZSGJFSnNtSVdSeWdDc2xtQUNnT1lDd0hJQ3dHNERBSFlFd3pRRlFINEZnR0FGd0VcdTAwMjZzaWdoPTE4SmlMbDNycXJRXHUwMDI2Y2lkPUNBUVNQZ0NOSXJMTU5GME1nSzBab3dFYURUMzZQdE95Snp1MDVnMHJpUEpESGFxYnhsSHFVd2NfWlgtb1JYQ3U0S3ZtTjh5WGFkamJrNWJHVnZtZUp6OTgiLFtudWxsLG51bGwsbnVsbCwiaHR0cHM6Ly9kaXNwbGF5YWRzLWZvcm1hdHMuZ29vZ2xldXNlcmNvbnRlbnQuY29tL2Fkcy9wcmV2aWV3L2NvbnRlbnQuanM_Y2xpZW50PXd0YVx1MDAyNm9iZnVzY2F0ZWRDdXN0b21lcklkPTg3NzE1MTA0NTdcdTAwMjZjcmVhdGl2ZUlkPTU2MzA1OTg0MTI1OFx1MDAyNnZlcnNpb25JZD0wXHUwMDI2YWRHcm91cENyZWF0aXZlSWQ9NTI5NTEzNjM3OTQ4XHUwMDI2aHRtbFBhcmVudElkPXByZXYtMFx1MDAyNmhlaWdodD0yMzVcdTAwMjZ3aWR0aD01ODhcdTAwMjZzaWc9QUNpVkJfd0QwSE9LUnB4RWRjNG00LTVTRmVJRGc4Zll3ZyJdLG51bGwsbnVsbCwxLCJydFVocjBPeHdBZ0l2TkRqeTdRUEVMeVptUThZZ2RjSkloWnRZV3gyWlhKdWNHRnVZV3g1ZEdsallXd3VZMjl0TWdnSUJSTVl2TDhaRkVJWFkyRXRjSFZpTFRNd09EUTFNamN6TlRBNU5qSTVNRFpJRWxobWNBRSIsIjMxODcwMTQwIl1dXSxbMSwxLDEsMSwxXSxbbnVsbCxudWxsLCJJTiJdXS2UflR0jNFUU3iSAWnO6VhymgHv21Aod8BLFT2TCjX-oP_QnVniHwIL-VhxK_rDK51ueMWKuld9RMIhQIfvwL7Ck_g59gEPQlDAlbcHeaZ1ZcqgMFQ6hSbIl09LayyAjq0dfhHdA2SL0m0Aoplwe5H8UvV-K0DLQ8bePC8_kmpih0Mu0ATQ0d4vIT1rZ21U0ecoPUd5vokQtGRkRZAbQUsDgdp7uN1J5BlTOMnCwCea46Zj1_ELgdQOto9Wpq9IL5Ode6w_cJ_21Dd7EIHBAGSgEx3aBhRc1f7xUf-SRMh8GRvCP4qp3bj-4wZmGvKulmxYg9_8dixeZKon1bfSv1w,-0uBCHkEd84_j20F7RpBDA\x22,\x22https://adssettings.google.com/whythisad?source\x3ddisplay\\u0026reasons\x3dAa2KcEZaQIPZDKZkz5Y07BfcUEaoAI399YJSkVcMZlQJVzN5mQxEj20nxGE1G5LPV2mGJ0Lrxa0hZl4_C0ZZfeQx5BbK8Lam0eLIDXYDBFfMj1J-BlxXrJuRC0xDnlmIDGlX5bUel4nKQg6vl1Q6vJBa_OBIDDuOI-AbWRldBEbpmNdQZMWQIxR29Vt9vClVwXjqwHhtMrukwa2xceglgnjSBZ3cXNS75eMfhZM1CK6nkmaFTfahDkVR_x3-Y3bZ7wKjbT3Hv5AGP1kvAf3IgEgqHPau8XUpCzIkdbp3ZSNdMKNJX9p7yv5X0Nd_fipG_b7EE7mlUDH5DhGE_Eb4ob-9kvYEBXilK8m696VhH-4ujulmlKKsegr5_RWU29VAGxvNUyE6KkVZlYmqNTFErTFgQm2PJl4TYqoZ1LPzCNhsjBhSczmq6bzgJcTAHOW5nlyT6OvD24iWW5JOhXeA2048Llef_ii2R3ucZrvETb3Y4wcz1sdYkwVGZcRKDffHYBy7wFQUaQ8vd22v1VZrxsgdosT2FOyl2jtv0ntwMX8I_55m6JlF4z4lv1nI0YaMGVntH3L0yQ9YQPUnPOlNlU60VHMwW6t4hXfl7CX20F3UJ0gab3oJn2De0L1oEqSoNfTgLRbGSP4x5kA6gyYReERJj6mUDNcGYRGMCzO8V8K3TE61MZHXlq-DP7EUVeKnX8KGHfYlw1mmHdC1ltzA-d-ki1htxtiVowTgV06YOKF817O-4dQbHbgWTvPTPJUk-z_XMqnONFvkdKvvlZuCO94Ft1SavnDTOxBW_VZKZloUG6c4tKD2b00CAqXgt0O_QMOBwUADkijOL971YpD8EyKMe3bNIsJuem-EfaUE2QhF5PBLY9YsmJ3NKRi5H8Be_mlxXYl194TSNjIN_6F9THxMf8nbdifFGwbAej7j9v9NsCJbBDgkmVqtQ7hBe7bHXpgN-EG75grVUpNieJky62w_O0C11L9W7MBweP-IFSot96DNLUbplhF0Zc75dZK49bJRXEJABoaaafFdAisvAaDskQcax8TTQNYD-5D3jP4yzNLl28jPw791nI0W9FXmijivHNuA762fXq1EVWiWALI_lFyq-DpkXo1TiT4I1C9xjtC42R7g59GaUuWaVUIfOTrY9UX601Sh0IPndS_0EYoUxExzhj6U4uqf9AkIL7BHdhKsrr_APfL7-hYv0eNsoWaoo2R9x2R8n028fQjj1FsNZJ7mZUESW_OjnLWDmi_iJ0gVEALiMe4GWg_gEQODkNEjeBeGIqr76fXtUHXL1D1DalSyc4bCtMxuSDfOV1k0TZ0tkTAc3brTpk4cBqt705vpMAvL87xPMyimq3diZd8tCpsOEV4_a3JjxUD4WjV3vs2CFIDDbVYZiRHY7rIXtuH_kAn-aOpr7VoQ5B0Smam_lQnLq1BA3Wv3VdvmelA1sSEesNAlPeLBUOQazoIiDS0_bR_5e9NlsWvOb9Mf4nxxzHLBKr0gaNPIrDlK6ekwymzI6cHYOLYxubM56HRWUiDxEQ9eOf6DM3Pylmi-NsZKVmPNsU9phEdQ2NB3588ZAzMxXQRnSg1obxKfxnoDTCLlW0irwTQigPm5cOJw5Qfp9hQE9KfLGR0lWrQYOX8SaD0C_oM-Ns_4LXm9jMm8ddaED6e2ZjNKuaV3Cmxq-EodU30hvUbosn18cBN-EHQ2pPOl2ZkUeVpXRn0gf5hAvd1NQEeZFpTu7gwEFTg\x22,\x22Why this ad?\x22,0,0],null,null,0,null,0,0,1,0,0,0,0,0,0,0,null,0,1,0,null,null,null,null,0,null,null,0,null,null,\x22left\x22,0,0,\x22r20220616/r20110914\x22]);\x3c/script\x3e\x3ciframe title\x3d\x22Blank\x22 frameborder\x3d0 height\x3d0 width\x3d0 src\x3d\x22https://googleads.g.doubleclick.net/pagead/drt/s?v\x3dr20120211\x22 style\x3d\x22position:absolute\x22 aria-hidden\x3d\x22true\x22\x3e\x3c/iframe\x3e\x3cscript data-jc\x3d\x2222\x22 src\x3d\x22https://tpc.googlesyndication.com/pagead/js/r20220616/r20110914/client/window_focus_fy2021.js\x22 async data-jc-version\x3d\x22r20220616\x22 data-jcp-url\x3d\x22https://googleads.g.doubleclick.net/pagead/interaction/?ai\x3dCh5IixP6zYq6pELrLz7sPjPWJ4Avt3JeVX7zQ48u0D9nZHhABIKa74mdg5bLkg6AOoAGnpLn_A8gBAakCS8heKR6PtD7gAgCoAwHIAwqqBI4CT9A6ayLkaB4-lWj4XnNhtNiNUFJjZyOrSyKp6f_CGLPXfjMwalatin_rgx_90uukBt5igyFvmCitWapj7t7fuUUuzz189ScYDHceDMB-QKUwrAs0U9RzcB3SpfoHC5Y07PPwy7aW2wg5ILtG35iw-7HFK9e-_HI7yGlokvx-4cC-ilwPNsXeBLxPZdtPCJc3iGhW58vFyVM0SgPMzfzUHilpKEakxsnv6vQWU-FxDNZW7hqU9ZVvpOFRWkiG5arSAUYXotj8GaeY7rbYvMSoOhfj3pRtBhSEpkpS-xyzCszknta3KL4EiUudBSZ70ZPJ2_p3YSduizyqx23Vp2E8h8dcNSxa2JAeuy9nqzsOwATcp7SjCOAEAaAGZoAHwdtGqAeOzhuoB5PYG6gH7paxAqgH_p6xAqgHpKOxAqgH1ckbqAemvhuoB_PRG6gHltgbqAeqm7ECqAffn7EC2AcB0ggHCIhhEAEYHbEJsmIWRygCslmACgOYCwHICwG4DAHYEwzQFQH4FgGAFwE\x26amp;sigh\x3d18JiLl3rqrQ\x26amp;cid\x3dCAQSPgCNIrLMNF0MgK0ZowEaDT36PtOyJzu05g0riPJDHaqbxlHqUwc_ZX-oRXCu4KvmN8yXadjbk5bGVvmeJz98\x22 data-jcp-gws-id\x3d\x22\x22 data-jcp-qem-id\x3d\x22CK6buZHwwvgCFbrlcwEdjHoCvA\x22\x3e\x3c/script\x3e\x3cscript src\x3d\x22https://www.googletagservices.com/activeview/js/current/rx_lidar.js?cache\x3dr20110914\x22\x3e\x3c/script\x3e\x3cscript type\x3d\x22text/javascript\x22\x3eosdlfm();\x3c/script\x3e\x3cscript data-jc\x3d\x2223\x22 src\x3d\x22https://tpc.googlesyndication.com/pagead/js/r20220616/r20110914/client/qs_click_protection_fy2021.js\x22 data-jc-version\x3d\x22r20220616\x22\x3e\x3c/script\x3e\x3cscript\x3egoogqscp.init([[[[null,500,99,2,9,null,null,null,1]]]]);\x3c/script\x3e\x3cscript data-jc\x3d\x2262\x22 data-jc-version\x3d\x22r20220616\x22\x3e(function(){/*  Copyright The Closure Library Authors. SPDX-License-Identifier: Apache-2.0 */ \x27use strict\x27;var m\x3dthis||self;function n(a){n[\x22 \x22](a);return a}n[\x22 \x22]\x3dfunction(){};function aa(a\x3dwindow){return a};/*  SPDX-License-Identifier: Apache-2.0 */ function x(a,b,c){a.addEventListener\x26\x26a.addEventListener(b,c,!1)}function y(a,b,c){a.removeEventListener\x26\x26a.removeEventListener(b,c,!1)};var ba\x3dRegExp(\x22^(?:([^:/?#.]+):)?(?://(?:([^\\\\\\\\/?#]*)@)?([^\\\\\\\\/?#]*?)(?::([0-9]+))?(?\x3d[\\\\\\\\/?#]|$))?([^?#]+)?(?:\\\\?([^#]*))?(?:#([\\\\s\\\\S]*))?$\x22);function z(a){try{var b;if(b\x3d!!a\x26\x26null!\x3da.location.href)a:{try{n(a.foo);b\x3d!0;break a}catch(c){}b\x3d!1}return b}catch{return!1}}function A(a,b){if(a)for(const c in a)Object.prototype.hasOwnProperty.call(a,c)\x26\x26b(a[c],c,a)}function ha(a\x3ddocument){return a.createElement(\x22img\x22)};function C(a,b,c\x3dnull,d\x3d!1){ia(a,b,c,d)}function ia(a,b,c,d){a.google_image_requests||(a.google_image_requests\x3d[]);const e\x3dha(a.document);if(c||d){const f\x3dg\x3d\x3e{c\x26\x26c(g);if(d){g\x3da.google_image_requests;const l\x3dArray.prototype.indexOf.call(g,e,void 0);0\x3c\x3dl\x26\x26Array.prototype.splice.call(g,l,1)}y(e,\x22load\x22,f);y(e,\x22error\x22,f)};x(e,\x22load\x22,f);x(e,\x22error\x22,f)}e.src\x3db;a.google_image_requests.push(e)};let D\x3d0;function E(a){return(a\x3dG(a,document.currentScript))\x26\x26a.getAttribute(\x22data-jc-version\x22)||\x22unknown\x22}function G(a,b\x3dnull){return b\x26\x26b.getAttribute(\x22data-jc\x22)\x3d\x3d\x3dString(a)?b:document.querySelector(`[${\x22data-jc\x22}\x3d\x22${a}\x22]`)};var ja\x3dwindow;class H{constructor(a,b){this.error\x3da;this.context\x3db.context;this.msg\x3db.message||\x22\x22;this.id\x3db.id||\x22jserror\x22;this.meta\x3d{}}};const ka\x3dRegExp(\x22^https?://(\\\\w|-)+\\\\.cdn\\\\.ampproject\\\\.(net|org)(\\\\?|/|$)\x22);var la\x3dclass{constructor(a,b){this.g\x3da;this.h\x3db}},I\x3dclass{constructor(a,b){this.url\x3da;this.m\x3d!!b;this.depth\x3dnull}};function J(a,b){const c\x3d{};c[a]\x3db;return[c]}function K(a,b,c,d,e){const f\x3d[];A(a,function(g,l){(g\x3dO(g,b,c,d,e))\x26\x26f.push(l+\x22\x3d\x22+g)});return f.join(b)}function O(a,b,c,d,e){if(null\x3d\x3da)return\x22\x22;b\x3db||\x22\x26\x22;c\x3dc||\x22,$\x22;\x22string\x22\x3d\x3dtypeof c\x26\x26(c\x3dc.split(\x22\x22));if(a instanceof Array){if(d\x3dd||0,d\x3cc.length){const f\x3d[];for(let g\x3d0;g\x3ca.length;g++)f.push(O(a[g],b,c,d+1,e));return f.join(c[d])}}else if(\x22object\x22\x3d\x3dtypeof a)return e\x3de||0,2\x3ee?encodeURIComponent(K(a,b,c,d,e+1)):\x22...\x22;return encodeURIComponent(String(a))} function ma(a){let b\x3d1;for(const c in a.h)b\x3dc.length\x3eb?c.length:b;return 3997-b-a.i.length-1}function na(a,b,c){b\x3db+\x22//pagead2.googlesyndication.com\x22+c;let d\x3dma(a)-c.length;if(0\x3ed)return\x22\x22;a.g.sort(function(f,g){return f-g});c\x3dnull;let e\x3d\x22\x22;for(let f\x3d0;f\x3ca.g.length;f++){const g\x3da.g[f],l\x3da.h[g];for(let k\x3d0;k\x3cl.length;k++){if(!d){c\x3dnull\x3d\x3dc?g:c;break}let h\x3dK(l[k],a.i,\x22,$\x22);if(h){h\x3de+h;if(d\x3e\x3dh.length){d-\x3dh.length;b+\x3dh;e\x3da.i;break}c\x3dnull\x3d\x3dc?g:c}}}a\x3d\x22\x22;null!\x3dc\x26\x26(a\x3de+\x22trn\x3d\x22+c);return b+a} class P{constructor(){this.i\x3d\x22\x26\x22;this.h\x3d{};this.j\x3d0;this.g\x3d[]}};function oa(){var a\x3dQ,b\x3dwindow.google_srt;0\x3c\x3db\x26\x261\x3e\x3db\x26\x26(a.g\x3db)}function R(a,b,c,d,e){if((d?a.g:Math.random())\x3c(e||.01))try{let f;c instanceof P?f\x3dc:(f\x3dnew P,A(c,(l,k)\x3d\x3e{var h\x3df;const p\x3dh.j++;l\x3dJ(k,l);h.g.push(p);h.h[p]\x3dl}));const g\x3dna(f,a.h,\x22/pagead/gen_204?id\x3d\x22+b+\x22\x26\x22);g\x26\x26C(m,g)}catch(f){}}class pa{constructor(){this.h\x3d\x22http:\x22\x3d\x3d\x3dja.location.protocol?\x22http:\x22:\x22https:\x22;this.g\x3dMath.random()}};let S\x3dnull;var T\x3d()\x3d\x3e{const a\x3dm.performance;return a\x26\x26a.now\x26\x26a.timing?Math.floor(a.now()+a.timing.navigationStart):Date.now()},qa\x3d()\x3d\x3e{const a\x3dm.performance;return a\x26\x26a.now?a.now():null};class ra{constructor(a,b){var c\x3dqa()||T();this.label\x3da;this.type\x3db;this.value\x3dc;this.duration\x3d0;this.uniqueId\x3dMath.random();this.taskId\x3dthis.slotId\x3dvoid 0}};const U\x3dm.performance,sa\x3d!!(U\x26\x26U.mark\x26\x26U.measure\x26\x26U.clearMarks),V\x3dfunction(a){let b\x3d!1,c;return function(){b||(c\x3da(),b\x3d!0);return c}}(()\x3d\x3e{var a;if(a\x3dsa){var b;if(null\x3d\x3d\x3dS){S\x3d\x22\x22;try{a\x3d\x22\x22;try{a\x3dm.top.location.hash}catch(c){a\x3dm.location.hash}a\x26\x26(S\x3d(b\x3da.match(/\\bdeid\x3d([\\d,]+)/))?b[1]:\x22\x22)}catch(c){}}b\x3dS;a\x3d!!b.indexOf\x26\x260\x3c\x3db.indexOf(\x221337\x22)}return a});function ta(a){a\x26\x26U\x26\x26V()\x26\x26(U.clearMarks(`goog_${a.label}_${a.uniqueId}_start`),U.clearMarks(`goog_${a.label}_${a.uniqueId}_end`))} class ua{constructor(){var a\x3dwindow;this.h\x3d[];this.i\x3da||m;let b\x3dnull;a\x26\x26(a.google_js_reporting_queue\x3da.google_js_reporting_queue||[],this.h\x3da.google_js_reporting_queue,b\x3da.google_measure_js_timing);this.g\x3dV()||(null!\x3db?b:1\x3eMath.random())}start(a,b){if(!this.g)return null;a\x3dnew ra(a,b);b\x3d`goog_${a.label}_${a.uniqueId}_start`;U\x26\x26V()\x26\x26U.mark(b);return a}end(a){if(this.g\x26\x26\x22number\x22\x3d\x3d\x3dtypeof a.value){a.duration\x3d(qa()||T())-a.value;var b\x3d`goog_${a.label}_${a.uniqueId}_end`;U\x26\x26V()\x26\x26U.mark(b);!this.g||2048\x3c this.h.length||this.h.push(a)}}};function W(a){let b\x3da.toString();a.name\x26\x26-1\x3d\x3db.indexOf(a.name)\x26\x26(b+\x3d\x22: \x22+a.name);a.message\x26\x26-1\x3d\x3db.indexOf(a.message)\x26\x26(b+\x3d\x22: \x22+a.message);if(a.stack){a\x3da.stack;var c\x3db;try{-1\x3d\x3da.indexOf(c)\x26\x26(a\x3dc+\x22\\n\x22+a);let d;for(;a!\x3dd;)d\x3da,a\x3da.replace(RegExp(\x22((https?:/..*/)[^/:]*:\\\\d+(?:.|\\n)*)\\\\2\x22),\x22$1\x22);b\x3da.replace(RegExp(\x22\\n *\x22,\x22g\x22),\x22\\n\x22)}catch(d){b\x3dc}}return b} function va(a,b){let c,d;try{a.g\x26\x26a.g.g?(d\x3da.g.start((518).toString(),3),c\x3db(),a.g.end(d)):c\x3db()}catch(e){b\x3d!0;try{ta(d),b\x3da.o(518,new H(e,{message:W(e)}),void 0,void 0)}catch(f){a.l(217,f)}if(b)window.console?.error?.(e);else throw e;}return c}function wa(a){var b\x3dX;return(...c)\x3d\x3eva(b,()\x3d\x3ea.apply(void 0,c))} class xa{constructor(a\x3dnull){this.j\x3dQ;this.h\x3dnull;this.o\x3dthis.l;this.g\x3da;this.i\x3d!1}l(a,b,c,d,e){e\x3de||\x22jserror\x22;let f;try{const q\x3dnew P;var g\x3dq;g.g.push(1);g.h[1]\x3dJ(\x22context\x22,a);b.error\x26\x26b.meta\x26\x26b.id||(b\x3dnew H(b,{message:W(b)}));if(b.msg){g\x3dq;var l\x3db.msg.substring(0,512);g.g.push(2);g.h[2]\x3dJ(\x22msg\x22,l)}var k\x3db.meta||{};b\x3dk;if(this.h)try{this.h(b)}catch(u){}if(d)try{d(b)}catch(u){}d\x3dq;k\x3d[k];d.g.push(3);d.h[3]\x3dk;d\x3dm;k\x3d[];b\x3dnull;do{var h\x3dd;if(z(h)){var p\x3dh.location.href;b\x3dh.document\x26\x26h.document.referrer|| null}else p\x3db,b\x3dnull;k.push(new I(p||\x22\x22));try{d\x3dh.parent}catch(u){d\x3dnull}}while(d\x26\x26h!\x3dd);for(let u\x3d0,ca\x3dk.length-1;u\x3c\x3dca;++u)k[u].depth\x3dca-u;h\x3dm;if(h.location\x26\x26h.location.ancestorOrigins\x26\x26h.location.ancestorOrigins.length\x3d\x3dk.length-1)for(p\x3d1;p\x3ck.length;++p){var v\x3dk[p];v.url||(v.url\x3dh.location.ancestorOrigins[p-1]||\x22\x22,v.m\x3d!0)}var r\x3dk;let F\x3dnew I(m.location.href,!1);h\x3dnull;const L\x3dr.length-1;for(v\x3dL;0\x3c\x3dv;--v){var t\x3dr[v];!h\x26\x26ka.test(t.url)\x26\x26(h\x3dt);if(t.url\x26\x26!t.m){F\x3dt;break}}t\x3dnull;const Ea\x3dr.length\x26\x26 r[L].url;0!\x3dF.depth\x26\x26Ea\x26\x26(t\x3dr[L]);f\x3dnew la(F,t);if(f.h){r\x3dq;var w\x3df.h.url||\x22\x22;r.g.push(4);r.h[4]\x3dJ(\x22top\x22,w)}var M\x3d{url:f.g.url||\x22\x22};if(f.g.url){var N\x3df.g.url.match(ba),B\x3dN[1],da\x3dN[3],ea\x3dN[4];w\x3d\x22\x22;B\x26\x26(w+\x3dB+\x22:\x22);da\x26\x26(w+\x3d\x22//\x22,w+\x3dda,ea\x26\x26(w+\x3d\x22:\x22+ea));var fa\x3dw}else fa\x3d\x22\x22;B\x3dq;M\x3d[M,{url:fa}];B.g.push(5);B.h[5]\x3dM;R(this.j,e,q,this.i,c)}catch(q){try{R(this.j,e,{context:\x22ecmserr\x22,rctx:a,msg:W(q),url:f\x26\x26f.g.url},this.i,c)}catch(F){}}return!0}};let Q,X;const Y\x3dnew ua;var ya\x3d()\x3d\x3e{window.google_measure_js_timing||(Y.g\x3d!1,Y.h!\x3dY.i.google_js_reporting_queue\x26\x26(V()\x26\x26Array.prototype.forEach.call(Y.h,ta,void 0),Y.h.length\x3d0))};(a\x3d\x3e{Q\x3da??new pa;\x22number\x22!\x3d\x3dtypeof window.google_srt\x26\x26(window.google_srt\x3dMath.random());oa();X\x3dnew xa(Y);X.h\x3db\x3d\x3e{const c\x3dD;0!\x3d\x3dc\x26\x26(b.jc\x3dString(c),b.shv\x3dE(c))};X.i\x3d!0;\x22complete\x22\x3d\x3dwindow.document.readyState?ya():Y.g\x26\x26x(window,\x22load\x22,()\x3d\x3e{ya()})})();function za(a,b){b\x26\x26a.g.IntersectionObserver?(new a.g.IntersectionObserver((c,d)\x3d\x3e{c.forEach(e\x3d\x3e{0\x3e\x3de.intersectionRatio||(Aa(a),d.disconnect())})},{threshold:b})).observe(a.g.document.documentElement):(a.h\x3dwa(c\x3d\x3e{if(c\x26\x26(c.target.parent\x3d\x3dc.source||c.target.parent.parent\x3d\x3dc.source))try{const d\x3dJSON.parse(c.data);d\x26\x26\x22manual-send-view\x22\x3d\x3dd.msg_type\x26\x26(y(a.g,\x22message\x22,a.h),Ba(a)\x26\x26y(a.g.parent,\x22message\x22,a.h),Aa(a))}catch(d){}}),x(a.g,\x22message\x22,a.h),Ba(a)\x26\x26x(a.g.parent,\x22message\x22,a.h))} function Aa(a){try{if(aa(a.g).vv(),!(.01\x3cMath.random())){const e\x3dG(62,document.currentScript);var b\x3d`https://${e\x26\x26\x22true\x22\x3d\x3d\x3de.getAttribute(\x22data-jc-rcd\x22)?\x22pagead2.googlesyndication-cn.com\x22:\x22pagead2.googlesyndication.com\x22}/pagead/gen_204?id\x3djca\x26jc\x3d${62}\x26version\x3d${E(62)}\x26sample\x3d${.01}`;a\x3dwindow;var c;if(c\x3da.navigator){var d\x3da.navigator.userAgent;c\x3d/Chrome/.test(d)\x26\x26!/Edge/.test(d)?!0:!1}c\x26\x26a.navigator.sendBeacon?a.navigator.sendBeacon(b):C(a,b,void 0,!1)}}catch(e){X.l(532,e,void 0,void 0)}} function Ba(a){return z(a.g.parent)\x26\x26a.g.parent!\x3d\x3da.g}class Ca{constructor(){var a\x3dparseFloat(Da.iobs_threshold);this.g\x3dwindow;this.h\x3dnull;za(this,a)}};D\x3d62;const Fa\x3dG(62,document.currentScript);if(null\x3d\x3dFa)throw Error(\x22JSC not found 62\x22);var Da;const Ga\x3d{},Z\x3dFa.attributes;for(let a\x3dZ.length-1;0\x3c\x3da;a--){const b\x3dZ[a].name;0\x3d\x3d\x3db.indexOf(\x22data-jcp-\x22)\x26\x26(Ga[b.substring(9)]\x3dZ[a].value)}Da\x3dGa;new Ca;}).call(this);\x3c/script\x3e\x3cimg src\x3d\x22//www.google.com/ads/measurement/l?ebcid\x3dALh7CaQuY6pUzkVn1Z7LFRu47mE6Wkm5cFC7n7d7vxQbCQtHs1W9iJHiyAeh6Pev4b00FPllplnqgAytnONqJl0W_m6xI_1mhQ\x22 style\x3d\x22display:none;\x22 alt\x3d\x22\x22\x3e\x3c/img\x3e\x3cdiv style\x3d\x22bottom:0;right:0;width:588px;height:235px;background:initial !important;position:absolute !important;max-width:100% !important;max-height:100% !important;pointer-events:none !important;image-rendering:pixelated !important;z-index:2147483647;background-image:url(\x27data:image/png;base64,iVBORw0KGgoAAAANSUhEUgAAACsAAAAWBAMAAACrl3iAAAAABlBMVEUAAAD+AciWmZzWAAAAAnRSTlMAApidrBQAAAB7SURBVBjTbZEBDsAgCAPLD/r/125SKMwMjaHxwI4B/xGKNznbCsxbnk1aJQEtWAnioqV8H+6Ob28u1W/XspMOdV2+YT7kJikmlSak2veYMWwDlGFl7u8jXOAqYYe2b8HQOd9lR1kzE6wB4prgHvhNY+jqrYpKxgli/s8DuhEGHu++fPUAAAAASUVORK5CYII\x3d\x27) !important;\x22\x3e\x3c/div\x3e\x3cscript data-jc\x3d\x2258\x22 data-jc-version\x3d\x22r20220616\x22\x3e(function(){/*  Copyright The Closure Library Authors. SPDX-License-Identifier: Apache-2.0 */ \x27use strict\x27;/*  SPDX-License-Identifier: Apache-2.0 */ function e(a){e[\x22 \x22](a);return a}e[\x22 \x22]\x3dfunction(){};function f(a){try{var b;if(b\x3d!!a\x26\x26null!\x3da.location.href)a:{try{e(a.foo);b\x3d!0;break a}catch(c){}b\x3d!1}return b}catch{return!1}}function h(a\x3ddocument){return a.createElement(\x22img\x22)};function k(a\x3dnull){return a\x26\x26\x2258\x22\x3d\x3d\x3da.getAttribute(\x22data-jc\x22)?a:document.querySelector(\x27[data-jc\x3d\x2258\x22]\x27)} function l(){if(!(.01\x3cMath.random())){var a\x3dk(document.currentScript);a\x3da\x26\x26\x22true\x22\x3d\x3d\x3da.getAttribute(\x22data-jc-rcd\x22)?\x22pagead2.googlesyndication-cn.com\x22:\x22pagead2.googlesyndication.com\x22;var b\x3d(b\x3dk(document.currentScript))\x26\x26b.getAttribute(\x22data-jc-version\x22)||\x22unknown\x22;a\x3d`https://${a}/pagead/gen_204?id\x3djca\x26jc\x3d${58}\x26version\x3d${b}\x26sample\x3d${.01}`;b\x3dwindow;var c;if(c\x3db.navigator)c\x3db.navigator.userAgent,c\x3d/Chrome/.test(c)\x26\x26!/Edge/.test(c)?!0:!1;c\x26\x26b.navigator.sendBeacon?b.navigator.sendBeacon(a):(b.google_image_requests|| (b.google_image_requests\x3d[]),c\x3dh(b.document),c.src\x3da,b.google_image_requests.push(c))}};function m(a,b){(new a.g.IntersectionObserver((c,d)\x3d\x3e{c.forEach(g\x3d\x3e{0\x3e\x3dg.intersectionRatio||(p(a),l(),d.disconnect())})},{threshold:b})).observe(a.g.document.documentElement)}function q(a){const b\x3dc\x3d\x3e{try{const d\x3dJSON.parse(c.data),g\x3d\x22rewarded\x22\x3d\x3d\x3dd.type\x26\x26\x22visible\x22\x3d\x3d\x3dd.message,n\x3dd.msg_type;if(\x22i-view\x22\x3d\x3d\x3dn||\x22manual-send-view\x22\x3d\x3d\x3dn||g)p(a),l()}catch(d){}};a.g.addEventListener(\x22message\x22,b);f(a.g.parent)\x26\x26a.g.parent!\x3d\x3da.g\x26\x26a.g.parent.addEventListener(\x22message\x22,b)} function p(a){const b\x3d()\x3d\x3e{for(const c of document.getElementsByClassName(\x22GoogleActiveViewElement\x22))c.removeAttribute(\x22data-google-av-dm\x22)};b();if(0\x3ca.h){const c\x3dsetInterval(()\x3d\x3e{0\x3e\x3da.h--\x26\x26clearInterval(c);b()},100)}}class r{constructor(){var a\x3dparseFloat(t.iobs_threshold),b\x3dparseInt(t.retry_times,10);this.g\x3dwindow;this.h\x3db;a\x26\x26this.g.IntersectionObserver?m(this,a):q(this)}};const u\x3dk(document.currentScript);if(null\x3d\x3du)throw Error(\x22JSC not found 58\x22);var t;const v\x3d{},w\x3du.attributes;for(let a\x3dw.length-1;0\x3c\x3da;a--){const b\x3dw[a].name;0\x3d\x3d\x3db.indexOf(\x22data-jcp-\x22)\x26\x26(v[b.substring(9)]\x3dw[a].value)}t\x3dv;new r;}).call(this);\x3c/script\x3e\x3cscript data-jc\x3d\x22103\x22 data-jc-version\x3d\x22r20220616\x22 data-jcp-base_url\x3d\x22https://googleads.g.doubleclick.net/pagead/conversion/?ai\x3dCh5IixP6zYq6pELrLz7sPjPWJ4Avt3JeVX7zQ48u0D9nZHhABIKa74mdg5bLkg6AOoAGnpLn_A8gBAakCS8heKR6PtD7gAgCoAwHIAwqqBI4CT9A6ayLkaB4-lWj4XnNhtNiNUFJjZyOrSyKp6f_CGLPXfjMwalatin_rgx_90uukBt5igyFvmCitWapj7t7fuUUuzz189ScYDHceDMB-QKUwrAs0U9RzcB3SpfoHC5Y07PPwy7aW2wg5ILtG35iw-7HFK9e-_HI7yGlokvx-4cC-ilwPNsXeBLxPZdtPCJc3iGhW58vFyVM0SgPMzfzUHilpKEakxsnv6vQWU-FxDNZW7hqU9ZVvpOFRWkiG5arSAUYXotj8GaeY7rbYvMSoOhfj3pRtBhSEpkpS-xyzCszknta3KL4EiUudBSZ70ZPJ2_p3YSduizyqx23Vp2E8h8dcNSxa2JAeuy9nqzsOwATcp7SjCOAEAaAGZoAHwdtGqAeOzhuoB5PYG6gH7paxAqgH_p6xAqgHpKOxAqgH1ckbqAemvhuoB_PRG6gHltgbqAeqm7ECqAffn7EC2AcB0ggHCIhhEAEYHbEJsmIWRygCslmACgOYCwHICwG4DAHYEwzQFQH4FgGAFwE\x26amp;sigh\x3d18JiLl3rqrQ\x22 data-jcp-cpu_label\x3d\x22heavy_ad_intervention_cpu\x22 data-jcp-net_label\x3d\x22heavy_ad_intervention_network\x22\x3e(function(){/*  Copyright The Closure Library Authors. SPDX-License-Identifier: Apache-2.0 */ \x27use strict\x27;/*  SPDX-License-Identifier: Apache-2.0 */ const c\x3dfunction(a,b\x3dnull){return b\x26\x26b.getAttribute(\x22data-jc\x22)\x3d\x3d\x3dString(a)?b:document.querySelector(`[${\x22data-jc\x22}\x3d\x22${a}\x22]`)}(103,document.currentScript);if(null\x3d\x3dc)throw Error(\x22JSC not found 103\x22);const f\x3d{},g\x3dc.attributes;for(let a\x3dg.length-1;0\x3c\x3da;a--){const b\x3dg[a].name;0\x3d\x3d\x3db.indexOf(\x22data-jcp-\x22)\x26\x26(f[b.substring(9)]\x3dg[a].value)} (function(a,b,h){var d\x3dwindow;a\x26\x26b\x26\x26h\x26\x26d.ReportingObserver\x26\x26d.fetch\x26\x26(new d.ReportingObserver((e,k)\x3d\x3e{e\x3de[0];\x22HeavyAdIntervention\x22\x3d\x3d\x3de?.body?.id\x26\x26(d.fetch(`${a}\x26label\x3d${0\x3c(e.body.message?.indexOf(\x22network\x22)||0)?h:b}`,{keepalive:!0,method:\x22get\x22,mode:\x22no-cors\x22}),k.disconnect())},{types:[\x22intervention\x22],buffered:!0})).observe()})(f.base_url,f.cpu_label,f.net_label);}).call(this);\x3c/script\x3e\x3cscript data-jc\x3d\x2270\x22 src\x3d\x22https://www.gstatic.com/mysidia/10f77a9ed5e9dbc13462adf17b625271.js?tag\x3dmysidia_one_click_handler_one_afma_2019\x22 async data-jc-version\x3d\x22r20220616\x22 data-jcp-expt-ids\x3d\x22\x22 data-jcp-extra-meta\x3d\x22[]\x22 data-jcp-correct-redirect-url-for-och-15-click\x3d\x22false\x22\x3e\x3c/script\x3e\x3c/body\x3e\x3c/html\x3e&#039;);doc.close();&lt;/script&gt;&lt;/div&gt;&lt;style&gt;.pull-icon {float: right;}[dir=&amp;quot;rtl&amp;quot;] .pull-icon {float: left;}.interstitial-survey-wrapper {background-color: rgba(0,0,0,0.8);bottom: 0px;opacity: 1.0;overflow-y: auto;position: absolute;left: 0px;top: 0px;width: 100%;z-index:10000;}.interstitial-survey {display: block;font-size: 16px;margin: 96px auto;width: 320px;max-width: 92%;}.interstitial-survey span,.interstitial-menu span {display: inline-block;}.interstitial-survey img {height: 24px;margin-top: 12px;width: 24px;}.interstitial-survey div {display: block;width: 100%;}.survey-header {background-color: #4285f4;color: #FFFFFF;display: block;height: 64px;line-height: 64px;width: 100%;border-top-left-radius: 3px;-moz-border-top-left-radius: 3px;-webkit-border-top-left-radius: 3px;border-top-right-radius: 3px;-moz-border-top-right-radius: 3px;-webkit-border-top-right-radius: 3px;}.survey-header span {font-size: 1.25em;font-family: &#039;Roboto-Light&#039;, arial, sans-serif;padding: 0 24px;white-space: nowrap;}.btn-section-container {border-radius: 3px;-moz-border-radius: 3px;-webkit-border-radius: 3px;background-color: #FFFFFF;margin-bottom: 8px;}.btn-section {padding: 0.8em 0px;}.btn-section a {cursor: pointer;}.btn-section a,.survey-confirmation-header,.survey-confirmation-closing {box-sizing: border-box;display: block;padding: 0 24px;width: 100%;}.btn-section a span,.survey-confirmation-header span,.survey-confirmation-closing span {color: rgba(0, 0, 0, 0.54);font-family: &#039;Roboto-Medium&#039;, arial, sans-serif;font-size: 1em;margin: 14px 0;max-width: 224px;}.menu-container {position: absolute;z-index:10000;}.menu-left {left: 15px;}.menu-right {right: 15px;}[dir=&amp;quot;rtl&amp;quot;] .menu-left {left: initial;right: 15px;}[dir=&amp;quot;rtl&amp;quot;] .menu-right {left: 15px;right: initial;}.menu-upper {top: 15px;}.menu-lower {bottom: 15px;}.menu-btn-section {padding: 5px 0;margin: 0;box-shadow: 0 0 3px 3px rgba(0,0,0,0.2);}.menu-btn-section img {height: 21px;margin: 3px 14px 0 0;}[dir=&amp;quot;rtl&amp;quot;] .menu-btn-section img {margin: 3px 0 0 14px;}.menu-btn-section a {box-sizing: border-box;display: table;padding: 0 14px;width: 100%;}.menu-btn-section a div {display: table-cell;vertical-align: middle;}div.img-container {width: 35px;}.menu-btn-section a span {display: inline-block;color: #212121;font-family: &#039;Roboto-Regular&#039;, arial, sans-serif;font-size: 14px;margin: 11px 0;max-width: 224px;}.survey-confirmation-header span {opacity: 0.7;}.interstitial-menu {position: absolute;top: 12px;left: 12px;}&lt;/style&gt;&lt;div id=&amp;quot;feedback&amp;quot;&gt;&lt;div id=&amp;quot;survey-bg&amp;quot;class=&amp;quot;interstitial-survey-wrapper&amp;quot;&gt;&lt;div class=&amp;quot;interstitial-survey&amp;quot;&gt;&lt;div id=&amp;quot;survey-view&amp;quot;&gt;&lt;div class=&amp;quot;btn-section-container&amp;quot;&gt;&lt;div class=&amp;quot;survey-header&amp;quot;&gt;&lt;span&gt;Feedback on this ad&lt;/span&gt;&lt;/div&gt;&lt;div id=&amp;quot;feedback-btns&amp;quot;class=&amp;quot;btn-section&amp;quot;&gt;&lt;a data-label=&amp;quot;mute_survey_option&amp;quot;data-label-instance=&amp;quot;2&amp;quot;&gt;&lt;span&gt;Seen this multiple times&lt;/span&gt;&lt;/a&gt;&lt;a data-label=&amp;quot;mute_survey_option&amp;quot;data-label-instance=&amp;quot;8&amp;quot;&gt;&lt;span&gt;Inappropriate content&lt;/span&gt;&lt;/a&gt;&lt;a data-label=&amp;quot;mute_survey_option&amp;quot;data-label-instance=&amp;quot;7&amp;quot;&gt;&lt;span&gt;Not interested in this&lt;/span&gt;&lt;/a&gt;&lt;/div&gt;&lt;/div&gt;&lt;/div&gt;&lt;div id=&amp;quot;confirmation-view&amp;quot;&gt;&lt;div class=&amp;quot;btn-section-container&amp;quot;&gt;&lt;div class=&amp;quot;survey-confirmation-header&amp;quot;&gt;&lt;span&gt;We&amp;amp;#39;ll try not to show that ad again&lt;/span&gt;&lt;/div&gt;&lt;div class=&amp;quot;survey-confirmation-closing&amp;quot;&gt;&lt;span&gt;Closing ad...&lt;/span&gt;&lt;/div&gt;&lt;/div&gt;&lt;/div&gt;&lt;/div&gt;&lt;/div&gt;&lt;div id=&amp;quot;interstitial-menu&amp;quot;class=&amp;quot;menu-container&amp;quot;&gt;&lt;div class=&amp;quot;btn-section-container menu-btn-section&amp;quot;&gt;&lt;a id=&amp;quot;open-survey&amp;quot;href=&amp;quot;#&amp;quot;&gt;&lt;div class=&amp;quot;img-container&amp;quot;&gt;&lt;img src=&amp;quot;https://www.gstatic.com/images/icons/material/system/2x/feedback_grey600_24dp.png&amp;quot; alt=&amp;quot;&amp;quot;&gt;&lt;/div&gt;&lt;div&gt;&lt;span&gt;Feedback on this ad&lt;/span&gt;&lt;/div&gt;&lt;/a&gt;&lt;a target=&amp;quot;_blank&amp;quot;href=&amp;quot;//support.google.com/adsense/troubleshooter/1631343&amp;quot;nav=&amp;quot;1&amp;quot;&gt;&lt;div class=&amp;quot;img-container&amp;quot;&gt;&lt;img src=&amp;quot;https://www.gstatic.com/images/icons/material/system/2x/settings_grey600_24dp.png&amp;quot; alt=&amp;quot;&amp;quot;&gt;&lt;/div&gt;&lt;div&gt;&lt;span&gt;See my Google ad settings&lt;/span&gt;&lt;/div&gt;&lt;/a&gt;&lt;/div&gt;&lt;/div&gt;&lt;/div&gt;&lt;script data-jc=&amp;quot;65&amp;quot; data-jc-version=&amp;quot;r20220616&amp;quot; data-jcp-cnv-url=&amp;quot;https://googleads.g.doubleclick.net/pagead/interaction/?ai=Ch5IixP6zYq6pELrLz7sPjPWJ4Avt3JeVX7zQ48u0D9nZHhABIKa74mdg5bLkg6AOoAGnpLn_A8gBAakCS8heKR6PtD7gAgCoAwHIAwqqBI4CT9A6ayLkaB4-lWj4XnNhtNiNUFJjZyOrSyKp6f_CGLPXfjMwalatin_rgx_90uukBt5igyFvmCitWapj7t7fuUUuzz189ScYDHceDMB-QKUwrAs0U9RzcB3SpfoHC5Y07PPwy7aW2wg5ILtG35iw-7HFK9e-_HI7yGlokvx-4cC-ilwPNsXeBLxPZdtPCJc3iGhW58vFyVM0SgPMzfzUHilpKEakxsnv6vQWU-FxDNZW7hqU9ZVvpOFRWkiG5arSAUYXotj8GaeY7rbYvMSoOhfj3pRtBhSEpkpS-xyzCszknta3KL4EiUudBSZ70ZPJ2_p3YSduizyqx23Vp2E8h8dcNSxa2JAeuy9nqzsOwATcp7SjCOAEAaAGZoAHwdtGqAeOzhuoB5PYG6gH7paxAqgH_p6xAqgHpKOxAqgH1ckbqAemvhuoB_PRG6gHltgbqAeqm7ECqAffn7EC2AcB0ggHCIhhEAEYHbEJsmIWRygCslmACgOYCwHICwG4DAHYEwzQFQH4FgGAFwE&amp;amp;amp;sigh=18JiLl3rqrQ&amp;amp;amp;cid=CAQSPgCNIrLMNF0MgK0ZowEaDT36PtOyJzu05g0riPJDHaqbxlHqUwc_ZX-oRXCu4KvmN8yXadjbk5bGVvmeJz98&amp;quot; data-jcp-cls-btn-tkn=&amp;quot;rtUhr0OxwAgIvNDjy7QPELyZmQ8YgdcJIhZtYWx2ZXJucGFuYWx5dGljYWwuY29tMggIBRMYvL8ZFEIXY2EtcHViLTMwODQ1MjczNTA5NjI5MDZIElhmcAE&amp;quot; data-jcp-fdb-id=&amp;quot;feedback&amp;quot; data-jcp-srv-id=&amp;quot;survey-view&amp;quot; data-jcp-cnf-id=&amp;quot;confirmation-view&amp;quot; data-jcp-btns-id=&amp;quot;feedback-btns&amp;quot; data-jcp-bckg-id=&amp;quot;survey-bg&amp;quot; data-jcp-adset-id=&amp;quot;goog-ad-settings&amp;quot; data-jcp-menu-id=&amp;quot;interstitial-menu&amp;quot; data-jcp-mn-intr-cnv=&amp;quot;{&amp;amp;quot;label&amp;amp;quot;:&amp;amp;quot;user_feedback_menu_interaction&amp;amp;quot;,&amp;amp;quot;label_instance&amp;amp;quot;:&amp;amp;quot;&amp;amp;quot;,&amp;amp;quot;include_close_button_token&amp;amp;quot;:false}&amp;quot; data-jcp-mn-opt-cnv=&amp;quot;{&amp;amp;quot;label&amp;amp;quot;:&amp;amp;quot;user_feedback_menu_option&amp;amp;quot;,&amp;amp;quot;label_instance&amp;amp;quot;:&amp;amp;quot;1&amp;amp;quot;,&amp;amp;quot;include_close_button_token&amp;amp;quot;:true}&amp;quot; data-jcp-undo-cnv=&amp;quot;{&amp;amp;quot;label&amp;amp;quot;:&amp;amp;quot;user_feedback_undo&amp;amp;quot;,&amp;amp;quot;label_instance&amp;amp;quot;:&amp;amp;quot;1&amp;amp;quot;,&amp;amp;quot;include_close_button_token&amp;amp;quot;:true}&amp;quot;&gt;(function(){/*  Copyright The Closure Library Authors. SPDX-License-Identifier: Apache-2.0 */ &#039;use strict&#039;;var m=this||self;function aa(a,b,c){return a.call.apply(a.bind,arguments)}function ba(a,b,c){if(!a)throw Error();if(2&lt;arguments.length){var d=Array.prototype.slice.call(arguments,2);return function(){var e=Array.prototype.slice.call(arguments);Array.prototype.unshift.apply(e,d);return a.apply(b,e)}}return function(){return a.apply(b,arguments)}} function n(a,b,c){Function.prototype.bind&amp;amp;&amp;amp;-1!=Function.prototype.bind.toString().indexOf(&amp;quot;native code&amp;quot;)?n=aa:n=ba;return n.apply(null,arguments)};function p(a){p[&amp;quot; &amp;quot;](a);return a}p[&amp;quot; &amp;quot;]=function(){};var ca={},q=null;var da=&amp;quot;undefined&amp;quot;!==typeof Uint8Array;const r=Symbol(void 0);function ea(a){let b;r?b=a[r]:b=a.o;return null==b?0:b}function t(a){Object.isFrozen(a)||(r?a[r]|=1:void 0!==a.o?a.o|=1:Object.defineProperties(a,{o:{value:1,configurable:!0,writable:!0,enumerable:!1}}));return a};function fa(a){return null!==a&amp;amp;&amp;amp;&amp;quot;object&amp;quot;===typeof a&amp;amp;&amp;amp;!Array.isArray(a)&amp;amp;&amp;amp;a.constructor===Object}var ha=Object.freeze(t([]));function ia(a){return{value:a,configurable:!1,writable:!1,enumerable:!1}};function ja(a,b=ka){return la(a,b)}function ma(a,b){if(null!=a){if(Array.isArray(a))a=la(a,b);else if(fa(a)){const c={};for(let d in a)c[d]=ma(a[d],b);a=c}else a=b(a);return a}}function la(a,b){const c=a.slice();for(let d=0;d&lt;c.length;d++)c[d]=ma(c[d],b);Array.isArray(a)&amp;amp;&amp;amp;ea(a)&amp;amp;1&amp;amp;&amp;amp;t(c);return c} function na(a){if(a&amp;amp;&amp;amp;&amp;quot;object&amp;quot;==typeof a&amp;amp;&amp;amp;a.toJSON)return a.toJSON();a:switch(typeof a){case &amp;quot;number&amp;quot;:a=isFinite(a)?a:String(a);break a;case &amp;quot;object&amp;quot;:if(a&amp;amp;&amp;amp;!Array.isArray(a)&amp;amp;&amp;amp;da&amp;amp;&amp;amp;null!=a&amp;amp;&amp;amp;a instanceof Uint8Array){var b;void 0===b&amp;amp;&amp;amp;(b=0);if(!q){q={};for(var c=&amp;quot;ABCDEFGHIJKLMNOPQRSTUVWXYZabcdefghijklmnopqrstuvwxyz0123456789&amp;quot;.split(&amp;quot;&amp;quot;),d=[&amp;quot;+/=&amp;quot;,&amp;quot;+/&amp;quot;,&amp;quot;-_=&amp;quot;,&amp;quot;-_.&amp;quot;,&amp;quot;-_&amp;quot;],e=0;5&gt;e;e++){var f=c.concat(d[e].split(&amp;quot;&amp;quot;));ca[e]=f;for(var g=0;g&lt;f.length;g++){var l=f[g];void 0===q[l]&amp;amp;&amp;amp;(q[l]=g)}}}b=ca[b];c=Array(Math.floor(a.length/ 3));d=b[64]||&amp;quot;&amp;quot;;for(e=f=0;f&lt;a.length-2;f+=3){var k=a[f],h=a[f+1];l=a[f+2];g=b[k&gt;&gt;2];k=b[(k&amp;amp;3)&lt;&lt;4|h&gt;&gt;4];h=b[(h&amp;amp;15)&lt;&lt;2|l&gt;&gt;6];l=b[l&amp;amp;63];c[e++]=g+k+h+l}g=0;l=d;switch(a.length-f){case 2:g=a[f+1],l=b[(g&amp;amp;15)&lt;&lt;2]||d;case 1:a=a[f],c[e]=b[a&gt;&gt;2]+b[(a&amp;amp;3)&lt;&lt;4|g&gt;&gt;4]+l+d}a=c.join(&amp;quot;&amp;quot;)}}return Array.isArray(a)?ja(a,na):a}function ka(a){return da&amp;amp;&amp;amp;null!=a&amp;amp;&amp;amp;a instanceof Uint8Array?new Uint8Array(a):a};function oa(a,b){return-1===b?null:b&gt;=a.j?a.i?a.i[b]:void 0:a.g[b+a.h]}function u(a,b,c){var d=a.g;if(Array.isArray(d)&amp;amp;&amp;amp;ea(d)&amp;amp;2)throw Error(&amp;quot;Cannot mutate an immutable Message&amp;quot;);b&lt;a.j?a.g[b+a.h]=c:(a.i||(a.i=a.g[a.j+a.h]={}))[b]=c;return a}function pa(a,b){a=oa(a,b);return null==a?&amp;quot;&amp;quot;:a};var ra=class{constructor(a,b,c){a||(a=qa);qa=null;var d=this.constructor.h;a||(a=d?[d]:[]);this.h=(d?0:-1)-(this.constructor.g||0);this.g=a;a:{d=this.g.length;a=d-1;if(d&amp;amp;&amp;amp;(d=this.g[a],fa(d))){this.j=a-this.h;this.i=d;break a}void 0!==b&amp;amp;&amp;amp;-1&lt;b?(this.j=Math.max(b,a+1-this.h),this.i=void 0):this.j=Number.MAX_VALUE}if(c)for(b=0;b&lt;c.length;b++)if(a=c[b],a&lt;this.j)a+=this.h,(d=this.g[a])?Array.isArray(d)&amp;amp;&amp;amp;t(d):this.g[a]=ha;else{d=this.i||(this.i=this.g[this.j+this.h]={});let e=d[a];e?Array.isArray(e)&amp;amp;&amp;amp;t(e): d[a]=ha}}toJSON(){return ja(this.g,na)}};ra.prototype.toString=function(){return this.g.toString()};let qa;var sa=class extends ra{};Object.defineProperties(sa,{[Symbol.hasInstance]:ia(()=&gt;{throw Error(&amp;quot;Cannot perform instanceof checks for MutableMessage&amp;quot;);})});class ta extends sa{}Object.defineProperties(ta,{[Symbol.hasInstance]:ia(Object[Symbol.hasInstance])});var ua=class extends ta{constructor(){super(void 0)}};var va=&amp;quot;undefined&amp;quot;!=typeof DOMTokenList,D=(a,b)=&gt;{if(va)a=a.classList,0==a.contains(b)&amp;amp;&amp;amp;a.toggle(b);else{var c=a.className;if(c){c=c.split(/\s+/);let d=!1;for(let e=0;e&lt;c.length&amp;amp;&amp;amp;!d;++e)d=c[e]==b;d||(c.push(b),a.className=c.join(&amp;quot; &amp;quot;))}else a.className=b}};/*  SPDX-License-Identifier: Apache-2.0 */ function E(a,b,c){a.addEventListener&amp;amp;&amp;amp;a.addEventListener(b,c,!1)};var wa=RegExp(&amp;quot;^(?:([^:/?#.]+):)?(?://(?:([^\\\\/?#]*)@)?([^\\\\/?#]*?)(?::([0-9]+))?(?=[\\\\/?#]|$))?([^?#]+)?(?:\\?([^#]*))?(?:#([\\s\\S]*))?$&amp;quot;);function xa(a,b){if(a)for(const c in a)Object.prototype.hasOwnProperty.call(a,c)&amp;amp;&amp;amp;b(a[c],c,a)}function ya(a=document){return a.createElement(&amp;quot;img&amp;quot;)};function za(a,b){a.google_image_requests||(a.google_image_requests=[]);const c=ya(a.document);c.src=b;a.google_image_requests.push(c)};let Aa=0;function Ba(a,b=null){return b&amp;amp;&amp;amp;b.getAttribute(&amp;quot;data-jc&amp;quot;)===String(a)?b:document.querySelector(`[${&amp;quot;data-jc&amp;quot;}=&amp;quot;${a}&amp;quot;]`)};function Ca(a,b,c){var d=new ua;a=u(d,1,a);b=u(a,2,b);return u(b,3,c)}function F(a){a=JSON.parse(a);return Ca(a.label,a.label_instance,a.include_close_button_token)}class Da{constructor(a,b){if(!a)throw Error(&amp;quot;bad conv util ctor args&amp;quot;);this.i=a;this.h=b}g(a){var b=pa(a,2);let c=this.i+&amp;quot;&amp;amp;label=&amp;quot;+pa(a,1);b&amp;amp;&amp;amp;(c+=&amp;quot;&amp;amp;label_instance=&amp;quot;+b);a=oa(a,3);a=null==a?a:!!a;if(null==a||a){if(!this.h)throw Error(&amp;quot;missing cbt&amp;quot;);c+=&amp;quot;&amp;amp;cbt=&amp;quot;+this.h}za(window,c)}};var G=document,Ea=window;function H(a,b){a.style.display=b?&amp;quot;&amp;quot;:&amp;quot;none&amp;quot;};class Fa{constructor(a,b){this.error=a;this.context=b.context;this.msg=b.message||&amp;quot;&amp;quot;;this.id=b.id||&amp;quot;jserror&amp;quot;;this.meta={}}};const Ga=RegExp(&amp;quot;^https?://(\\w|-)+\\.cdn\\.ampproject\\.(net|org)(\\?|/|$)&amp;quot;);var La=class{constructor(a,b){this.g=a;this.h=b}},Ma=class{constructor(a,b){this.url=a;this.I=!!b;this.depth=null}};function J(a,b){const c={};c[a]=b;return[c]}function Na(a,b,c,d,e){const f=[];xa(a,function(g,l){(g=Oa(g,b,c,d,e))&amp;amp;&amp;amp;f.push(l+&amp;quot;=&amp;quot;+g)});return f.join(b)} function Oa(a,b,c,d,e){if(null==a)return&amp;quot;&amp;quot;;b=b||&amp;quot;&amp;amp;&amp;quot;;c=c||&amp;quot;,$&amp;quot;;&amp;quot;string&amp;quot;==typeof c&amp;amp;&amp;amp;(c=c.split(&amp;quot;&amp;quot;));if(a instanceof Array){if(d=d||0,d&lt;c.length){const f=[];for(let g=0;g&lt;a.length;g++)f.push(Oa(a[g],b,c,d+1,e));return f.join(c[d])}}else if(&amp;quot;object&amp;quot;==typeof a)return e=e||0,2&gt;e?encodeURIComponent(Na(a,b,c,d,e+1)):&amp;quot;...&amp;quot;;return encodeURIComponent(String(a))}function Pa(a){let b=1;for(const c in a.h)b=c.length&gt;b?c.length:b;return 3997-b-a.i.length-1} function Qa(a,b,c){b=b+&amp;quot;//pagead2.googlesyndication.com&amp;quot;+c;let d=Pa(a)-c.length;if(0&gt;d)return&amp;quot;&amp;quot;;a.g.sort(function(f,g){return f-g});c=null;let e=&amp;quot;&amp;quot;;for(let f=0;f&lt;a.g.length;f++){const g=a.g[f],l=a.h[g];for(let k=0;k&lt;l.length;k++){if(!d){c=null==c?g:c;break}let h=Na(l[k],a.i,&amp;quot;,$&amp;quot;);if(h){h=e+h;if(d&gt;=h.length){d-=h.length;b+=h;e=a.i;break}c=null==c?g:c}}}a=&amp;quot;&amp;quot;;null!=c&amp;amp;&amp;amp;(a=e+&amp;quot;trn=&amp;quot;+c);return b+a}class K{constructor(){this.i=&amp;quot;&amp;amp;&amp;quot;;this.h={};this.j=0;this.g=[]}};function Ra(){var a=L,b=window.google_srt;0&lt;=b&amp;amp;&amp;amp;1&gt;=b&amp;amp;&amp;amp;(a.g=b)}function M(a,b,c,d,e){if((d?a.g:Math.random())&lt;(e||.01))try{let f;c instanceof K?f=c:(f=new K,xa(c,(l,k)=&gt;{var h=f;const v=h.j++;l=J(k,l);h.g.push(v);h.h[v]=l}));const g=Qa(f,a.h,&amp;quot;/pagead/gen_204?id=&amp;quot;+b+&amp;quot;&amp;amp;&amp;quot;);g&amp;amp;&amp;amp;za(m,g)}catch(f){}}class Sa{constructor(){this.h=&amp;quot;http:&amp;quot;===Ea.location.protocol?&amp;quot;http:&amp;quot;:&amp;quot;https:&amp;quot;;this.g=Math.random()}};let N=null;var Ta=()=&gt;{const a=m.performance;return a&amp;amp;&amp;amp;a.now&amp;amp;&amp;amp;a.timing?Math.floor(a.now()+a.timing.navigationStart):Date.now()},Ua=()=&gt;{const a=m.performance;return a&amp;amp;&amp;amp;a.now?a.now():null};class Va{constructor(a,b){var c=Ua()||Ta();this.label=a;this.type=b;this.value=c;this.duration=0;this.uniqueId=Math.random();this.taskId=this.slotId=void 0}};const P=m.performance,Wa=!!(P&amp;amp;&amp;amp;P.mark&amp;amp;&amp;amp;P.measure&amp;amp;&amp;amp;P.clearMarks),Q=function(a){let b=!1,c;return function(){b||(c=a(),b=!0);return c}}(()=&gt;{var a;if(a=Wa){var b;if(null===N){N=&amp;quot;&amp;quot;;try{a=&amp;quot;&amp;quot;;try{a=m.top.location.hash}catch(c){a=m.location.hash}a&amp;amp;&amp;amp;(N=(b=a.match(/\bdeid=([\d,]+)/))?b[1]:&amp;quot;&amp;quot;)}catch(c){}}b=N;a=!!b.indexOf&amp;amp;&amp;amp;0&lt;=b.indexOf(&amp;quot;1337&amp;quot;)}return a});function Xa(a){a&amp;amp;&amp;amp;P&amp;amp;&amp;amp;Q()&amp;amp;&amp;amp;(P.clearMarks(`goog_${a.label}_${a.uniqueId}_start`),P.clearMarks(`goog_${a.label}_${a.uniqueId}_end`))} class Ya{constructor(){var a=window;this.h=[];this.i=a||m;let b=null;a&amp;amp;&amp;amp;(a.google_js_reporting_queue=a.google_js_reporting_queue||[],this.h=a.google_js_reporting_queue,b=a.google_measure_js_timing);this.g=Q()||(null!=b?b:1&gt;Math.random())}start(a,b){if(!this.g)return null;a=new Va(a,b);b=`goog_${a.label}_${a.uniqueId}_start`;P&amp;amp;&amp;amp;Q()&amp;amp;&amp;amp;P.mark(b);return a}end(a){if(this.g&amp;amp;&amp;amp;&amp;quot;number&amp;quot;===typeof a.value){a.duration=(Ua()||Ta())-a.value;var b=`goog_${a.label}_${a.uniqueId}_end`;P&amp;amp;&amp;amp;Q()&amp;amp;&amp;amp;P.mark(b);!this.g||2048&lt; this.h.length||this.h.push(a)}}};function R(a){let b=a.toString();a.name&amp;amp;&amp;amp;-1==b.indexOf(a.name)&amp;amp;&amp;amp;(b+=&amp;quot;: &amp;quot;+a.name);a.message&amp;amp;&amp;amp;-1==b.indexOf(a.message)&amp;amp;&amp;amp;(b+=&amp;quot;: &amp;quot;+a.message);if(a.stack){a=a.stack;var c=b;try{-1==a.indexOf(c)&amp;amp;&amp;amp;(a=c+&amp;quot;\n&amp;quot;+a);let d;for(;a!=d;)d=a,a=a.replace(RegExp(&amp;quot;((https?:/..*/)[^/:]*:\\d+(?:.|\n)*)\\2&amp;quot;),&amp;quot;$1&amp;quot;);b=a.replace(RegExp(&amp;quot;\n *&amp;quot;,&amp;quot;g&amp;quot;),&amp;quot;\n&amp;quot;)}catch(d){b=c}}return b} function Za(a,b,c){let d,e;try{a.g&amp;amp;&amp;amp;a.g.g?(e=a.g.start(b.toString(),3),d=c(),a.g.end(e)):d=c()}catch(f){c=!0;try{Xa(e),c=a.m(b,new Fa(f,{message:R(f)}),void 0,void 0)}catch(g){a.l(217,g)}if(c)window.console?.error?.(f);else throw f;}return d}function $a(a,b){var c=S;return(...d)=&gt;Za(c,a,()=&gt;b.apply(void 0,d))} class ab{constructor(a=null){this.i=L;this.h=null;this.m=this.l;this.g=a;this.j=!1}pinger(){return this.i}l(a,b,c,d,e){e=e||&amp;quot;jserror&amp;quot;;let f;try{const w=new K;var g=w;g.g.push(1);g.h[1]=J(&amp;quot;context&amp;quot;,a);b.error&amp;amp;&amp;amp;b.meta&amp;amp;&amp;amp;b.id||(b=new Fa(b,{message:R(b)}));if(b.msg){g=w;var l=b.msg.substring(0,512);g.g.push(2);g.h[2]=J(&amp;quot;msg&amp;quot;,l)}var k=b.meta||{};b=k;if(this.h)try{this.h(b)}catch(x){}if(d)try{d(b)}catch(x){}d=w;k=[k];d.g.push(3);d.h[3]=k;d=m;k=[];let O;b=null;do{var h=d;try{var v;if(v=!!h&amp;amp;&amp;amp;null!=h.location.href)b:{try{p(h.foo); v=!0;break b}catch(x){}v=!1}var A=v}catch{A=!1}A?(O=h.location.href,b=h.document&amp;amp;&amp;amp;h.document.referrer||null):(O=b,b=null);k.push(new Ma(O||&amp;quot;&amp;quot;));try{d=h.parent}catch(x){d=null}}while(d&amp;amp;&amp;amp;h!=d);for(let x=0,Ha=k.length-1;x&lt;=Ha;++x)k[x].depth=Ha-x;h=m;if(h.location&amp;amp;&amp;amp;h.location.ancestorOrigins&amp;amp;&amp;amp;h.location.ancestorOrigins.length==k.length-1)for(A=1;A&lt;k.length;++A){var B=k[A];B.url||(B.url=h.location.ancestorOrigins[A-1]||&amp;quot;&amp;quot;,B.I=!0)}var y=k;let W=new Ma(m.location.href,!1);h=null;const X=y.length-1;for(B= X;0&lt;=B;--B){var z=y[B];!h&amp;amp;&amp;amp;Ga.test(z.url)&amp;amp;&amp;amp;(h=z);if(z.url&amp;amp;&amp;amp;!z.I){W=z;break}}z=null;const mb=y.length&amp;amp;&amp;amp;y[X].url;0!=W.depth&amp;amp;&amp;amp;mb&amp;amp;&amp;amp;(z=y[X]);f=new La(W,z);if(f.h){y=w;var C=f.h.url||&amp;quot;&amp;quot;;y.g.push(4);y.h[4]=J(&amp;quot;top&amp;quot;,C)}var Y={url:f.g.url||&amp;quot;&amp;quot;};if(f.g.url){var Z=f.g.url.match(wa),I=Z[1],Ia=Z[3],Ja=Z[4];C=&amp;quot;&amp;quot;;I&amp;amp;&amp;amp;(C+=I+&amp;quot;:&amp;quot;);Ia&amp;amp;&amp;amp;(C+=&amp;quot;//&amp;quot;,C+=Ia,Ja&amp;amp;&amp;amp;(C+=&amp;quot;:&amp;quot;+Ja));var Ka=C}else Ka=&amp;quot;&amp;quot;;I=w;Y=[Y,{url:Ka}];I.g.push(5);I.h[5]=Y;M(this.i,e,w,this.j,c)}catch(w){try{M(this.i,e,{context:&amp;quot;ecmserr&amp;quot;,rctx:a,msg:R(w),url:f&amp;amp;&amp;amp;f.g.url}, this.j,c)}catch(O){}}return!0}};class bb{};let L,S;const T=new Ya;var cb=()=&gt;{window.google_measure_js_timing||(T.g=!1,T.h!=T.i.google_js_reporting_queue&amp;amp;&amp;amp;(Q()&amp;amp;&amp;amp;Array.prototype.forEach.call(T.h,Xa,void 0),T.h.length=0))};(a=&gt;{L=a??new Sa;&amp;quot;number&amp;quot;!==typeof window.google_srt&amp;amp;&amp;amp;(window.google_srt=Math.random());Ra();S=new ab(T);S.h=b=&gt;{var c=Aa;0!==c&amp;amp;&amp;amp;(b.jc=String(c),c=(c=Ba(c,document.currentScript))&amp;amp;&amp;amp;c.getAttribute(&amp;quot;data-jc-version&amp;quot;)||&amp;quot;unknown&amp;quot;,b.shv=c)};S.j=!0;&amp;quot;complete&amp;quot;==window.document.readyState?cb():T.g&amp;amp;&amp;amp;E(window,&amp;quot;load&amp;quot;,()=&gt;{cb()})})();function db(a,b){const c=()=&gt;{eb(a,!0)},d=n(a.i.g,a.i,Ca(b.getAttribute(&amp;quot;data-label&amp;quot;),b.getAttribute(&amp;quot;data-label-instance&amp;quot;),!0)),e=n(H,null,a.l,!1),f=n(H,null,a.m,!0);return()=&gt;{d();e();f();setTimeout(c,1500)}}function eb(a,b){if(b&amp;amp;&amp;amp;a.u)a.u();else if(!a.G&amp;amp;&amp;amp;a.v&amp;amp;&amp;amp;(a.i.g(a.N),a.G=!0),a.v=!1,H(a.l,!1),H(a.A,!1),H(a.m,!1),H(a.j,!1),a.g&amp;amp;&amp;amp;H(a.g,!1),a.h){a.h.style.visibility=&amp;quot;visible&amp;quot;;if(b=G.getElementById(&amp;quot;ad_position_box&amp;quot;))b.style.backgroundColor=&amp;quot;&amp;quot;;H(a.h,!0)}} class fb{constructor(){var a=U[&amp;quot;cnv-url&amp;quot;],b=U[&amp;quot;cls-btn-tkn&amp;quot;],c=U[&amp;quot;mn-intr-cnv&amp;quot;],d=U[&amp;quot;mn-opt-cnv&amp;quot;],e=U[&amp;quot;undo-cnv&amp;quot;],f=gb,g=hb,l=ib,k=jb,h=kb,v=lb;this.s=this.u=null;this.A=f;this.l=g;this.m=l;this.K=k;this.j=h;this.g=v;this.h=null;this.v=!1;this.i=new Da(a,b);this.L=F(c);this.D=!1;this.M=F(d);this.F=!1;this.N=F(e);this.G=!1;H(this.A,!1);H(this.l,!1);H(this.m,!1);H(this.j,!1);this.g&amp;amp;&amp;amp;H(this.g,!1);a=this.l.getElementsByTagName(&amp;quot;a&amp;quot;);for(b=0;b&lt;a.length;++b)E(a[b],&amp;quot;click&amp;quot;,n(this.C,this));if(this.g){a=this.g.getElementsByTagName(&amp;quot;a&amp;quot;); for(b=0;b&lt;a.length;++b)E(a[b],&amp;quot;click&amp;quot;,n(this.C,this));(a=G.getElementById(&amp;quot;open-survey&amp;quot;))&amp;amp;&amp;amp;E(a,&amp;quot;click&amp;quot;,n(this.B,this))}a=this.K.getElementsByTagName(&amp;quot;a&amp;quot;);for(b=0;b&lt;a.length;++b)c=a[b],c.getAttribute(&amp;quot;data-label&amp;quot;)&amp;amp;&amp;amp;c.getAttribute(&amp;quot;data-label-instance&amp;quot;)&amp;amp;&amp;amp;E(c,&amp;quot;click&amp;quot;,db(this,c));E(this.j,&amp;quot;click&amp;quot;,n(this.J,this))}C(a){a&amp;amp;&amp;amp;(a.currentTarget&amp;amp;&amp;amp;&amp;quot;1&amp;quot;!=a.currentTarget.getAttribute(&amp;quot;nav&amp;quot;)&amp;amp;&amp;amp;(a.preventDefault?a.preventDefault():a.returnValue=!1),a.stopPropagation?a.stopPropagation():a.cancelBubble=!0)}J(a){this.s&amp;amp;&amp;amp; (this.s(),this.h&amp;amp;&amp;amp;H(this.h,!0));eb(this,!1);a.preventDefault?a.preventDefault():a.returnValue=!1;a.stopPropagation?a.stopPropagation():a.cancelBubble=!0}display(a,b,c,d){Za(S,463,()=&gt;{!this.D&amp;amp;&amp;amp;this.i.g(this.L);this.D=!0;this.h=a;this.u=$a(476,b);this.s=$a(477,c);H(this.A,!0);const e=G.getElementById(&amp;quot;ad_position_box&amp;quot;);e&amp;amp;&amp;amp;(e.style.backgroundColor=&amp;quot;rgba(0,0,0,0.8)&amp;quot;);if(this.g){switch(d){case 1:D(this.g,&amp;quot;menu-upper&amp;quot;);D(this.g,&amp;quot;menu-left&amp;quot;);break;case 2:D(this.g,&amp;quot;menu-upper&amp;quot;);D(this.g,&amp;quot;menu-right&amp;quot;);break; case 3:D(this.g,&amp;quot;menu-lower&amp;quot;);D(this.g,&amp;quot;menu-left&amp;quot;);break;case 4:D(this.g,&amp;quot;menu-lower&amp;quot;);D(this.g,&amp;quot;menu-right&amp;quot;);break;default:D(this.g,&amp;quot;menu-upper&amp;quot;),D(this.g,&amp;quot;menu-left&amp;quot;)}H(this.g,!0);H(this.j,!0)}else this.B()})}B(){this.v=!0;!this.F&amp;amp;&amp;amp;this.i.g(this.M);this.F=!0;H(this.l,!0);H(this.j,!0);this.g&amp;amp;&amp;amp;H(this.g,!1);this.h&amp;amp;&amp;amp;(this.h.style.visibility=&amp;quot;hidden&amp;quot;)}};Aa=65;const nb=Ba(65,document.currentScript);if(null==nb)throw Error(&amp;quot;JSC not found 65&amp;quot;);var U;const ob={},pb=nb.attributes;for(let a=pb.length-1;0&lt;=a;a--){const b=pb[a].name;0===b.indexOf(&amp;quot;data-jcp-&amp;quot;)&amp;amp;&amp;amp;(ob[b.substring(9)]=pb[a].value)}U=ob;const gb=G.getElementById(U[&amp;quot;fdb-id&amp;quot;]),hb=G.getElementById(U[&amp;quot;srv-id&amp;quot;]),ib=G.getElementById(U[&amp;quot;cnf-id&amp;quot;]),jb=G.getElementById(U[&amp;quot;btns-id&amp;quot;]),kb=G.getElementById(U[&amp;quot;bckg-id&amp;quot;]);G.getElementById(U[&amp;quot;adset-id&amp;quot;]);const lb=G.getElementById(U[&amp;quot;menu-id&amp;quot;]); if(gb&amp;amp;&amp;amp;hb&amp;amp;&amp;amp;ib&amp;amp;&amp;amp;jb&amp;amp;&amp;amp;kb)window.goog_vignette_survey=new fb;else{var qb={context:&amp;quot;mta_missingels&amp;quot;};{var V=bb;const b=&amp;quot;H&amp;quot;;if(!V.H||!V.hasOwnProperty(b)){var rb=new V;V.H=rb}}const a=[];!qb.eid&amp;amp;&amp;amp;a.length&amp;amp;&amp;amp;(qb.eid=a.toString());M(L,&amp;quot;iaf::mta::init&amp;quot;,qb,!0)};}).call(this);&lt;/script&gt;&lt;/div&gt;&lt;/div&gt;&lt;script data-jc=&amp;quot;24&amp;quot; src=&amp;quot;https://tpc.googlesyndication.com/pagead/js/r20220616/r20110914/elements/html/interstitial_ad_frame_fy2021.js&amp;quot; data-jc-version=&amp;quot;r20220616&amp;quot; data-jcp-config=&amp;quot;[null,null,&amp;amp;quot;CK6buZHwwvgCFbrlcwEdjHoCvA&amp;amp;quot;,null,2,&amp;amp;quot;dismiss-button&amp;amp;quot;,&amp;amp;quot;Close ad&amp;amp;quot;,&amp;amp;quot;report-button&amp;amp;quot;,null,null,1,8,0.1000000014901161]&amp;quot;&gt;&lt;/script&gt;&lt;/body&gt;&lt;/html&gt;{&amp;quot;uid&amp;quot;:&amp;quot;1&amp;quot;,&amp;quot;hostPeerName&amp;quot;:&amp;quot;https://demo.guru99.com&amp;quot;,&amp;quot;initialGeometry&amp;quot;:&amp;quot;{\&amp;quot;windowCoords_t\&amp;quot;:0,\&amp;quot;windowCoords_r\&amp;quot;:1536,\&amp;quot;windowCoords_b\&amp;quot;:824,\&amp;quot;windowCoords_l\&amp;quot;:0,\&amp;quot;frameCoords_t\&amp;quot;:0,\&amp;quot;frameCoords_r\&amp;quot;:0,\&amp;quot;frameCoords_b\&amp;quot;:0,\&amp;quot;frameCoords_l\&amp;quot;:0,\&amp;quot;styleZIndex\&amp;quot;:\&amp;quot;auto\&amp;quot;,\&amp;quot;allowedExpansion_t\&amp;quot;:0,\&amp;quot;allowedExpansion_r\&amp;quot;:0,\&amp;quot;allowedExpansion_b\&amp;quot;:0,\&amp;quot;allowedExpansion_l\&amp;quot;:0,\&amp;quot;xInView\&amp;quot;:0,\&amp;quot;yInView\&amp;quot;:0}&amp;quot;,&amp;quot;permissions&amp;quot;:&amp;quot;{\&amp;quot;expandByOverlay\&amp;quot;:false,\&amp;quot;expandByPush\&amp;quot;:false,\&amp;quot;readCookie\&amp;quot;:false,\&amp;quot;writeCookie\&amp;quot;:false}&amp;quot;,&amp;quot;metadata&amp;quot;:&amp;quot;{\&amp;quot;shared\&amp;quot;:{\&amp;quot;sf_ver\&amp;quot;:\&amp;quot;1-0-38\&amp;quot;,\&amp;quot;ck_on\&amp;quot;:1,\&amp;quot;flash_ver\&amp;quot;:\&amp;quot;0\&amp;quot;}}&amp;quot;,&amp;quot;reportCreativeGeometry&amp;quot;:false,&amp;quot;isDifferentSourceWindow&amp;quot;:false,&amp;quot;goog_safeframe_hlt&amp;quot;:{}}&quot; scrolling=&quot;no&quot; marginwidth=&quot;0&quot; marginheight=&quot;0&quot; width=&quot;&quot; height=&quot;&quot; data-is-safeframe=&quot;true&quot; sandbox=&quot;allow-forms allow-popups allow-popups-to-escape-sandbox allow-same-origin allow-scripts allow-top-navigation-by-user-activation&quot; allow=&quot;autoplay&quot; role=&quot;region&quot; aria-label=&quot;Advertisement&quot; tabindex=&quot;0&quot; data-google-container-id=&quot;1&quot; style=&quot;border: 0px !important; vertical-align: bottom !important; width: 100vw !important; height: 100vh !important; inset: 0px auto auto 0px !important; position: absolute !important; clear: none !important; display: inline !important; float: none !important; margin: 0px !important; max-height: none !important; max-width: none !important; opacity: 1 !important; overflow: visible !important; padding: 0px !important; visibility: visible !important; z-index: auto !important;&quot;&gt;&lt;/iframe&gt;
  (Session info: chrome=103.0.5060.53)
Build info: version: &#039;3.141.59&#039;, revision: &#039;e82be7d358&#039;, time: &#039;2018-11-14T08:25:48&#039;
System info: host: &#039;PRAVIN&#039;, ip: &#039;192.168.1.4&#039;, os.name: &#039;Windows 10&#039;, os.arch: &#039;amd64&#039;, os.version: &#039;10.0&#039;, java.version: &#039;1.8.0_162-ea&#039;
Driver info: org.openqa.selenium.chrome.ChromeDriver
Capabilities {acceptInsecureCerts: false, browserName: chrome, browserVersion: 103.0.5060.53, chrome: {chromedriverVersion: 103.0.5060.53 (a1711811edd7..., userDataDir: C:\Users\Dell\AppData\Local...}, goog:chromeOptions: {debuggerAddress: localhost:56052}, javascriptEnabled: true, networkConnectionEnabled: false, pageLoadStrategy: normal, platform: WINDOWS, platformName: WINDOWS, proxy: Proxy(), setWindowRect: true, strictFileInteractability: false, timeouts: {implicit: 0, pageLoad: 300000, script: 30000}, unhandledPromptBehavior: dismiss and notify, webauthn:extension:credBlob: true, webauthn:extension:largeBlob: true, webauthn:virtualAuthenticators: true}
Session ID: 63fbbd5d8d2276d1c64de9fd30f5fca8">
      <![CDATA[org.openqa.selenium.ElementClickInterceptedException: element click intercepted: Element <input type="submit" name="submit" value="Submit" style="background-color: #FACB00;border: 1px solid black;font-family:MS Sans Serif;font-size:15px;"> is not clickable at point (585, 440). Other element would receive the click: <iframe frameborder="0" src="https://444cd996b64a77756e77e9ee22f87240.safeframe.googlesyndication.com/safeframe/1-0-38/html/container.html" id="google_ads_iframe_/24132379/INTERSTITIAL_DemoGuru99_0" title="3rd party ad content" name="1-0-38;114120;<!doctype html><html ><head><link href='//fonts.googleapis.com/css2?family=Roboto:wght@400;700&amp;display=swap' rel='stylesheet' type='text/css'><style>* {margin: 0;padding: 0;outline: none;}body {background: rgba(52, 58, 65, 0.600000);backdrop-filter: blur(15px); /*potential issue: minimal browser support*/-webkit-backdrop-filter: blur(15px); /*for safari*/height: 100%;}#ad_iframe {box-shadow: 0 !important;display: block;left: auto;margin: 0 auto;position: relative;top: auto;}.creative {transition: opacity 1s;-webkit-transition: opacity 1s;position: relative;}#card {background-color: #fff;border-radius: 6px;padding: 0 6px 1px;position: relative;box-shadow: 0px 8px 12px rgba(60, 64, 67, 0.15), 0px 4px 4px rgba(60, 64, 67, 0.3);}html {height: 100%;}.toprow {width: 100%;display: table;height: 24px;background-color: #fff;}.btn {display: table;transition: opacity 1s, background .75s;-webkit-transition: opacity 1s, background .75s;-moz-transition: opacity 1s, background .75s;-o-transition: opacity 1s, background .75s;background: transparent;color: #fff;}.btn>div {display: table-cell;vertical-align: middle;}.skip {opacity: 0.95;padding: 12px 12px 0;float: right;}.skip svg {height: 1.5em;width: 1.5em;margin-left: -0.5em;margin-right: -0.5em;vertical-align: middle;padding-bottom: 1px;}.report {opacity: 0.55;padding: 12px 2px 0;float: right;cursor: pointer;visibility: visible;}.heading {font-size: 12px;font-weight: 700;font-family: 'Roboto', arial, sans-serif;color: #202124;position: relative;height: 25px;padding: 12px 16px 0;float: left;}.report svg {height: 1.5em;width: 1.5em;margin-left: -0.3em;margin-right: -0.3em;vertical-align: middle;padding-bottom: 1px;}.attribution {position: relative;padding: 0;margin: 12px 4px 0;float: right;}#ad_position_box {display: flex;align-items: center;justify-content: center;height: 100%;width: 100%;}</style></head><body><div id=&quot;ad_position_box&quot;><div id=&quot;card&quot;><div class=&quot;toprow&quot;><div id=&quot;heading&quot; class=&quot;btn heading&quot;><div class=&quot;text&quot;>Ad</div></div><div id=&quot;report-button&quot; class=&quot;btn report&quot;><svg viewBox=&quot;0 0 14 24&quot; fill=&quot;none&quot;><path fill-rule=&quot;evenodd&quot; clip-rule=&quot;evenodd&quot; d=&quot;M2 8C3.1 8 4 7.1 4 6C4 4.9 3.1 4 2 4C0.9 4 0 4.9 0 6C0 7.1 0.9 8 2 8ZM2 10C0.9 10 0 10.9 0 12C0 13.1 0.9 14 2 14C3.1 14 4 13.1 4 12C4 10.9 3.1 10 2 10ZM0 18C0 16.9 0.9 16 2 16C3.1 16 4 16.9 4 18C4 19.1 3.1 20 2 20C0.9 20 0 19.1 0 18Z&quot; fill=&quot;#5F6368&quot;/></svg></div><div id=&quot;attribution&quot; class=&quot;btn attribution&quot;></div></div><div class=&quot;creative&quot; id=&quot;creative&quot;><iframe title=&quot;Advertisement&quot; id=&quot;ad_iframe&quot; name=&quot;ad_iframe&quot; scrolling=&quot;no&quot; src=&quot;about:blank&quot;frameborder=&quot;0&quot;width=&quot;588px&quot; height=&quot;235px&quot;style=&quot;border: 0px; vertical-align: bottom; width: 588px; height: 235px;&quot;></iframe><script>var doc = document.getElementById('ad_iframe').contentWindow.document;doc.open('text/html', 'replace');doc.write('\x3c!DOCTYPE html\x3e\x3chtml lang\x3den\x3e\x3chead\x3e\x3cmeta charset\x3d\x22UTF-8\x22\x3e\x3cscript\x3evar jscVersion \x3d \x27r20220616\x27;\x3c/script\x3e\x3cscript\x3evar google_casm\x3d[];\x3c/script\x3e\x3cstyle\x3eHTML,BODY{height:100%;width:100%;margin:0;padding:0;overflow:hidden;}#mys-wrapper{height:100%;width:100%;overflow:hidden;position:absolute;top:0;left:0;align-items:center;display:flex;justify-content:center;line-height:normal;}#mys-overlay{height:100%;width:100%;overflow:hidden;position:absolute;top:0;left:0;box-sizing:border-box;pointer-events:none;z-index:1;display:none;}.mys-wrapper A,.mys-wrapper A:visited,.mys-wrapper A:hover,.mys-wrapper A:active{color:inherit;cursor:pointer;text-decoration:inherit;}[dir\x3drtl] .flip-on-rtl{transform:scale(-1,1);transform-origin:center;}#mys-content{flex-shrink:0;position:relative;overflow:hidden;z-index:0;}\x3c/style\x3e\x3cstyle x-ns-jqu3j-l\x3d\x22large-banner-eta-vanilla\x22 x-phase\x3d\x22assemble\x22\x3e.ns-jqu3j-l-large-banner-eta-vanilla{opacity:.01;position:absolute;top:0;left:0;display:block;width:588px;height:235px;}.ns-jqu3j-e-0{line-height:1.3;box-sizing:border-box;display:flex;flex-direction:column;font-family:Google Sans,sans-serif;font-size:10px;height:100%;width:100%;}.ns-jqu3j-e-1{line-height:1.3;box-sizing:border-box;display:flex;flex-direction:column;flex-grow:1;height:100%;}.ns-jqu3j-e-2{line-height:1.3;box-sizing:border-box;display:flex;flex-direction:column;flex-grow:1;}.ns-jqu3j-e-3,.ns-jqu3j-e-5{box-sizing:border-box;font-weight:500;line-height:1.3;letter-spacing:0.02em;}.ns-jqu3j-e-7{box-sizing:border-box;font-weight:400;line-height:1.3;letter-spacing:0.02em;}.ns-jqu3j-e-9{line-height:1.3;box-sizing:border-box;display:flex;flex-direction:column;}.ns-jqu3j-e-10{line-height:1.3;box-sizing:border-box;flex-grow:1;}.ns-jqu3j-e-11{line-height:1.3;box-sizing:border-box;display:flex;align-items:center;flex-direction:row;flex-grow:1;}.ns-jqu3j-e-12{line-height:1.3;box-sizing:border-box;width:100%;}.ns-jqu3j-e-13{box-sizing:border-box;font-weight:400;line-height:1.5;text-align:left;white-space:nowrap;}.ns-jqu3j-e-15{line-height:1.3;box-sizing:border-box;min-width:5px;}.ns-jqu3j-e-16{box-sizing:border-box;font-weight:400;text-align:center;width:50%;display:flex;align-items:center;justify-content:center;}.ns-jqu3j-e-17,.ns-jqu3j-e-21{line-height:1.3;}.ns-jqu3j-e-18,.ns-jqu3j-e-22{display:inline;}.ns-jqu3j-e-19{line-height:1.3;box-sizing:border-box;min-width:20px;}.ns-jqu3j-e-20{font-weight:400;text-align:center;width:50%;display:flex;align-items:center;justify-content:center;}.ns-jqu3j-v-11 .ns-jqu3j-e-2{padding:5.52px 15.35px;}.ns-jqu3j-v-11 .ns-jqu3j-e-3{font-size:32.2px;padding:0;}.ns-jqu3j-v-11 .ns-jqu3j-e-5{font-size:24.4px;padding:6.82px 0 0;}.ns-jqu3j-v-11 .ns-jqu3j-e-7{font-size:22.4px;padding:6.82px 0 0;}.ns-jqu3j-v-11 .ns-jqu3j-e-10{padding:12.34px 16.35px 26.35px;}.ns-jqu3j-v-11 .ns-jqu3j-e-13{font-size:16.3px;padding:9.17px 0 0;}.ns-jqu3j-v-11 .ns-jqu3j-e-16,.ns-jqu3j-v-11 .ns-jqu3j-e-20{font-size:13.35px;height:34.5px;line-height:34.5px;max-height:34.5px;}\x3c/style\x3e\x3cstyle x-ns-jqu3j-l\x3d\x22large-banner-eta-vanilla\x22 x-phase\x3d\x22decorate\x22\x3e.ns-jqu3j-l-large-banner-eta-vanilla{opacity:1;position:relative;}.title:hover,.title-line1:hover,.title-line2:hover{color:rgba(0,0,0,0.59);text-decoration:none;}.body:hover{color:rgba(0,0,0,0.4);text-decoration:none;}.url:hover{color:#646464;text-decoration:none;}.ns-jqu3j-e-2,.ns-jqu3j-e-10{background-color:#fff;}.ns-jqu3j-e-3,.ns-jqu3j-e-5{color:rgba(0,0,0,0.79);font-family:\x22Google Sans\x22, \x22Roboto\x22,Google Sans,sans-serif;}.ns-jqu3j-e-4,.ns-jqu3j-e-6,.ns-jqu3j-e-8,.ns-jqu3j-e-14{text-decoration:none;white-space:nowrap;}.ns-jqu3j-e-7{color:rgba(0,0,0,0.6);font-family:\x22Google Sans\x22, \x22Roboto\x22,Google Sans,sans-serif;}.ns-jqu3j-e-13{color:rgba(0,0,0,0.4);font-family:\x22Google Sans\x22, \x22Roboto\x22,Google Sans,sans-serif;}.ns-jqu3j-e-16{border-radius:4px;box-shadow:0 6px 12px rgba(134,140,150,0.65);cursor:pointer;background-color:#fff;outline:none;}.ns-jqu3j-e-17{color:#534d4d;font-family:\x22Google Sans\x22, \x22Roboto\x22,Google Sans,sans-serif;}.ns-jqu3j-e-18,.ns-jqu3j-e-22{white-space:nowrap;}.ns-jqu3j-e-20{text-decoration:none;border-radius:4px;box-shadow:0 6px 12px rgba(134,140,150,0.65);cursor:pointer;background-color:#0088ff;}.ns-jqu3j-e-21{color:#fff;font-family:\x22Google Sans\x22, \x22Roboto\x22,Google Sans,sans-serif;}\x3c/style\x3e\x3clink as\x3d\x22style\x22 data-reload-stylesheet\x3d\x22true\x22 href\x3d\x22https://fonts.googleapis.com/css?family\x3dGoogle%20Sans%3A400%2C500\x22 rel\x3d\x22preload\x22\x3e\x3cscript\x3e\x3c/script\x3e\x3cscript data-jc\x3d\x2253\x22 data-jc-version\x3d\x22r20220616\x22\x3e(function(){/*  Copyright The Closure Library Authors. SPDX-License-Identifier: Apache-2.0 */ \x27use strict\x27;var g\x3dthis||self;/*  SPDX-License-Identifier: Apache-2.0 */ function l(a){let b\x3d!1,c;return function(){b||(c\x3da(),b\x3d!0);return c}};var m\x3d{capture:!0},n\x3dl(function(){let a\x3d!1;try{const b\x3dObject.defineProperty({},\x22passive\x22,{get:function(){a\x3d!0}});g.addEventListener(\x22test\x22,null,b)}catch(b){}return a});function p(a,b,c,d){if(a.addEventListener){var f\x3da.addEventListener;d\x3dd?d.passive\x26\x26n()?d:d.capture||!1:!1;f.call(a,b,c,d)}};function q(a,b){if(!a||!b)return!1;if(a.contains\x26\x261\x3d\x3db.nodeType)return a\x3d\x3db||a.contains(b);if(\x22undefined\x22!\x3dtypeof a.compareDocumentPosition)return a\x3d\x3db||!!(a.compareDocumentPosition(b)\x2616);for(;b\x26\x26a!\x3db;)b\x3db.parentNode;return b\x3d\x3da};var r\x3ddocument;let t\x3dnull;var v\x3d()\x3d\x3e{const a\x3dg.performance;return a\x26\x26a.now\x26\x26a.timing?Math.floor(a.now()+a.timing.navigationStart):Date.now()},w\x3d()\x3d\x3e{const a\x3dg.performance;return a\x26\x26a.now?a.now():null};class x{constructor(a,b){var c\x3dw()||v();this.label\x3da;this.type\x3db;this.value\x3dc;this.duration\x3d0;this.uniqueId\x3dMath.random();this.taskId\x3dthis.slotId\x3dvoid 0}};const z\x3dg.performance,A\x3d!!(z\x26\x26z.mark\x26\x26z.measure\x26\x26z.clearMarks),D\x3dl(()\x3d\x3e{var a;if(a\x3dA){var b;if(null\x3d\x3d\x3dt){t\x3d\x22\x22;try{a\x3d\x22\x22;try{a\x3dg.top.location.hash}catch(c){a\x3dg.location.hash}a\x26\x26(t\x3d(b\x3da.match(/\\bdeid\x3d([\\d,]+)/))?b[1]:\x22\x22)}catch(c){}}b\x3dt;a\x3d!!b.indexOf\x26\x260\x3c\x3db.indexOf(\x221337\x22)}return a});function E(a){a\x26\x26z\x26\x26D()\x26\x26(z.clearMarks(`goog_${a.label}_${a.uniqueId}_start`),z.clearMarks(`goog_${a.label}_${a.uniqueId}_end`))} class F{constructor(){var a\x3dwindow;this.g\x3d[];this.i\x3da||g;let b\x3dnull;a\x26\x26(a.google_js_reporting_queue\x3da.google_js_reporting_queue||[],this.g\x3da.google_js_reporting_queue,b\x3da.google_measure_js_timing);this.h\x3dD()||(null!\x3db?b:1\x3eMath.random())}start(a,b){if(!this.h)return null;a\x3dnew x(a,b);b\x3d`goog_${a.label}_${a.uniqueId}_start`;z\x26\x26D()\x26\x26z.mark(b);return a}end(a){if(this.h\x26\x26\x22number\x22\x3d\x3d\x3dtypeof a.value){a.duration\x3d(w()||v())-a.value;var b\x3d`goog_${a.label}_${a.uniqueId}_end`;z\x26\x26D()\x26\x26z.mark(b);!this.h||2048\x3cthis.g.length|| this.g.push(a)}}};const G\x3dnew F;var H\x3d()\x3d\x3e{window.google_measure_js_timing||(G.h\x3d!1,G.g!\x3dG.i.google_js_reporting_queue\x26\x26(D()\x26\x26Array.prototype.forEach.call(G.g,E,void 0),G.g.length\x3d0))};\x22number\x22!\x3d\x3dtypeof window.google_srt\x26\x26(window.google_srt\x3dMath.random());\x22complete\x22\x3d\x3dwindow.document.readyState?H():G.h\x26\x26p(window,\x22load\x22,()\x3d\x3e{H()});var I\x3d(a,b,c,d,f)\x3d\x3e{window.css?window.css(b,c,d,f,void 0):a\x26\x26(b\x3da.href,f?d\x3db+(\x22\x26\x22+c+\x22\x3d\x22+d):(f\x3d\x22\x26\x22+c+\x22\x3d\x22,c\x3db.indexOf(f),0\x3ec?d\x3db+f+d:(c+\x3df.length,f\x3db.indexOf(\x22\x26\x22,c),d\x3d0\x3c\x3df?b.substring(0,c)+d+b.substring(f):b.substring(0,c)+d)),a.href\x3d2E3\x3cd.length?b:d)};let J\x3d!1,K\x3d!1,L\x3dnull;const M\x3d()\x3d\x3e{p?.(document,\x22click\x22,a\x3d\x3e{L\x3da},m)};var N\x3d()\x3d\x3e{const a\x3dL;return a?J||K?!1:(a.preventDefault?a.preventDefault():a.returnValue\x3d!1,!0):!1},O\x3d()\x3d\x3e{p(document,\x22mousedown\x22,()\x3d\x3e{J\x3d!0});p(document,\x22keydown\x22,()\x3d\x3e{K\x3d!0});M()};var Q\x3d(a,b\x3d17)\x3d\x3e{if(0\x3eb||Math.floor(b)!\x3d\x3db)b\x3d17;P(a,b)},R\x3d(a,b)\x3d\x3e{P(a,b||1)},S\x3da\x3d\x3e{P(a,2)},T\x3d(a,b)\x3d\x3e{P(a,b||0)};let U\x3d{},V\x3d!0;const P\x3d(a,b)\x3d\x3e{var c;if(c\x3dV)void 0\x3d\x3d\x3dU[a]\x26\x26(U[a]\x3d[]),(c\x3dU[a][b])||(U[a][b]\x3d!0);c||I(document.getElementById(a),a,\x22nb\x22,b,V)};function W(a,b,c){const d\x3da.id||\x22\x22;I(a,d,\x22nx\x22,b);I(a,d,\x22ny\x22,c)}var aa\x3dclass{constructor(){this.g\x3dthis.h\x3dnull;r.addEventListener\x26\x26r.addEventListener(\x22mousedown\x22,a\x3d\x3e{this.h\x3da},!0);p(r,\x22DOMContentLoaded\x22,()\x3d\x3e{this.g\x3dr.getElementById(\x22common_15click_anchor\x22)})}};const ba\x3d[0,2,1];let X\x3dnull;var Y\x3da\x3d\x3e{if(a){var b;{const c\x3dwindow.event||X;c?((b\x3dc.which?1\x3c\x3cba[c.which-1]:c.button)\x26\x26c.shiftKey\x26\x26(b|\x3d8),b\x26\x26c.altKey\x26\x26(b|\x3d16),b\x26\x26c.ctrlKey\x26\x26(b|\x3d32)):b\x3dnull}b\x26\x26I(a,a.id,\x22mb\x22,b)}};document.addEventListener\x26\x26document.addEventListener(\x22mousedown\x22,a\x3d\x3e{X\x3da},!0);window.mb\x3dY;var Z\x3d{},ca\x3d(a,b\x3d2,c\x3d\x22\x22)\x3d\x3e{c\x3dc?c:a;1!\x3d\x3db\x26\x26(void 0\x3d\x3d\x3dZ[c]?Z[c]\x3d1:Z[c]++);0!\x3d\x3db\x26\x26Z[c]\x26\x26I(document.getElementById(a),a,\x22nm\x22,Z[c])};window.init_ssb\x3d(a,b,c,d,f,da)\x3d\x3e{const k\x3dwindow;a\x26\x26(O(),k.accbk\x3dN);b\x26\x26(da\x26\x26(V\x3d!1),k.cla\x3dQ,k.cll\x3dR,k.clb\x3dS,k.clh\x3dT);if(c){const y\x3dnew aa;k.xy\x3d(e,B,h)\x3d\x3e{h\x3dh||B;const u\x3de||y.h;if(u\x26\x26B\x26\x26h\x26\x26!q(y.g,u.target)\x26\x26(e\x3dr.querySelector(\x22a.one-point-five-click.rhbutton\x22),!e||(e.classList?e.classList.contains(\x22preexpanded\x22):0\x3c\x3dArray.prototype.indexOf.call(e.classList?e.classList:(\x22string\x22\x3d\x3dtypeof e.className?e.className:e.getAttribute\x26\x26e.getAttribute(\x22class\x22)||\x22\x22).match(/\\S+/g)||[],\x22preexpanded\x22,void 0))||!q(e,u.target))){var C\x3d Math.round(u.clientX-h.offsetLeft);h\x3dMath.round(u.clientY-h.offsetTop);W(B,C,h);y.g\x26\x26W(y.g,C,h);e\x26\x26W(e,C,h)}}}d\x26\x26(k.mb\x3dY);f\x26\x26(k.ss\x3dca)};}).call(this);\x3c/script\x3e\x3cscript\x3einit_ssb(true,true,true,false,false,false);\x3c/script\x3e\x3cscript\x3eif (typeof(ss) \x3d\x3d\x3d \x22undefined\x22) { ss \x3d function(){}; }function st(id) {var a \x3d document.getElementById(id);if (a) {xy(window.event, a);}}function ha(a,x){  clh(a,x);if (accbk()) return;}function ia(a,e,x) {if (accbk()) return;cll(a,x);}function ja(a,x) {if (accbk()) return;cla(a,x);}function ga(o,e,x) {if (document.getElementById) {var a\x3do.id.substring(1),p\x3d\x22\x22,r\x3d\x22\x22,g\x3de.target,t,f,h;if (g) {t\x3dg.id;f\x3dg.parentNode;if (f) {p\x3df.id;h\x3df.parentNode;if (h)r\x3dh.id;}} else {h\x3de.srcElement;f\x3dh.parentNode;if (f)p\x3df.id;t\x3dh.id;}if (t\x3d\x3da||p\x3d\x3da||r\x3d\x3da)return true;ia(a,e,x);top.location.href\x3ddocument.getElementById(a).href;}}\x3c/script\x3e\x3cscript\x3ewindow.dicnf \x3d {umi: true,};\x3c/script\x3e\x3cscript data-jc\x3d\x2240\x22 data-jc-version\x3d\x22r20220616\x22 data-jc-flags\x3d\x22[\x26quot;x%278446\x26#39;9efotm(\x26amp;20067;\x26gt;8\x26amp;\x26gt;`dopb/%\x26lt;1732261!\x3d|vqc)!7201061?\x26#39;9efotmy\x26quot;]\x22\x3e(function(){/*  Copyright The Closure Library Authors. SPDX-License-Identifier: Apache-2.0 */ \x27use strict\x27;var p\x3dthis||self;function t(a){t[\x22 \x22](a);return a}t[\x22 \x22]\x3dfunction(){};var aa\x3d{},u\x3dnull; function ba(a,b){void 0\x3d\x3d\x3db\x26\x26(b\x3d0);if(!u){u\x3d{};for(var c\x3d\x22ABCDEFGHIJKLMNOPQRSTUVWXYZabcdefghijklmnopqrstuvwxyz0123456789\x22.split(\x22\x22),d\x3d[\x22+/\x3d\x22,\x22+/\x22,\x22-_\x3d\x22,\x22-_.\x22,\x22-_\x22],e\x3d0;5\x3ee;e++){var f\x3dc.concat(d[e].split(\x22\x22));aa[e]\x3df;for(var g\x3d0;g\x3cf.length;g++){var h\x3df[g];void 0\x3d\x3d\x3du[h]\x26\x26(u[h]\x3dg)}}}b\x3daa[b];c\x3dArray(Math.floor(a.length/3));d\x3db[64]||\x22\x22;for(e\x3df\x3d0;f\x3ca.length-2;f+\x3d3){var k\x3da[f],l\x3da[f+1];h\x3da[f+2];g\x3db[k\x3e\x3e2];k\x3db[(k\x263)\x3c\x3c4|l\x3e\x3e4];l\x3db[(l\x2615)\x3c\x3c2|h\x3e\x3e6];h\x3db[h\x2663];c[e++]\x3dg+k+l+h}g\x3d0;h\x3dd;switch(a.length-f){case 2:g\x3d a[f+1],h\x3db[(g\x2615)\x3c\x3c2]||d;case 1:a\x3da[f],c[e]\x3db[a\x3e\x3e2]+b[(a\x263)\x3c\x3c4|g\x3e\x3e4]+h+d}return c.join(\x22\x22)};var ca\x3d\x22undefined\x22!\x3d\x3dtypeof Uint8Array;const v\x3dSymbol(void 0);function da(a,b){Object.isFrozen(a)||(v?a[v]|\x3db:void 0!\x3d\x3da.m?a.m|\x3db:Object.defineProperties(a,{m:{value:b,configurable:!0,writable:!0,enumerable:!1}}))}function ea(a){let b;v?b\x3da[v]:b\x3da.m;return null\x3d\x3db?0:b}function A(a){da(a,1);return a}function ka(a){return Array.isArray(a)?!!(ea(a)\x262):!1};function la(a){return null!\x3d\x3da\x26\x26\x22object\x22\x3d\x3d\x3dtypeof a\x26\x26!Array.isArray(a)\x26\x26a.constructor\x3d\x3d\x3dObject}let B;var C\x3dObject.freeze(A([]));function ma(a){if(ka(a.l))throw Error(\x22Cannot mutate an immutable Message\x22);}function na(a){return{value:a,configurable:!1,writable:!1,enumerable:!1}};function oa(a){switch(typeof a){case \x22number\x22:return isFinite(a)?a:String(a);case \x22object\x22:if(a\x26\x26!Array.isArray(a)\x26\x26ca\x26\x26null!\x3da\x26\x26a instanceof Uint8Array)return ba(a)}return a};function pa(a,b\x3dqa){return ra(a,b)}function sa(a,b){if(null!\x3da){if(Array.isArray(a))a\x3dra(a,b);else if(la(a)){const c\x3d{};for(let d in a)c[d]\x3dsa(a[d],b);a\x3dc}else a\x3db(a);return a}}function ra(a,b){const c\x3da.slice();for(let d\x3d0;d\x3cc.length;d++)c[d]\x3dsa(c[d],b);Array.isArray(a)\x26\x26ea(a)\x261\x26\x26A(c);return c}function ta(a){if(a\x26\x26\x22object\x22\x3d\x3dtypeof a\x26\x26a.toJSON)return a.toJSON();a\x3doa(a);return Array.isArray(a)?pa(a,ta):a}function qa(a){return ca\x26\x26null!\x3da\x26\x26a instanceof Uint8Array?new Uint8Array(a):a};function D(a,b,c){ma(a);b\x3ca.h?a.l[b+a.g]\x3dc:(a.i||(a.i\x3da.l[a.h+a.g]\x3d{}))[b]\x3dc;return a};var va\x3dclass{constructor(a,b,c){a||(a\x3dua);ua\x3dnull;var d\x3dthis.constructor.h;a||(a\x3dd?[d]:[]);this.g\x3d(d?0:-1)-(this.constructor.g||0);this.j\x3dvoid 0;this.l\x3da;a:{d\x3dthis.l.length;a\x3dd-1;if(d\x26\x26(d\x3dthis.l[a],la(d))){this.h\x3da-this.g;this.i\x3dd;break a}void 0!\x3d\x3db\x26\x26-1\x3cb?(this.h\x3dMath.max(b,a+1-this.g),this.i\x3dvoid 0):this.h\x3dNumber.MAX_VALUE}if(c)for(b\x3d0;b\x3cc.length;b++)if(a\x3dc[b],a\x3cthis.h)a+\x3dthis.g,(d\x3dthis.l[a])?Array.isArray(d)\x26\x26A(d):this.l[a]\x3dC;else{d\x3dthis.i||(this.i\x3dthis.l[this.h+this.g]\x3d{});let e\x3dd[a];e?Array.isArray(e)\x26\x26 A(e):d[a]\x3dC}}toJSON(){const a\x3dthis.l;return B?a:pa(a,ta)}};va.prototype.toString\x3dfunction(){return this.l.toString()};function wa(a,b){return oa(b)}let ua;var xa\x3dclass extends va{};Object.defineProperties(xa,{[Symbol.hasInstance]:na(()\x3d\x3e{throw Error(\x22Cannot perform instanceof checks for MutableMessage\x22);})});class E extends xa{}Object.defineProperties(E,{[Symbol.hasInstance]:na(Object[Symbol.hasInstance])});var F\x3dclass{constructor(a,b\x3d!1){this.key\x3da;this.defaultValue\x3db;this.valueType\x3d\x22boolean\x22}};var ya\x3dnew F(\x22100000\x22),za\x3dnew F(\x2245368259\x22),Aa\x3dnew F(\x2245357156\x22,!0),Ba\x3dnew F(\x2245350890\x22);var G\x3d(a,b)\x3d\x3e\x22\x26adurl\x3d\x22\x3d\x3da.substring(a.length-7)?a.substring(0,a.length-7)+b+\x22\x26adurl\x3d\x22:a+b;let I\x3dp.dicnf||{};/*  SPDX-License-Identifier: Apache-2.0 */ function J(a,b,c){a.addEventListener\x26\x26a.addEventListener(b,c,!1)}function K(a,b,c){a.removeEventListener\x26\x26a.removeEventListener(b,c,!1)};var Ca\x3dRegExp(\x22^(?:([^:/?#.]+):)?(?://(?:([^\\\\\\\\/?#]*)@)?([^\\\\\\\\/?#]*?)(?::([0-9]+))?(?\x3d[\\\\\\\\/?#]|$))?([^?#]+)?(?:\\\\?([^#]*))?(?:#([\\\\s\\\\S]*))?$\x22);function Da(){if(!globalThis.crypto)return Math.random();try{const a\x3dnew Uint32Array(1);globalThis.crypto.getRandomValues(a);return a[0]/65536/65536}catch{return Math.random()}}function Ea(a,b){if(a)for(const c in a)Object.prototype.hasOwnProperty.call(a,c)\x26\x26b(a[c],c,a)}let L\x3d[];const M\x3d()\x3d\x3e{const a\x3dL;L\x3d[];for(const b of a)try{b()}catch{}}; var Fa\x3d(a,b)\x3d\x3e{\x22complete\x22\x3d\x3d\x3da.readyState||\x22interactive\x22\x3d\x3d\x3da.readyState?(L.push(b),1\x3d\x3dL.length\x26\x26(window.Promise?Promise.resolve().then(M):window.setImmediate?setImmediate(M):setTimeout(M,0))):a.addEventListener(\x22DOMContentLoaded\x22,b)};function Ga(a\x3ddocument){return a.createElement(\x22img\x22)};function N(a,b,c\x3dnull,d\x3d!1){Ha(a,b,c,d)}function Ha(a,b,c,d){a.google_image_requests||(a.google_image_requests\x3d[]);const e\x3dGa(a.document);if(c||d){const f\x3dg\x3d\x3e{c\x26\x26c(g);if(d){g\x3da.google_image_requests;const h\x3dArray.prototype.indexOf.call(g,e,void 0);0\x3c\x3dh\x26\x26Array.prototype.splice.call(g,h,1)}K(e,\x22load\x22,f);K(e,\x22error\x22,f)};J(e,\x22load\x22,f);J(e,\x22error\x22,f)}e.src\x3db;a.google_image_requests.push(e)};let O\x3d0;function Ia(a,b\x3dnull){return b\x26\x26b.getAttribute(\x22data-jc\x22)\x3d\x3d\x3dString(a)?b:document.querySelector(`[${\x22data-jc\x22}\x3d\x22${a}\x22]`)};function P(a){Ja||(Ja\x3dnew Ka);const b\x3dJa.g[a.key];if(\x22proto\x22\x3d\x3d\x3da.valueType){try{const c\x3dJSON.parse(b);if(Array.isArray(c))return c}catch(c){}return a.defaultValue}return typeof b\x3d\x3d\x3dtypeof a.defaultValue?b:a.defaultValue}var La\x3dclass{constructor(){this.g\x3d{}}};var Ka\x3dclass extends La{constructor(){super();var a\x3dIa(O,document.currentScript);a\x3da\x26\x26a.getAttribute(\x22data-jc-flags\x22)||\x22\x22;try{const b\x3dJSON.parse(a)[0];a\x3d\x22\x22;for(let c\x3d0;c\x3cb.length;c++)a+\x3dString.fromCharCode(b.charCodeAt(c)^\x22\\u0003\\u0007\\u0003\\u0007\\b\\u0004\\u0004\\u0006\\u0005\\u0003\x22.charCodeAt(c%10));this.g\x3dJSON.parse(a)}catch(b){}}},Ja;var Ma\x3dwindow;class Na{constructor(a,b){this.error\x3da;this.context\x3db.context;this.msg\x3db.message||\x22\x22;this.id\x3db.id||\x22jserror\x22;this.meta\x3d{}}};const Sa\x3dRegExp(\x22^https?://(\\\\w|-)+\\\\.cdn\\\\.ampproject\\\\.(net|org)(\\\\?|/|$)\x22);var Ta\x3dclass{constructor(a,b){this.g\x3da;this.h\x3db}},Ua\x3dclass{constructor(a,b){this.url\x3da;this.v\x3d!!b;this.depth\x3dnull}};function Q(a,b){const c\x3d{};c[a]\x3db;return[c]}function Va(a,b,c,d,e){const f\x3d[];Ea(a,function(g,h){(g\x3dWa(g,b,c,d,e))\x26\x26f.push(h+\x22\x3d\x22+g)});return f.join(b)} function Wa(a,b,c,d,e){if(null\x3d\x3da)return\x22\x22;b\x3db||\x22\x26\x22;c\x3dc||\x22,$\x22;\x22string\x22\x3d\x3dtypeof c\x26\x26(c\x3dc.split(\x22\x22));if(a instanceof Array){if(d\x3dd||0,d\x3cc.length){const f\x3d[];for(let g\x3d0;g\x3ca.length;g++)f.push(Wa(a[g],b,c,d+1,e));return f.join(c[d])}}else if(\x22object\x22\x3d\x3dtypeof a)return e\x3de||0,2\x3ee?encodeURIComponent(Va(a,b,c,d,e+1)):\x22...\x22;return encodeURIComponent(String(a))}function Xa(a){let b\x3d1;for(const c in a.h)b\x3dc.length\x3eb?c.length:b;return 3997-b-a.i.length-1} function Ya(a,b,c){b\x3db+\x22//pagead2.googlesyndication.com\x22+c;let d\x3dXa(a)-c.length;if(0\x3ed)return\x22\x22;a.g.sort(function(f,g){return f-g});c\x3dnull;let e\x3d\x22\x22;for(let f\x3d0;f\x3ca.g.length;f++){const g\x3da.g[f],h\x3da.h[g];for(let k\x3d0;k\x3ch.length;k++){if(!d){c\x3dnull\x3d\x3dc?g:c;break}let l\x3dVa(h[k],a.i,\x22,$\x22);if(l){l\x3de+l;if(d\x3e\x3dl.length){d-\x3dl.length;b+\x3dl;e\x3da.i;break}c\x3dnull\x3d\x3dc?g:c}}}a\x3d\x22\x22;null!\x3dc\x26\x26(a\x3de+\x22trn\x3d\x22+c);return b+a}class Za{constructor(){this.i\x3d\x22\x26\x22;this.h\x3d{};this.j\x3d0;this.g\x3d[]}};function $a(){var a\x3dS,b\x3dwindow.google_srt;0\x3c\x3db\x26\x261\x3e\x3db\x26\x26(a.g\x3db)}function ab(a,b,c,d,e,f){if((d?a.g:Math.random())\x3c(e||.01))try{let g;c instanceof Za?g\x3dc:(g\x3dnew Za,Ea(c,(k,l)\x3d\x3e{var n\x3dg;const m\x3dn.j++;k\x3dQ(l,k);n.g.push(m);n.h[m]\x3dk}));const h\x3dYa(g,a.h,\x22/pagead/gen_204?id\x3d\x22+b+\x22\x26\x22);h\x26\x26(\x22undefined\x22!\x3d\x3dtypeof f?N(p,h,f):N(p,h))}catch(g){}}class bb{constructor(){this.h\x3d\x22http:\x22\x3d\x3d\x3dMa.location.protocol?\x22http:\x22:\x22https:\x22;this.g\x3dMath.random()}};let T\x3dnull;var cb\x3d()\x3d\x3e{const a\x3dp.performance;return a\x26\x26a.now\x26\x26a.timing?Math.floor(a.now()+a.timing.navigationStart):Date.now()},db\x3d()\x3d\x3e{const a\x3dp.performance;return a\x26\x26a.now?a.now():null};class eb{constructor(a,b){var c\x3ddb()||cb();this.label\x3da;this.type\x3db;this.value\x3dc;this.duration\x3d0;this.uniqueId\x3dMath.random();this.taskId\x3dthis.slotId\x3dvoid 0}};const U\x3dp.performance,fb\x3d!!(U\x26\x26U.mark\x26\x26U.measure\x26\x26U.clearMarks),V\x3dfunction(a){let b\x3d!1,c;return function(){b||(c\x3da(),b\x3d!0);return c}}(()\x3d\x3e{var a;if(a\x3dfb){var b;if(null\x3d\x3d\x3dT){T\x3d\x22\x22;try{a\x3d\x22\x22;try{a\x3dp.top.location.hash}catch(c){a\x3dp.location.hash}a\x26\x26(T\x3d(b\x3da.match(/\\bdeid\x3d([\\d,]+)/))?b[1]:\x22\x22)}catch(c){}}b\x3dT;a\x3d!!b.indexOf\x26\x260\x3c\x3db.indexOf(\x221337\x22)}return a});function gb(a){a\x26\x26U\x26\x26V()\x26\x26(U.clearMarks(`goog_${a.label}_${a.uniqueId}_start`),U.clearMarks(`goog_${a.label}_${a.uniqueId}_end`))} class hb{constructor(){var a\x3dwindow;this.h\x3d[];this.i\x3da||p;let b\x3dnull;a\x26\x26(a.google_js_reporting_queue\x3da.google_js_reporting_queue||[],this.h\x3da.google_js_reporting_queue,b\x3da.google_measure_js_timing);this.g\x3dV()||(null!\x3db?b:1\x3eMath.random())}start(a,b){if(!this.g)return null;a\x3dnew eb(a,b);b\x3d`goog_${a.label}_${a.uniqueId}_start`;U\x26\x26V()\x26\x26U.mark(b);return a}end(a){if(this.g\x26\x26\x22number\x22\x3d\x3d\x3dtypeof a.value){a.duration\x3d(db()||cb())-a.value;var b\x3d`goog_${a.label}_${a.uniqueId}_end`;U\x26\x26V()\x26\x26U.mark(b);!this.g||2048\x3c this.h.length||this.h.push(a)}}};function ib(a){let b\x3da.toString();a.name\x26\x26-1\x3d\x3db.indexOf(a.name)\x26\x26(b+\x3d\x22: \x22+a.name);a.message\x26\x26-1\x3d\x3db.indexOf(a.message)\x26\x26(b+\x3d\x22: \x22+a.message);if(a.stack){a\x3da.stack;var c\x3db;try{-1\x3d\x3da.indexOf(c)\x26\x26(a\x3dc+\x22\\n\x22+a);let d;for(;a!\x3dd;)d\x3da,a\x3da.replace(RegExp(\x22((https?:/..*/)[^/:]*:\\\\d+(?:.|\\n)*)\\\\2\x22),\x22$1\x22);b\x3da.replace(RegExp(\x22\\n *\x22,\x22g\x22),\x22\\n\x22)}catch(d){b\x3dc}}return b} function jb(a,b,c,d){let e,f;try{a.g\x26\x26a.g.g?(f\x3da.g.start(b.toString(),3),e\x3dc(),a.g.end(f)):e\x3dc()}catch(g){c\x3d!0;try{gb(f),c\x3da.u(b,new Na(g,{message:ib(g)}),void 0,d)}catch(h){a.j(217,h)}if(c)window.console?.error?.(g);else throw g;}return e}function kb(a,b,c,d){var e\x3dW;return(...f)\x3d\x3ejb(e,a,()\x3d\x3eb.apply(c,f),d)} class lb{constructor(a\x3dnull){this.o\x3dS;this.h\x3dnull;this.u\x3dthis.j;this.g\x3da;this.i\x3d!1}j(a,b,c,d,e){e\x3de||\x22jserror\x22;let f;try{const w\x3dnew Za;var g\x3dw;g.g.push(1);g.h[1]\x3dQ(\x22context\x22,a);b.error\x26\x26b.meta\x26\x26b.id||(b\x3dnew Na(b,{message:ib(b)}));if(b.msg){g\x3dw;var h\x3db.msg.substring(0,512);g.g.push(2);g.h[2]\x3dQ(\x22msg\x22,h)}var k\x3db.meta||{};b\x3dk;if(this.h)try{this.h(b)}catch(x){}if(d)try{d(b)}catch(x){}d\x3dw;k\x3d[k];d.g.push(3);d.h[3]\x3dk;d\x3dp;k\x3d[];let R;b\x3dnull;do{var l\x3dd;try{var n;if(n\x3d!!l\x26\x26null!\x3dl.location.href)b:{try{t(l.foo); n\x3d!0;break b}catch(x){}n\x3d!1}var m\x3dn}catch{m\x3d!1}m?(R\x3dl.location.href,b\x3dl.document\x26\x26l.document.referrer||null):(R\x3db,b\x3dnull);k.push(new Ua(R||\x22\x22));try{d\x3dl.parent}catch(x){d\x3dnull}}while(d\x26\x26l!\x3dd);for(let x\x3d0,Oa\x3dk.length-1;x\x3c\x3dOa;++x)k[x].depth\x3dOa-x;l\x3dp;if(l.location\x26\x26l.location.ancestorOrigins\x26\x26l.location.ancestorOrigins.length\x3d\x3dk.length-1)for(m\x3d1;m\x3ck.length;++m){var q\x3dk[m];q.url||(q.url\x3dl.location.ancestorOrigins[m-1]||\x22\x22,q.v\x3d!0)}var r\x3dk;let fa\x3dnew Ua(p.location.href,!1);l\x3dnull;const ha\x3dr.length-1;for(q\x3d ha;0\x3c\x3dq;--q){var y\x3dr[q];!l\x26\x26Sa.test(y.url)\x26\x26(l\x3dy);if(y.url\x26\x26!y.v){fa\x3dy;break}}y\x3dnull;const vb\x3dr.length\x26\x26r[ha].url;0!\x3dfa.depth\x26\x26vb\x26\x26(y\x3dr[ha]);f\x3dnew Ta(fa,y);if(f.h){r\x3dw;var z\x3df.h.url||\x22\x22;r.g.push(4);r.h[4]\x3dQ(\x22top\x22,z)}var ia\x3d{url:f.g.url||\x22\x22};if(f.g.url){var ja\x3df.g.url.match(Ca),H\x3dja[1],Pa\x3dja[3],Qa\x3dja[4];z\x3d\x22\x22;H\x26\x26(z+\x3dH+\x22:\x22);Pa\x26\x26(z+\x3d\x22//\x22,z+\x3dPa,Qa\x26\x26(z+\x3d\x22:\x22+Qa));var Ra\x3dz}else Ra\x3d\x22\x22;H\x3dw;ia\x3d[ia,{url:Ra}];H.g.push(5);H.h[5]\x3dia;ab(this.o,e,w,this.i,c)}catch(w){try{ab(this.o,e,{context:\x22ecmserr\x22,rctx:a,msg:ib(w), url:f\x26\x26f.g.url},this.i,c)}catch(R){}}return!0}};var mb\x3da\x3d\x3e{var b\x3d\x22s\x22;if(a.s\x26\x26a.hasOwnProperty(b))return a.s;b\x3dnew a;return a.s\x3db};class nb{constructor(){this.g\x3d()\x3d\x3e[]}};let S,W;const X\x3dnew hb;var ob\x3d()\x3d\x3e{window.google_measure_js_timing||(X.g\x3d!1,X.h!\x3dX.i.google_js_reporting_queue\x26\x26(V()\x26\x26Array.prototype.forEach.call(X.h,gb,void 0),X.h.length\x3d0))};(a\x3d\x3e{S\x3da??new bb;\x22number\x22!\x3d\x3dtypeof window.google_srt\x26\x26(window.google_srt\x3dMath.random());$a();W\x3dnew lb(X);W.h\x3db\x3d\x3e{var c\x3dO;0!\x3d\x3dc\x26\x26(b.jc\x3dString(c),c\x3d(c\x3dIa(c,document.currentScript))\x26\x26c.getAttribute(\x22data-jc-version\x22)||\x22unknown\x22,b.shv\x3dc)};W.i\x3d!0;\x22complete\x22\x3d\x3dwindow.document.readyState?ob():X.g\x26\x26J(window,\x22load\x22,()\x3d\x3e{ob()})})(); var pb\x3d(a,b,c,d)\x3d\x3ekb(a,b,c,d),qb\x3d(a,b,c,d)\x3d\x3e{const e\x3dmb(nb).g();!b.eid\x26\x26e.length\x26\x26(b.eid\x3de.toString());ab(S,a,b,!0,c,d)};const rb\x3d[\x22FRAME\x22,\x22IMG\x22,\x22IFRAME\x22],sb\x3d/^[01](px)?$/;function tb(a){return\x22string\x22\x3d\x3d\x3dtypeof a?document.getElementById(a):a}function ub(a){return\x22IMG\x22!\x3da.tagName||!a.complete||a.naturalWidth\x26\x26a.naturalHeight?sb.test(a.getAttribute(\x22width\x22))\x26\x26sb.test(a.getAttribute(\x22height\x22)):!0} function wb(a,b){var c;if(a\x3dtb(a)){c||(c\x3d(m,q,r)\x3d\x3e{m.addEventListener(q,r)});var d\x3d!1,e\x3dm\x3d\x3e{d||(d\x3d!0,b(m))};for(var f\x3d0;f\x3crb.length;++f)if(rb[f]\x3d\x3da.tagName){var g\x3d3;var h\x3d[a];break}h||(h\x3da.querySelectorAll(rb.join(\x22,\x22)),g\x3d2);var k\x3d0,l\x3d0;a\x3d!1;for(f\x3d0;f\x3ch.length;f++){const m\x3dh[f];if(!ub(m)){if(\x22IMG\x22\x3d\x3dm.tagName)var n\x3dm.naturalWidth\x26\x26m.naturalHeight?!0:!1;else try{n\x3d\x22complete\x22\x3d\x3d\x3d(m.readyState?m.readyState:m.contentWindow\x26\x26m.contentWindow.document\x26\x26m.contentWindow.document.readyState)?!0:!1}catch(q){n\x3d !1}if(n)a\x3d!0;else{k++;const q\x3d\x22IMG\x22\x3d\x3d\x3dm.tagName,r\x3d()\x3d\x3e{k--;k||e(g);q\x26\x26l--};c(m,\x22load\x22,r);q\x26\x26(l++,c(m,\x22error\x22,r))}}}h\x3dnull;if(0\x3d\x3d\x3dk\x26\x26!a\x26\x26\x22complete\x22\x3d\x3d\x3dp.document.readyState)g\x3d5;else if(k||!a){c(p,\x22load\x22,()\x3d\x3e{e(4)});return}e(g)}};function xb(a){const b\x3da.length;let c\x3d0;return new Y(d\x3d\x3e{if(0\x3d\x3db)d([]);else{const e\x3d[];for(let f\x3d0;f\x3cb;++f)a[f].then(g\x3d\x3e{e[f]\x3dg;++c\x3d\x3db\x26\x26d(e)})}})}function yb(){let a;const b\x3dnew Y(c\x3d\x3e{a\x3dc});return new zb(b,a)}function Ab(a,b){if(!a.h)if(b instanceof Y)b.then(c\x3d\x3e{Ab(a,c)});else{a.h\x3d!0;a.i\x3db;for(b\x3d0;b\x3ca.g.length;++b)Bb(a,a.g[b]);a.g\x3d[]}}function Bb(a,b){a.h?b(a.i):a.g.push(b)}class Y{constructor(a){this.h\x3d!1;this.g\x3d[];a(b\x3d\x3e{Ab(this,b)})}then(a){return new Y(b\x3d\x3e{Bb(this,c\x3d\x3e{b(a(c))})})}} var zb\x3dclass{constructor(a,b){this.promise\x3da;this.g\x3db}};function Z(a){return a.prerendering?3:{visible:1,hidden:2,prerender:3,preview:4,unloaded:5}[a.visibilityState||a.webkitVisibilityState||a.mozVisibilityState||\x22\x22]||0}function Cb(a){let b;a.visibilityState?b\x3d\x22visibilitychange\x22:a.mozVisibilityState?b\x3d\x22mozvisibilitychange\x22:a.webkitVisibilityState\x26\x26(b\x3d\x22webkitvisibilitychange\x22);return b};function Db(){const a\x3dwindow;if(a.gmaSdk||a.webkit?.messageHandlers?.getGmaViewSignals)return a;try{const b\x3dwindow.parent;if(b.gmaSdk||b.webkit?.messageHandlers?.getGmaViewSignals)return b}catch(b){}return null} function Eb(a,b\x3d{},c\x3d()\x3d\x3e{},d\x3d()\x3d\x3e{},e\x3d200,f,g){const h\x3dString(Math.floor(2147483647*Da()));let k\x3d0;const l\x3dn\x3d\x3e{try{const m\x3d\x22object\x22\x3d\x3d\x3dtypeof n.data?n.data:JSON.parse(n.data);h\x3d\x3d\x3dm.paw_id\x26\x26(window.clearTimeout(k),window.removeEventListener(\x22message\x22,l),m.signal?c(m.signal):m.error\x26\x26d(m.error))}catch(m){g(\x22paw_sigs\x22,{msg:\x22postmessageError\x22,err:m instanceof Error?m.message:\x22nonError\x22,data:null\x3d\x3dn.data?\x22null\x22:500\x3cn.data.length?n.data.substring(0,500):n.data})}};window.addEventListener(\x22message\x22,n\x3d\x3e{f(903, ()\x3d\x3e{l(n)})()});a.postMessage({paw_id:h,...b});k\x3dwindow.setTimeout(()\x3d\x3e{window.removeEventListener(\x22message\x22,l);d(\x22PAW GMA postmessage timed out.\x22)},e)};function Fb(a,b){return D(a,2,b)}function Gb(a,b){return D(a,3,b)}function Hb(a,b){return D(a,4,b)}function Ib(a,b){return D(a,5,b)}function Jb(a,b){return D(a,9,b)}function Kb(a,b){ma(a);let c;if(null!\x3db){c\x3dA([]);let d\x3d!1;for(let e\x3d0;e\x3cb.length;e++)c[e]\x3db[e].l,d\x3dd||ka(c[e]);a.j||(a.j\x3d{});a.j[10]\x3db;b\x3dc;if(!Array.isArray(b))throw Error(\x22cannot mark non-array as mutable\x22);d?Object.isFrozen(b)||(v?b[v]\x26\x3d-9:void 0!\x3d\x3db.m\x26\x26(b.m\x26\x3d-9)):da(b,8)}else a.j\x26\x26(a.j[10]\x3dvoid 0),c\x3dC;return D(a,10,c)} function Lb(a,b){return D(a,11,b)}function Mb(a,b){return D(a,1,b)}var Ob\x3dclass extends E{constructor(){super(void 0,-1,Nb)}},Pb\x3dclass extends E{constructor(){super(void 0)}},Nb\x3d[10,6];const Qb\x3d\x22platform platformVersion architecture model uaFullVersion bitness fullVersionList wow64\x22.split(\x22 \x22);function Rb(a){if(\x22function\x22!\x3d\x3dtypeof a.navigator?.userAgentData?.getHighEntropyValues)return null;const b\x3da.google_tag_data??(a.google_tag_data\x3d{});if(b.uach_promise)return b.uach_promise;a\x3da.navigator.userAgentData.getHighEntropyValues(Qb).then(c\x3d\x3e{b.uach??(b.uach\x3dc);return c});return b.uach_promise\x3da} function Sb(a){return Lb(Kb(Jb(Ib(Hb(Gb(Fb(Mb(new Ob,a.platform||\x22\x22),a.platformVersion||\x22\x22),a.architecture||\x22\x22),a.model||\x22\x22),a.uaFullVersion||\x22\x22),a.bitness||\x22\x22),a.fullVersionList?.map(b\x3d\x3e{var c\x3dnew Pb;c\x3dD(c,1,b.brand);return D(c,2,b.version)})||[]),a.wow64||!1)}function Tb(a){return Rb(a)?.then(b\x3d\x3eSb(b))??null};let Ub\x3dnull;function Vb(a,b){/(google|doubleclick).*\\/pagead\\/adview/.test(b)\x26\x26(b\x3dG(b,`\x26vis\x3d${Z(a.g)}`));P(za)\x26\x26\x22__google_lidar_radf_\x22in a.o\x26\x26(b\x3dG(b,\x22\x26avradf\x3d1\x22));a.u.then(()\x3d\x3e{0\x3ca.j.length\x26\x26(b\x3dG(b,\x22\x26uach\x3d\x22+a.j));0\x3ca.h.length\x26\x26(b\x3dG(b,a.h));var c\x3da.o,d\x3db;if(I.atsb){var e;if(e\x3dc.navigator)e\x3dc.navigator.userAgent,e\x3d/Chrome/.test(e)\x26\x26!/Edge/.test(e)?!0:!1;e\x26\x26c.navigator.sendBeacon?c.navigator.sendBeacon(d):N(c,d,void 0,!1)}else N(c,d)})} function Wb(a){const b\x3d[];var c\x3dP(Ba)||!!I.aub;if(c||I.aunb){let d\x3dTb(a.o);d\x26\x26(d\x3dd.then(e\x3d\x3e{a:{B\x3d!0;try{var f\x3dJSON.stringify(e.toJSON(),wa);break a}finally{B\x3d!1}f\x3dvoid 0}e\x3df;f\x3d[];for(var g\x3d0,h\x3d0;h\x3ce.length;h++){var k\x3de.charCodeAt(h);255\x3ck\x26\x26(f[g++]\x3dk\x26255,k\x3e\x3e\x3d8);f[g++]\x3dk}e\x3dba(f,3);a.j\x3de}),c\x26\x26b.push(d))}if(P(Aa))if(c\x3dDb(),c?.gmaSdk?.getViewSignals){if(c\x3dc.gmaSdk.getViewSignals())a.h\x3d\x22\x26ms\x3d\x22+c}else c?.webkit?.messageHandlers?.getGmaViewSignals\x26\x26Eb(c.webkit.messageHandlers.getGmaViewSignals,{},d\x3d\x3e{a.h\x3d \x22\x26\x22+d},()\x3d\x3e{},200,pb,qb);I.umi\x26\x26(c\x3dnew Y(d\x3d\x3e{a.i\x3dd}),b.push(c));if(I.ebrpfa||P(ya)){const d\x3dyb();b.push(d.promise);Fa(a.g,()\x3d\x3e{wb(a.g.body,d.g)})}3\x3d\x3dZ(a.g)\x26\x263\x3d\x3dZ(a.g)\x26\x26b.push(Xb(a));a.u\x3dxb(b)}function Xb(a){return new Y(b\x3d\x3e{const c\x3dCb(a.g);if(c){var d\x3d()\x3d\x3e{3!\x3dZ(a.g)\x26\x26(K(a.g,c,d),b())};Ub\x26\x26(d\x3dUb(521,d));J(a.g,c,d)}})}class Yb{constructor(){this.g\x3dp.document;this.o\x3dp;this.i\x3dnull;this.h\x3dthis.j\x3d\x22\x22;Wb(this)}};O\x3d40;Ub\x3dpb;window.vu\x3dkb(492,function(a){if(I.ebrpfa||P(ya))a\x3dG(a,\x22\x26cbvp\x3d2\x22);a\x3da.replace(\x22\x26amp;\x22,\x22\x26\x22);Vb(mb(Yb),a)});window.vv\x3dkb(494,function(){const a\x3dmb(Yb);if(!a.i)throw Error(\x22aiv::err\x22);a.i()});}).call(this);\x3c/script\x3e\x3c/head\x3e\x3cbody\x3e\x3cdiv id\x3d\x22mys-wrapper\x22 class\x3d\x22mys-wrapper\x22\x3e\x3cdiv id\x3d\x22mys-overlay\x22\x3e\x3c/div\x3e\x3cdiv id\x3d\x22mys-content\x22 style\x3d\x22width:588px;height:235px;\x22x-frame-width\x3d\x22588\x22 x-frame-height\x3d\x22235\x22\x3e\x3cdiv id\x3d\x22mys-meta\x22 style\x3d\x22position:absolute;display:none;\x22\x3e\x3cmeta content\x3d\x22438\x22 index\x3d\x220\x22 name\x3d\x22sampling_mod\x22\x3e\x3c/meta\x3e\x3cmeta content\x3d\x22st_10\x22 index\x3d\x220\x22 name\x3d\x22environment\x22\x3e\x3c/meta\x3e\x3cmeta content\x3d\x22{\x26quot;META_LOCKED\x26quot;:\x26quot;1\x26quot;}\x22 index\x3d\x220\x22 name\x3d\x22custom_flags\x22\x3e\x3c/meta\x3e\x3cmeta content\x3d\x22ns-jqu3j\x22 index\x3d\x220\x22 name\x3d\x22namespace\x22\x3e\x3c/meta\x3e\x3cmeta content\x3d\x22[3,1]\x22 index\x3d\x220\x22 name\x3d\x22page_element\x22\x3e\x3c/meta\x3e\x3cmeta content\x3d\x22[[[\x26quot;.x-layout\x26quot;,[[\x26quot;class\x26quot;,\x26quot;GoogleActiveViewElement\x26quot;],[\x26quot;data-google-av-cxn\x26quot;,\x26quot;https://pagead2.googlesyndication.com/pcs/activeview?xai\x3dAKAOjsvPDdd0emUc0fCRa6QOkY-TNveNt0X0V8EAB25suOKYfVH0S1BFYV__jhdmMv2U6HTNn_Px-Hs-VkyvW5cb6iwg-6gnIdhHklofD_1Bw1z7zVGg1SduCHWtwF10\x26amp;sai\x3dAMfl-YQ-S4IzMjaYwFmSRh9BLscosVq1jeXb20GqovGZqu30Iizt1nJYcleDKS2rzAQmgvRJOUiXzUv34HC8LUYklYr6sh4BU6VYXYpV3rZJ0ymystsuM10Vsg1H4HCEGNc\x26amp;sig\x3dCg0ArKJSzHwTrUsswg0eEAE\x26quot;],[\x26quot;data-google-av-adk\x26quot;,\x26quot;3772837431\x26quot;],[\x26quot;data-google-av-metadata\x26quot;,\x26quot;la\x3d0\x26amp;xdi\x3d0\x26amp;\x26quot;],[\x26quot;data-google-av-override\x26quot;,\x26quot;-1\x26quot;],[\x26quot;data-google-av-immediate\x26quot;,\x26quot;true\x26quot;],[\x26quot;data-google-av-aid\x26quot;,\x26quot;0\x26quot;],[\x26quot;data-google-av-naid\x26quot;,\x26quot;1\x26quot;],[\x26quot;data-google-av-slift\x26quot;,\x26quot;\x26quot;],[\x26quot;data-google-av-cpmav\x26quot;,\x26quot;\x26quot;],[\x26quot;data-google-av-btr\x26quot;,\x26quot;\x26quot;],[\x26quot;data-google-av-itpl\x26quot;,\x26quot;22\x26quot;],[\x26quot;data-google-av-rs\x26quot;,\x26quot;4\x26quot;],[\x26quot;data-google-av-dm\x26quot;,\x26quot;3\x26quot;],[\x26quot;data-google-av-flags\x26quot;,\x26quot;[\\\x26quot;x%278440\x26#39;9efotm(\x26amp;753374%2bejvf/%27844\x26gt;\x26#39;9wuvb$\x26amp;56533\x26gt;!\x3d|vqc)!273794\x26amp;\x26lt;qqvb/%\x26lt;1735020!\x3dnehu`/!364\x3d5051!9abk{a($160210:3\x26amp;\x26lt;cbotf+*0150034:%2bejvf/%72;17613!\x3defdwa*\x26#39;76463;21$?ebkpb$\x26amp;0366717\x26gt;*\x26gt;bgipf+!3\x3d712363%9aihwc)!7202\x26lt;217\x26#39;9efotm(\x26amp;20061;48\x26amp;\x26gt;`dopb/%\x26lt;1707200!\x3d8(\x26amp;2005575?\x26amp;\x26gt;`dopb/%\x26lt;170642?!\x3d|vqc)!7201;\x3d50\x26#39;9wuvb$\x26amp;03641654*\x26gt;bgipfz\\\x26quot;]\x26quot;],[\x26quot;lang\x26quot;,\x26quot;en\x26quot;]]]]]\x22 index\x3d\x220\x22 name\x3d\x22attribute_setter\x22\x3e\x3c/meta\x3e\x3cmeta content\x3d\x22[[588,235,10,\x26quot;text/vanilla_text_close_v2\x26quot;,0,0,null,\x26quot;_top\x26quot;,\x26quot;Mozilla/5.0 (Windows NT 10.0; Win64; x64) AppleWebKit/537.36 (KHTML, like Gecko) Chrome/103.0.5060.53 Safari/537.36,gzip(gfe)\x26quot;,[null,null,null,null,null,null,null,null,null,null,null,null,null,null,null,null,[]],[null,\x26quot;#ffffff\x26quot;,\x26quot;#0000ff\x26quot;,\x26quot;#008000\x26quot;,\x26quot;#008000\x26quot;,\x26quot;#ffffff\x26quot;,null,0,[\x26quot;#ffffff\x26quot;,\x26quot;#0000ff\x26quot;,\x26quot;#008000\x26quot;,\x26quot;#008000\x26quot;,\x26quot;#ffffff\x26quot;,\x26quot;#000000\x26quot;],0],null,\x26quot;\x26quot;,\x26quot;IN\x26quot;,null,0,0,\x26quot;en\x26quot;,null,null,1,null,438,null,null,0,[],\x26quot;\x26quot;,\x26quot;en\x26quot;,null,1,3,null,null,null,0,0,null,0,0,0,1.25,0,0,3,null,1536,864,null,8,1,[708,1519],5,0,null,0,0,0,0,\x26quot;ca-pub-3084527350962906\x26quot;,\x26quot;1132784396\x26quot;,0],null,null,null,null,null,null,null,null,null,null,[null,1,1,null,null,0,1,[],null,null,null,null,null,null,null,null,null,1,1],null,null,null,null]\x22 index\x3d\x220\x22 name\x3d\x22render_config\x22\x3e\x3c/meta\x3e\x3c/div\x3e\x3cmeta data-ifc-map\x3d\x22[[\x26quot;confirmedClickAdUnitProtection\x26quot;,[[[null,null,99,3]]]],[\x26quot;defaultAdUnitProtection\x26quot;,[[[\x26quot;5,5,5,5\x26quot;,null,null,2]]]]]\x22\x3e\x3c/meta\x3e\x3cmeta data-asoch-meta\x3d\x22[[[\x26quot;ad0\x26quot;,[null,\x26quot;https://googleads.g.doubleclick.net/aclk?sa\x3dl\x26amp;ai\x3dCh5IixP6zYq6pELrLz7sPjPWJ4Avt3JeVX7zQ48u0D9nZHhABIKa74mdg5bLkg6AOoAGnpLn_A8gBAakCS8heKR6PtD7gAgCoAwHIAwqqBI4CT9A6ayLkaB4-lWj4XnNhtNiNUFJjZyOrSyKp6f_CGLPXfjMwalatin_rgx_90uukBt5igyFvmCitWapj7t7fuUUuzz189ScYDHceDMB-QKUwrAs0U9RzcB3SpfoHC5Y07PPwy7aW2wg5ILtG35iw-7HFK9e-_HI7yGlokvx-4cC-ilwPNsXeBLxPZdtPCJc3iGhW58vFyVM0SgPMzfzUHilpKEakxsnv6vQWU-FxDNZW7hqU9ZVvpOFRWkiG5arSAUYXotj8GaeY7rbYvMSoOhfj3pRtBhSEpkpS-xyzCszknta3KL4EiUudBSZ70ZPJ2_p3YSduizyqx23Vp2E8h8dcNSxa2JAeuy9nqzsOwATcp7SjCOAEAaAGZoAHwdtGqAeOzhuoB5PYG6gH7paxAqgH_p6xAqgHpKOxAqgH1ckbqAemvhuoB_PRG6gHltgbqAeqm7ECqAffn7EC2AcB0ggHCIhhEAEYHbEJsmIWRygCslmACgOYCwHICwG4DAHYEwzQFQH4FgGAFwE\x26amp;ae\x3d1\x26amp;num\x3d1\x26amp;sig\x3dAOD64_1yrDOXMxz8K4MJmdpBvJxx0sn7sA\x26amp;client\x3dca-pub-3084527350962906\x26amp;adurl\x3dhttps://www.malvernpanalytical.com/en/products/product-range/zetasizer-range/zetasizer-advance-range%3Fcampaignid%3D31870140%26adgroupid%3D2221741020%26creative%3D563059841258%26keyword%3D%26matchtype%3D%26network%3Dd%26device%3Dc%26gclid%3DEAIaIQobChMIrpu5kfDC-AIVuuVzAR2MegK8EAEYASAAEgKkfvD_BwE\x26quot;,null,null,null,[],[],null,\x26quot;https://googleads.g.doubleclick.net/pagead/interaction/?ai\x3dCh5IixP6zYq6pELrLz7sPjPWJ4Avt3JeVX7zQ48u0D9nZHhABIKa74mdg5bLkg6AOoAGnpLn_A8gBAakCS8heKR6PtD7gAgCoAwHIAwqqBI4CT9A6ayLkaB4-lWj4XnNhtNiNUFJjZyOrSyKp6f_CGLPXfjMwalatin_rgx_90uukBt5igyFvmCitWapj7t7fuUUuzz189ScYDHceDMB-QKUwrAs0U9RzcB3SpfoHC5Y07PPwy7aW2wg5ILtG35iw-7HFK9e-_HI7yGlokvx-4cC-ilwPNsXeBLxPZdtPCJc3iGhW58vFyVM0SgPMzfzUHilpKEakxsnv6vQWU-FxDNZW7hqU9ZVvpOFRWkiG5arSAUYXotj8GaeY7rbYvMSoOhfj3pRtBhSEpkpS-xyzCszknta3KL4EiUudBSZ70ZPJ2_p3YSduizyqx23Vp2E8h8dcNSxa2JAeuy9nqzsOwATcp7SjCOAEAaAGZoAHwdtGqAeOzhuoB5PYG6gH7paxAqgH_p6xAqgHpKOxAqgH1ckbqAemvhuoB_PRG6gHltgbqAeqm7ECqAffn7EC2AcB0ggHCIhhEAEYHbEJsmIWRygCslmACgOYCwHICwG4DAHYEwzQFQH4FgGAFwE\x26amp;sigh\x3d18JiLl3rqrQ\x26amp;cid\x3dCAQSPgCNIrLMNF0MgK0ZowEaDT36PtOyJzu05g0riPJDHaqbxlHqUwc_ZX-oRXCu4KvmN8yXadjbk5bGVvmeJz98\x26quot;,null,\x26quot;_top\x26quot;,null,null,null,null,null,\x26quot;EAIaIQobChMIrpu5kfDC-AIVuuVzAR2MegK8EAEYASAAEgKkfvD_BwE\x26quot;]],[\x26quot;backgroundClk\x26quot;,[null,null,null,null,2,[],[]]],[\x26quot;bodyClk\x26quot;,[null,null,null,null,7,[],[]]],[\x26quot;btnClk\x26quot;,[null,null,null,null,8,[],[]]],[\x26quot;imageClk\x26quot;,[null,null,null,null,9,[],[]]],[\x26quot;logoClk\x26quot;,[null,null,null,null,19,[],[]]],[\x26quot;promoExtClk\x26quot;,[null,null,null,null,13,[],[]]],[\x26quot;titleClk\x26quot;,[null,null,null,null,0,[],[]]],[\x26quot;urlClk\x26quot;,[null,null,null,null,1,[],[]]]],1,1,null,null,null,null,null,null,null,null,null,null,null,null,null,[]]\x22\x3e\x3c/meta\x3e\x3cdiv class\x3d\x22ns-jqu3j-l-large-banner-eta-vanilla ns-jqu3j-v-11\x22 x-ns-jqu3j-l\x3d\x22large-banner-eta-vanilla\x22 x-ns-jqu3j-v\x3d\x2211\x22 x-ns-jqu3j-vc\x3d\x2221\x22 x-ns-jqu3j-vp\x3d\x2245\x22\x3e\x3cdiv class\x3d\x22ns-jqu3j-e-0 x-layout GoogleActiveViewElement\x22 data-google-av-adk\x3d\x223772837431\x22 data-google-av-aid\x3d\x220\x22 data-google-av-btr\x3d\x22\x22 data-google-av-cpmav\x3d\x22\x22 data-google-av-cxn\x3d\x22https://pagead2.googlesyndication.com/pcs/activeview?xai\x3dAKAOjsvPDdd0emUc0fCRa6QOkY-TNveNt0X0V8EAB25suOKYfVH0S1BFYV__jhdmMv2U6HTNn_Px-Hs-VkyvW5cb6iwg-6gnIdhHklofD_1Bw1z7zVGg1SduCHWtwF10\x26amp;sai\x3dAMfl-YQ-S4IzMjaYwFmSRh9BLscosVq1jeXb20GqovGZqu30Iizt1nJYcleDKS2rzAQmgvRJOUiXzUv34HC8LUYklYr6sh4BU6VYXYpV3rZJ0ymystsuM10Vsg1H4HCEGNc\x26amp;sig\x3dCg0ArKJSzHwTrUsswg0eEAE\x22 data-google-av-dm\x3d\x223\x22 data-google-av-flags\x3d\x22[\x26quot;x%278440\x26#39;9efotm(\x26amp;753374%2bejvf/%27844\x26gt;\x26#39;9wuvb$\x26amp;56533\x26gt;!\x3d|vqc)!273794\x26amp;\x26lt;qqvb/%\x26lt;1735020!\x3dnehu`/!364\x3d5051!9abk{a($160210:3\x26amp;\x26lt;cbotf+*0150034:%2bejvf/%72;17613!\x3defdwa*\x26#39;76463;21$?ebkpb$\x26amp;0366717\x26gt;*\x26gt;bgipf+!3\x3d712363%9aihwc)!7202\x26lt;217\x26#39;9efotm(\x26amp;20061;48\x26amp;\x26gt;`dopb/%\x26lt;1707200!\x3d8(\x26amp;2005575?\x26amp;\x26gt;`dopb/%\x26lt;170642?!\x3d|vqc)!7201;\x3d50\x26#39;9wuvb$\x26amp;03641654*\x26gt;bgipfz\x26quot;]\x22 data-google-av-immediate\x3d\x22true\x22 data-google-av-itpl\x3d\x2222\x22 data-google-av-metadata\x3d\x22la\x3d0\x26amp;xdi\x3d0\x26amp;\x22 data-google-av-naid\x3d\x221\x22 data-google-av-override\x3d\x22-1\x22 data-google-av-rs\x3d\x224\x22 data-google-av-slift\x3d\x22\x22 data-ifc\x3d\x22[[[\x26quot;5,5,5,5\x26quot;,null,null,2]]]\x22 id\x3d\x22large-banner-eta-vanilla\x22 lang\x3d\x22en\x22 x-ns-jqu3j-e\x3d\x220\x22 x-overflow-forbidden\x3d\x22xy\x22\x3e\x3cdiv class\x3d\x22ns-jqu3j-e-1 column-container full-height\x22 x-ns-jqu3j-e\x3d\x221\x22 x-overflow-forbidden\x3d\x22xy\x22 x-score\x3d\x2260\x22\x3e\x3cdiv class\x3d\x22ns-jqu3j-e-2 column-container canvas flex-filler\x22 x-ns-jqu3j-e\x3d\x222\x22 x-overflow-forbidden\x3d\x22xy\x22\x3e\x3cdiv class\x3d\x22ns-jqu3j-e-3 title-line1 vignette-creative-content\x22 title\x3d\x22malvernpanalytical.com\x22 x-ns-jqu3j-e\x3d\x223\x22 x-overflow-forbidden\x3d\x22xy\x22\x3e\x3ca class\x3d\x22ns-jqu3j-e-4\x22 data-asoch-targets\x3d\x22ad0,titleClk\x22 dir\x3d\x22auto\x22 href\x3d\x22https://googleads.g.doubleclick.net/aclk?sa\x3dl\x26amp;ai\x3dCh5IixP6zYq6pELrLz7sPjPWJ4Avt3JeVX7zQ48u0D9nZHhABIKa74mdg5bLkg6AOoAGnpLn_A8gBAakCS8heKR6PtD7gAgCoAwHIAwqqBI4CT9A6ayLkaB4-lWj4XnNhtNiNUFJjZyOrSyKp6f_CGLPXfjMwalatin_rgx_90uukBt5igyFvmCitWapj7t7fuUUuzz189ScYDHceDMB-QKUwrAs0U9RzcB3SpfoHC5Y07PPwy7aW2wg5ILtG35iw-7HFK9e-_HI7yGlokvx-4cC-ilwPNsXeBLxPZdtPCJc3iGhW58vFyVM0SgPMzfzUHilpKEakxsnv6vQWU-FxDNZW7hqU9ZVvpOFRWkiG5arSAUYXotj8GaeY7rbYvMSoOhfj3pRtBhSEpkpS-xyzCszknta3KL4EiUudBSZ70ZPJ2_p3YSduizyqx23Vp2E8h8dcNSxa2JAeuy9nqzsOwATcp7SjCOAEAaAGZoAHwdtGqAeOzhuoB5PYG6gH7paxAqgH_p6xAqgHpKOxAqgH1ckbqAemvhuoB_PRG6gHltgbqAeqm7ECqAffn7EC2AcB0ggHCIhhEAEYHbEJsmIWRygCslmACgOYCwHICwG4DAHYEwzQFQH4FgGAFwE\x26amp;ae\x3d1\x26amp;num\x3d1\x26amp;sig\x3dAOD64_1yrDOXMxz8K4MJmdpBvJxx0sn7sA\x26amp;client\x3dca-pub-3084527350962906\x26amp;nb\x3d0\x26amp;adurl\x3dhttps://www.malvernpanalytical.com/en/products/product-range/zetasizer-range/zetasizer-advance-range%3Fcampaignid%3D31870140%26adgroupid%3D2221741020%26creative%3D563059841258%26keyword%3D%26matchtype%3D%26network%3Dd%26device%3Dc%26gclid%3DEAIaIQobChMIrpu5kfDC-AIVuuVzAR2MegK8EAEYASAAEgKkfvD_BwE\x22 target\x3d\x22_top\x22 x-ns-jqu3j-e\x3d\x224\x22\x3eMalvern Panalytical\x3c/a\x3e\x3c/div\x3e\x3cdiv class\x3d\x22ns-jqu3j-e-5 title-line2\x22 title\x3d\x22malvernpanalytical.com\x22 x-ns-jqu3j-e\x3d\x225\x22 x-overflow-forbidden\x3d\x22xy\x22 x-remove\x3d\x220\x22\x3e\x3ca class\x3d\x22ns-jqu3j-e-6\x22 data-asoch-targets\x3d\x22ad0,titleClk\x22 dir\x3d\x22auto\x22 href\x3d\x22https://googleads.g.doubleclick.net/aclk?sa\x3dl\x26amp;ai\x3dCh5IixP6zYq6pELrLz7sPjPWJ4Avt3JeVX7zQ48u0D9nZHhABIKa74mdg5bLkg6AOoAGnpLn_A8gBAakCS8heKR6PtD7gAgCoAwHIAwqqBI4CT9A6ayLkaB4-lWj4XnNhtNiNUFJjZyOrSyKp6f_CGLPXfjMwalatin_rgx_90uukBt5igyFvmCitWapj7t7fuUUuzz189ScYDHceDMB-QKUwrAs0U9RzcB3SpfoHC5Y07PPwy7aW2wg5ILtG35iw-7HFK9e-_HI7yGlokvx-4cC-ilwPNsXeBLxPZdtPCJc3iGhW58vFyVM0SgPMzfzUHilpKEakxsnv6vQWU-FxDNZW7hqU9ZVvpOFRWkiG5arSAUYXotj8GaeY7rbYvMSoOhfj3pRtBhSEpkpS-xyzCszknta3KL4EiUudBSZ70ZPJ2_p3YSduizyqx23Vp2E8h8dcNSxa2JAeuy9nqzsOwATcp7SjCOAEAaAGZoAHwdtGqAeOzhuoB5PYG6gH7paxAqgH_p6xAqgHpKOxAqgH1ckbqAemvhuoB_PRG6gHltgbqAeqm7ECqAffn7EC2AcB0ggHCIhhEAEYHbEJsmIWRygCslmACgOYCwHICwG4DAHYEwzQFQH4FgGAFwE\x26amp;ae\x3d1\x26amp;num\x3d1\x26amp;sig\x3dAOD64_1yrDOXMxz8K4MJmdpBvJxx0sn7sA\x26amp;client\x3dca-pub-3084527350962906\x26amp;nb\x3d0\x26amp;adurl\x3dhttps://www.malvernpanalytical.com/en/products/product-range/zetasizer-range/zetasizer-advance-range%3Fcampaignid%3D31870140%26adgroupid%3D2221741020%26creative%3D563059841258%26keyword%3D%26matchtype%3D%26network%3Dd%26device%3Dc%26gclid%3DEAIaIQobChMIrpu5kfDC-AIVuuVzAR2MegK8EAEYASAAEgKkfvD_BwE\x22 target\x3d\x22_top\x22 x-ns-jqu3j-e\x3d\x226\x22\x3eZeta Potential Analyzers\x3c/a\x3e\x3c/div\x3e\x3cdiv class\x3d\x22ns-jqu3j-e-7 body\x22 x-ns-jqu3j-e\x3d\x227\x22 x-overflow-forbidden\x3d\x22xy\x22\x3e\x3ca class\x3d\x22ns-jqu3j-e-8\x22 data-asoch-targets\x3d\x22ad0,bodyClk\x22 dir\x3d\x22auto\x22 href\x3d\x22https://googleads.g.doubleclick.net/aclk?sa\x3dl\x26amp;ai\x3dCh5IixP6zYq6pELrLz7sPjPWJ4Avt3JeVX7zQ48u0D9nZHhABIKa74mdg5bLkg6AOoAGnpLn_A8gBAakCS8heKR6PtD7gAgCoAwHIAwqqBI4CT9A6ayLkaB4-lWj4XnNhtNiNUFJjZyOrSyKp6f_CGLPXfjMwalatin_rgx_90uukBt5igyFvmCitWapj7t7fuUUuzz189ScYDHceDMB-QKUwrAs0U9RzcB3SpfoHC5Y07PPwy7aW2wg5ILtG35iw-7HFK9e-_HI7yGlokvx-4cC-ilwPNsXeBLxPZdtPCJc3iGhW58vFyVM0SgPMzfzUHilpKEakxsnv6vQWU-FxDNZW7hqU9ZVvpOFRWkiG5arSAUYXotj8GaeY7rbYvMSoOhfj3pRtBhSEpkpS-xyzCszknta3KL4EiUudBSZ70ZPJ2_p3YSduizyqx23Vp2E8h8dcNSxa2JAeuy9nqzsOwATcp7SjCOAEAaAGZoAHwdtGqAeOzhuoB5PYG6gH7paxAqgH_p6xAqgHpKOxAqgH1ckbqAemvhuoB_PRG6gHltgbqAeqm7ECqAffn7EC2AcB0ggHCIhhEAEYHbEJsmIWRygCslmACgOYCwHICwG4DAHYEwzQFQH4FgGAFwE\x26amp;ae\x3d1\x26amp;num\x3d1\x26amp;sig\x3dAOD64_1yrDOXMxz8K4MJmdpBvJxx0sn7sA\x26amp;client\x3dca-pub-3084527350962906\x26amp;nb\x3d7\x26amp;adurl\x3dhttps://www.malvernpanalytical.com/en/products/product-range/zetasizer-range/zetasizer-advance-range%3Fcampaignid%3D31870140%26adgroupid%3D2221741020%26creative%3D563059841258%26keyword%3D%26matchtype%3D%26network%3Dd%26device%3Dc%26gclid%3DEAIaIQobChMIrpu5kfDC-AIVuuVzAR2MegK8EAEYASAAEgKkfvD_BwE\x22 target\x3d\x22_top\x22 x-ns-jqu3j-e\x3d\x228\x22\x3eView our zetasizer DLS instruments and request a\x3cbr\x3efree quote\x3c/a\x3e\x3c/div\x3e\x3c/div\x3e\x3cdiv class\x3d\x22ns-jqu3j-e-9 column-container\x22 x-ns-jqu3j-e\x3d\x229\x22 x-overflow-forbidden\x3d\x22xy\x22\x3e\x3cdiv class\x3d\x22ns-jqu3j-e-10 button-container flex-filler\x22 x-ns-jqu3j-e\x3d\x2210\x22 x-overflow-forbidden\x3d\x22xy\x22\x3e\x3cdiv class\x3d\x22ns-jqu3j-e-11 row-container flex-filler\x22 x-ns-jqu3j-e\x3d\x2211\x22 x-overflow-forbidden\x3d\x22xy\x22\x3e\x3cdiv class\x3d\x22ns-jqu3j-e-12 url-placeholder\x22 x-ns-jqu3j-e\x3d\x2212\x22 x-overflow-forbidden\x3d\x22xy\x22\x3e\x3cdiv class\x3d\x22ns-jqu3j-e-13 url\x22 title\x3d\x22malvernpanalytical.com\x22 x-ns-jqu3j-e\x3d\x2213\x22 x-overflow-forbidden\x3d\x22xy\x22\x3e\x3ca class\x3d\x22ns-jqu3j-e-14\x22 data-asoch-targets\x3d\x22ad0,urlClk\x22 dir\x3d\x22auto\x22 href\x3d\x22https://googleads.g.doubleclick.net/aclk?sa\x3dl\x26amp;ai\x3dCh5IixP6zYq6pELrLz7sPjPWJ4Avt3JeVX7zQ48u0D9nZHhABIKa74mdg5bLkg6AOoAGnpLn_A8gBAakCS8heKR6PtD7gAgCoAwHIAwqqBI4CT9A6ayLkaB4-lWj4XnNhtNiNUFJjZyOrSyKp6f_CGLPXfjMwalatin_rgx_90uukBt5igyFvmCitWapj7t7fuUUuzz189ScYDHceDMB-QKUwrAs0U9RzcB3SpfoHC5Y07PPwy7aW2wg5ILtG35iw-7HFK9e-_HI7yGlokvx-4cC-ilwPNsXeBLxPZdtPCJc3iGhW58vFyVM0SgPMzfzUHilpKEakxsnv6vQWU-FxDNZW7hqU9ZVvpOFRWkiG5arSAUYXotj8GaeY7rbYvMSoOhfj3pRtBhSEpkpS-xyzCszknta3KL4EiUudBSZ70ZPJ2_p3YSduizyqx23Vp2E8h8dcNSxa2JAeuy9nqzsOwATcp7SjCOAEAaAGZoAHwdtGqAeOzhuoB5PYG6gH7paxAqgH_p6xAqgHpKOxAqgH1ckbqAemvhuoB_PRG6gHltgbqAeqm7ECqAffn7EC2AcB0ggHCIhhEAEYHbEJsmIWRygCslmACgOYCwHICwG4DAHYEwzQFQH4FgGAFwE\x26amp;ae\x3d1\x26amp;num\x3d1\x26amp;sig\x3dAOD64_1yrDOXMxz8K4MJmdpBvJxx0sn7sA\x26amp;client\x3dca-pub-3084527350962906\x26amp;nb\x3d1\x26amp;adurl\x3dhttps://www.malvernpanalytical.com/en/products/product-range/zetasizer-range/zetasizer-advance-range%3Fcampaignid%3D31870140%26adgroupid%3D2221741020%26creative%3D563059841258%26keyword%3D%26matchtype%3D%26network%3Dd%26device%3Dc%26gclid%3DEAIaIQobChMIrpu5kfDC-AIVuuVzAR2MegK8EAEYASAAEgKkfvD_BwE\x22 target\x3d\x22_top\x22 x-ns-jqu3j-e\x3d\x2214\x22\x3emalvernpanalytical.com\x3c/a\x3e\x3c/div\x3e\x3c/div\x3e\x3cdiv class\x3d\x22ns-jqu3j-e-15 url-button-separator\x22 x-ns-jqu3j-e\x3d\x2215\x22 x-overflow-forbidden\x3d\x22xy\x22\x3e\x3c/div\x3e\x3cdiv class\x3d\x22ns-jqu3j-e-16 button-common close-button\x22 id\x3d\x22dismiss-button\x22 x-ns-jqu3j-e\x3d\x2216\x22 x-overflow-forbidden\x3d\x22xy\x22\x3e\x3cdiv class\x3d\x22ns-jqu3j-e-17\x22 x-ns-jqu3j-e\x3d\x2217\x22 x-overflow-forbidden\x3d\x22xy\x22\x3e\x3cspan class\x3d\x22ns-jqu3j-e-18\x22 dir\x3d\x22auto\x22 x-ns-jqu3j-e\x3d\x2218\x22 x-score\x3d\x221\x22\x3eClose\x3c/span\x3e\x3c/div\x3e\x3c/div\x3e\x3cdiv class\x3d\x22ns-jqu3j-e-19 button-separator\x22 x-ns-jqu3j-e\x3d\x2219\x22 x-overflow-forbidden\x3d\x22xy\x22\x3e\x3c/div\x3e\x3ca class\x3d\x22ns-jqu3j-e-20 button-common open-button\x22 data-asoch-targets\x3d\x22ad0,btnClk\x22 href\x3d\x22https://googleads.g.doubleclick.net/aclk?sa\x3dl\x26amp;ai\x3dCh5IixP6zYq6pELrLz7sPjPWJ4Avt3JeVX7zQ48u0D9nZHhABIKa74mdg5bLkg6AOoAGnpLn_A8gBAakCS8heKR6PtD7gAgCoAwHIAwqqBI4CT9A6ayLkaB4-lWj4XnNhtNiNUFJjZyOrSyKp6f_CGLPXfjMwalatin_rgx_90uukBt5igyFvmCitWapj7t7fuUUuzz189ScYDHceDMB-QKUwrAs0U9RzcB3SpfoHC5Y07PPwy7aW2wg5ILtG35iw-7HFK9e-_HI7yGlokvx-4cC-ilwPNsXeBLxPZdtPCJc3iGhW58vFyVM0SgPMzfzUHilpKEakxsnv6vQWU-FxDNZW7hqU9ZVvpOFRWkiG5arSAUYXotj8GaeY7rbYvMSoOhfj3pRtBhSEpkpS-xyzCszknta3KL4EiUudBSZ70ZPJ2_p3YSduizyqx23Vp2E8h8dcNSxa2JAeuy9nqzsOwATcp7SjCOAEAaAGZoAHwdtGqAeOzhuoB5PYG6gH7paxAqgH_p6xAqgHpKOxAqgH1ckbqAemvhuoB_PRG6gHltgbqAeqm7ECqAffn7EC2AcB0ggHCIhhEAEYHbEJsmIWRygCslmACgOYCwHICwG4DAHYEwzQFQH4FgGAFwE\x26amp;ae\x3d1\x26amp;num\x3d1\x26amp;sig\x3dAOD64_1yrDOXMxz8K4MJmdpBvJxx0sn7sA\x26amp;client\x3dca-pub-3084527350962906\x26amp;nb\x3d8\x26amp;adurl\x3dhttps://www.malvernpanalytical.com/en/products/product-range/zetasizer-range/zetasizer-advance-range%3Fcampaignid%3D31870140%26adgroupid%3D2221741020%26creative%3D563059841258%26keyword%3D%26matchtype%3D%26network%3Dd%26device%3Dc%26gclid%3DEAIaIQobChMIrpu5kfDC-AIVuuVzAR2MegK8EAEYASAAEgKkfvD_BwE\x22 target\x3d\x22_top\x22 title\x3d\x22malvernpanalytical.com\x22 x-ns-jqu3j-e\x3d\x2220\x22 x-overflow-forbidden\x3d\x22xy\x22\x3e\x3cdiv class\x3d\x22ns-jqu3j-e-21\x22 x-ns-jqu3j-e\x3d\x2221\x22 x-overflow-forbidden\x3d\x22xy\x22\x3e\x3cspan class\x3d\x22ns-jqu3j-e-22\x22 dir\x3d\x22auto\x22 x-ns-jqu3j-e\x3d\x2222\x22 x-score\x3d\x221\x22\x3eOpen\x3c/span\x3e\x3c/div\x3e\x3c/a\x3e\x3c/div\x3e\x3c/div\x3e\x3c/div\x3e\x3c/div\x3e\x3c/div\x3e\x3c/div\x3e\x3c/div\x3e\x3c/div\x3e\x3cscript data-jc\x3d\x2226\x22 src\x3d\x22https://tpc.googlesyndication.com/pagead/js/r20220616/r20110914/client/load_preloaded_resource_fy2021.js\x22 async data-jc-version\x3d\x22r20220616\x22\x3e\x3c/script\x3e\x3cscript\x3evu(\x22https://securepubads.g.doubleclick.net/pagead/adview?ai\\x3dCTMm3xP6zYq6pELrLz7sPjPWJ4Avt3JeVX7zQ48u0D9nZHhABIKa74mdg5bLkg6AOoAGnpLn_A8gBAakCS8heKR6PtD7gAgCoAwHIAwqqBIsCT9A6ayLkaB4-lWj4XnNhtNiNUFJjZyOrSyKp6f_CGLPXfjMwalatin_rgx_90uukBt5igyFvmCitWapj7t7fuUUuzz189ScYDHceDMB-QKUwrAs0U9RzcB3SpfoHC5Y07PPwy7aW2wg5ILtG35iw-7HFK9e-_HI7yGlokvx-4cC-ilwPNsXeBLxPZdtPCJc3iGhW58vFyVM0SgPMzfzUHilpKEakxsnv6vQWU-FxDNZW7hqU9ZVvpOFRWkiG5arSAUYXotj8GaeY7rbYvMSoOhfj3pRtBhSEpkpS-xyzCszknta3KPwGqNl20_kePEzIBWxauJlKlTYuzkPNTpD74iqhuTx2wB3eNQK-wATcp7SjCOAEAZIFBAgEGAGSBQQIBRgEoAZmgAfB20aoB47OG6gHk9gbqAfulrECqAf-nrECqAeko7ECqAfVyRuoB6a-G9gHAfIHBBCphAbSCAcIiGEQARgdgAoDyAsB2BMM0BUBgBcBshceChwIABIUcHViLTMwODQ1MjczNTA5NjI5MDYY-5gV\\x26sigh\\x3dsGWSM7w5Q_s\\x26uach_m\\x3d[UACH]\x22)\x3c/script\x3e\x3cstyle\x3ediv{margin:0;padding:0;}.abgc{display:block;height:15px;position:absolute;left:1px;bottom:1px;text-rendering:geometricPrecision;z-index:2147483646;}.abgb{display:inline-block;height:15px;}.abgc,.jar .abgc,.jar .cbb{opacity:1;}.abgs{display:none;height:100%;}.abgl{text-decoration:none;}.abgs svg,.abgb svg{display:inline-block;height:15px;width:auto;vertical-align:top;}.abgc .il-wrap{background-color:#ffffff;height:15px;white-space:nowrap;}.abgc .il-wrap.exp{border-top-right-radius:5px;}.abgc .il-text,.abgc .il-icon{display:inline-block;}.abgc .il-text{padding-left:1px;padding-right:5px;height:15px;width:74px;}.abgc .il-icon{height:15px;width:15px;}.abgc .il-text svg{fill:#000000;}.abgc .il-icon svg{fill:#00aecd}\x3c/style\x3e\x3cdiv id\x3d\x22abgc\x22 class\x3d\x22abgc\x22 dir\x3d\x22ltr\x22\x3e\x3cdiv id\x3d\x22abgb\x22 class\x3d\x22abgb\x22\x3e\x3cdiv class\x3d\x22il-wrap\x22\x3e\x3cdiv class\x3d\x22il-icon\x22\x3e\x3csvg xmlns\x3d\x22http://www.w3.org/2000/svg\x22 xmlns:xlink\x3d\x22http://www.w3.org/1999/xlink\x22 viewBox\x3d\x220 0 15 15\x22\x3e\x3cpath d\x3d\x22M7.5,1.5a6,6,0,1,0,0,12a6,6,0,1,0,0,-12m0,1a5,5,0,1,1,0,10a5,5,0,1,1,0,-10ZM6.625,11l1.75,0l0,-4.5l-1.75,0ZM7.5,3.75a1,1,0,1,0,0,2a1,1,0,1,0,0,-2Z\x22\x3e\x3c/path\x3e\x3c/svg\x3e\x3c/div\x3e\x3c/div\x3e\x3c/div\x3e\x3cdiv id\x3d\x22abgs\x22 class\x3d\x22abgs\x22\x3e\x3ca id\x3d\x22abgl\x22 class\x3d\x22abgl\x22 href\x3d\x22https://adssettings.google.com/whythisad?source\x3ddisplay\x26amp;reasons\x3dAa2KcEZaQIPZDKZkz5Y07BfcUEaoAI399YJSkVcMZlQJVzN5mQxEj20nxGE1G5LPV2mGJ0Lrxa0hZl4_C0ZZfeQx5BbK8Lam0eLIDXYDBFfMj1J-BlxXrJuRC0xDnlmIDGlX5bUel4nKQg6vl1Q6vJBa_OBIDDuOI-AbWRldBEbpmNdQZMWQIxR29Vt9vClVwXjqwHhtMrukwa2xceglgnjSBZ3cXNS75eMfhZM1CK6nkmaFTfahDkVR_x3-Y3bZ7wKjbT3Hv5AGP1kvAf3IgEgqHPau8XUpCzIkdbp3ZSNdMKNJX9p7yv5X0Nd_fipG_b7EE7mlUDH5DhGE_Eb4ob-9kvYEBXilK8m696VhH-4ujulmlKKsegr5_RWU29VAGxvNUyE6KkVZlYmqNTFErTFgQm2PJl4TYqoZ1LPzCNhsjBhSczmq6bzgJcTAHOW5nlyT6OvD24iWW5JOhXeA2048Llef_ii2R3ucZrvETb3Y4wcz1sdYkwVGZcRKDffHYBy7wFQUaQ8vd22v1VZrxsgdosT2FOyl2jtv0ntwMX8I_55m6JlF4z4lv1nI0YaMGVntH3L0yQ9YQPUnPOlNlU60VHMwW6t4hXfl7CX20F3UJ0gab3oJn2De0L1oEqSoNfTgLRbGSP4x5kA6gyYReERJj6mUDNcGYRGMCzO8V8K3TE61MZHXlq-DP7EUVeKnX8KGHfYlw1mmHdC1ltzA-d-ki1htxtiVowTgV06YOKF817O-4dQbHbgWTvPTPJUk-z_XMqnONFvkdKvvlZuCO94Ft1SavnDTOxBW_VZKZloUG6c4tKD2b00CAqXgt0O_QMOBwUADkijOL971YpD8EyKMe3bNIsJuem-EfaUE2QhF5PBLY9YsmJ3NKRi5H8Be_mlxXYl194TSNjIN_6F9THxMf8nbdifFGwbAej7j9v9NsCJbBDgkmVqtQ7hBe7bHXpgN-EG75grVUpNieJky62w_O0C11L9W7MBweP-IFSot96DNLUbplhF0Zc75dZK49bJRXEJABoaaafFdAisvAaDskQcax8TTQNYD-5D3jP4yzNLl28jPw791nI0W9FXmijivHNuA762fXq1EVWiWALI_lFyq-DpkXo1TiT4I1C9xjtC42R7g59GaUuWaVUIfOTrY9UX601Sh0IPndS_0EYoUxExzhj6U4uqf9AkIL7BHdhKsrr_APfL7-hYv0eNsoWaoo2R9x2R8n028fQjj1FsNZJ7mZUESW_OjnLWDmi_iJ0gVEALiMe4GWg_gEQODkNEjeBeGIqr76fXtUHXL1D1DalSyc4bCtMxuSDfOV1k0TZ0tkTAc3brTpk4cBqt705vpMAvL87xPMyimq3diZd8tCpsOEV4_a3JjxUD4WjV3vs2CFIDDbVYZiRHY7rIXtuH_kAn-aOpr7VoQ5B0Smam_lQnLq1BA3Wv3VdvmelA1sSEesNAlPeLBUOQazoIiDS0_bR_5e9NlsWvOb9Mf4nxxzHLBKr0gaNPIrDlK6ekwymzI6cHYOLYxubM56HRWUiDxEQ9eOf6DM3Pylmi-NsZKVmPNsU9phEdQ2NB3588ZAzMxXQRnSg1obxKfxnoDTCLlW0irwTQigPm5cOJw5Qfp9hQE9KfLGR0lWrQYOX8SaD0C_oM-Ns_4LXm9jMm8ddaED6e2ZjNKuaV3Cmxq-EodU30hvUbosn18cBN-EHQ2pPOl2ZkUeVpXRn0gf5hAvd1NQEeZFpTu7gwEFTg\x22 target\x3d\x22_blank\x22\x3e\x3cdiv class\x3d\x22il-wrap exp\x22\x3e\x3cdiv class\x3d\x22il-icon\x22\x3e\x3csvg xmlns\x3d\x22http://www.w3.org/2000/svg\x22 xmlns:xlink\x3d\x22http://www.w3.org/1999/xlink\x22 viewBox\x3d\x220 0 15 15\x22\x3e\x3cpath d\x3d\x22M7.5,1.5a6,6,0,1,0,0,12a6,6,0,1,0,0,-12m0,1a5,5,0,1,1,0,10a5,5,0,1,1,0,-10ZM6.625,11l1.75,0l0,-4.5l-1.75,0ZM7.5,3.75a1,1,0,1,0,0,2a1,1,0,1,0,0,-2Z\x22\x3e\x3c/path\x3e\x3c/svg\x3e\x3c/div\x3e\x3cdiv class\x3d\x22il-text\x22\x3e\x3csvg xmlns\x3d\x22http://www.w3.org/2000/svg\x22 xmlns:xlink\x3d\x22http://www.w3.org/1999/xlink\x22 viewBox\x3d\x220 0 79 16\x22\x3e\x3cpath d\x3d\x22M4.51 4.24L8.02 12.83L6.73 12.83L5.72 10.21L2.14 10.21L1.19 12.83L-0.01 12.83L3.29 4.24L4.51 4.24ZM2.46 9.31L5.38 9.31L5.38 9.31Q4.32 6.52 4.19 6.14L4.19 6.14L4.19 6.14Q4.05 5.77 3.89 5.13L3.89 5.13L3.86 5.13L3.86 5.13Q3.70 6 3.42 6.74L3.42 6.74L2.46 9.31ZM13.83 4.24L13.83 12.83L12.85 12.83L12.85 12.04L12.83 12.04L12.83 12.04Q12.26 12.97 11.11 12.97L11.11 12.97L11.11 12.97Q9.97 12.97 9.20 12.07L9.20 12.07L9.20 12.07Q8.44 11.16 8.44 9.72L8.44 9.72L8.44 9.72Q8.44 8.21 9.16 7.34L9.16 7.34L9.16 7.34Q9.88 6.47 11.06 6.47L11.06 6.47L11.06 6.47Q12.18 6.47 12.76 7.32L12.76 7.32L12.78 7.32L12.78 4.24L13.83 4.24ZM11.22 12.11L11.22 12.11L11.22 12.11Q11.91 12.11 12.39 11.54L12.39 11.54L12.39 11.54Q12.87 10.97 12.87 9.81L12.87 9.81L12.87 9.81Q12.87 8.68 12.43 8.00L12.43 8.00L12.43 8.00Q11.99 7.33 11.17 7.33L11.17 7.33L11.17 7.33Q10.35 7.33 9.93 7.99L9.93 7.99L9.93 7.99Q9.52 8.65 9.52 9.72L9.52 9.72L9.52 9.72Q9.52 10.49 9.74 11.03L9.74 11.03L9.74 11.03Q9.97 11.57 10.37 11.84L10.37 11.84L10.37 11.84Q10.78 12.11 11.22 12.11ZM19.98 8.21L18.95 8.35L18.95 8.35Q18.88 7.84 18.54 7.58L18.54 7.58L18.54 7.58Q18.19 7.33 17.58 7.33L17.58 7.33L17.58 7.33Q16.98 7.33 16.61 7.54L16.61 7.54L16.61 7.54Q16.24 7.74 16.24 8.13L16.24 8.13L16.24 8.13Q16.24 8.50 16.53 8.66L16.53 8.66L16.53 8.66Q16.83 8.82 17.70 9.05L17.70 9.05L17.70 9.05Q18.69 9.30 19.17 9.49L19.17 9.49L19.17 9.49Q19.66 9.69 19.94 10.03L19.94 10.03L19.94 10.03Q20.21 10.38 20.21 11.00L20.21 11.00L20.21 11.00Q20.21 11.84 19.53 12.40L19.53 12.40L19.53 12.40Q18.85 12.97 17.71 12.97L17.71 12.97L17.71 12.97Q16.53 12.97 15.86 12.47L15.86 12.47L15.86 12.47Q15.20 11.97 15.05 10.97L15.05 10.97L16.10 10.81L16.10 10.81Q16.18 11.46 16.58 11.78L16.58 11.78L16.58 11.78Q16.98 12.11 17.70 12.11L17.70 12.11L17.70 12.11Q18.39 12.11 18.76 11.82L18.76 11.82L18.76 11.82Q19.13 11.53 19.13 11.11L19.13 11.11L19.13 11.11Q19.13 10.83 18.96 10.66L18.96 10.66L18.96 10.66Q18.79 10.49 18.54 10.40L18.54 10.40L18.54 10.40Q18.28 10.32 17.39 10.10L17.39 10.10L17.39 10.10Q16.07 9.79 15.64 9.33L15.64 9.33L15.64 9.33Q15.22 8.88 15.22 8.26L15.22 8.26L15.22 8.26Q15.22 7.48 15.84 6.97L15.84 6.97L15.84 6.97Q16.46 6.47 17.51 6.47L17.51 6.47L17.51 6.47Q18.62 6.47 19.24 6.91L19.24 6.91L19.24 6.91Q19.86 7.34 19.98 8.21L19.98 8.21ZM25.87 7.31L25.90 7.31L25.90 7.31Q26.48 6.47 27.57 6.47L27.57 6.47L27.57 6.47Q28.78 6.47 29.50 7.34L29.50 7.34L29.50 7.34Q30.22 8.21 30.22 9.62L30.22 9.62L30.22 9.62Q30.22 11.24 29.41 12.11L29.41 12.11L29.41 12.11Q28.61 12.97 27.53 12.97L27.53 12.97L27.53 12.97Q26.43 12.97 25.82 12.05L25.82 12.05L25.80 12.05L25.80 12.83L24.81 12.83L24.81 4.24L25.87 4.24L25.87 7.31ZM27.45 12.11L27.45 12.11L27.45 12.11Q28.18 12.11 28.66 11.48L28.66 11.48L28.66 11.48Q29.13 10.85 29.13 9.71L29.13 9.71L29.13 9.71Q29.13 8.61 28.69 7.97L28.69 7.97L28.69 7.97Q28.25 7.33 27.48 7.33L27.48 7.33L27.48 7.33Q26.72 7.33 26.25 7.99L26.25 7.99L26.25 7.99Q25.79 8.65 25.79 9.67L25.79 9.67L25.79 9.67Q25.79 10.66 25.98 11.08L25.98 11.08L25.98 11.08Q26.17 11.50 26.56 11.80L26.56 11.80L26.56 11.80Q26.95 12.11 27.45 12.11ZM35.52 6.61L36.59 6.61L34.21 12.93L34.21 12.93Q34.21 12.94 34.20 12.97L34.20 12.97L34.20 12.97Q33.86 14.03 33.41 14.69L33.41 14.69L33.41 14.69Q32.95 15.35 32.12 15.35L32.12 15.35L32.12 15.35Q31.83 15.35 31.43 15.23L31.43 15.23L31.32 14.23L31.32 14.23Q31.63 14.33 31.92 14.33L31.92 14.33L31.92 14.33Q32.51 14.33 32.73 14.00L32.73 14.00L32.73 14.00Q32.96 13.68 33.24 12.84L33.24 12.84L30.88 6.61L32.02 6.61L33.48 10.68L33.48 10.68Q33.61 11.06 33.76 11.65L33.76 11.65L33.78 11.65L33.78 11.65Q33.93 10.97 34.15 10.35L34.15 10.35L35.52 6.61ZM48.59 8.44L48.59 11.63L48.59 11.63Q46.96 12.97 45.04 12.97L45.04 12.97L45.04 12.97Q43.06 12.97 41.85 11.77L41.85 11.77L41.85 11.77Q40.64 10.56 40.64 8.57L40.64 8.57L40.64 8.57Q40.64 7.35 41.14 6.30L41.14 6.30L41.14 6.30Q41.63 5.24 42.59 4.67L42.59 4.67L42.59 4.67Q43.56 4.09 44.95 4.09L44.95 4.09L44.95 4.09Q46.40 4.09 47.28 4.73L47.28 4.73L47.28 4.73Q48.15 5.36 48.46 6.63L48.46 6.63L47.44 6.92L47.44 6.92Q47.20 5.99 46.58 5.53L46.58 5.53L46.58 5.53Q45.96 5.06 44.95 5.06L44.95 5.06L44.95 5.06Q43.40 5.06 42.61 6.01L42.61 6.01L42.61 6.01Q41.82 6.96 41.82 8.50L41.82 8.50L41.82 8.50Q41.82 9.64 42.20 10.41L42.20 10.41L42.20 10.41Q42.59 11.17 43.34 11.56L43.34 11.56L43.34 11.56Q44.09 11.95 44.98 11.95L44.98 11.95L44.98 11.95Q46.32 11.95 47.48 11.06L47.48 11.06L47.48 9.47L44.95 9.47L44.95 8.44L48.59 8.44ZM52.69 6.47L52.69 6.47L52.69 6.47Q53.95 6.47 54.78 7.29L54.78 7.29L54.78 7.29Q55.61 8.11 55.61 9.62L55.61 9.62L55.61 9.62Q55.61 11.46 54.71 12.21L54.71 12.21L54.71 12.21Q53.81 12.97 52.69 12.97L52.69 12.97L52.69 12.97Q51.51 12.97 50.64 12.19L50.64 12.19L50.64 12.19Q49.78 11.41 49.78 9.72L49.78 9.72L49.78 9.72Q49.78 8.08 50.61 7.27L50.61 7.27L50.61 7.27Q51.45 6.47 52.69 6.47ZM52.69 12.11L52.69 12.11L52.69 12.11Q53.59 12.11 54.06 11.44L54.06 11.44L54.06 11.44Q54.53 10.77 54.53 9.68L54.53 9.68L54.53 9.68Q54.53 8.51 54.00 7.92L54.00 7.92L54.00 7.92Q53.47 7.33 52.69 7.33L52.69 7.33L52.69 7.33Q51.88 7.33 51.37 7.93L51.37 7.93L51.37 7.93Q50.85 8.53 50.85 9.72L50.85 9.72L50.85 9.72Q50.85 10.90 51.38 11.50L51.38 11.50L51.38 11.50Q51.90 12.11 52.69 12.11ZM59.36 6.47L59.36 6.47L59.36 6.47Q60.62 6.47 61.45 7.29L61.45 7.29L61.45 7.29Q62.28 8.11 62.28 9.62L62.28 9.62L62.28 9.62Q62.28 11.46 61.38 12.21L61.38 12.21L61.38 12.21Q60.49 12.97 59.36 12.97L59.36 12.97L59.36 12.97Q58.18 12.97 57.32 12.19L57.32 12.19L57.32 12.19Q56.45 11.41 56.45 9.72L56.45 9.72L56.45 9.72Q56.45 8.08 57.29 7.27L57.29 7.27L57.29 7.27Q58.13 6.47 59.36 6.47ZM59.36 12.11L59.36 12.11L59.36 12.11Q60.26 12.11 60.73 11.44L60.73 11.44L60.73 11.44Q61.20 10.77 61.20 9.68L61.20 9.68L61.20 9.68Q61.20 8.51 60.67 7.92L60.67 7.92L60.67 7.92Q60.14 7.33 59.36 7.33L59.36 7.33L59.36 7.33Q58.56 7.33 58.04 7.93L58.04 7.93L58.04 7.93Q57.53 8.53 57.53 9.72L57.53 9.72L57.53 9.72Q57.53 10.90 58.05 11.50L58.05 11.50L58.05 11.50Q58.58 12.11 59.36 12.11ZM68.60 6.61L68.60 11.99L68.60 11.99Q68.60 13.31 68.33 13.97L68.33 13.97L68.33 13.97Q68.07 14.62 67.39 14.98L67.39 14.98L67.39 14.98Q66.72 15.35 65.78 15.35L65.78 15.35L65.78 15.35Q64.73 15.35 64.03 14.88L64.03 14.88L64.03 14.88Q63.32 14.41 63.32 13.34L63.32 13.34L64.35 13.50L64.35 13.50Q64.41 13.99 64.76 14.24L64.76 14.24L64.76 14.24Q65.12 14.48 65.77 14.48L65.77 14.48L65.77 14.48Q66.59 14.48 66.97 14.15L66.97 14.15L66.97 14.15Q67.35 13.82 67.44 13.34L67.44 13.34L67.44 13.34Q67.52 12.86 67.52 12.01L67.52 12.01L67.52 12.01Q66.84 12.83 65.79 12.83L65.79 12.83L65.79 12.83Q64.58 12.83 63.85 11.93L63.85 11.93L63.85 11.93Q63.11 11.03 63.11 9.67L63.11 9.67L63.11 9.67Q63.11 8.30 63.83 7.38L63.83 7.38L63.83 7.38Q64.54 6.47 65.81 6.47L65.81 6.47L65.81 6.47Q66.91 6.47 67.60 7.35L67.60 7.35L67.62 7.35L67.62 6.61L68.60 6.61ZM65.89 11.96L65.89 11.96L65.89 11.96Q66.57 11.96 67.09 11.43L67.09 11.43L67.09 11.43Q67.61 10.89 67.61 9.63L67.61 9.63L67.61 9.63Q67.61 8.52 67.11 7.92L67.11 7.92L67.11 7.92Q66.62 7.33 65.88 7.33L65.88 7.33L65.88 7.33Q65.13 7.33 64.66 7.94L64.66 7.94L64.66 7.94Q64.19 8.55 64.19 9.61L64.19 9.61L64.19 9.61Q64.19 10.83 64.68 11.40L64.68 11.40L64.68 11.40Q65.18 11.96 65.89 11.96ZM71.23 4.24L71.23 12.83L70.18 12.83L70.18 4.24L71.23 4.24ZM78.25 9.98L78.25 9.98L73.59 9.98L73.59 9.98Q73.65 11.02 74.18 11.56L74.18 11.56L74.18 11.56Q74.70 12.11 75.49 12.11L75.49 12.11L75.49 12.11Q76.09 12.11 76.50 11.79L76.50 11.79L76.50 11.79Q76.91 11.47 77.13 10.82L77.13 10.82L78.21 10.96L78.21 10.96Q77.95 11.93 77.24 12.45L77.24 12.45L77.24 12.45Q76.54 12.97 75.49 12.97L75.49 12.97L75.49 12.97Q74.09 12.97 73.30 12.11L73.30 12.11L73.30 12.11Q72.51 11.26 72.51 9.77L72.51 9.77L72.51 9.77Q72.51 8.30 73.27 7.38L73.27 7.38L73.27 7.38Q74.04 6.47 75.43 6.47L75.43 6.47L75.43 6.47Q76.11 6.47 76.74 6.77L76.74 6.77L76.74 6.77Q77.37 7.07 77.81 7.78L77.81 7.78L77.81 7.78Q78.25 8.50 78.25 9.98ZM73.65 9.12L77.16 9.12L77.16 9.12Q77.10 8.17 76.57 7.75L76.57 7.75L76.57 7.75Q76.05 7.33 75.43 7.33L75.43 7.33L75.43 7.33Q74.68 7.33 74.20 7.83L74.20 7.83L74.20 7.83Q73.72 8.33 73.65 9.12L73.65 9.12Z\x22/\x3e\x3c/svg\x3e\x3c/div\x3e\x3c/div\x3e\x3c/a\x3e\x3c/div\x3e\x3c/div\x3e\x3cscript data-jc\x3d\x2260\x22 src\x3d\x22https://tpc.googlesyndication.com/pagead/js/r20220616/r20110914/abg_lite_fy2021.js\x22 data-jc-version\x3d\x22r20220616\x22\x3e\x3c/script\x3e\x3cscript\x3ebuildAttribution([[null,\x22https://googleads.g.doubleclick.net/pagead/images/mtad/x_blue.png\x22,null,\x22https://googleads.g.doubleclick.net/pagead/images/mtad/x_blue.png\x22,\x22https://googleads.g.doubleclick.net/pagead/interaction/?ai\x3dCh5IixP6zYq6pELrLz7sPjPWJ4Avt3JeVX7zQ48u0D9nZHhABIKa74mdg5bLkg6AOoAGnpLn_A8gBAakCS8heKR6PtD7gAgCoAwHIAwqqBI4CT9A6ayLkaB4-lWj4XnNhtNiNUFJjZyOrSyKp6f_CGLPXfjMwalatin_rgx_90uukBt5igyFvmCitWapj7t7fuUUuzz189ScYDHceDMB-QKUwrAs0U9RzcB3SpfoHC5Y07PPwy7aW2wg5ILtG35iw-7HFK9e-_HI7yGlokvx-4cC-ilwPNsXeBLxPZdtPCJc3iGhW58vFyVM0SgPMzfzUHilpKEakxsnv6vQWU-FxDNZW7hqU9ZVvpOFRWkiG5arSAUYXotj8GaeY7rbYvMSoOhfj3pRtBhSEpkpS-xyzCszknta3KL4EiUudBSZ70ZPJ2_p3YSduizyqx23Vp2E8h8dcNSxa2JAeuy9nqzsOwATcp7SjCOAEAaAGZoAHwdtGqAeOzhuoB5PYG6gH7paxAqgH_p6xAqgHpKOxAqgH1ckbqAemvhuoB_PRG6gHltgbqAeqm7ECqAffn7EC2AcB0ggHCIhhEAEYHbEJsmIWRygCslmACgOYCwHICwG4DAHYEwzQFQH4FgGAFwE\\u0026sigh\x3d18JiLl3rqrQ\\u0026cid\x3dCAQSPgCNIrLMNF0MgK0ZowEaDT36PtOyJzu05g0riPJDHaqbxlHqUwc_ZX-oRXCu4KvmN8yXadjbk5bGVvmeJz98\x22,\x22rtUhr0OxwAgIvNDjy7QPELyZmQ8YgdcJIhZtYWx2ZXJucGFuYWx5dGljYWwuY29tMggIBRMYvL8ZFEIXY2EtcHViLTMwODQ1MjczNTA5NjI5MDZIElhmcAE\x22,[\x22user_feedback_menu_interaction\x22,\x22\x22,0],null,null,null,null,\x22What was wrong with this ad?\x22,null,\x22https://googleads.g.doubleclick.net/pagead/images/mtad/back_blue.png\x22,\x22Thanks for the feedback!\x22,\x22We’ll review this ad to improve the experience in the future.\x22,\x22Thanks for the feedback!\x22,\x22We’ll use your feedback to review ads on this site.\x22,null,null,\x22{\\\x22msg_type\\\x22:\\\x22i-dismiss\\\x22,\\\x22key_value\\\x22:[],\\\x22googMsgType\\\x22:\\\x22sth\\\x22}\x22,\x22Closing ad: %1$d\x22,\x22Ads by Google\x22,\x22https://googleads.g.doubleclick.net/pagead/images/mtad/abg_blue.png\x22,\x22https://www.google.com/url?ct\x3dabg\\u0026q\x3dhttps://www.google.com/adsense/support/bin/request.py%3Fcontact%3Dabg_afc%26url%3Dhttps://demo.guru99.com/test/newtours/%26gl%3DIN%26hl%3Den%26client%3Dca-pub-3084527350962906%26ai0%3DCh5IixP6zYq6pELrLz7sPjPWJ4Avt3JeVX7zQ48u0D9nZHhABIKa74mdg5bLkg6AOoAGnpLn_A8gBAakCS8heKR6PtD7gAgCoAwHIAwqqBI4CT9A6ayLkaB4-lWj4XnNhtNiNUFJjZyOrSyKp6f_CGLPXfjMwalatin_rgx_90uukBt5igyFvmCitWapj7t7fuUUuzz189ScYDHceDMB-QKUwrAs0U9RzcB3SpfoHC5Y07PPwy7aW2wg5ILtG35iw-7HFK9e-_HI7yGlokvx-4cC-ilwPNsXeBLxPZdtPCJc3iGhW58vFyVM0SgPMzfzUHilpKEakxsnv6vQWU-FxDNZW7hqU9ZVvpOFRWkiG5arSAUYXotj8GaeY7rbYvMSoOhfj3pRtBhSEpkpS-xyzCszknta3KL4EiUudBSZ70ZPJ2_p3YSduizyqx23Vp2E8h8dcNSxa2JAeuy9nqzsOwATcp7SjCOAEAaAGZoAHwdtGqAeOzhuoB5PYG6gH7paxAqgH_p6xAqgHpKOxAqgH1ckbqAemvhuoB_PRG6gHltgbqAeqm7ECqAffn7EC2AcB0ggHCIhhEAEYHbEJsmIWRygCslmACgOYCwHICwG4DAHYEwzQFQH4FgGAFwE\\u0026usg\x3dAOvVaw3264zCY5a4hSg70rMByoqF\x22,\x22https://googleads.g.doubleclick.net/pagead/images/mtad/x_blue.png\x22,0,[[\x22Send feedback\x22,[\x22user_feedback_menu_option\x22,\x221\x22,1],[\x22What was wrong with this ad?\x22,[[\x22Seen this ad multiple times\x22,[\x22mute_survey_option\x22,\x222\x22,1]],[\x22Ad was inappropriate\x22,[\x22mute_survey_option\x22,\x228\x22,1]],[\x22Ad covered content\x22,[\x22mute_survey_option\x22,\x223\x22,1]],[\x22Not interested in this ad\x22,[\x22mute_survey_option\x22,\x227\x22,1]]]],[\x22user_feedback_undo\x22,\x221\x22,1]]],[\x22https://googleads.g.doubleclick.net/pagead/images/adchoices/iconx2-000000.png\x22,\x22AdChoices\x22,\x22Ad closed by %1$s\x22,null,\x22https://www.gstatic.com/images/branding/googlelogo/2x/googlelogo_dark_color_84x28dp.png\x22,\x22Send feedback\x22,\x22Thanks. Feedback improves Google ads\x22,null,null,null,\x22https://googleads.g.doubleclick.net/pagead/images/abg/iconx2-000000.png\x22,\x22Ads by Google\x22,null,\x22See my Google ad settings\x22,null,\x22https://www.gstatic.com\x22,\x22\x22,\x22Ads by %1$s\x22,\x22Ad settings\x22,\x22https://adssettings.google.com\x22,\x22Political Ad\x22,null,null,0],\x22AB3afGEAAAYHW1tbW251bGwsWzJdLG51bGwsbnVsbCxudWxsLG51bGwsbnVsbCxudWxsLG51bGwsbnVsbCxudWxsLG51bGwsbnVsbCxudWxsLG51bGwsbnVsbCxudWxsLG51bGwsbnVsbCxudWxsLG51bGwsbnVsbCxudWxsLG51bGwsbnVsbCxudWxsLG51bGwsbnVsbCxudWxsLG51bGwsbnVsbCxudWxsLFtbIk1hbHZlcm4gSW5zdHJ1bWVudHMgTGltaXRlZCIsIkdCIiwxLG51bGwsMV0sIjE1ODU5MyJdXSxbbnVsbCwiaHR0cHM6Ly9nb29nbGVhZHMuZy5kb3VibGVjbGljay5uZXQvcGFnZWFkL2ludGVyYWN0aW9uLz9haT1DaDVJaXhQNnpZcTZwRUxyTHo3c1BqUFdKNEF2dDNKZVZYN3pRNDh1MEQ5blpIaEFCSUthNzRtZGc1YkxrZzZBT29BR25wTG5fQThnQkFha0NTOGhlS1I2UHREN2dBZ0NvQXdISUF3cXFCSTRDVDlBNmF5TGthQjQtbFdqNFhuTmh0TmlOVUZKalp5T3JTeUtwNmZfQ0dMUFhmak13YWxhdGluX3JneF85MHV1a0J0NWlneUZ2bUNpdFdhcGo3dDdmdVVVdXp6MTg5U2NZREhjZURNQi1RS1V3ckFzMFU5UnpjQjNTcGZvSEM1WTA3UFB3eTdhVzJ3ZzVJTHRHMzVpdy03SEZLOWUtX0hJN3lHbG9rdngtNGNDLWlsd1BOc1hlQkx4UFpkdFBDSmMzaUdoVzU4dkZ5Vk0wU2dQTXpmelVIaWxwS0Vha3hzbnY2dlFXVS1GeEROWlc3aHFVOVpWdnBPRlJXa2lHNWFyU0FVWVhvdGo4R2FlWTdyYll2TVNvT2hmajNwUnRCaFNFcGtwUy14eXpDc3prbnRhM0tMNEVpVXVkQlNaNzBaUEoyX3AzWVNkdWl6eXF4MjNWcDJFOGg4ZGNOU3hhMkpBZXV5OW5xenNPd0FUY3A3U2pDT0FFQWFBR1pvQUh3ZHRHcUFlT3podW9CNVBZRzZnSDdwYXhBcWdIX3A2eEFxZ0hwS094QXFnSDFja2JxQWVtdmh1b0JfUFJHNmdIbHRnYnFBZXFtN0VDcUFmZm43RUMyQWNCMGdnSENJaGhFQUVZSGJFSnNtSVdSeWdDc2xtQUNnT1lDd0hJQ3dHNERBSFlFd3pRRlFINEZnR0FGd0VcdTAwMjZzaWdoPTE4SmlMbDNycXJRXHUwMDI2Y2lkPUNBUVNQZ0NOSXJMTU5GME1nSzBab3dFYURUMzZQdE95Snp1MDVnMHJpUEpESGFxYnhsSHFVd2NfWlgtb1JYQ3U0S3ZtTjh5WGFkamJrNWJHVnZtZUp6OTgiLFtudWxsLG51bGwsbnVsbCwiaHR0cHM6Ly9kaXNwbGF5YWRzLWZvcm1hdHMuZ29vZ2xldXNlcmNvbnRlbnQuY29tL2Fkcy9wcmV2aWV3L2NvbnRlbnQuanM_Y2xpZW50PXd0YVx1MDAyNm9iZnVzY2F0ZWRDdXN0b21lcklkPTg3NzE1MTA0NTdcdTAwMjZjcmVhdGl2ZUlkPTU2MzA1OTg0MTI1OFx1MDAyNnZlcnNpb25JZD0wXHUwMDI2YWRHcm91cENyZWF0aXZlSWQ9NTI5NTEzNjM3OTQ4XHUwMDI2aHRtbFBhcmVudElkPXByZXYtMFx1MDAyNmhlaWdodD0yMzVcdTAwMjZ3aWR0aD01ODhcdTAwMjZzaWc9QUNpVkJfd0QwSE9LUnB4RWRjNG00LTVTRmVJRGc4Zll3ZyJdLG51bGwsbnVsbCwxLCJydFVocjBPeHdBZ0l2TkRqeTdRUEVMeVptUThZZ2RjSkloWnRZV3gyWlhKdWNHRnVZV3g1ZEdsallXd3VZMjl0TWdnSUJSTVl2TDhaRkVJWFkyRXRjSFZpTFRNd09EUTFNamN6TlRBNU5qSTVNRFpJRWxobWNBRSIsIjMxODcwMTQwIl1dXSxbMSwxLDEsMSwxXSxbbnVsbCxudWxsLCJJTiJdXS2UflR0jNFUU3iSAWnO6VhymgHv21Aod8BLFT2TCjX-oP_QnVniHwIL-VhxK_rDK51ueMWKuld9RMIhQIfvwL7Ck_g59gEPQlDAlbcHeaZ1ZcqgMFQ6hSbIl09LayyAjq0dfhHdA2SL0m0Aoplwe5H8UvV-K0DLQ8bePC8_kmpih0Mu0ATQ0d4vIT1rZ21U0ecoPUd5vokQtGRkRZAbQUsDgdp7uN1J5BlTOMnCwCea46Zj1_ELgdQOto9Wpq9IL5Ode6w_cJ_21Dd7EIHBAGSgEx3aBhRc1f7xUf-SRMh8GRvCP4qp3bj-4wZmGvKulmxYg9_8dixeZKon1bfSv1w,-0uBCHkEd84_j20F7RpBDA\x22,\x22https://adssettings.google.com/whythisad?source\x3ddisplay\\u0026reasons\x3dAa2KcEZaQIPZDKZkz5Y07BfcUEaoAI399YJSkVcMZlQJVzN5mQxEj20nxGE1G5LPV2mGJ0Lrxa0hZl4_C0ZZfeQx5BbK8Lam0eLIDXYDBFfMj1J-BlxXrJuRC0xDnlmIDGlX5bUel4nKQg6vl1Q6vJBa_OBIDDuOI-AbWRldBEbpmNdQZMWQIxR29Vt9vClVwXjqwHhtMrukwa2xceglgnjSBZ3cXNS75eMfhZM1CK6nkmaFTfahDkVR_x3-Y3bZ7wKjbT3Hv5AGP1kvAf3IgEgqHPau8XUpCzIkdbp3ZSNdMKNJX9p7yv5X0Nd_fipG_b7EE7mlUDH5DhGE_Eb4ob-9kvYEBXilK8m696VhH-4ujulmlKKsegr5_RWU29VAGxvNUyE6KkVZlYmqNTFErTFgQm2PJl4TYqoZ1LPzCNhsjBhSczmq6bzgJcTAHOW5nlyT6OvD24iWW5JOhXeA2048Llef_ii2R3ucZrvETb3Y4wcz1sdYkwVGZcRKDffHYBy7wFQUaQ8vd22v1VZrxsgdosT2FOyl2jtv0ntwMX8I_55m6JlF4z4lv1nI0YaMGVntH3L0yQ9YQPUnPOlNlU60VHMwW6t4hXfl7CX20F3UJ0gab3oJn2De0L1oEqSoNfTgLRbGSP4x5kA6gyYReERJj6mUDNcGYRGMCzO8V8K3TE61MZHXlq-DP7EUVeKnX8KGHfYlw1mmHdC1ltzA-d-ki1htxtiVowTgV06YOKF817O-4dQbHbgWTvPTPJUk-z_XMqnONFvkdKvvlZuCO94Ft1SavnDTOxBW_VZKZloUG6c4tKD2b00CAqXgt0O_QMOBwUADkijOL971YpD8EyKMe3bNIsJuem-EfaUE2QhF5PBLY9YsmJ3NKRi5H8Be_mlxXYl194TSNjIN_6F9THxMf8nbdifFGwbAej7j9v9NsCJbBDgkmVqtQ7hBe7bHXpgN-EG75grVUpNieJky62w_O0C11L9W7MBweP-IFSot96DNLUbplhF0Zc75dZK49bJRXEJABoaaafFdAisvAaDskQcax8TTQNYD-5D3jP4yzNLl28jPw791nI0W9FXmijivHNuA762fXq1EVWiWALI_lFyq-DpkXo1TiT4I1C9xjtC42R7g59GaUuWaVUIfOTrY9UX601Sh0IPndS_0EYoUxExzhj6U4uqf9AkIL7BHdhKsrr_APfL7-hYv0eNsoWaoo2R9x2R8n028fQjj1FsNZJ7mZUESW_OjnLWDmi_iJ0gVEALiMe4GWg_gEQODkNEjeBeGIqr76fXtUHXL1D1DalSyc4bCtMxuSDfOV1k0TZ0tkTAc3brTpk4cBqt705vpMAvL87xPMyimq3diZd8tCpsOEV4_a3JjxUD4WjV3vs2CFIDDbVYZiRHY7rIXtuH_kAn-aOpr7VoQ5B0Smam_lQnLq1BA3Wv3VdvmelA1sSEesNAlPeLBUOQazoIiDS0_bR_5e9NlsWvOb9Mf4nxxzHLBKr0gaNPIrDlK6ekwymzI6cHYOLYxubM56HRWUiDxEQ9eOf6DM3Pylmi-NsZKVmPNsU9phEdQ2NB3588ZAzMxXQRnSg1obxKfxnoDTCLlW0irwTQigPm5cOJw5Qfp9hQE9KfLGR0lWrQYOX8SaD0C_oM-Ns_4LXm9jMm8ddaED6e2ZjNKuaV3Cmxq-EodU30hvUbosn18cBN-EHQ2pPOl2ZkUeVpXRn0gf5hAvd1NQEeZFpTu7gwEFTg\x22,\x22Why this ad?\x22,0,0],null,null,0,null,0,0,1,0,0,0,0,0,0,0,null,0,1,0,null,null,null,null,0,null,null,0,null,null,\x22left\x22,0,0,\x22r20220616/r20110914\x22]);\x3c/script\x3e\x3ciframe title\x3d\x22Blank\x22 frameborder\x3d0 height\x3d0 width\x3d0 src\x3d\x22https://googleads.g.doubleclick.net/pagead/drt/s?v\x3dr20120211\x22 style\x3d\x22position:absolute\x22 aria-hidden\x3d\x22true\x22\x3e\x3c/iframe\x3e\x3cscript data-jc\x3d\x2222\x22 src\x3d\x22https://tpc.googlesyndication.com/pagead/js/r20220616/r20110914/client/window_focus_fy2021.js\x22 async data-jc-version\x3d\x22r20220616\x22 data-jcp-url\x3d\x22https://googleads.g.doubleclick.net/pagead/interaction/?ai\x3dCh5IixP6zYq6pELrLz7sPjPWJ4Avt3JeVX7zQ48u0D9nZHhABIKa74mdg5bLkg6AOoAGnpLn_A8gBAakCS8heKR6PtD7gAgCoAwHIAwqqBI4CT9A6ayLkaB4-lWj4XnNhtNiNUFJjZyOrSyKp6f_CGLPXfjMwalatin_rgx_90uukBt5igyFvmCitWapj7t7fuUUuzz189ScYDHceDMB-QKUwrAs0U9RzcB3SpfoHC5Y07PPwy7aW2wg5ILtG35iw-7HFK9e-_HI7yGlokvx-4cC-ilwPNsXeBLxPZdtPCJc3iGhW58vFyVM0SgPMzfzUHilpKEakxsnv6vQWU-FxDNZW7hqU9ZVvpOFRWkiG5arSAUYXotj8GaeY7rbYvMSoOhfj3pRtBhSEpkpS-xyzCszknta3KL4EiUudBSZ70ZPJ2_p3YSduizyqx23Vp2E8h8dcNSxa2JAeuy9nqzsOwATcp7SjCOAEAaAGZoAHwdtGqAeOzhuoB5PYG6gH7paxAqgH_p6xAqgHpKOxAqgH1ckbqAemvhuoB_PRG6gHltgbqAeqm7ECqAffn7EC2AcB0ggHCIhhEAEYHbEJsmIWRygCslmACgOYCwHICwG4DAHYEwzQFQH4FgGAFwE\x26amp;sigh\x3d18JiLl3rqrQ\x26amp;cid\x3dCAQSPgCNIrLMNF0MgK0ZowEaDT36PtOyJzu05g0riPJDHaqbxlHqUwc_ZX-oRXCu4KvmN8yXadjbk5bGVvmeJz98\x22 data-jcp-gws-id\x3d\x22\x22 data-jcp-qem-id\x3d\x22CK6buZHwwvgCFbrlcwEdjHoCvA\x22\x3e\x3c/script\x3e\x3cscript src\x3d\x22https://www.googletagservices.com/activeview/js/current/rx_lidar.js?cache\x3dr20110914\x22\x3e\x3c/script\x3e\x3cscript type\x3d\x22text/javascript\x22\x3eosdlfm();\x3c/script\x3e\x3cscript data-jc\x3d\x2223\x22 src\x3d\x22https://tpc.googlesyndication.com/pagead/js/r20220616/r20110914/client/qs_click_protection_fy2021.js\x22 data-jc-version\x3d\x22r20220616\x22\x3e\x3c/script\x3e\x3cscript\x3egoogqscp.init([[[[null,500,99,2,9,null,null,null,1]]]]);\x3c/script\x3e\x3cscript data-jc\x3d\x2262\x22 data-jc-version\x3d\x22r20220616\x22\x3e(function(){/*  Copyright The Closure Library Authors. SPDX-License-Identifier: Apache-2.0 */ \x27use strict\x27;var m\x3dthis||self;function n(a){n[\x22 \x22](a);return a}n[\x22 \x22]\x3dfunction(){};function aa(a\x3dwindow){return a};/*  SPDX-License-Identifier: Apache-2.0 */ function x(a,b,c){a.addEventListener\x26\x26a.addEventListener(b,c,!1)}function y(a,b,c){a.removeEventListener\x26\x26a.removeEventListener(b,c,!1)};var ba\x3dRegExp(\x22^(?:([^:/?#.]+):)?(?://(?:([^\\\\\\\\/?#]*)@)?([^\\\\\\\\/?#]*?)(?::([0-9]+))?(?\x3d[\\\\\\\\/?#]|$))?([^?#]+)?(?:\\\\?([^#]*))?(?:#([\\\\s\\\\S]*))?$\x22);function z(a){try{var b;if(b\x3d!!a\x26\x26null!\x3da.location.href)a:{try{n(a.foo);b\x3d!0;break a}catch(c){}b\x3d!1}return b}catch{return!1}}function A(a,b){if(a)for(const c in a)Object.prototype.hasOwnProperty.call(a,c)\x26\x26b(a[c],c,a)}function ha(a\x3ddocument){return a.createElement(\x22img\x22)};function C(a,b,c\x3dnull,d\x3d!1){ia(a,b,c,d)}function ia(a,b,c,d){a.google_image_requests||(a.google_image_requests\x3d[]);const e\x3dha(a.document);if(c||d){const f\x3dg\x3d\x3e{c\x26\x26c(g);if(d){g\x3da.google_image_requests;const l\x3dArray.prototype.indexOf.call(g,e,void 0);0\x3c\x3dl\x26\x26Array.prototype.splice.call(g,l,1)}y(e,\x22load\x22,f);y(e,\x22error\x22,f)};x(e,\x22load\x22,f);x(e,\x22error\x22,f)}e.src\x3db;a.google_image_requests.push(e)};let D\x3d0;function E(a){return(a\x3dG(a,document.currentScript))\x26\x26a.getAttribute(\x22data-jc-version\x22)||\x22unknown\x22}function G(a,b\x3dnull){return b\x26\x26b.getAttribute(\x22data-jc\x22)\x3d\x3d\x3dString(a)?b:document.querySelector(`[${\x22data-jc\x22}\x3d\x22${a}\x22]`)};var ja\x3dwindow;class H{constructor(a,b){this.error\x3da;this.context\x3db.context;this.msg\x3db.message||\x22\x22;this.id\x3db.id||\x22jserror\x22;this.meta\x3d{}}};const ka\x3dRegExp(\x22^https?://(\\\\w|-)+\\\\.cdn\\\\.ampproject\\\\.(net|org)(\\\\?|/|$)\x22);var la\x3dclass{constructor(a,b){this.g\x3da;this.h\x3db}},I\x3dclass{constructor(a,b){this.url\x3da;this.m\x3d!!b;this.depth\x3dnull}};function J(a,b){const c\x3d{};c[a]\x3db;return[c]}function K(a,b,c,d,e){const f\x3d[];A(a,function(g,l){(g\x3dO(g,b,c,d,e))\x26\x26f.push(l+\x22\x3d\x22+g)});return f.join(b)}function O(a,b,c,d,e){if(null\x3d\x3da)return\x22\x22;b\x3db||\x22\x26\x22;c\x3dc||\x22,$\x22;\x22string\x22\x3d\x3dtypeof c\x26\x26(c\x3dc.split(\x22\x22));if(a instanceof Array){if(d\x3dd||0,d\x3cc.length){const f\x3d[];for(let g\x3d0;g\x3ca.length;g++)f.push(O(a[g],b,c,d+1,e));return f.join(c[d])}}else if(\x22object\x22\x3d\x3dtypeof a)return e\x3de||0,2\x3ee?encodeURIComponent(K(a,b,c,d,e+1)):\x22...\x22;return encodeURIComponent(String(a))} function ma(a){let b\x3d1;for(const c in a.h)b\x3dc.length\x3eb?c.length:b;return 3997-b-a.i.length-1}function na(a,b,c){b\x3db+\x22//pagead2.googlesyndication.com\x22+c;let d\x3dma(a)-c.length;if(0\x3ed)return\x22\x22;a.g.sort(function(f,g){return f-g});c\x3dnull;let e\x3d\x22\x22;for(let f\x3d0;f\x3ca.g.length;f++){const g\x3da.g[f],l\x3da.h[g];for(let k\x3d0;k\x3cl.length;k++){if(!d){c\x3dnull\x3d\x3dc?g:c;break}let h\x3dK(l[k],a.i,\x22,$\x22);if(h){h\x3de+h;if(d\x3e\x3dh.length){d-\x3dh.length;b+\x3dh;e\x3da.i;break}c\x3dnull\x3d\x3dc?g:c}}}a\x3d\x22\x22;null!\x3dc\x26\x26(a\x3de+\x22trn\x3d\x22+c);return b+a} class P{constructor(){this.i\x3d\x22\x26\x22;this.h\x3d{};this.j\x3d0;this.g\x3d[]}};function oa(){var a\x3dQ,b\x3dwindow.google_srt;0\x3c\x3db\x26\x261\x3e\x3db\x26\x26(a.g\x3db)}function R(a,b,c,d,e){if((d?a.g:Math.random())\x3c(e||.01))try{let f;c instanceof P?f\x3dc:(f\x3dnew P,A(c,(l,k)\x3d\x3e{var h\x3df;const p\x3dh.j++;l\x3dJ(k,l);h.g.push(p);h.h[p]\x3dl}));const g\x3dna(f,a.h,\x22/pagead/gen_204?id\x3d\x22+b+\x22\x26\x22);g\x26\x26C(m,g)}catch(f){}}class pa{constructor(){this.h\x3d\x22http:\x22\x3d\x3d\x3dja.location.protocol?\x22http:\x22:\x22https:\x22;this.g\x3dMath.random()}};let S\x3dnull;var T\x3d()\x3d\x3e{const a\x3dm.performance;return a\x26\x26a.now\x26\x26a.timing?Math.floor(a.now()+a.timing.navigationStart):Date.now()},qa\x3d()\x3d\x3e{const a\x3dm.performance;return a\x26\x26a.now?a.now():null};class ra{constructor(a,b){var c\x3dqa()||T();this.label\x3da;this.type\x3db;this.value\x3dc;this.duration\x3d0;this.uniqueId\x3dMath.random();this.taskId\x3dthis.slotId\x3dvoid 0}};const U\x3dm.performance,sa\x3d!!(U\x26\x26U.mark\x26\x26U.measure\x26\x26U.clearMarks),V\x3dfunction(a){let b\x3d!1,c;return function(){b||(c\x3da(),b\x3d!0);return c}}(()\x3d\x3e{var a;if(a\x3dsa){var b;if(null\x3d\x3d\x3dS){S\x3d\x22\x22;try{a\x3d\x22\x22;try{a\x3dm.top.location.hash}catch(c){a\x3dm.location.hash}a\x26\x26(S\x3d(b\x3da.match(/\\bdeid\x3d([\\d,]+)/))?b[1]:\x22\x22)}catch(c){}}b\x3dS;a\x3d!!b.indexOf\x26\x260\x3c\x3db.indexOf(\x221337\x22)}return a});function ta(a){a\x26\x26U\x26\x26V()\x26\x26(U.clearMarks(`goog_${a.label}_${a.uniqueId}_start`),U.clearMarks(`goog_${a.label}_${a.uniqueId}_end`))} class ua{constructor(){var a\x3dwindow;this.h\x3d[];this.i\x3da||m;let b\x3dnull;a\x26\x26(a.google_js_reporting_queue\x3da.google_js_reporting_queue||[],this.h\x3da.google_js_reporting_queue,b\x3da.google_measure_js_timing);this.g\x3dV()||(null!\x3db?b:1\x3eMath.random())}start(a,b){if(!this.g)return null;a\x3dnew ra(a,b);b\x3d`goog_${a.label}_${a.uniqueId}_start`;U\x26\x26V()\x26\x26U.mark(b);return a}end(a){if(this.g\x26\x26\x22number\x22\x3d\x3d\x3dtypeof a.value){a.duration\x3d(qa()||T())-a.value;var b\x3d`goog_${a.label}_${a.uniqueId}_end`;U\x26\x26V()\x26\x26U.mark(b);!this.g||2048\x3c this.h.length||this.h.push(a)}}};function W(a){let b\x3da.toString();a.name\x26\x26-1\x3d\x3db.indexOf(a.name)\x26\x26(b+\x3d\x22: \x22+a.name);a.message\x26\x26-1\x3d\x3db.indexOf(a.message)\x26\x26(b+\x3d\x22: \x22+a.message);if(a.stack){a\x3da.stack;var c\x3db;try{-1\x3d\x3da.indexOf(c)\x26\x26(a\x3dc+\x22\\n\x22+a);let d;for(;a!\x3dd;)d\x3da,a\x3da.replace(RegExp(\x22((https?:/..*/)[^/:]*:\\\\d+(?:.|\\n)*)\\\\2\x22),\x22$1\x22);b\x3da.replace(RegExp(\x22\\n *\x22,\x22g\x22),\x22\\n\x22)}catch(d){b\x3dc}}return b} function va(a,b){let c,d;try{a.g\x26\x26a.g.g?(d\x3da.g.start((518).toString(),3),c\x3db(),a.g.end(d)):c\x3db()}catch(e){b\x3d!0;try{ta(d),b\x3da.o(518,new H(e,{message:W(e)}),void 0,void 0)}catch(f){a.l(217,f)}if(b)window.console?.error?.(e);else throw e;}return c}function wa(a){var b\x3dX;return(...c)\x3d\x3eva(b,()\x3d\x3ea.apply(void 0,c))} class xa{constructor(a\x3dnull){this.j\x3dQ;this.h\x3dnull;this.o\x3dthis.l;this.g\x3da;this.i\x3d!1}l(a,b,c,d,e){e\x3de||\x22jserror\x22;let f;try{const q\x3dnew P;var g\x3dq;g.g.push(1);g.h[1]\x3dJ(\x22context\x22,a);b.error\x26\x26b.meta\x26\x26b.id||(b\x3dnew H(b,{message:W(b)}));if(b.msg){g\x3dq;var l\x3db.msg.substring(0,512);g.g.push(2);g.h[2]\x3dJ(\x22msg\x22,l)}var k\x3db.meta||{};b\x3dk;if(this.h)try{this.h(b)}catch(u){}if(d)try{d(b)}catch(u){}d\x3dq;k\x3d[k];d.g.push(3);d.h[3]\x3dk;d\x3dm;k\x3d[];b\x3dnull;do{var h\x3dd;if(z(h)){var p\x3dh.location.href;b\x3dh.document\x26\x26h.document.referrer|| null}else p\x3db,b\x3dnull;k.push(new I(p||\x22\x22));try{d\x3dh.parent}catch(u){d\x3dnull}}while(d\x26\x26h!\x3dd);for(let u\x3d0,ca\x3dk.length-1;u\x3c\x3dca;++u)k[u].depth\x3dca-u;h\x3dm;if(h.location\x26\x26h.location.ancestorOrigins\x26\x26h.location.ancestorOrigins.length\x3d\x3dk.length-1)for(p\x3d1;p\x3ck.length;++p){var v\x3dk[p];v.url||(v.url\x3dh.location.ancestorOrigins[p-1]||\x22\x22,v.m\x3d!0)}var r\x3dk;let F\x3dnew I(m.location.href,!1);h\x3dnull;const L\x3dr.length-1;for(v\x3dL;0\x3c\x3dv;--v){var t\x3dr[v];!h\x26\x26ka.test(t.url)\x26\x26(h\x3dt);if(t.url\x26\x26!t.m){F\x3dt;break}}t\x3dnull;const Ea\x3dr.length\x26\x26 r[L].url;0!\x3dF.depth\x26\x26Ea\x26\x26(t\x3dr[L]);f\x3dnew la(F,t);if(f.h){r\x3dq;var w\x3df.h.url||\x22\x22;r.g.push(4);r.h[4]\x3dJ(\x22top\x22,w)}var M\x3d{url:f.g.url||\x22\x22};if(f.g.url){var N\x3df.g.url.match(ba),B\x3dN[1],da\x3dN[3],ea\x3dN[4];w\x3d\x22\x22;B\x26\x26(w+\x3dB+\x22:\x22);da\x26\x26(w+\x3d\x22//\x22,w+\x3dda,ea\x26\x26(w+\x3d\x22:\x22+ea));var fa\x3dw}else fa\x3d\x22\x22;B\x3dq;M\x3d[M,{url:fa}];B.g.push(5);B.h[5]\x3dM;R(this.j,e,q,this.i,c)}catch(q){try{R(this.j,e,{context:\x22ecmserr\x22,rctx:a,msg:W(q),url:f\x26\x26f.g.url},this.i,c)}catch(F){}}return!0}};let Q,X;const Y\x3dnew ua;var ya\x3d()\x3d\x3e{window.google_measure_js_timing||(Y.g\x3d!1,Y.h!\x3dY.i.google_js_reporting_queue\x26\x26(V()\x26\x26Array.prototype.forEach.call(Y.h,ta,void 0),Y.h.length\x3d0))};(a\x3d\x3e{Q\x3da??new pa;\x22number\x22!\x3d\x3dtypeof window.google_srt\x26\x26(window.google_srt\x3dMath.random());oa();X\x3dnew xa(Y);X.h\x3db\x3d\x3e{const c\x3dD;0!\x3d\x3dc\x26\x26(b.jc\x3dString(c),b.shv\x3dE(c))};X.i\x3d!0;\x22complete\x22\x3d\x3dwindow.document.readyState?ya():Y.g\x26\x26x(window,\x22load\x22,()\x3d\x3e{ya()})})();function za(a,b){b\x26\x26a.g.IntersectionObserver?(new a.g.IntersectionObserver((c,d)\x3d\x3e{c.forEach(e\x3d\x3e{0\x3e\x3de.intersectionRatio||(Aa(a),d.disconnect())})},{threshold:b})).observe(a.g.document.documentElement):(a.h\x3dwa(c\x3d\x3e{if(c\x26\x26(c.target.parent\x3d\x3dc.source||c.target.parent.parent\x3d\x3dc.source))try{const d\x3dJSON.parse(c.data);d\x26\x26\x22manual-send-view\x22\x3d\x3dd.msg_type\x26\x26(y(a.g,\x22message\x22,a.h),Ba(a)\x26\x26y(a.g.parent,\x22message\x22,a.h),Aa(a))}catch(d){}}),x(a.g,\x22message\x22,a.h),Ba(a)\x26\x26x(a.g.parent,\x22message\x22,a.h))} function Aa(a){try{if(aa(a.g).vv(),!(.01\x3cMath.random())){const e\x3dG(62,document.currentScript);var b\x3d`https://${e\x26\x26\x22true\x22\x3d\x3d\x3de.getAttribute(\x22data-jc-rcd\x22)?\x22pagead2.googlesyndication-cn.com\x22:\x22pagead2.googlesyndication.com\x22}/pagead/gen_204?id\x3djca\x26jc\x3d${62}\x26version\x3d${E(62)}\x26sample\x3d${.01}`;a\x3dwindow;var c;if(c\x3da.navigator){var d\x3da.navigator.userAgent;c\x3d/Chrome/.test(d)\x26\x26!/Edge/.test(d)?!0:!1}c\x26\x26a.navigator.sendBeacon?a.navigator.sendBeacon(b):C(a,b,void 0,!1)}}catch(e){X.l(532,e,void 0,void 0)}} function Ba(a){return z(a.g.parent)\x26\x26a.g.parent!\x3d\x3da.g}class Ca{constructor(){var a\x3dparseFloat(Da.iobs_threshold);this.g\x3dwindow;this.h\x3dnull;za(this,a)}};D\x3d62;const Fa\x3dG(62,document.currentScript);if(null\x3d\x3dFa)throw Error(\x22JSC not found 62\x22);var Da;const Ga\x3d{},Z\x3dFa.attributes;for(let a\x3dZ.length-1;0\x3c\x3da;a--){const b\x3dZ[a].name;0\x3d\x3d\x3db.indexOf(\x22data-jcp-\x22)\x26\x26(Ga[b.substring(9)]\x3dZ[a].value)}Da\x3dGa;new Ca;}).call(this);\x3c/script\x3e\x3cimg src\x3d\x22//www.google.com/ads/measurement/l?ebcid\x3dALh7CaQuY6pUzkVn1Z7LFRu47mE6Wkm5cFC7n7d7vxQbCQtHs1W9iJHiyAeh6Pev4b00FPllplnqgAytnONqJl0W_m6xI_1mhQ\x22 style\x3d\x22display:none;\x22 alt\x3d\x22\x22\x3e\x3c/img\x3e\x3cdiv style\x3d\x22bottom:0;right:0;width:588px;height:235px;background:initial !important;position:absolute !important;max-width:100% !important;max-height:100% !important;pointer-events:none !important;image-rendering:pixelated !important;z-index:2147483647;background-image:url(\x27data:image/png;base64,iVBORw0KGgoAAAANSUhEUgAAACsAAAAWBAMAAACrl3iAAAAABlBMVEUAAAD+AciWmZzWAAAAAnRSTlMAApidrBQAAAB7SURBVBjTbZEBDsAgCAPLD/r/125SKMwMjaHxwI4B/xGKNznbCsxbnk1aJQEtWAnioqV8H+6Ob28u1W/XspMOdV2+YT7kJikmlSak2veYMWwDlGFl7u8jXOAqYYe2b8HQOd9lR1kzE6wB4prgHvhNY+jqrYpKxgli/s8DuhEGHu++fPUAAAAASUVORK5CYII\x3d\x27) !important;\x22\x3e\x3c/div\x3e\x3cscript data-jc\x3d\x2258\x22 data-jc-version\x3d\x22r20220616\x22\x3e(function(){/*  Copyright The Closure Library Authors. SPDX-License-Identifier: Apache-2.0 */ \x27use strict\x27;/*  SPDX-License-Identifier: Apache-2.0 */ function e(a){e[\x22 \x22](a);return a}e[\x22 \x22]\x3dfunction(){};function f(a){try{var b;if(b\x3d!!a\x26\x26null!\x3da.location.href)a:{try{e(a.foo);b\x3d!0;break a}catch(c){}b\x3d!1}return b}catch{return!1}}function h(a\x3ddocument){return a.createElement(\x22img\x22)};function k(a\x3dnull){return a\x26\x26\x2258\x22\x3d\x3d\x3da.getAttribute(\x22data-jc\x22)?a:document.querySelector(\x27[data-jc\x3d\x2258\x22]\x27)} function l(){if(!(.01\x3cMath.random())){var a\x3dk(document.currentScript);a\x3da\x26\x26\x22true\x22\x3d\x3d\x3da.getAttribute(\x22data-jc-rcd\x22)?\x22pagead2.googlesyndication-cn.com\x22:\x22pagead2.googlesyndication.com\x22;var b\x3d(b\x3dk(document.currentScript))\x26\x26b.getAttribute(\x22data-jc-version\x22)||\x22unknown\x22;a\x3d`https://${a}/pagead/gen_204?id\x3djca\x26jc\x3d${58}\x26version\x3d${b}\x26sample\x3d${.01}`;b\x3dwindow;var c;if(c\x3db.navigator)c\x3db.navigator.userAgent,c\x3d/Chrome/.test(c)\x26\x26!/Edge/.test(c)?!0:!1;c\x26\x26b.navigator.sendBeacon?b.navigator.sendBeacon(a):(b.google_image_requests|| (b.google_image_requests\x3d[]),c\x3dh(b.document),c.src\x3da,b.google_image_requests.push(c))}};function m(a,b){(new a.g.IntersectionObserver((c,d)\x3d\x3e{c.forEach(g\x3d\x3e{0\x3e\x3dg.intersectionRatio||(p(a),l(),d.disconnect())})},{threshold:b})).observe(a.g.document.documentElement)}function q(a){const b\x3dc\x3d\x3e{try{const d\x3dJSON.parse(c.data),g\x3d\x22rewarded\x22\x3d\x3d\x3dd.type\x26\x26\x22visible\x22\x3d\x3d\x3dd.message,n\x3dd.msg_type;if(\x22i-view\x22\x3d\x3d\x3dn||\x22manual-send-view\x22\x3d\x3d\x3dn||g)p(a),l()}catch(d){}};a.g.addEventListener(\x22message\x22,b);f(a.g.parent)\x26\x26a.g.parent!\x3d\x3da.g\x26\x26a.g.parent.addEventListener(\x22message\x22,b)} function p(a){const b\x3d()\x3d\x3e{for(const c of document.getElementsByClassName(\x22GoogleActiveViewElement\x22))c.removeAttribute(\x22data-google-av-dm\x22)};b();if(0\x3ca.h){const c\x3dsetInterval(()\x3d\x3e{0\x3e\x3da.h--\x26\x26clearInterval(c);b()},100)}}class r{constructor(){var a\x3dparseFloat(t.iobs_threshold),b\x3dparseInt(t.retry_times,10);this.g\x3dwindow;this.h\x3db;a\x26\x26this.g.IntersectionObserver?m(this,a):q(this)}};const u\x3dk(document.currentScript);if(null\x3d\x3du)throw Error(\x22JSC not found 58\x22);var t;const v\x3d{},w\x3du.attributes;for(let a\x3dw.length-1;0\x3c\x3da;a--){const b\x3dw[a].name;0\x3d\x3d\x3db.indexOf(\x22data-jcp-\x22)\x26\x26(v[b.substring(9)]\x3dw[a].value)}t\x3dv;new r;}).call(this);\x3c/script\x3e\x3cscript data-jc\x3d\x22103\x22 data-jc-version\x3d\x22r20220616\x22 data-jcp-base_url\x3d\x22https://googleads.g.doubleclick.net/pagead/conversion/?ai\x3dCh5IixP6zYq6pELrLz7sPjPWJ4Avt3JeVX7zQ48u0D9nZHhABIKa74mdg5bLkg6AOoAGnpLn_A8gBAakCS8heKR6PtD7gAgCoAwHIAwqqBI4CT9A6ayLkaB4-lWj4XnNhtNiNUFJjZyOrSyKp6f_CGLPXfjMwalatin_rgx_90uukBt5igyFvmCitWapj7t7fuUUuzz189ScYDHceDMB-QKUwrAs0U9RzcB3SpfoHC5Y07PPwy7aW2wg5ILtG35iw-7HFK9e-_HI7yGlokvx-4cC-ilwPNsXeBLxPZdtPCJc3iGhW58vFyVM0SgPMzfzUHilpKEakxsnv6vQWU-FxDNZW7hqU9ZVvpOFRWkiG5arSAUYXotj8GaeY7rbYvMSoOhfj3pRtBhSEpkpS-xyzCszknta3KL4EiUudBSZ70ZPJ2_p3YSduizyqx23Vp2E8h8dcNSxa2JAeuy9nqzsOwATcp7SjCOAEAaAGZoAHwdtGqAeOzhuoB5PYG6gH7paxAqgH_p6xAqgHpKOxAqgH1ckbqAemvhuoB_PRG6gHltgbqAeqm7ECqAffn7EC2AcB0ggHCIhhEAEYHbEJsmIWRygCslmACgOYCwHICwG4DAHYEwzQFQH4FgGAFwE\x26amp;sigh\x3d18JiLl3rqrQ\x22 data-jcp-cpu_label\x3d\x22heavy_ad_intervention_cpu\x22 data-jcp-net_label\x3d\x22heavy_ad_intervention_network\x22\x3e(function(){/*  Copyright The Closure Library Authors. SPDX-License-Identifier: Apache-2.0 */ \x27use strict\x27;/*  SPDX-License-Identifier: Apache-2.0 */ const c\x3dfunction(a,b\x3dnull){return b\x26\x26b.getAttribute(\x22data-jc\x22)\x3d\x3d\x3dString(a)?b:document.querySelector(`[${\x22data-jc\x22}\x3d\x22${a}\x22]`)}(103,document.currentScript);if(null\x3d\x3dc)throw Error(\x22JSC not found 103\x22);const f\x3d{},g\x3dc.attributes;for(let a\x3dg.length-1;0\x3c\x3da;a--){const b\x3dg[a].name;0\x3d\x3d\x3db.indexOf(\x22data-jcp-\x22)\x26\x26(f[b.substring(9)]\x3dg[a].value)} (function(a,b,h){var d\x3dwindow;a\x26\x26b\x26\x26h\x26\x26d.ReportingObserver\x26\x26d.fetch\x26\x26(new d.ReportingObserver((e,k)\x3d\x3e{e\x3de[0];\x22HeavyAdIntervention\x22\x3d\x3d\x3de?.body?.id\x26\x26(d.fetch(`${a}\x26label\x3d${0\x3c(e.body.message?.indexOf(\x22network\x22)||0)?h:b}`,{keepalive:!0,method:\x22get\x22,mode:\x22no-cors\x22}),k.disconnect())},{types:[\x22intervention\x22],buffered:!0})).observe()})(f.base_url,f.cpu_label,f.net_label);}).call(this);\x3c/script\x3e\x3cscript data-jc\x3d\x2270\x22 src\x3d\x22https://www.gstatic.com/mysidia/10f77a9ed5e9dbc13462adf17b625271.js?tag\x3dmysidia_one_click_handler_one_afma_2019\x22 async data-jc-version\x3d\x22r20220616\x22 data-jcp-expt-ids\x3d\x22\x22 data-jcp-extra-meta\x3d\x22[]\x22 data-jcp-correct-redirect-url-for-och-15-click\x3d\x22false\x22\x3e\x3c/script\x3e\x3c/body\x3e\x3c/html\x3e');doc.close();</script></div><style>.pull-icon {float: right;}[dir=&quot;rtl&quot;] .pull-icon {float: left;}.interstitial-survey-wrapper {background-color: rgba(0,0,0,0.8);bottom: 0px;opacity: 1.0;overflow-y: auto;position: absolute;left: 0px;top: 0px;width: 100%;z-index:10000;}.interstitial-survey {display: block;font-size: 16px;margin: 96px auto;width: 320px;max-width: 92%;}.interstitial-survey span,.interstitial-menu span {display: inline-block;}.interstitial-survey img {height: 24px;margin-top: 12px;width: 24px;}.interstitial-survey div {display: block;width: 100%;}.survey-header {background-color: #4285f4;color: #FFFFFF;display: block;height: 64px;line-height: 64px;width: 100%;border-top-left-radius: 3px;-moz-border-top-left-radius: 3px;-webkit-border-top-left-radius: 3px;border-top-right-radius: 3px;-moz-border-top-right-radius: 3px;-webkit-border-top-right-radius: 3px;}.survey-header span {font-size: 1.25em;font-family: 'Roboto-Light', arial, sans-serif;padding: 0 24px;white-space: nowrap;}.btn-section-container {border-radius: 3px;-moz-border-radius: 3px;-webkit-border-radius: 3px;background-color: #FFFFFF;margin-bottom: 8px;}.btn-section {padding: 0.8em 0px;}.btn-section a {cursor: pointer;}.btn-section a,.survey-confirmation-header,.survey-confirmation-closing {box-sizing: border-box;display: block;padding: 0 24px;width: 100%;}.btn-section a span,.survey-confirmation-header span,.survey-confirmation-closing span {color: rgba(0, 0, 0, 0.54);font-family: 'Roboto-Medium', arial, sans-serif;font-size: 1em;margin: 14px 0;max-width: 224px;}.menu-container {position: absolute;z-index:10000;}.menu-left {left: 15px;}.menu-right {right: 15px;}[dir=&quot;rtl&quot;] .menu-left {left: initial;right: 15px;}[dir=&quot;rtl&quot;] .menu-right {left: 15px;right: initial;}.menu-upper {top: 15px;}.menu-lower {bottom: 15px;}.menu-btn-section {padding: 5px 0;margin: 0;box-shadow: 0 0 3px 3px rgba(0,0,0,0.2);}.menu-btn-section img {height: 21px;margin: 3px 14px 0 0;}[dir=&quot;rtl&quot;] .menu-btn-section img {margin: 3px 0 0 14px;}.menu-btn-section a {box-sizing: border-box;display: table;padding: 0 14px;width: 100%;}.menu-btn-section a div {display: table-cell;vertical-align: middle;}div.img-container {width: 35px;}.menu-btn-section a span {display: inline-block;color: #212121;font-family: 'Roboto-Regular', arial, sans-serif;font-size: 14px;margin: 11px 0;max-width: 224px;}.survey-confirmation-header span {opacity: 0.7;}.interstitial-menu {position: absolute;top: 12px;left: 12px;}</style><div id=&quot;feedback&quot;><div id=&quot;survey-bg&quot;class=&quot;interstitial-survey-wrapper&quot;><div class=&quot;interstitial-survey&quot;><div id=&quot;survey-view&quot;><div class=&quot;btn-section-container&quot;><div class=&quot;survey-header&quot;><span>Feedback on this ad</span></div><div id=&quot;feedback-btns&quot;class=&quot;btn-section&quot;><a data-label=&quot;mute_survey_option&quot;data-label-instance=&quot;2&quot;><span>Seen this multiple times</span></a><a data-label=&quot;mute_survey_option&quot;data-label-instance=&quot;8&quot;><span>Inappropriate content</span></a><a data-label=&quot;mute_survey_option&quot;data-label-instance=&quot;7&quot;><span>Not interested in this</span></a></div></div></div><div id=&quot;confirmation-view&quot;><div class=&quot;btn-section-container&quot;><div class=&quot;survey-confirmation-header&quot;><span>We&amp;#39;ll try not to show that ad again</span></div><div class=&quot;survey-confirmation-closing&quot;><span>Closing ad...</span></div></div></div></div></div><div id=&quot;interstitial-menu&quot;class=&quot;menu-container&quot;><div class=&quot;btn-section-container menu-btn-section&quot;><a id=&quot;open-survey&quot;href=&quot;#&quot;><div class=&quot;img-container&quot;><img src=&quot;https://www.gstatic.com/images/icons/material/system/2x/feedback_grey600_24dp.png&quot; alt=&quot;&quot;></div><div><span>Feedback on this ad</span></div></a><a target=&quot;_blank&quot;href=&quot;//support.google.com/adsense/troubleshooter/1631343&quot;nav=&quot;1&quot;><div class=&quot;img-container&quot;><img src=&quot;https://www.gstatic.com/images/icons/material/system/2x/settings_grey600_24dp.png&quot; alt=&quot;&quot;></div><div><span>See my Google ad settings</span></div></a></div></div></div><script data-jc=&quot;65&quot; data-jc-version=&quot;r20220616&quot; data-jcp-cnv-url=&quot;https://googleads.g.doubleclick.net/pagead/interaction/?ai=Ch5IixP6zYq6pELrLz7sPjPWJ4Avt3JeVX7zQ48u0D9nZHhABIKa74mdg5bLkg6AOoAGnpLn_A8gBAakCS8heKR6PtD7gAgCoAwHIAwqqBI4CT9A6ayLkaB4-lWj4XnNhtNiNUFJjZyOrSyKp6f_CGLPXfjMwalatin_rgx_90uukBt5igyFvmCitWapj7t7fuUUuzz189ScYDHceDMB-QKUwrAs0U9RzcB3SpfoHC5Y07PPwy7aW2wg5ILtG35iw-7HFK9e-_HI7yGlokvx-4cC-ilwPNsXeBLxPZdtPCJc3iGhW58vFyVM0SgPMzfzUHilpKEakxsnv6vQWU-FxDNZW7hqU9ZVvpOFRWkiG5arSAUYXotj8GaeY7rbYvMSoOhfj3pRtBhSEpkpS-xyzCszknta3KL4EiUudBSZ70ZPJ2_p3YSduizyqx23Vp2E8h8dcNSxa2JAeuy9nqzsOwATcp7SjCOAEAaAGZoAHwdtGqAeOzhuoB5PYG6gH7paxAqgH_p6xAqgHpKOxAqgH1ckbqAemvhuoB_PRG6gHltgbqAeqm7ECqAffn7EC2AcB0ggHCIhhEAEYHbEJsmIWRygCslmACgOYCwHICwG4DAHYEwzQFQH4FgGAFwE&amp;amp;sigh=18JiLl3rqrQ&amp;amp;cid=CAQSPgCNIrLMNF0MgK0ZowEaDT36PtOyJzu05g0riPJDHaqbxlHqUwc_ZX-oRXCu4KvmN8yXadjbk5bGVvmeJz98&quot; data-jcp-cls-btn-tkn=&quot;rtUhr0OxwAgIvNDjy7QPELyZmQ8YgdcJIhZtYWx2ZXJucGFuYWx5dGljYWwuY29tMggIBRMYvL8ZFEIXY2EtcHViLTMwODQ1MjczNTA5NjI5MDZIElhmcAE&quot; data-jcp-fdb-id=&quot;feedback&quot; data-jcp-srv-id=&quot;survey-view&quot; data-jcp-cnf-id=&quot;confirmation-view&quot; data-jcp-btns-id=&quot;feedback-btns&quot; data-jcp-bckg-id=&quot;survey-bg&quot; data-jcp-adset-id=&quot;goog-ad-settings&quot; data-jcp-menu-id=&quot;interstitial-menu&quot; data-jcp-mn-intr-cnv=&quot;{&amp;quot;label&amp;quot;:&amp;quot;user_feedback_menu_interaction&amp;quot;,&amp;quot;label_instance&amp;quot;:&amp;quot;&amp;quot;,&amp;quot;include_close_button_token&amp;quot;:false}&quot; data-jcp-mn-opt-cnv=&quot;{&amp;quot;label&amp;quot;:&amp;quot;user_feedback_menu_option&amp;quot;,&amp;quot;label_instance&amp;quot;:&amp;quot;1&amp;quot;,&amp;quot;include_close_button_token&amp;quot;:true}&quot; data-jcp-undo-cnv=&quot;{&amp;quot;label&amp;quot;:&amp;quot;user_feedback_undo&amp;quot;,&amp;quot;label_instance&amp;quot;:&amp;quot;1&amp;quot;,&amp;quot;include_close_button_token&amp;quot;:true}&quot;>(function(){/*  Copyright The Closure Library Authors. SPDX-License-Identifier: Apache-2.0 */ 'use strict';var m=this||self;function aa(a,b,c){return a.call.apply(a.bind,arguments)}function ba(a,b,c){if(!a)throw Error();if(2<arguments.length){var d=Array.prototype.slice.call(arguments,2);return function(){var e=Array.prototype.slice.call(arguments);Array.prototype.unshift.apply(e,d);return a.apply(b,e)}}return function(){return a.apply(b,arguments)}} function n(a,b,c){Function.prototype.bind&amp;&amp;-1!=Function.prototype.bind.toString().indexOf(&quot;native code&quot;)?n=aa:n=ba;return n.apply(null,arguments)};function p(a){p[&quot; &quot;](a);return a}p[&quot; &quot;]=function(){};var ca={},q=null;var da=&quot;undefined&quot;!==typeof Uint8Array;const r=Symbol(void 0);function ea(a){let b;r?b=a[r]:b=a.o;return null==b?0:b}function t(a){Object.isFrozen(a)||(r?a[r]|=1:void 0!==a.o?a.o|=1:Object.defineProperties(a,{o:{value:1,configurable:!0,writable:!0,enumerable:!1}}));return a};function fa(a){return null!==a&amp;&amp;&quot;object&quot;===typeof a&amp;&amp;!Array.isArray(a)&amp;&amp;a.constructor===Object}var ha=Object.freeze(t([]));function ia(a){return{value:a,configurable:!1,writable:!1,enumerable:!1}};function ja(a,b=ka){return la(a,b)}function ma(a,b){if(null!=a){if(Array.isArray(a))a=la(a,b);else if(fa(a)){const c={};for(let d in a)c[d]=ma(a[d],b);a=c}else a=b(a);return a}}function la(a,b){const c=a.slice();for(let d=0;d<c.length;d++)c[d]=ma(c[d],b);Array.isArray(a)&amp;&amp;ea(a)&amp;1&amp;&amp;t(c);return c} function na(a){if(a&amp;&amp;&quot;object&quot;==typeof a&amp;&amp;a.toJSON)return a.toJSON();a:switch(typeof a){case &quot;number&quot;:a=isFinite(a)?a:String(a);break a;case &quot;object&quot;:if(a&amp;&amp;!Array.isArray(a)&amp;&amp;da&amp;&amp;null!=a&amp;&amp;a instanceof Uint8Array){var b;void 0===b&amp;&amp;(b=0);if(!q){q={};for(var c=&quot;ABCDEFGHIJKLMNOPQRSTUVWXYZabcdefghijklmnopqrstuvwxyz0123456789&quot;.split(&quot;&quot;),d=[&quot;+/=&quot;,&quot;+/&quot;,&quot;-_=&quot;,&quot;-_.&quot;,&quot;-_&quot;],e=0;5>e;e++){var f=c.concat(d[e].split(&quot;&quot;));ca[e]=f;for(var g=0;g<f.length;g++){var l=f[g];void 0===q[l]&amp;&amp;(q[l]=g)}}}b=ca[b];c=Array(Math.floor(a.length/ 3));d=b[64]||&quot;&quot;;for(e=f=0;f<a.length-2;f+=3){var k=a[f],h=a[f+1];l=a[f+2];g=b[k>>2];k=b[(k&amp;3)<<4|h>>4];h=b[(h&amp;15)<<2|l>>6];l=b[l&amp;63];c[e++]=g+k+h+l}g=0;l=d;switch(a.length-f){case 2:g=a[f+1],l=b[(g&amp;15)<<2]||d;case 1:a=a[f],c[e]=b[a>>2]+b[(a&amp;3)<<4|g>>4]+l+d}a=c.join(&quot;&quot;)}}return Array.isArray(a)?ja(a,na):a}function ka(a){return da&amp;&amp;null!=a&amp;&amp;a instanceof Uint8Array?new Uint8Array(a):a};function oa(a,b){return-1===b?null:b>=a.j?a.i?a.i[b]:void 0:a.g[b+a.h]}function u(a,b,c){var d=a.g;if(Array.isArray(d)&amp;&amp;ea(d)&amp;2)throw Error(&quot;Cannot mutate an immutable Message&quot;);b<a.j?a.g[b+a.h]=c:(a.i||(a.i=a.g[a.j+a.h]={}))[b]=c;return a}function pa(a,b){a=oa(a,b);return null==a?&quot;&quot;:a};var ra=class{constructor(a,b,c){a||(a=qa);qa=null;var d=this.constructor.h;a||(a=d?[d]:[]);this.h=(d?0:-1)-(this.constructor.g||0);this.g=a;a:{d=this.g.length;a=d-1;if(d&amp;&amp;(d=this.g[a],fa(d))){this.j=a-this.h;this.i=d;break a}void 0!==b&amp;&amp;-1<b?(this.j=Math.max(b,a+1-this.h),this.i=void 0):this.j=Number.MAX_VALUE}if(c)for(b=0;b<c.length;b++)if(a=c[b],a<this.j)a+=this.h,(d=this.g[a])?Array.isArray(d)&amp;&amp;t(d):this.g[a]=ha;else{d=this.i||(this.i=this.g[this.j+this.h]={});let e=d[a];e?Array.isArray(e)&amp;&amp;t(e): d[a]=ha}}toJSON(){return ja(this.g,na)}};ra.prototype.toString=function(){return this.g.toString()};let qa;var sa=class extends ra{};Object.defineProperties(sa,{[Symbol.hasInstance]:ia(()=>{throw Error(&quot;Cannot perform instanceof checks for MutableMessage&quot;);})});class ta extends sa{}Object.defineProperties(ta,{[Symbol.hasInstance]:ia(Object[Symbol.hasInstance])});var ua=class extends ta{constructor(){super(void 0)}};var va=&quot;undefined&quot;!=typeof DOMTokenList,D=(a,b)=>{if(va)a=a.classList,0==a.contains(b)&amp;&amp;a.toggle(b);else{var c=a.className;if(c){c=c.split(/\s+/);let d=!1;for(let e=0;e<c.length&amp;&amp;!d;++e)d=c[e]==b;d||(c.push(b),a.className=c.join(&quot; &quot;))}else a.className=b}};/*  SPDX-License-Identifier: Apache-2.0 */ function E(a,b,c){a.addEventListener&amp;&amp;a.addEventListener(b,c,!1)};var wa=RegExp(&quot;^(?:([^:/?#.]+):)?(?://(?:([^\\\\/?#]*)@)?([^\\\\/?#]*?)(?::([0-9]+))?(?=[\\\\/?#]|$))?([^?#]+)?(?:\\?([^#]*))?(?:#([\\s\\S]*))?$&quot;);function xa(a,b){if(a)for(const c in a)Object.prototype.hasOwnProperty.call(a,c)&amp;&amp;b(a[c],c,a)}function ya(a=document){return a.createElement(&quot;img&quot;)};function za(a,b){a.google_image_requests||(a.google_image_requests=[]);const c=ya(a.document);c.src=b;a.google_image_requests.push(c)};let Aa=0;function Ba(a,b=null){return b&amp;&amp;b.getAttribute(&quot;data-jc&quot;)===String(a)?b:document.querySelector(`[${&quot;data-jc&quot;}=&quot;${a}&quot;]`)};function Ca(a,b,c){var d=new ua;a=u(d,1,a);b=u(a,2,b);return u(b,3,c)}function F(a){a=JSON.parse(a);return Ca(a.label,a.label_instance,a.include_close_button_token)}class Da{constructor(a,b){if(!a)throw Error(&quot;bad conv util ctor args&quot;);this.i=a;this.h=b}g(a){var b=pa(a,2);let c=this.i+&quot;&amp;label=&quot;+pa(a,1);b&amp;&amp;(c+=&quot;&amp;label_instance=&quot;+b);a=oa(a,3);a=null==a?a:!!a;if(null==a||a){if(!this.h)throw Error(&quot;missing cbt&quot;);c+=&quot;&amp;cbt=&quot;+this.h}za(window,c)}};var G=document,Ea=window;function H(a,b){a.style.display=b?&quot;&quot;:&quot;none&quot;};class Fa{constructor(a,b){this.error=a;this.context=b.context;this.msg=b.message||&quot;&quot;;this.id=b.id||&quot;jserror&quot;;this.meta={}}};const Ga=RegExp(&quot;^https?://(\\w|-)+\\.cdn\\.ampproject\\.(net|org)(\\?|/|$)&quot;);var La=class{constructor(a,b){this.g=a;this.h=b}},Ma=class{constructor(a,b){this.url=a;this.I=!!b;this.depth=null}};function J(a,b){const c={};c[a]=b;return[c]}function Na(a,b,c,d,e){const f=[];xa(a,function(g,l){(g=Oa(g,b,c,d,e))&amp;&amp;f.push(l+&quot;=&quot;+g)});return f.join(b)} function Oa(a,b,c,d,e){if(null==a)return&quot;&quot;;b=b||&quot;&amp;&quot;;c=c||&quot;,$&quot;;&quot;string&quot;==typeof c&amp;&amp;(c=c.split(&quot;&quot;));if(a instanceof Array){if(d=d||0,d<c.length){const f=[];for(let g=0;g<a.length;g++)f.push(Oa(a[g],b,c,d+1,e));return f.join(c[d])}}else if(&quot;object&quot;==typeof a)return e=e||0,2>e?encodeURIComponent(Na(a,b,c,d,e+1)):&quot;...&quot;;return encodeURIComponent(String(a))}function Pa(a){let b=1;for(const c in a.h)b=c.length>b?c.length:b;return 3997-b-a.i.length-1} function Qa(a,b,c){b=b+&quot;//pagead2.googlesyndication.com&quot;+c;let d=Pa(a)-c.length;if(0>d)return&quot;&quot;;a.g.sort(function(f,g){return f-g});c=null;let e=&quot;&quot;;for(let f=0;f<a.g.length;f++){const g=a.g[f],l=a.h[g];for(let k=0;k<l.length;k++){if(!d){c=null==c?g:c;break}let h=Na(l[k],a.i,&quot;,$&quot;);if(h){h=e+h;if(d>=h.length){d-=h.length;b+=h;e=a.i;break}c=null==c?g:c}}}a=&quot;&quot;;null!=c&amp;&amp;(a=e+&quot;trn=&quot;+c);return b+a}class K{constructor(){this.i=&quot;&amp;&quot;;this.h={};this.j=0;this.g=[]}};function Ra(){var a=L,b=window.google_srt;0<=b&amp;&amp;1>=b&amp;&amp;(a.g=b)}function M(a,b,c,d,e){if((d?a.g:Math.random())<(e||.01))try{let f;c instanceof K?f=c:(f=new K,xa(c,(l,k)=>{var h=f;const v=h.j++;l=J(k,l);h.g.push(v);h.h[v]=l}));const g=Qa(f,a.h,&quot;/pagead/gen_204?id=&quot;+b+&quot;&amp;&quot;);g&amp;&amp;za(m,g)}catch(f){}}class Sa{constructor(){this.h=&quot;http:&quot;===Ea.location.protocol?&quot;http:&quot;:&quot;https:&quot;;this.g=Math.random()}};let N=null;var Ta=()=>{const a=m.performance;return a&amp;&amp;a.now&amp;&amp;a.timing?Math.floor(a.now()+a.timing.navigationStart):Date.now()},Ua=()=>{const a=m.performance;return a&amp;&amp;a.now?a.now():null};class Va{constructor(a,b){var c=Ua()||Ta();this.label=a;this.type=b;this.value=c;this.duration=0;this.uniqueId=Math.random();this.taskId=this.slotId=void 0}};const P=m.performance,Wa=!!(P&amp;&amp;P.mark&amp;&amp;P.measure&amp;&amp;P.clearMarks),Q=function(a){let b=!1,c;return function(){b||(c=a(),b=!0);return c}}(()=>{var a;if(a=Wa){var b;if(null===N){N=&quot;&quot;;try{a=&quot;&quot;;try{a=m.top.location.hash}catch(c){a=m.location.hash}a&amp;&amp;(N=(b=a.match(/\bdeid=([\d,]+)/))?b[1]:&quot;&quot;)}catch(c){}}b=N;a=!!b.indexOf&amp;&amp;0<=b.indexOf(&quot;1337&quot;)}return a});function Xa(a){a&amp;&amp;P&amp;&amp;Q()&amp;&amp;(P.clearMarks(`goog_${a.label}_${a.uniqueId}_start`),P.clearMarks(`goog_${a.label}_${a.uniqueId}_end`))} class Ya{constructor(){var a=window;this.h=[];this.i=a||m;let b=null;a&amp;&amp;(a.google_js_reporting_queue=a.google_js_reporting_queue||[],this.h=a.google_js_reporting_queue,b=a.google_measure_js_timing);this.g=Q()||(null!=b?b:1>Math.random())}start(a,b){if(!this.g)return null;a=new Va(a,b);b=`goog_${a.label}_${a.uniqueId}_start`;P&amp;&amp;Q()&amp;&amp;P.mark(b);return a}end(a){if(this.g&amp;&amp;&quot;number&quot;===typeof a.value){a.duration=(Ua()||Ta())-a.value;var b=`goog_${a.label}_${a.uniqueId}_end`;P&amp;&amp;Q()&amp;&amp;P.mark(b);!this.g||2048< this.h.length||this.h.push(a)}}};function R(a){let b=a.toString();a.name&amp;&amp;-1==b.indexOf(a.name)&amp;&amp;(b+=&quot;: &quot;+a.name);a.message&amp;&amp;-1==b.indexOf(a.message)&amp;&amp;(b+=&quot;: &quot;+a.message);if(a.stack){a=a.stack;var c=b;try{-1==a.indexOf(c)&amp;&amp;(a=c+&quot;\n&quot;+a);let d;for(;a!=d;)d=a,a=a.replace(RegExp(&quot;((https?:/..*/)[^/:]*:\\d+(?:.|\n)*)\\2&quot;),&quot;$1&quot;);b=a.replace(RegExp(&quot;\n *&quot;,&quot;g&quot;),&quot;\n&quot;)}catch(d){b=c}}return b} function Za(a,b,c){let d,e;try{a.g&amp;&amp;a.g.g?(e=a.g.start(b.toString(),3),d=c(),a.g.end(e)):d=c()}catch(f){c=!0;try{Xa(e),c=a.m(b,new Fa(f,{message:R(f)}),void 0,void 0)}catch(g){a.l(217,g)}if(c)window.console?.error?.(f);else throw f;}return d}function $a(a,b){var c=S;return(...d)=>Za(c,a,()=>b.apply(void 0,d))} class ab{constructor(a=null){this.i=L;this.h=null;this.m=this.l;this.g=a;this.j=!1}pinger(){return this.i}l(a,b,c,d,e){e=e||&quot;jserror&quot;;let f;try{const w=new K;var g=w;g.g.push(1);g.h[1]=J(&quot;context&quot;,a);b.error&amp;&amp;b.meta&amp;&amp;b.id||(b=new Fa(b,{message:R(b)}));if(b.msg){g=w;var l=b.msg.substring(0,512);g.g.push(2);g.h[2]=J(&quot;msg&quot;,l)}var k=b.meta||{};b=k;if(this.h)try{this.h(b)}catch(x){}if(d)try{d(b)}catch(x){}d=w;k=[k];d.g.push(3);d.h[3]=k;d=m;k=[];let O;b=null;do{var h=d;try{var v;if(v=!!h&amp;&amp;null!=h.location.href)b:{try{p(h.foo); v=!0;break b}catch(x){}v=!1}var A=v}catch{A=!1}A?(O=h.location.href,b=h.document&amp;&amp;h.document.referrer||null):(O=b,b=null);k.push(new Ma(O||&quot;&quot;));try{d=h.parent}catch(x){d=null}}while(d&amp;&amp;h!=d);for(let x=0,Ha=k.length-1;x<=Ha;++x)k[x].depth=Ha-x;h=m;if(h.location&amp;&amp;h.location.ancestorOrigins&amp;&amp;h.location.ancestorOrigins.length==k.length-1)for(A=1;A<k.length;++A){var B=k[A];B.url||(B.url=h.location.ancestorOrigins[A-1]||&quot;&quot;,B.I=!0)}var y=k;let W=new Ma(m.location.href,!1);h=null;const X=y.length-1;for(B= X;0<=B;--B){var z=y[B];!h&amp;&amp;Ga.test(z.url)&amp;&amp;(h=z);if(z.url&amp;&amp;!z.I){W=z;break}}z=null;const mb=y.length&amp;&amp;y[X].url;0!=W.depth&amp;&amp;mb&amp;&amp;(z=y[X]);f=new La(W,z);if(f.h){y=w;var C=f.h.url||&quot;&quot;;y.g.push(4);y.h[4]=J(&quot;top&quot;,C)}var Y={url:f.g.url||&quot;&quot;};if(f.g.url){var Z=f.g.url.match(wa),I=Z[1],Ia=Z[3],Ja=Z[4];C=&quot;&quot;;I&amp;&amp;(C+=I+&quot;:&quot;);Ia&amp;&amp;(C+=&quot;//&quot;,C+=Ia,Ja&amp;&amp;(C+=&quot;:&quot;+Ja));var Ka=C}else Ka=&quot;&quot;;I=w;Y=[Y,{url:Ka}];I.g.push(5);I.h[5]=Y;M(this.i,e,w,this.j,c)}catch(w){try{M(this.i,e,{context:&quot;ecmserr&quot;,rctx:a,msg:R(w),url:f&amp;&amp;f.g.url}, this.j,c)}catch(O){}}return!0}};class bb{};let L,S;const T=new Ya;var cb=()=>{window.google_measure_js_timing||(T.g=!1,T.h!=T.i.google_js_reporting_queue&amp;&amp;(Q()&amp;&amp;Array.prototype.forEach.call(T.h,Xa,void 0),T.h.length=0))};(a=>{L=a??new Sa;&quot;number&quot;!==typeof window.google_srt&amp;&amp;(window.google_srt=Math.random());Ra();S=new ab(T);S.h=b=>{var c=Aa;0!==c&amp;&amp;(b.jc=String(c),c=(c=Ba(c,document.currentScript))&amp;&amp;c.getAttribute(&quot;data-jc-version&quot;)||&quot;unknown&quot;,b.shv=c)};S.j=!0;&quot;complete&quot;==window.document.readyState?cb():T.g&amp;&amp;E(window,&quot;load&quot;,()=>{cb()})})();function db(a,b){const c=()=>{eb(a,!0)},d=n(a.i.g,a.i,Ca(b.getAttribute(&quot;data-label&quot;),b.getAttribute(&quot;data-label-instance&quot;),!0)),e=n(H,null,a.l,!1),f=n(H,null,a.m,!0);return()=>{d();e();f();setTimeout(c,1500)}}function eb(a,b){if(b&amp;&amp;a.u)a.u();else if(!a.G&amp;&amp;a.v&amp;&amp;(a.i.g(a.N),a.G=!0),a.v=!1,H(a.l,!1),H(a.A,!1),H(a.m,!1),H(a.j,!1),a.g&amp;&amp;H(a.g,!1),a.h){a.h.style.visibility=&quot;visible&quot;;if(b=G.getElementById(&quot;ad_position_box&quot;))b.style.backgroundColor=&quot;&quot;;H(a.h,!0)}} class fb{constructor(){var a=U[&quot;cnv-url&quot;],b=U[&quot;cls-btn-tkn&quot;],c=U[&quot;mn-intr-cnv&quot;],d=U[&quot;mn-opt-cnv&quot;],e=U[&quot;undo-cnv&quot;],f=gb,g=hb,l=ib,k=jb,h=kb,v=lb;this.s=this.u=null;this.A=f;this.l=g;this.m=l;this.K=k;this.j=h;this.g=v;this.h=null;this.v=!1;this.i=new Da(a,b);this.L=F(c);this.D=!1;this.M=F(d);this.F=!1;this.N=F(e);this.G=!1;H(this.A,!1);H(this.l,!1);H(this.m,!1);H(this.j,!1);this.g&amp;&amp;H(this.g,!1);a=this.l.getElementsByTagName(&quot;a&quot;);for(b=0;b<a.length;++b)E(a[b],&quot;click&quot;,n(this.C,this));if(this.g){a=this.g.getElementsByTagName(&quot;a&quot;); for(b=0;b<a.length;++b)E(a[b],&quot;click&quot;,n(this.C,this));(a=G.getElementById(&quot;open-survey&quot;))&amp;&amp;E(a,&quot;click&quot;,n(this.B,this))}a=this.K.getElementsByTagName(&quot;a&quot;);for(b=0;b<a.length;++b)c=a[b],c.getAttribute(&quot;data-label&quot;)&amp;&amp;c.getAttribute(&quot;data-label-instance&quot;)&amp;&amp;E(c,&quot;click&quot;,db(this,c));E(this.j,&quot;click&quot;,n(this.J,this))}C(a){a&amp;&amp;(a.currentTarget&amp;&amp;&quot;1&quot;!=a.currentTarget.getAttribute(&quot;nav&quot;)&amp;&amp;(a.preventDefault?a.preventDefault():a.returnValue=!1),a.stopPropagation?a.stopPropagation():a.cancelBubble=!0)}J(a){this.s&amp;&amp; (this.s(),this.h&amp;&amp;H(this.h,!0));eb(this,!1);a.preventDefault?a.preventDefault():a.returnValue=!1;a.stopPropagation?a.stopPropagation():a.cancelBubble=!0}display(a,b,c,d){Za(S,463,()=>{!this.D&amp;&amp;this.i.g(this.L);this.D=!0;this.h=a;this.u=$a(476,b);this.s=$a(477,c);H(this.A,!0);const e=G.getElementById(&quot;ad_position_box&quot;);e&amp;&amp;(e.style.backgroundColor=&quot;rgba(0,0,0,0.8)&quot;);if(this.g){switch(d){case 1:D(this.g,&quot;menu-upper&quot;);D(this.g,&quot;menu-left&quot;);break;case 2:D(this.g,&quot;menu-upper&quot;);D(this.g,&quot;menu-right&quot;);break; case 3:D(this.g,&quot;menu-lower&quot;);D(this.g,&quot;menu-left&quot;);break;case 4:D(this.g,&quot;menu-lower&quot;);D(this.g,&quot;menu-right&quot;);break;default:D(this.g,&quot;menu-upper&quot;),D(this.g,&quot;menu-left&quot;)}H(this.g,!0);H(this.j,!0)}else this.B()})}B(){this.v=!0;!this.F&amp;&amp;this.i.g(this.M);this.F=!0;H(this.l,!0);H(this.j,!0);this.g&amp;&amp;H(this.g,!1);this.h&amp;&amp;(this.h.style.visibility=&quot;hidden&quot;)}};Aa=65;const nb=Ba(65,document.currentScript);if(null==nb)throw Error(&quot;JSC not found 65&quot;);var U;const ob={},pb=nb.attributes;for(let a=pb.length-1;0<=a;a--){const b=pb[a].name;0===b.indexOf(&quot;data-jcp-&quot;)&amp;&amp;(ob[b.substring(9)]=pb[a].value)}U=ob;const gb=G.getElementById(U[&quot;fdb-id&quot;]),hb=G.getElementById(U[&quot;srv-id&quot;]),ib=G.getElementById(U[&quot;cnf-id&quot;]),jb=G.getElementById(U[&quot;btns-id&quot;]),kb=G.getElementById(U[&quot;bckg-id&quot;]);G.getElementById(U[&quot;adset-id&quot;]);const lb=G.getElementById(U[&quot;menu-id&quot;]); if(gb&amp;&amp;hb&amp;&amp;ib&amp;&amp;jb&amp;&amp;kb)window.goog_vignette_survey=new fb;else{var qb={context:&quot;mta_missingels&quot;};{var V=bb;const b=&quot;H&quot;;if(!V.H||!V.hasOwnProperty(b)){var rb=new V;V.H=rb}}const a=[];!qb.eid&amp;&amp;a.length&amp;&amp;(qb.eid=a.toString());M(L,&quot;iaf::mta::init&quot;,qb,!0)};}).call(this);</script></div></div><script data-jc=&quot;24&quot; src=&quot;https://tpc.googlesyndication.com/pagead/js/r20220616/r20110914/elements/html/interstitial_ad_frame_fy2021.js&quot; data-jc-version=&quot;r20220616&quot; data-jcp-config=&quot;[null,null,&amp;quot;CK6buZHwwvgCFbrlcwEdjHoCvA&amp;quot;,null,2,&amp;quot;dismiss-button&amp;quot;,&amp;quot;Close ad&amp;quot;,&amp;quot;report-button&amp;quot;,null,null,1,8,0.1000000014901161]&quot;></script></body></html>{&quot;uid&quot;:&quot;1&quot;,&quot;hostPeerName&quot;:&quot;https://demo.guru99.com&quot;,&quot;initialGeometry&quot;:&quot;{\&quot;windowCoords_t\&quot;:0,\&quot;windowCoords_r\&quot;:1536,\&quot;windowCoords_b\&quot;:824,\&quot;windowCoords_l\&quot;:0,\&quot;frameCoords_t\&quot;:0,\&quot;frameCoords_r\&quot;:0,\&quot;frameCoords_b\&quot;:0,\&quot;frameCoords_l\&quot;:0,\&quot;styleZIndex\&quot;:\&quot;auto\&quot;,\&quot;allowedExpansion_t\&quot;:0,\&quot;allowedExpansion_r\&quot;:0,\&quot;allowedExpansion_b\&quot;:0,\&quot;allowedExpansion_l\&quot;:0,\&quot;xInView\&quot;:0,\&quot;yInView\&quot;:0}&quot;,&quot;permissions&quot;:&quot;{\&quot;expandByOverlay\&quot;:false,\&quot;expandByPush\&quot;:false,\&quot;readCookie\&quot;:false,\&quot;writeCookie\&quot;:false}&quot;,&quot;metadata&quot;:&quot;{\&quot;shared\&quot;:{\&quot;sf_ver\&quot;:\&quot;1-0-38\&quot;,\&quot;ck_on\&quot;:1,\&quot;flash_ver\&quot;:\&quot;0\&quot;}}&quot;,&quot;reportCreativeGeometry&quot;:false,&quot;isDifferentSourceWindow&quot;:false,&quot;goog_safeframe_hlt&quot;:{}}" scrolling="no" marginwidth="0" marginheight="0" width="" height="" data-is-safeframe="true" sandbox="allow-forms allow-popups allow-popups-to-escape-sandbox allow-same-origin allow-scripts allow-top-navigation-by-user-activation" allow="autoplay" role="region" aria-label="Advertisement" tabindex="0" data-google-container-id="1" style="border: 0px !important; vertical-align: bottom !important; width: 100vw !important; height: 100vh !important; inset: 0px auto auto 0px !important; position: absolute !important; clear: none !important; display: inline !important; float: none !important; margin: 0px !important; max-height: none !important; max-width: none !important; opacity: 1 !important; overflow: visible !important; padding: 0px !important; visibility: visible !important; z-index: auto !important;"></iframe>
  (Session info: chrome=103.0.5060.53)
Build info: version: '3.141.59', revision: 'e82be7d358', time: '2018-11-14T08:25:48'
System info: host: 'PRAVIN', ip: '192.168.1.4', os.name: 'Windows 10', os.arch: 'amd64', os.version: '10.0', java.version: '1.8.0_162-ea'
Driver info: org.openqa.selenium.chrome.ChromeDriver
Capabilities {acceptInsecureCerts: false, browserName: chrome, browserVersion: 103.0.5060.53, chrome: {chromedriverVersion: 103.0.5060.53 (a1711811edd7..., userDataDir: C:\Users\Dell\AppData\Local...}, goog:chromeOptions: {debuggerAddress: localhost:56052}, javascriptEnabled: true, networkConnectionEnabled: false, pageLoadStrategy: normal, platform: WINDOWS, platformName: WINDOWS, proxy: Proxy(), setWindowRect: true, strictFileInteractability: false, timeouts: {implicit: 0, pageLoad: 300000, script: 30000}, unhandledPromptBehavior: dismiss and notify, webauthn:extension:credBlob: true, webauthn:extension:largeBlob: true, webauthn:virtualAuthenticators: true}
Session ID: 63fbbd5d8d2276d1c64de9fd30f5fca8
	at sun.reflect.NativeConstructorAccessorImpl.newInstance0(Native Method)
	at sun.reflect.NativeConstructorAccessorImpl.newInstance(Unknown Source)
	at sun.reflect.DelegatingConstructorAccessorImpl.newInstance(Unknown Source)
	at java.lang.reflect.Constructor.newInstance(Unknown Source)
	at org.openqa.selenium.remote.http.W3CHttpResponseCodec.createException(W3CHttpResponseCodec.java:187)
	at org.openqa.selenium.remote.http.W3CHttpResponseCodec.decode(W3CHttpResponseCodec.java:122)
	at org.openqa.selenium.remote.http.W3CHttpResponseCodec.decode(W3CHttpResponseCodec.java:49)
	at org.openqa.selenium.remote.HttpCommandExecutor.execute(HttpCommandExecutor.java:158)
	at org.openqa.selenium.remote.service.DriverCommandExecutor.execute(DriverCommandExecutor.java:83)
	at org.openqa.selenium.remote.RemoteWebDriver.execute(RemoteWebDriver.java:552)
	at org.openqa.selenium.remote.RemoteWebElement.execute(RemoteWebElement.java:285)
	at org.openqa.selenium.remote.RemoteWebElement.click(RemoteWebElement.java:84)
	at com.cap.demo1.Newtours.login(Newtours.java:51)
	at sun.reflect.NativeMethodAccessorImpl.invoke0(Native Method)
	at sun.reflect.NativeMethodAccessorImpl.invoke(Unknown Source)
	at sun.reflect.DelegatingMethodAccessorImpl.invoke(Unknown Source)
	at java.lang.reflect.Method.invoke(Unknown Source)
	at org.testng.internal.MethodInvocationHelper.invokeMethod(MethodInvocationHelper.java:85)
	at org.testng.internal.Invoker.invokeMethod(Invoker.java:663)
	at org.testng.internal.Invoker.invokeTestMethod(Invoker.java:849)
	at org.testng.internal.Invoker.invokeTestMethods(Invoker.java:1157)
	at org.testng.internal.TestMethodWorker.invokeTestMethods(TestMethodWorker.java:124)
	at org.testng.internal.TestMethodWorker.run(TestMethodWorker.java:108)
	at org.testng.TestRunner.privateRun(TestRunner.java:771)
	at org.testng.TestRunner.run(TestRunner.java:621)
	at org.testng.SuiteRunner.runTest(SuiteRunner.java:357)
	at org.testng.SuiteRunner.runSequentially(SuiteRunner.java:352)
	at org.testng.SuiteRunner.privateRun(SuiteRunner.java:310)
	at org.testng.SuiteRunner.run(SuiteRunner.java:259)
	at org.testng.SuiteRunnerWorker.runSuite(SuiteRunnerWorker.java:52)
	at org.testng.SuiteRunnerWorker.run(SuiteRunnerWorker.java:86)
	at org.testng.TestNG.runSuitesSequentially(TestNG.java:1200)
	at org.testng.TestNG.runSuitesLocally(TestNG.java:1125)
	at org.testng.TestNG.run(TestNG.java:1033)
	at org.testng.remote.RemoteTestNG.run(RemoteTestNG.java:111)
	at org.testng.remote.RemoteTestNG.initAndRun(RemoteTestNG.java:204)
	at org.testng.remote.RemoteTestNG.main(RemoteTestNG.java:175)
]]>
    </error>
  </testcase> <!-- login -->
</testsuite> <!-- com.cap.demo1.Newtours -->
