<?xml version="1.0" encoding="UTF-8"?>
<!-- Generated by org.testng.reporters.JUnitReportReporter -->
<testsuite hostname="pravin" name="com.cap.demo1.Rediff_Webtable" tests="1" failures="0" timestamp="23 Jun 2022 04:25:24 GMT" time="14.735" errors="0">
  <testcase name="rediff_webtable99" time="14.735" classname="com.cap.demo1.Rediff_Webtable"/>
</testsuite> <!-- com.cap.demo1.Rediff_Webtable -->
