<?xml version="1.0" encoding="UTF-8"?>
<!-- Generated by org.testng.reporters.JUnitReportReporter -->
<testsuite hostname="pravin" name="com.mphasis.demo1.Grouping" tests="5" failures="0" timestamp="18 Mar 2021 10:10:38 GMT" time="0.026" errors="0">
  <testcase name="Scooter2" time="0.002" classname="com.mphasis.demo1.Grouping"/>
  <testcase name="Sedan1" time="0.002" classname="com.mphasis.demo1.Grouping"/>
  <testcase name="Car1" time="0.019" classname="com.mphasis.demo1.Grouping"/>
  <testcase name="Car2" time="0.002" classname="com.mphasis.demo1.Grouping"/>
  <testcase name="Scooter1" time="0.001" classname="com.mphasis.demo1.Grouping"/>
</testsuite> <!-- com.mphasis.demo1.Grouping -->
