<?xml version="1.0" encoding="UTF-8"?>
<!-- Generated by org.testng.reporters.JUnitReportReporter -->
<testsuite hostname="pravin_singh" name="com.cap.demo1.Keyword_action_example" tests="1" failures="0" timestamp="29 Apr 2022 09:02:42 GMT" time="13.851" errors="0">
  <testcase name="login" time="13.851" classname="com.cap.demo1.Keyword_action_example"/>
</testsuite> <!-- com.cap.demo1.Keyword_action_example -->
