<?xml version="1.0" encoding="UTF-8"?>
<!-- Generated by org.testng.reporters.JUnitReportReporter -->
<testsuite hostname="LIN51013907" failures="0" tests="2" name="com.selenium.day1.Newtours_demo" time="9.817" errors="0" timestamp="15 Jun 2022 10:57:22 GMT" skipped="0">
  <testcase classname="com.selenium.day1.Newtours_demo" name="un_registartion" time="0.003"/>
  <testcase classname="com.selenium.day1.Newtours_demo" name="registartion_valid" time="9.814"/>
</testsuite> <!-- com.selenium.day1.Newtours_demo -->
