<?xml version="1.0" encoding="UTF-8"?>
<!-- Generated by org.testng.reporters.JUnitReportReporter -->
<testsuite hostname="LIN51013907" failures="0" tests="1" name="com.selenium.day1.Rediff_alert_handling" time="2.191" errors="0" timestamp="21 Jun 2022 04:38:09 GMT" skipped="0">
  <testcase classname="com.selenium.day1.Rediff_alert_handling" name="Rediff_alert" time="2.191"/>
</testsuite> <!-- com.selenium.day1.Rediff_alert_handling -->
